24-Feb-2024 15:53:54.456 INFO [main] org.apache.catalina.startup.VersionLoggerListener.log Server version name:   Apache Tomcat/10.1.19
24-Feb-2024 15:53:54.458 INFO [main] org.apache.catalina.startup.VersionLoggerListener.log Server built:          Feb 14 2024 19:36:50 UTC
24-Feb-2024 15:53:54.459 INFO [main] org.apache.catalina.startup.VersionLoggerListener.log Server version number: 10.1.19.0
24-Feb-2024 15:53:54.459 INFO [main] org.apache.catalina.startup.VersionLoggerListener.log OS Name:               Mac OS X
24-Feb-2024 15:53:54.459 INFO [main] org.apache.catalina.startup.VersionLoggerListener.log OS Version:            14.3.1
24-Feb-2024 15:53:54.459 INFO [main] org.apache.catalina.startup.VersionLoggerListener.log Architecture:          aarch64
24-Feb-2024 15:53:54.459 INFO [main] org.apache.catalina.startup.VersionLoggerListener.log Java Home:             /opt/homebrew/Cellar/openjdk/21.0.2/libexec/openjdk.jdk/Contents/Home
24-Feb-2024 15:53:54.459 INFO [main] org.apache.catalina.startup.VersionLoggerListener.log JVM Version:           21.0.2
24-Feb-2024 15:53:54.459 INFO [main] org.apache.catalina.startup.VersionLoggerListener.log JVM Vendor:            Homebrew
24-Feb-2024 15:53:54.459 INFO [main] org.apache.catalina.startup.VersionLoggerListener.log CATALINA_BASE:         /Users/tolymbeknurtai/Downloads/apache-tomcat-10.1.19
24-Feb-2024 15:53:54.459 INFO [main] org.apache.catalina.startup.VersionLoggerListener.log CATALINA_HOME:         /Users/tolymbeknurtai/Downloads/apache-tomcat-10.1.19
24-Feb-2024 15:53:54.468 INFO [main] org.apache.catalina.startup.VersionLoggerListener.log Command line argument: -Djava.util.logging.config.file=/Users/tolymbeknurtai/Downloads/apache-tomcat-10.1.19/conf/logging.properties
24-Feb-2024 15:53:54.468 INFO [main] org.apache.catalina.startup.VersionLoggerListener.log Command line argument: -Djava.util.logging.manager=org.apache.juli.ClassLoaderLogManager
24-Feb-2024 15:53:54.468 INFO [main] org.apache.catalina.startup.VersionLoggerListener.log Command line argument: -Djdk.tls.ephemeralDHKeySize=2048
24-Feb-2024 15:53:54.468 INFO [main] org.apache.catalina.startup.VersionLoggerListener.log Command line argument: -Djava.protocol.handler.pkgs=org.apache.catalina.webresources
24-Feb-2024 15:53:54.468 INFO [main] org.apache.catalina.startup.VersionLoggerListener.log Command line argument: -Dorg.apache.catalina.security.SecurityListener.UMASK=0027
24-Feb-2024 15:53:54.468 INFO [main] org.apache.catalina.startup.VersionLoggerListener.log Command line argument: --add-opens=java.base/java.lang=ALL-UNNAMED
24-Feb-2024 15:53:54.468 INFO [main] org.apache.catalina.startup.VersionLoggerListener.log Command line argument: --add-opens=java.base/java.io=ALL-UNNAMED
24-Feb-2024 15:53:54.468 INFO [main] org.apache.catalina.startup.VersionLoggerListener.log Command line argument: --add-opens=java.base/java.util=ALL-UNNAMED
24-Feb-2024 15:53:54.468 INFO [main] org.apache.catalina.startup.VersionLoggerListener.log Command line argument: --add-opens=java.base/java.util.concurrent=ALL-UNNAMED
24-Feb-2024 15:53:54.468 INFO [main] org.apache.catalina.startup.VersionLoggerListener.log Command line argument: --add-opens=java.rmi/sun.rmi.transport=ALL-UNNAMED
24-Feb-2024 15:53:54.468 INFO [main] org.apache.catalina.startup.VersionLoggerListener.log Command line argument: -Dcatalina.base=/Users/tolymbeknurtai/Downloads/apache-tomcat-10.1.19
24-Feb-2024 15:53:54.468 INFO [main] org.apache.catalina.startup.VersionLoggerListener.log Command line argument: -Dcatalina.home=/Users/tolymbeknurtai/Downloads/apache-tomcat-10.1.19
24-Feb-2024 15:53:54.468 INFO [main] org.apache.catalina.startup.VersionLoggerListener.log Command line argument: -Djava.io.tmpdir=/Users/tolymbeknurtai/Downloads/apache-tomcat-10.1.19/temp
24-Feb-2024 15:53:54.476 INFO [main] org.apache.catalina.core.AprLifecycleListener.lifecycleEvent The Apache Tomcat Native library which allows using OpenSSL was not found on the java.library.path: [/Users/tolymbeknurtai/Library/Java/Extensions:/Library/Java/Extensions:/Network/Library/Java/Extensions:/System/Library/Java/Extensions:/usr/lib/java:.]
24-Feb-2024 15:53:54.645 INFO [main] org.apache.coyote.AbstractProtocol.init Initializing ProtocolHandler ["http-nio-8080"]
24-Feb-2024 15:53:54.667 INFO [main] org.apache.catalina.startup.Catalina.load Server initialization in [306] milliseconds
24-Feb-2024 15:53:54.685 INFO [main] org.apache.catalina.core.StandardService.startInternal Starting service [Catalina]
24-Feb-2024 15:53:54.685 INFO [main] org.apache.catalina.core.StandardEngine.startInternal Starting Servlet engine: [Apache Tomcat/10.1.19]
24-Feb-2024 15:53:54.689 INFO [main] org.apache.catalina.startup.HostConfig.deployDirectory Deploying web application directory [/Users/tolymbeknurtai/Downloads/apache-tomcat-10.1.19/webapps/docs]
24-Feb-2024 15:53:54.846 INFO [main] org.apache.catalina.startup.HostConfig.deployDirectory Deployment of web application directory [/Users/tolymbeknurtai/Downloads/apache-tomcat-10.1.19/webapps/docs] has finished in [157] ms
24-Feb-2024 15:53:54.846 INFO [main] org.apache.catalina.startup.HostConfig.deployDirectory Deploying web application directory [/Users/tolymbeknurtai/Downloads/apache-tomcat-10.1.19/webapps/manager]
24-Feb-2024 15:53:54.862 INFO [main] org.apache.catalina.startup.HostConfig.deployDirectory Deployment of web application directory [/Users/tolymbeknurtai/Downloads/apache-tomcat-10.1.19/webapps/manager] has finished in [16] ms
24-Feb-2024 15:53:54.862 INFO [main] org.apache.catalina.startup.HostConfig.deployDirectory Deploying web application directory [/Users/tolymbeknurtai/Downloads/apache-tomcat-10.1.19/webapps/examples]
24-Feb-2024 15:53:54.968 INFO [main] org.apache.catalina.startup.HostConfig.deployDirectory Deployment of web application directory [/Users/tolymbeknurtai/Downloads/apache-tomcat-10.1.19/webapps/examples] has finished in [106] ms
24-Feb-2024 15:53:54.969 INFO [main] org.apache.catalina.startup.HostConfig.deployDirectory Deploying web application directory [/Users/tolymbeknurtai/Downloads/apache-tomcat-10.1.19/webapps/ROOT]
24-Feb-2024 15:53:54.976 INFO [main] org.apache.catalina.startup.HostConfig.deployDirectory Deployment of web application directory [/Users/tolymbeknurtai/Downloads/apache-tomcat-10.1.19/webapps/ROOT] has finished in [7] ms
24-Feb-2024 15:53:54.976 INFO [main] org.apache.catalina.startup.HostConfig.deployDirectory Deploying web application directory [/Users/tolymbeknurtai/Downloads/apache-tomcat-10.1.19/webapps/host-manager]
24-Feb-2024 15:53:54.985 INFO [main] org.apache.catalina.startup.HostConfig.deployDirectory Deployment of web application directory [/Users/tolymbeknurtai/Downloads/apache-tomcat-10.1.19/webapps/host-manager] has finished in [9] ms
24-Feb-2024 15:53:54.986 INFO [main] org.apache.coyote.AbstractProtocol.start Starting ProtocolHandler ["http-nio-8080"]
24-Feb-2024 15:53:54.992 INFO [main] org.apache.catalina.startup.Catalina.start Server startup in [324] milliseconds
24-Feb-2024 15:56:46.378 INFO [main] org.apache.catalina.core.StandardServer.await A valid shutdown command was received via the shutdown port. Stopping the Server instance.
24-Feb-2024 15:56:46.379 INFO [main] org.apache.coyote.AbstractProtocol.pause Pausing ProtocolHandler ["http-nio-8080"]
24-Feb-2024 15:56:46.383 INFO [main] org.apache.catalina.core.StandardService.stopInternal Stopping service [Catalina]
24-Feb-2024 15:56:46.397 INFO [main] org.apache.coyote.AbstractProtocol.stop Stopping ProtocolHandler ["http-nio-8080"]
24-Feb-2024 15:56:46.407 INFO [main] org.apache.coyote.AbstractProtocol.destroy Destroying ProtocolHandler ["http-nio-8080"]
