07-Apr-2024 00:05:38.818 INFO [http-nio-8080-exec-334] org.apache.catalina.startup.HostConfig.deployWAR Deploying web application archive [/Users/tolymbeknurtai/Desktop/package/apache-tomcat-10.1.19/webapps/codecraft.war]
07-Apr-2024 00:05:38.995 INFO [http-nio-8080-exec-334] org.apache.jasper.servlet.TldScanner.scanJars At least one JAR was scanned for TLDs yet contained no TLDs. Enable debug logging for this logger for a complete list of JARs that were scanned but no TLDs were found in them. Skipping unneeded JARs during scanning can improve startup time and JSP compilation time.
07-Apr-2024 00:05:38.996 INFO [http-nio-8080-exec-334] org.apache.catalina.startup.HostConfig.deployWAR Deployment of web application archive [/Users/tolymbeknurtai/Desktop/package/apache-tomcat-10.1.19/webapps/codecraft.war] has finished in [177] ms
07-Apr-2024 00:08:49.267 INFO [main] org.apache.catalina.startup.VersionLoggerListener.log Server version name:   Apache Tomcat/10.1.19
07-Apr-2024 00:08:49.270 INFO [main] org.apache.catalina.startup.VersionLoggerListener.log Server built:          Feb 14 2024 19:36:50 UTC
07-Apr-2024 00:08:49.270 INFO [main] org.apache.catalina.startup.VersionLoggerListener.log Server version number: 10.1.19.0
07-Apr-2024 00:08:49.270 INFO [main] org.apache.catalina.startup.VersionLoggerListener.log OS Name:               Mac OS X
07-Apr-2024 00:08:49.270 INFO [main] org.apache.catalina.startup.VersionLoggerListener.log OS Version:            14.3.1
07-Apr-2024 00:08:49.270 INFO [main] org.apache.catalina.startup.VersionLoggerListener.log Architecture:          aarch64
07-Apr-2024 00:08:49.271 INFO [main] org.apache.catalina.startup.VersionLoggerListener.log Java Home:             /opt/homebrew/Cellar/openjdk/21.0.2/libexec/openjdk.jdk/Contents/Home
07-Apr-2024 00:08:49.271 INFO [main] org.apache.catalina.startup.VersionLoggerListener.log JVM Version:           21.0.2
07-Apr-2024 00:08:49.271 INFO [main] org.apache.catalina.startup.VersionLoggerListener.log JVM Vendor:            Homebrew
07-Apr-2024 00:08:49.271 INFO [main] org.apache.catalina.startup.VersionLoggerListener.log CATALINA_BASE:         /Users/tolymbeknurtai/Desktop/package/apache-tomcat-10.1.19
07-Apr-2024 00:08:49.271 INFO [main] org.apache.catalina.startup.VersionLoggerListener.log CATALINA_HOME:         /Users/tolymbeknurtai/Desktop/package/apache-tomcat-10.1.19
07-Apr-2024 00:08:49.279 INFO [main] org.apache.catalina.startup.VersionLoggerListener.log Command line argument: -Djava.util.logging.config.file=/Users/tolymbeknurtai/Desktop/package/apache-tomcat-10.1.19/conf/logging.properties
07-Apr-2024 00:08:49.279 INFO [main] org.apache.catalina.startup.VersionLoggerListener.log Command line argument: -Djava.util.logging.manager=org.apache.juli.ClassLoaderLogManager
07-Apr-2024 00:08:49.279 INFO [main] org.apache.catalina.startup.VersionLoggerListener.log Command line argument: -Djdk.tls.ephemeralDHKeySize=2048
07-Apr-2024 00:08:49.279 INFO [main] org.apache.catalina.startup.VersionLoggerListener.log Command line argument: -Djava.protocol.handler.pkgs=org.apache.catalina.webresources
07-Apr-2024 00:08:49.279 INFO [main] org.apache.catalina.startup.VersionLoggerListener.log Command line argument: -Dorg.apache.catalina.security.SecurityListener.UMASK=0027
07-Apr-2024 00:08:49.279 INFO [main] org.apache.catalina.startup.VersionLoggerListener.log Command line argument: --add-opens=java.base/java.lang=ALL-UNNAMED
07-Apr-2024 00:08:49.279 INFO [main] org.apache.catalina.startup.VersionLoggerListener.log Command line argument: --add-opens=java.base/java.io=ALL-UNNAMED
07-Apr-2024 00:08:49.279 INFO [main] org.apache.catalina.startup.VersionLoggerListener.log Command line argument: --add-opens=java.base/java.util=ALL-UNNAMED
07-Apr-2024 00:08:49.279 INFO [main] org.apache.catalina.startup.VersionLoggerListener.log Command line argument: --add-opens=java.base/java.util.concurrent=ALL-UNNAMED
07-Apr-2024 00:08:49.279 INFO [main] org.apache.catalina.startup.VersionLoggerListener.log Command line argument: --add-opens=java.rmi/sun.rmi.transport=ALL-UNNAMED
07-Apr-2024 00:08:49.279 INFO [main] org.apache.catalina.startup.VersionLoggerListener.log Command line argument: -Dcatalina.base=/Users/tolymbeknurtai/Desktop/package/apache-tomcat-10.1.19
07-Apr-2024 00:08:49.279 INFO [main] org.apache.catalina.startup.VersionLoggerListener.log Command line argument: -Dcatalina.home=/Users/tolymbeknurtai/Desktop/package/apache-tomcat-10.1.19
07-Apr-2024 00:08:49.279 INFO [main] org.apache.catalina.startup.VersionLoggerListener.log Command line argument: -Djava.io.tmpdir=/Users/tolymbeknurtai/Desktop/package/apache-tomcat-10.1.19/temp
07-Apr-2024 00:08:49.284 INFO [main] org.apache.catalina.core.AprLifecycleListener.lifecycleEvent The Apache Tomcat Native library which allows using OpenSSL was not found on the java.library.path: [/Users/tolymbeknurtai/Library/Java/Extensions:/Library/Java/Extensions:/Network/Library/Java/Extensions:/System/Library/Java/Extensions:/usr/lib/java:.]
07-Apr-2024 00:08:49.450 INFO [main] org.apache.coyote.AbstractProtocol.init Initializing ProtocolHandler ["http-nio-8080"]
07-Apr-2024 00:08:49.461 SEVERE [main] org.apache.catalina.util.LifecycleBase.handleSubClassException Failed to initialize component [Connector["http-nio-8080"]]
	org.apache.catalina.LifecycleException: Protocol handler initialization failed
		at org.apache.catalina.connector.Connector.initInternal(Connector.java:1015)
		at org.apache.catalina.util.LifecycleBase.init(LifecycleBase.java:127)
		at org.apache.catalina.core.StandardService.initInternal(StandardService.java:554)
		at org.apache.catalina.util.LifecycleBase.init(LifecycleBase.java:127)
		at org.apache.catalina.core.StandardServer.initInternal(StandardServer.java:1017)
		at org.apache.catalina.util.LifecycleBase.init(LifecycleBase.java:127)
		at org.apache.catalina.startup.Catalina.load(Catalina.java:708)
		at org.apache.catalina.startup.Catalina.load(Catalina.java:731)
		at java.base/jdk.internal.reflect.DirectMethodHandleAccessor.invoke(DirectMethodHandleAccessor.java:103)
		at java.base/java.lang.reflect.Method.invoke(Method.java:580)
		at org.apache.catalina.startup.Bootstrap.load(Bootstrap.java:302)
		at org.apache.catalina.startup.Bootstrap.main(Bootstrap.java:475)
	Caused by: java.net.BindException: Address already in use
		at java.base/sun.nio.ch.Net.bind0(Native Method)
		at java.base/sun.nio.ch.Net.bind(Net.java:565)
		at java.base/sun.nio.ch.ServerSocketChannelImpl.netBind(ServerSocketChannelImpl.java:344)
		at java.base/sun.nio.ch.ServerSocketChannelImpl.bind(ServerSocketChannelImpl.java:301)
		at org.apache.tomcat.util.net.NioEndpoint.initServerSocket(NioEndpoint.java:247)
		at org.apache.tomcat.util.net.NioEndpoint.bind(NioEndpoint.java:202)
		at org.apache.tomcat.util.net.AbstractEndpoint.bindWithCleanup(AbstractEndpoint.java:1282)
		at org.apache.tomcat.util.net.AbstractEndpoint.init(AbstractEndpoint.java:1295)
		at org.apache.coyote.AbstractProtocol.init(AbstractProtocol.java:624)
		at org.apache.coyote.http11.AbstractHttp11Protocol.init(AbstractHttp11Protocol.java:77)
		at org.apache.catalina.connector.Connector.initInternal(Connector.java:1013)
		... 11 more
07-Apr-2024 00:08:49.461 INFO [main] org.apache.catalina.startup.Catalina.load Server initialization in [284] milliseconds
07-Apr-2024 00:08:49.480 INFO [main] org.apache.catalina.core.StandardService.startInternal Starting service [Catalina]
07-Apr-2024 00:08:49.480 INFO [main] org.apache.catalina.core.StandardEngine.startInternal Starting Servlet engine: [Apache Tomcat/10.1.19]
07-Apr-2024 00:08:49.497 INFO [main] org.apache.catalina.startup.HostConfig.deployWAR Deploying web application archive [/Users/tolymbeknurtai/Desktop/package/apache-tomcat-10.1.19/webapps/servlets-1.0-SNAPSHOT.war]
07-Apr-2024 00:08:49.652 INFO [main] org.apache.catalina.startup.HostConfig.deployWAR Deployment of web application archive [/Users/tolymbeknurtai/Desktop/package/apache-tomcat-10.1.19/webapps/servlets-1.0-SNAPSHOT.war] has finished in [155] ms
07-Apr-2024 00:08:49.653 INFO [main] org.apache.catalina.startup.HostConfig.deployWAR Deploying web application archive [/Users/tolymbeknurtai/Desktop/package/apache-tomcat-10.1.19/webapps/codecraft.war]
07-Apr-2024 00:08:49.869 INFO [main] org.apache.jasper.servlet.TldScanner.scanJars At least one JAR was scanned for TLDs yet contained no TLDs. Enable debug logging for this logger for a complete list of JARs that were scanned but no TLDs were found in them. Skipping unneeded JARs during scanning can improve startup time and JSP compilation time.
07-Apr-2024 00:08:49.871 INFO [main] org.apache.catalina.startup.HostConfig.deployWAR Deployment of web application archive [/Users/tolymbeknurtai/Desktop/package/apache-tomcat-10.1.19/webapps/codecraft.war] has finished in [218] ms
07-Apr-2024 00:08:49.872 INFO [main] org.apache.catalina.startup.HostConfig.deployDirectory Deploying web application directory [/Users/tolymbeknurtai/Desktop/package/apache-tomcat-10.1.19/webapps/docs]
07-Apr-2024 00:08:49.881 INFO [main] org.apache.catalina.startup.HostConfig.deployDirectory Deployment of web application directory [/Users/tolymbeknurtai/Desktop/package/apache-tomcat-10.1.19/webapps/docs] has finished in [9] ms
07-Apr-2024 00:08:49.881 INFO [main] org.apache.catalina.startup.HostConfig.deployDirectory Deploying web application directory [/Users/tolymbeknurtai/Desktop/package/apache-tomcat-10.1.19/webapps/manager]
07-Apr-2024 00:08:49.895 INFO [main] org.apache.catalina.startup.HostConfig.deployDirectory Deployment of web application directory [/Users/tolymbeknurtai/Desktop/package/apache-tomcat-10.1.19/webapps/manager] has finished in [14] ms
07-Apr-2024 00:08:49.895 INFO [main] org.apache.catalina.startup.HostConfig.deployDirectory Deploying web application directory [/Users/tolymbeknurtai/Desktop/package/apache-tomcat-10.1.19/webapps/examples]
07-Apr-2024 00:08:49.983 INFO [main] org.apache.catalina.startup.HostConfig.deployDirectory Deployment of web application directory [/Users/tolymbeknurtai/Desktop/package/apache-tomcat-10.1.19/webapps/examples] has finished in [88] ms
07-Apr-2024 00:08:49.983 INFO [main] org.apache.catalina.startup.HostConfig.deployDirectory Deploying web application directory [/Users/tolymbeknurtai/Desktop/package/apache-tomcat-10.1.19/webapps/ROOT]
07-Apr-2024 00:08:49.989 INFO [main] org.apache.catalina.startup.HostConfig.deployDirectory Deployment of web application directory [/Users/tolymbeknurtai/Desktop/package/apache-tomcat-10.1.19/webapps/ROOT] has finished in [6] ms
07-Apr-2024 00:08:49.990 INFO [main] org.apache.catalina.startup.HostConfig.deployDirectory Deploying web application directory [/Users/tolymbeknurtai/Desktop/package/apache-tomcat-10.1.19/webapps/host-manager]
07-Apr-2024 00:08:49.998 INFO [main] org.apache.catalina.startup.HostConfig.deployDirectory Deployment of web application directory [/Users/tolymbeknurtai/Desktop/package/apache-tomcat-10.1.19/webapps/host-manager] has finished in [8] ms
07-Apr-2024 00:08:49.999 INFO [main] org.apache.catalina.startup.Catalina.start Server startup in [538] milliseconds
07-Apr-2024 00:08:50.002 SEVERE [main] org.apache.catalina.core.StandardServer.await Failed to create server shutdown socket on address [localhost] and port [8005] (base port [8005] and offset [0])
	java.net.BindException: Address already in use
		at java.base/sun.nio.ch.Net.bind0(Native Method)
		at java.base/sun.nio.ch.Net.bind(Net.java:565)
		at java.base/sun.nio.ch.Net.bind(Net.java:554)
		at java.base/sun.nio.ch.NioSocketImpl.bind(NioSocketImpl.java:636)
		at java.base/java.net.ServerSocket.bind(ServerSocket.java:391)
		at java.base/java.net.ServerSocket.<init>(ServerSocket.java:278)
		at org.apache.catalina.core.StandardServer.await(StandardServer.java:577)
		at org.apache.catalina.startup.Catalina.await(Catalina.java:847)
		at org.apache.catalina.startup.Catalina.start(Catalina.java:795)
		at java.base/jdk.internal.reflect.DirectMethodHandleAccessor.invoke(DirectMethodHandleAccessor.java:103)
		at java.base/java.lang.reflect.Method.invoke(Method.java:580)
		at org.apache.catalina.startup.Bootstrap.start(Bootstrap.java:345)
		at org.apache.catalina.startup.Bootstrap.main(Bootstrap.java:476)
07-Apr-2024 00:08:50.003 INFO [main] org.apache.coyote.AbstractProtocol.pause Pausing ProtocolHandler ["http-nio-8080"]
07-Apr-2024 00:08:50.003 INFO [main] org.apache.catalina.core.StandardService.stopInternal Stopping service [Catalina]
07-Apr-2024 00:08:50.015 INFO [main] org.apache.coyote.AbstractProtocol.stop Stopping ProtocolHandler ["http-nio-8080"]
07-Apr-2024 00:08:50.015 INFO [main] org.apache.coyote.AbstractProtocol.destroy Destroying ProtocolHandler ["http-nio-8080"]
07-Apr-2024 00:10:00.697 INFO [main] org.apache.catalina.core.StandardServer.await A valid shutdown command was received via the shutdown port. Stopping the Server instance.
07-Apr-2024 00:10:00.699 INFO [main] org.apache.coyote.AbstractProtocol.pause Pausing ProtocolHandler ["http-nio-8080"]
07-Apr-2024 00:10:00.702 INFO [main] org.apache.catalina.core.StandardService.stopInternal Stopping service [Catalina]
07-Apr-2024 00:10:00.714 INFO [main] org.apache.coyote.AbstractProtocol.stop Stopping ProtocolHandler ["http-nio-8080"]
07-Apr-2024 00:10:00.728 INFO [main] org.apache.coyote.AbstractProtocol.destroy Destroying ProtocolHandler ["http-nio-8080"]
07-Apr-2024 00:17:49.431 INFO [main] org.apache.catalina.startup.VersionLoggerListener.log Server version name:   Apache Tomcat/10.1.19
07-Apr-2024 00:17:49.434 INFO [main] org.apache.catalina.startup.VersionLoggerListener.log Server built:          Feb 14 2024 19:36:50 UTC
07-Apr-2024 00:17:49.434 INFO [main] org.apache.catalina.startup.VersionLoggerListener.log Server version number: 10.1.19.0
07-Apr-2024 00:17:49.434 INFO [main] org.apache.catalina.startup.VersionLoggerListener.log OS Name:               Mac OS X
07-Apr-2024 00:17:49.434 INFO [main] org.apache.catalina.startup.VersionLoggerListener.log OS Version:            14.3.1
07-Apr-2024 00:17:49.434 INFO [main] org.apache.catalina.startup.VersionLoggerListener.log Architecture:          aarch64
07-Apr-2024 00:17:49.434 INFO [main] org.apache.catalina.startup.VersionLoggerListener.log Java Home:             /opt/homebrew/Cellar/openjdk/21.0.2/libexec/openjdk.jdk/Contents/Home
07-Apr-2024 00:17:49.434 INFO [main] org.apache.catalina.startup.VersionLoggerListener.log JVM Version:           21.0.2
07-Apr-2024 00:17:49.434 INFO [main] org.apache.catalina.startup.VersionLoggerListener.log JVM Vendor:            Homebrew
07-Apr-2024 00:17:49.434 INFO [main] org.apache.catalina.startup.VersionLoggerListener.log CATALINA_BASE:         /Users/tolymbeknurtai/Desktop/package/apache-tomcat-10.1.19
07-Apr-2024 00:17:49.435 INFO [main] org.apache.catalina.startup.VersionLoggerListener.log CATALINA_HOME:         /Users/tolymbeknurtai/Desktop/package/apache-tomcat-10.1.19
07-Apr-2024 00:17:49.440 INFO [main] org.apache.catalina.startup.VersionLoggerListener.log Command line argument: -Djava.util.logging.config.file=/Users/tolymbeknurtai/Desktop/package/apache-tomcat-10.1.19/conf/logging.properties
07-Apr-2024 00:17:49.440 INFO [main] org.apache.catalina.startup.VersionLoggerListener.log Command line argument: -Djava.util.logging.manager=org.apache.juli.ClassLoaderLogManager
07-Apr-2024 00:17:49.440 INFO [main] org.apache.catalina.startup.VersionLoggerListener.log Command line argument: -Djdk.tls.ephemeralDHKeySize=2048
07-Apr-2024 00:17:49.440 INFO [main] org.apache.catalina.startup.VersionLoggerListener.log Command line argument: -Djava.protocol.handler.pkgs=org.apache.catalina.webresources
07-Apr-2024 00:17:49.440 INFO [main] org.apache.catalina.startup.VersionLoggerListener.log Command line argument: -Dorg.apache.catalina.security.SecurityListener.UMASK=0027
07-Apr-2024 00:17:49.440 INFO [main] org.apache.catalina.startup.VersionLoggerListener.log Command line argument: --add-opens=java.base/java.lang=ALL-UNNAMED
07-Apr-2024 00:17:49.441 INFO [main] org.apache.catalina.startup.VersionLoggerListener.log Command line argument: --add-opens=java.base/java.io=ALL-UNNAMED
07-Apr-2024 00:17:49.441 INFO [main] org.apache.catalina.startup.VersionLoggerListener.log Command line argument: --add-opens=java.base/java.util=ALL-UNNAMED
07-Apr-2024 00:17:49.441 INFO [main] org.apache.catalina.startup.VersionLoggerListener.log Command line argument: --add-opens=java.base/java.util.concurrent=ALL-UNNAMED
07-Apr-2024 00:17:49.441 INFO [main] org.apache.catalina.startup.VersionLoggerListener.log Command line argument: --add-opens=java.rmi/sun.rmi.transport=ALL-UNNAMED
07-Apr-2024 00:17:49.441 INFO [main] org.apache.catalina.startup.VersionLoggerListener.log Command line argument: -Dcatalina.base=/Users/tolymbeknurtai/Desktop/package/apache-tomcat-10.1.19
07-Apr-2024 00:17:49.441 INFO [main] org.apache.catalina.startup.VersionLoggerListener.log Command line argument: -Dcatalina.home=/Users/tolymbeknurtai/Desktop/package/apache-tomcat-10.1.19
07-Apr-2024 00:17:49.441 INFO [main] org.apache.catalina.startup.VersionLoggerListener.log Command line argument: -Djava.io.tmpdir=/Users/tolymbeknurtai/Desktop/package/apache-tomcat-10.1.19/temp
07-Apr-2024 00:17:49.445 INFO [main] org.apache.catalina.core.AprLifecycleListener.lifecycleEvent The Apache Tomcat Native library which allows using OpenSSL was not found on the java.library.path: [/Users/tolymbeknurtai/Library/Java/Extensions:/Library/Java/Extensions:/Network/Library/Java/Extensions:/System/Library/Java/Extensions:/usr/lib/java:.]
07-Apr-2024 00:17:49.609 INFO [main] org.apache.coyote.AbstractProtocol.init Initializing ProtocolHandler ["http-nio-8080"]
07-Apr-2024 00:17:49.625 INFO [main] org.apache.catalina.startup.Catalina.load Server initialization in [277] milliseconds
07-Apr-2024 00:17:49.648 INFO [main] org.apache.catalina.core.StandardService.startInternal Starting service [Catalina]
07-Apr-2024 00:17:49.648 INFO [main] org.apache.catalina.core.StandardEngine.startInternal Starting Servlet engine: [Apache Tomcat/10.1.19]
07-Apr-2024 00:17:49.662 INFO [main] org.apache.catalina.startup.HostConfig.deployWAR Deploying web application archive [/Users/tolymbeknurtai/Desktop/package/apache-tomcat-10.1.19/webapps/servlets-1.0-SNAPSHOT.war]
07-Apr-2024 00:17:49.835 INFO [main] org.apache.catalina.startup.HostConfig.deployWAR Deployment of web application archive [/Users/tolymbeknurtai/Desktop/package/apache-tomcat-10.1.19/webapps/servlets-1.0-SNAPSHOT.war] has finished in [173] ms
07-Apr-2024 00:17:49.836 INFO [main] org.apache.catalina.startup.HostConfig.deployWAR Deploying web application archive [/Users/tolymbeknurtai/Desktop/package/apache-tomcat-10.1.19/webapps/codecraft.war]
07-Apr-2024 00:17:50.045 INFO [main] org.apache.jasper.servlet.TldScanner.scanJars At least one JAR was scanned for TLDs yet contained no TLDs. Enable debug logging for this logger for a complete list of JARs that were scanned but no TLDs were found in them. Skipping unneeded JARs during scanning can improve startup time and JSP compilation time.
07-Apr-2024 00:17:50.049 INFO [main] org.apache.catalina.startup.HostConfig.deployWAR Deployment of web application archive [/Users/tolymbeknurtai/Desktop/package/apache-tomcat-10.1.19/webapps/codecraft.war] has finished in [213] ms
07-Apr-2024 00:17:50.049 INFO [main] org.apache.catalina.startup.HostConfig.deployDirectory Deploying web application directory [/Users/tolymbeknurtai/Desktop/package/apache-tomcat-10.1.19/webapps/docs]
07-Apr-2024 00:17:50.060 INFO [main] org.apache.catalina.startup.HostConfig.deployDirectory Deployment of web application directory [/Users/tolymbeknurtai/Desktop/package/apache-tomcat-10.1.19/webapps/docs] has finished in [10] ms
07-Apr-2024 00:17:50.060 INFO [main] org.apache.catalina.startup.HostConfig.deployDirectory Deploying web application directory [/Users/tolymbeknurtai/Desktop/package/apache-tomcat-10.1.19/webapps/manager]
07-Apr-2024 00:17:50.075 INFO [main] org.apache.catalina.startup.HostConfig.deployDirectory Deployment of web application directory [/Users/tolymbeknurtai/Desktop/package/apache-tomcat-10.1.19/webapps/manager] has finished in [15] ms
07-Apr-2024 00:17:50.075 INFO [main] org.apache.catalina.startup.HostConfig.deployDirectory Deploying web application directory [/Users/tolymbeknurtai/Desktop/package/apache-tomcat-10.1.19/webapps/examples]
07-Apr-2024 00:17:50.171 INFO [main] org.apache.catalina.startup.HostConfig.deployDirectory Deployment of web application directory [/Users/tolymbeknurtai/Desktop/package/apache-tomcat-10.1.19/webapps/examples] has finished in [96] ms
07-Apr-2024 00:17:50.171 INFO [main] org.apache.catalina.startup.HostConfig.deployDirectory Deploying web application directory [/Users/tolymbeknurtai/Desktop/package/apache-tomcat-10.1.19/webapps/ROOT]
07-Apr-2024 00:17:50.180 INFO [main] org.apache.catalina.startup.HostConfig.deployDirectory Deployment of web application directory [/Users/tolymbeknurtai/Desktop/package/apache-tomcat-10.1.19/webapps/ROOT] has finished in [8] ms
07-Apr-2024 00:17:50.180 INFO [main] org.apache.catalina.startup.HostConfig.deployDirectory Deploying web application directory [/Users/tolymbeknurtai/Desktop/package/apache-tomcat-10.1.19/webapps/host-manager]
07-Apr-2024 00:17:50.190 INFO [main] org.apache.catalina.startup.HostConfig.deployDirectory Deployment of web application directory [/Users/tolymbeknurtai/Desktop/package/apache-tomcat-10.1.19/webapps/host-manager] has finished in [10] ms
07-Apr-2024 00:17:50.192 INFO [main] org.apache.coyote.AbstractProtocol.start Starting ProtocolHandler ["http-nio-8080"]
07-Apr-2024 00:17:50.198 INFO [main] org.apache.catalina.startup.Catalina.start Server startup in [572] milliseconds
07-Apr-2024 00:17:57.593 INFO [http-nio-8080-exec-1] org.apache.catalina.startup.HostConfig.undeploy Undeploying context [/codecraft]
07-Apr-2024 00:17:57.603 INFO [http-nio-8080-exec-1] org.apache.catalina.startup.HostConfig.deployWAR Deploying web application archive [/Users/tolymbeknurtai/Desktop/package/apache-tomcat-10.1.19/webapps/codecraft.war]
07-Apr-2024 00:17:57.762 INFO [http-nio-8080-exec-1] org.apache.jasper.servlet.TldScanner.scanJars At least one JAR was scanned for TLDs yet contained no TLDs. Enable debug logging for this logger for a complete list of JARs that were scanned but no TLDs were found in them. Skipping unneeded JARs during scanning can improve startup time and JSP compilation time.
07-Apr-2024 00:17:57.763 INFO [http-nio-8080-exec-1] org.apache.catalina.startup.HostConfig.deployWAR Deployment of web application archive [/Users/tolymbeknurtai/Desktop/package/apache-tomcat-10.1.19/webapps/codecraft.war] has finished in [160] ms
07-Apr-2024 00:23:55.311 INFO [http-nio-8080-exec-11] org.apache.catalina.startup.HostConfig.undeploy Undeploying context [/codecraft]
07-Apr-2024 00:23:55.321 INFO [http-nio-8080-exec-11] org.apache.catalina.startup.HostConfig.deployWAR Deploying web application archive [/Users/tolymbeknurtai/Desktop/package/apache-tomcat-10.1.19/webapps/codecraft.war]
07-Apr-2024 00:23:55.480 INFO [http-nio-8080-exec-11] org.apache.jasper.servlet.TldScanner.scanJars At least one JAR was scanned for TLDs yet contained no TLDs. Enable debug logging for this logger for a complete list of JARs that were scanned but no TLDs were found in them. Skipping unneeded JARs during scanning can improve startup time and JSP compilation time.
07-Apr-2024 00:23:55.481 INFO [http-nio-8080-exec-11] org.apache.catalina.startup.HostConfig.deployWAR Deployment of web application archive [/Users/tolymbeknurtai/Desktop/package/apache-tomcat-10.1.19/webapps/codecraft.war] has finished in [160] ms
07-Apr-2024 00:27:50.226 INFO [http-nio-8080-exec-17] server.connection.DBConnection.getConnection Connection to DB is established.
07-Apr-2024 00:27:50.236 INFO [http-nio-8080-exec-17] server.database.QuestionsDAO.getQuestions Got questions from DB.
07-Apr-2024 00:27:50.237 INFO [http-nio-8080-exec-17] server.servlets.QuestionsServlet.doGet 1 2
07-Apr-2024 00:27:50.237 INFO [http-nio-8080-exec-17] server.servlets.QuestionsServlet.doGet 3 4/1 4
07-Apr-2024 00:27:50.237 INFO [http-nio-8080-exec-17] server.servlets.QuestionsServlet.doGet 1 2/100 200
07-Apr-2024 00:27:50.237 INFO [http-nio-8080-exec-17] server.servlets.QuestionsServlet.doGet 4/4 1 1/2 10 7/8 5 4/9 7 0
07-Apr-2024 00:27:50.238 INFO [http-nio-8080-exec-17] server.servlets.QuestionsServlet.doGet 3/10 15/6 8/4 8
07-Apr-2024 00:27:50.238 INFO [http-nio-8080-exec-17] server.servlets.QuestionsServlet.doGet 4
07-Apr-2024 00:27:50.238 INFO [http-nio-8080-exec-17] server.servlets.QuestionsServlet.doGet null
07-Apr-2024 00:27:50.238 INFO [http-nio-8080-exec-17] server.servlets.QuestionsServlet.doGet 2/2555/2000
07-Apr-2024 00:27:50.238 INFO [http-nio-8080-exec-17] server.servlets.QuestionsServlet.doGet 2/2/3
07-Apr-2024 00:27:50.238 INFO [http-nio-8080-exec-17] server.servlets.QuestionsServlet.doGet 2/2 2/5 6
07-Apr-2024 00:27:50.238 INFO [http-nio-8080-exec-17] server.servlets.QuestionsServlet.doGet 2 2
07-Apr-2024 00:27:50.238 INFO [http-nio-8080-exec-17] server.servlets.QuestionsServlet.doGet 4/3/2/4/100000
07-Apr-2024 00:27:50.239 INFO [http-nio-8080-exec-17] server.servlets.QuestionsServlet.doGet Sent questions.
07-Apr-2024 00:28:00.226 INFO [http-nio-8080-exec-18] server.connection.DBConnection.getConnection Connection to DB is established.
07-Apr-2024 00:28:00.229 INFO [http-nio-8080-exec-18] server.database.QuestionsDAO.getQuestions Got questions from DB.
07-Apr-2024 00:28:00.230 INFO [http-nio-8080-exec-18] server.servlets.QuestionsServlet.doGet 1 2
07-Apr-2024 00:28:00.230 INFO [http-nio-8080-exec-18] server.servlets.QuestionsServlet.doGet 3 4/1 4
07-Apr-2024 00:28:00.231 INFO [http-nio-8080-exec-18] server.servlets.QuestionsServlet.doGet 1 2/100 200
07-Apr-2024 00:28:00.231 INFO [http-nio-8080-exec-18] server.servlets.QuestionsServlet.doGet 4/4 1 1/2 10 7/8 5 4/9 7 0
07-Apr-2024 00:28:00.231 INFO [http-nio-8080-exec-18] server.servlets.QuestionsServlet.doGet 3/10 15/6 8/4 8
07-Apr-2024 00:28:00.232 INFO [http-nio-8080-exec-18] server.servlets.QuestionsServlet.doGet 4
07-Apr-2024 00:28:00.232 INFO [http-nio-8080-exec-18] server.servlets.QuestionsServlet.doGet null
07-Apr-2024 00:28:00.232 INFO [http-nio-8080-exec-18] server.servlets.QuestionsServlet.doGet 2/2555/2000
07-Apr-2024 00:28:00.232 INFO [http-nio-8080-exec-18] server.servlets.QuestionsServlet.doGet 2/2/3
07-Apr-2024 00:28:00.233 INFO [http-nio-8080-exec-18] server.servlets.QuestionsServlet.doGet 2/2 2/5 6
07-Apr-2024 00:28:00.233 INFO [http-nio-8080-exec-18] server.servlets.QuestionsServlet.doGet 2 2
07-Apr-2024 00:28:00.233 INFO [http-nio-8080-exec-18] server.servlets.QuestionsServlet.doGet 4/3/2/4/100000
07-Apr-2024 00:28:00.234 INFO [http-nio-8080-exec-18] server.servlets.QuestionsServlet.doGet Sent questions.
07-Apr-2024 00:28:25.064 INFO [http-nio-8080-exec-20] server.servlets.RunTestServlet.doPost New Request.
07-Apr-2024 00:28:25.066 INFO [http-nio-8080-exec-20] server.servlets.RunTestServlet.doPost Started reading request.
07-Apr-2024 00:28:25.066 INFO [http-nio-8080-exec-20] server.servlets.RunTestServlet.doPost Started reading request.
07-Apr-2024 00:28:25.066 INFO [http-nio-8080-exec-20] server.servlets.RunTestServlet.doPost Empty
07-Apr-2024 00:28:25.079 INFO [http-nio-8080-exec-20] server.servlets.RunTestServlet.doPost console.log("Cactus")
07-Apr-2024 00:28:25.079 INFO [http-nio-8080-exec-20] server.servlets.RunTestServlet.doPost js
07-Apr-2024 00:28:25.079 INFO [http-nio-8080-exec-20] server.servlets.RunTestServlet.doPost Nurtai
07-Apr-2024 00:28:25.080 INFO [http-nio-8080-exec-20] server.servlets.RunTestServlet.doPost Question's id is 1
07-Apr-2024 00:28:25.090 INFO [http-nio-8080-exec-20] server.connection.DBConnection.getConnection Connection to DB is established.
07-Apr-2024 00:28:25.095 INFO [http-nio-8080-exec-20] server.database.TestCasesDAO.addTestCases Test cases: 
07-Apr-2024 00:28:25.095 INFO [http-nio-8080-exec-20] server.database.TestCasesDAO.addTestCases null
07-Apr-2024 00:28:25.095 INFO [http-nio-8080-exec-20] server.database.TestCasesDAO.addTestCases Cactus
07-Apr-2024 00:28:25.095 INFO [http-nio-8080-exec-20] server.servlets.RunTestServlet.doPost got testcases for runservlet
07-Apr-2024 00:28:25.099 INFO [http-nio-8080-exec-20] server.servlets.RunTestServlet.doPost started running running in runner
07-Apr-2024 00:28:25.100 INFO [http-nio-8080-exec-20] server.runner.RunnerSystem.writeFile code:
07-Apr-2024 00:28:25.100 INFO [http-nio-8080-exec-20] server.runner.RunnerSystem.writeFile console.log("Cactus")
07-Apr-2024 00:28:25.102 INFO [http-nio-8080-exec-20] server.runner.RunnerSystem.writeFile Wrote code to the file in runner
07-Apr-2024 00:28:25.103 INFO [http-nio-8080-exec-20] server.runner.RunnerSystem.compile compiled in runner
07-Apr-2024 00:28:25.103 INFO [http-nio-8080-exec-20] server.runner.Tester.test node
07-Apr-2024 00:28:25.103 INFO [http-nio-8080-exec-20] server.runner.Tester.test /Users/tolymbeknurtai/desktop/projects/leetcode/src/main/java/server/runner/tests/Nurtai.js
07-Apr-2024 00:28:25.120 INFO [http-nio-8080-exec-20] server.runner.Tester.test process started in tester
07-Apr-2024 00:28:25.121 INFO [http-nio-8080-exec-20] server.runner.Tester.writeInput null
07-Apr-2024 00:28:25.165 INFO [http-nio-8080-exec-20] server.runner.Tester.readOutput started reading output
07-Apr-2024 00:28:25.165 INFO [http-nio-8080-exec-20] server.runner.Tester.readOutput Cactus
07-Apr-2024 00:28:25.165 INFO [http-nio-8080-exec-20] server.runner.Tester.readOutput this is line
07-Apr-2024 00:28:25.165 INFO [http-nio-8080-exec-20] server.runner.Tester.readOutput read the output
07-Apr-2024 00:28:25.165 INFO [http-nio-8080-exec-20] server.runner.Tester.test Test case: 
07-Apr-2024 00:28:25.165 INFO [http-nio-8080-exec-20] server.runner.Tester.test Cactus
07-Apr-2024 00:28:25.165 INFO [http-nio-8080-exec-20] server.runner.Tester.test Output of code: 
07-Apr-2024 00:28:25.165 INFO [http-nio-8080-exec-20] server.runner.Tester.test Cactus
07-Apr-2024 00:28:25.165 INFO [http-nio-8080-exec-20] server.runner.RunnerSystem.cleanUp Error removing file: /Users/tolymbeknurtai/desktop/projects/leetcode/src/main/java/server/runner/tests/Nurtai.js
07-Apr-2024 00:28:25.165 INFO [http-nio-8080-exec-20] server.runner.RunnerSystem.cleanUp cleaned up the files in runner
07-Apr-2024 00:28:25.165 INFO [http-nio-8080-exec-20] server.servlets.RunTestServlet.doPost tests are passed
07-Apr-2024 00:28:25.166 INFO [http-nio-8080-exec-20] server.servlets.RunTestServlet.doPost sent the results from runservlet
07-Apr-2024 00:28:30.115 INFO [http-nio-8080-exec-17] server.connection.DBConnection.getConnection Connection to DB is established.
07-Apr-2024 00:28:30.117 INFO [http-nio-8080-exec-17] server.database.QuestionsDAO.getQuestions Got questions from DB.
07-Apr-2024 00:28:30.118 INFO [http-nio-8080-exec-17] server.servlets.QuestionsServlet.doGet 1 2
07-Apr-2024 00:28:30.118 INFO [http-nio-8080-exec-17] server.servlets.QuestionsServlet.doGet 3 4/1 4
07-Apr-2024 00:28:30.118 INFO [http-nio-8080-exec-17] server.servlets.QuestionsServlet.doGet 1 2/100 200
07-Apr-2024 00:28:30.118 INFO [http-nio-8080-exec-17] server.servlets.QuestionsServlet.doGet 4/4 1 1/2 10 7/8 5 4/9 7 0
07-Apr-2024 00:28:30.118 INFO [http-nio-8080-exec-17] server.servlets.QuestionsServlet.doGet 3/10 15/6 8/4 8
07-Apr-2024 00:28:30.118 INFO [http-nio-8080-exec-17] server.servlets.QuestionsServlet.doGet 4
07-Apr-2024 00:28:30.119 INFO [http-nio-8080-exec-17] server.servlets.QuestionsServlet.doGet null
07-Apr-2024 00:28:30.119 INFO [http-nio-8080-exec-17] server.servlets.QuestionsServlet.doGet 2/2555/2000
07-Apr-2024 00:28:30.119 INFO [http-nio-8080-exec-17] server.servlets.QuestionsServlet.doGet 2/2/3
07-Apr-2024 00:28:30.119 INFO [http-nio-8080-exec-17] server.servlets.QuestionsServlet.doGet 2/2 2/5 6
07-Apr-2024 00:28:30.119 INFO [http-nio-8080-exec-17] server.servlets.QuestionsServlet.doGet 2 2
07-Apr-2024 00:28:30.119 INFO [http-nio-8080-exec-17] server.servlets.QuestionsServlet.doGet 4/3/2/4/100000
07-Apr-2024 00:28:30.120 INFO [http-nio-8080-exec-17] server.servlets.QuestionsServlet.doGet Sent questions.
07-Apr-2024 00:28:45.160 INFO [http-nio-8080-exec-21] server.servlets.RunTestServlet.doPost New Request.
07-Apr-2024 00:28:45.161 INFO [http-nio-8080-exec-21] server.servlets.RunTestServlet.doPost Started reading request.
07-Apr-2024 00:28:45.161 INFO [http-nio-8080-exec-21] server.servlets.RunTestServlet.doPost Started reading request.
07-Apr-2024 00:28:45.161 INFO [http-nio-8080-exec-21] server.servlets.RunTestServlet.doPost Empty
07-Apr-2024 00:28:45.161 INFO [http-nio-8080-exec-21] server.servlets.RunTestServlet.doPost a = input()
b = a.split()

first = int(b[0])
second = int(b[1])

result = first + second

print(result)
07-Apr-2024 00:28:45.161 INFO [http-nio-8080-exec-21] server.servlets.RunTestServlet.doPost py
07-Apr-2024 00:28:45.162 INFO [http-nio-8080-exec-21] server.servlets.RunTestServlet.doPost Nurtai
07-Apr-2024 00:28:45.162 INFO [http-nio-8080-exec-21] server.servlets.RunTestServlet.doPost Question's id is 4
07-Apr-2024 00:28:45.169 INFO [http-nio-8080-exec-21] server.connection.DBConnection.getConnection Connection to DB is established.
07-Apr-2024 00:28:45.172 INFO [http-nio-8080-exec-21] server.database.TestCasesDAO.addTestCases Test cases: 
07-Apr-2024 00:28:45.173 INFO [http-nio-8080-exec-21] server.database.TestCasesDAO.addTestCases 1 2
07-Apr-2024 00:28:45.173 INFO [http-nio-8080-exec-21] server.database.TestCasesDAO.addTestCases 3
07-Apr-2024 00:28:45.173 INFO [http-nio-8080-exec-21] server.database.TestCasesDAO.addTestCases Test cases: 
07-Apr-2024 00:28:45.173 INFO [http-nio-8080-exec-21] server.database.TestCasesDAO.addTestCases 7 8
07-Apr-2024 00:28:45.173 INFO [http-nio-8080-exec-21] server.database.TestCasesDAO.addTestCases 15
07-Apr-2024 00:28:45.173 INFO [http-nio-8080-exec-21] server.database.TestCasesDAO.addTestCases Test cases: 
07-Apr-2024 00:28:45.173 INFO [http-nio-8080-exec-21] server.database.TestCasesDAO.addTestCases 45 56
07-Apr-2024 00:28:45.174 INFO [http-nio-8080-exec-21] server.database.TestCasesDAO.addTestCases 101
07-Apr-2024 00:28:45.174 INFO [http-nio-8080-exec-21] server.servlets.RunTestServlet.doPost got testcases for runservlet
07-Apr-2024 00:28:45.177 INFO [http-nio-8080-exec-21] server.servlets.RunTestServlet.doPost started running running in runner
07-Apr-2024 00:28:45.177 INFO [http-nio-8080-exec-21] server.runner.RunnerSystem.writeFile code:
07-Apr-2024 00:28:45.177 INFO [http-nio-8080-exec-21] server.runner.RunnerSystem.writeFile a = input()
b = a.split()

first = int(b[0])
second = int(b[1])

result = first + second

print(result)
07-Apr-2024 00:28:45.178 INFO [http-nio-8080-exec-21] server.runner.RunnerSystem.writeFile Wrote code to the file in runner
07-Apr-2024 00:28:45.178 INFO [http-nio-8080-exec-21] server.runner.RunnerSystem.compile compiled in runner
07-Apr-2024 00:28:45.178 INFO [http-nio-8080-exec-21] server.runner.Tester.test python3
07-Apr-2024 00:28:45.178 INFO [http-nio-8080-exec-21] server.runner.Tester.test /Users/tolymbeknurtai/desktop/projects/leetcode/src/main/java/server/runner/tests/Nurtai.py
07-Apr-2024 00:28:45.185 INFO [http-nio-8080-exec-21] server.runner.Tester.test process started in tester
07-Apr-2024 00:28:45.186 INFO [http-nio-8080-exec-21] server.runner.Tester.writeInput 1 2
07-Apr-2024 00:28:45.186 INFO [http-nio-8080-exec-21] server.runner.Tester.writeInput input
07-Apr-2024 00:28:45.186 INFO [http-nio-8080-exec-21] server.runner.Tester.writeInput 1 2
07-Apr-2024 00:28:45.186 INFO [http-nio-8080-exec-21] server.runner.Tester.writeInput wrote input in tester
07-Apr-2024 00:28:45.237 INFO [http-nio-8080-exec-21] server.runner.Tester.readOutput started reading output
07-Apr-2024 00:28:45.238 INFO [http-nio-8080-exec-21] server.runner.Tester.readOutput 3
07-Apr-2024 00:28:45.238 INFO [http-nio-8080-exec-21] server.runner.Tester.readOutput this is line
07-Apr-2024 00:28:45.238 INFO [http-nio-8080-exec-21] server.runner.Tester.readOutput read the output
07-Apr-2024 00:28:45.238 INFO [http-nio-8080-exec-21] server.runner.Tester.test Test case: 
07-Apr-2024 00:28:45.238 INFO [http-nio-8080-exec-21] server.runner.Tester.test 3
07-Apr-2024 00:28:45.238 INFO [http-nio-8080-exec-21] server.runner.Tester.test Output of code: 
07-Apr-2024 00:28:45.238 INFO [http-nio-8080-exec-21] server.runner.Tester.test 3
07-Apr-2024 00:28:45.238 INFO [http-nio-8080-exec-21] server.runner.Tester.test python3
07-Apr-2024 00:28:45.238 INFO [http-nio-8080-exec-21] server.runner.Tester.test /Users/tolymbeknurtai/desktop/projects/leetcode/src/main/java/server/runner/tests/Nurtai.py
07-Apr-2024 00:28:45.240 INFO [http-nio-8080-exec-21] server.runner.Tester.test process started in tester
07-Apr-2024 00:28:45.240 INFO [http-nio-8080-exec-21] server.runner.Tester.writeInput 7 8
07-Apr-2024 00:28:45.240 INFO [http-nio-8080-exec-21] server.runner.Tester.writeInput input
07-Apr-2024 00:28:45.240 INFO [http-nio-8080-exec-21] server.runner.Tester.writeInput 7 8
07-Apr-2024 00:28:45.241 INFO [http-nio-8080-exec-21] server.runner.Tester.writeInput wrote input in tester
07-Apr-2024 00:28:45.255 INFO [http-nio-8080-exec-21] server.runner.Tester.readOutput started reading output
07-Apr-2024 00:28:45.255 INFO [http-nio-8080-exec-21] server.runner.Tester.readOutput 15
07-Apr-2024 00:28:45.255 INFO [http-nio-8080-exec-21] server.runner.Tester.readOutput this is line
07-Apr-2024 00:28:45.255 INFO [http-nio-8080-exec-21] server.runner.Tester.readOutput read the output
07-Apr-2024 00:28:45.255 INFO [http-nio-8080-exec-21] server.runner.Tester.test Test case: 
07-Apr-2024 00:28:45.255 INFO [http-nio-8080-exec-21] server.runner.Tester.test 15
07-Apr-2024 00:28:45.255 INFO [http-nio-8080-exec-21] server.runner.Tester.test Output of code: 
07-Apr-2024 00:28:45.255 INFO [http-nio-8080-exec-21] server.runner.Tester.test 15
07-Apr-2024 00:28:45.255 INFO [http-nio-8080-exec-21] server.runner.Tester.test python3
07-Apr-2024 00:28:45.255 INFO [http-nio-8080-exec-21] server.runner.Tester.test /Users/tolymbeknurtai/desktop/projects/leetcode/src/main/java/server/runner/tests/Nurtai.py
07-Apr-2024 00:28:45.257 INFO [http-nio-8080-exec-21] server.runner.Tester.test process started in tester
07-Apr-2024 00:28:45.257 INFO [http-nio-8080-exec-21] server.runner.Tester.writeInput 45 56
07-Apr-2024 00:28:45.257 INFO [http-nio-8080-exec-21] server.runner.Tester.writeInput input
07-Apr-2024 00:28:45.257 INFO [http-nio-8080-exec-21] server.runner.Tester.writeInput 45 56
07-Apr-2024 00:28:45.257 INFO [http-nio-8080-exec-21] server.runner.Tester.writeInput wrote input in tester
07-Apr-2024 00:28:45.269 INFO [http-nio-8080-exec-21] server.runner.Tester.readOutput started reading output
07-Apr-2024 00:28:45.269 INFO [http-nio-8080-exec-21] server.runner.Tester.readOutput 101
07-Apr-2024 00:28:45.269 INFO [http-nio-8080-exec-21] server.runner.Tester.readOutput this is line
07-Apr-2024 00:28:45.269 INFO [http-nio-8080-exec-21] server.runner.Tester.readOutput read the output
07-Apr-2024 00:28:45.269 INFO [http-nio-8080-exec-21] server.runner.Tester.test Test case: 
07-Apr-2024 00:28:45.269 INFO [http-nio-8080-exec-21] server.runner.Tester.test 101
07-Apr-2024 00:28:45.269 INFO [http-nio-8080-exec-21] server.runner.Tester.test Output of code: 
07-Apr-2024 00:28:45.269 INFO [http-nio-8080-exec-21] server.runner.Tester.test 101
07-Apr-2024 00:28:45.269 INFO [http-nio-8080-exec-21] server.runner.RunnerSystem.cleanUp Error removing file: /Users/tolymbeknurtai/desktop/projects/leetcode/src/main/java/server/runner/tests/Nurtai.py
07-Apr-2024 00:28:45.270 INFO [http-nio-8080-exec-21] server.runner.RunnerSystem.cleanUp cleaned up the files in runner
07-Apr-2024 00:28:45.270 INFO [http-nio-8080-exec-21] server.servlets.RunTestServlet.doPost tests are passed
07-Apr-2024 00:28:45.270 INFO [http-nio-8080-exec-21] server.servlets.RunTestServlet.doPost sent the results from runservlet
07-Apr-2024 00:28:48.827 INFO [http-nio-8080-exec-4] server.connection.DBConnection.getConnection Connection to DB is established.
07-Apr-2024 00:28:48.832 INFO [http-nio-8080-exec-4] server.database.QuestionsDAO.getQuestions Got questions from DB.
07-Apr-2024 00:28:48.833 INFO [http-nio-8080-exec-4] server.servlets.QuestionsServlet.doGet 1 2
07-Apr-2024 00:28:48.834 INFO [http-nio-8080-exec-4] server.servlets.QuestionsServlet.doGet 3 4/1 4
07-Apr-2024 00:28:48.834 INFO [http-nio-8080-exec-4] server.servlets.QuestionsServlet.doGet 1 2/100 200
07-Apr-2024 00:28:48.834 INFO [http-nio-8080-exec-4] server.servlets.QuestionsServlet.doGet 4/4 1 1/2 10 7/8 5 4/9 7 0
07-Apr-2024 00:28:48.834 INFO [http-nio-8080-exec-4] server.servlets.QuestionsServlet.doGet 3/10 15/6 8/4 8
07-Apr-2024 00:28:48.834 INFO [http-nio-8080-exec-4] server.servlets.QuestionsServlet.doGet 4
07-Apr-2024 00:28:48.834 INFO [http-nio-8080-exec-4] server.servlets.QuestionsServlet.doGet null
07-Apr-2024 00:28:48.834 INFO [http-nio-8080-exec-4] server.servlets.QuestionsServlet.doGet 2/2555/2000
07-Apr-2024 00:28:48.835 INFO [http-nio-8080-exec-4] server.servlets.QuestionsServlet.doGet 2/2/3
07-Apr-2024 00:28:48.835 INFO [http-nio-8080-exec-4] server.servlets.QuestionsServlet.doGet 2/2 2/5 6
07-Apr-2024 00:28:48.835 INFO [http-nio-8080-exec-4] server.servlets.QuestionsServlet.doGet 2 2
07-Apr-2024 00:28:48.835 INFO [http-nio-8080-exec-4] server.servlets.QuestionsServlet.doGet 4/3/2/4/100000
07-Apr-2024 00:28:48.836 INFO [http-nio-8080-exec-4] server.servlets.QuestionsServlet.doGet Sent questions.
07-Apr-2024 00:28:51.990 INFO [http-nio-8080-exec-6] server.servlets.RunTestServlet.doPost New Request.
07-Apr-2024 00:28:51.991 INFO [http-nio-8080-exec-6] server.servlets.RunTestServlet.doPost Started reading request.
07-Apr-2024 00:28:51.991 INFO [http-nio-8080-exec-6] server.servlets.RunTestServlet.doPost Started reading request.
07-Apr-2024 00:28:51.991 INFO [http-nio-8080-exec-6] server.servlets.RunTestServlet.doPost Empty
07-Apr-2024 00:28:51.991 INFO [http-nio-8080-exec-6] server.servlets.RunTestServlet.doPost a = input()
b = a.split()

first = int(b[0])
second = int(b[1])

result = first + second

print(result)
07-Apr-2024 00:28:51.991 INFO [http-nio-8080-exec-6] server.servlets.RunTestServlet.doPost py
07-Apr-2024 00:28:51.992 INFO [http-nio-8080-exec-6] server.servlets.RunTestServlet.doPost Nurtai
07-Apr-2024 00:28:51.992 INFO [http-nio-8080-exec-6] server.servlets.RunTestServlet.doPost Question's id is 5
07-Apr-2024 00:28:51.999 INFO [http-nio-8080-exec-6] server.connection.DBConnection.getConnection Connection to DB is established.
07-Apr-2024 00:28:52.002 INFO [http-nio-8080-exec-6] server.database.TestCasesDAO.addTestCases Test cases: 
07-Apr-2024 00:28:52.003 INFO [http-nio-8080-exec-6] server.database.TestCasesDAO.addTestCases 3 4/1 4
07-Apr-2024 00:28:52.003 INFO [http-nio-8080-exec-6] server.database.TestCasesDAO.addTestCases NO/YES
07-Apr-2024 00:28:52.003 INFO [http-nio-8080-exec-6] server.database.TestCasesDAO.addTestCases Test cases: 
07-Apr-2024 00:28:52.003 INFO [http-nio-8080-exec-6] server.database.TestCasesDAO.addTestCases 4/1 4/3 4/4 2/2 6
07-Apr-2024 00:28:52.004 INFO [http-nio-8080-exec-6] server.database.TestCasesDAO.addTestCases NO/YES/NO/YES
07-Apr-2024 00:28:52.005 INFO [http-nio-8080-exec-6] server.servlets.RunTestServlet.doPost got testcases for runservlet
07-Apr-2024 00:28:52.005 INFO [http-nio-8080-exec-6] server.servlets.RunTestServlet.doPost started running running in runner
07-Apr-2024 00:28:52.005 INFO [http-nio-8080-exec-6] server.runner.RunnerSystem.writeFile code:
07-Apr-2024 00:28:52.006 INFO [http-nio-8080-exec-6] server.runner.RunnerSystem.writeFile a = input()
b = a.split()

first = int(b[0])
second = int(b[1])

result = first + second

print(result)
07-Apr-2024 00:28:52.006 INFO [http-nio-8080-exec-6] server.runner.RunnerSystem.writeFile Wrote code to the file in runner
07-Apr-2024 00:28:52.007 INFO [http-nio-8080-exec-6] server.runner.RunnerSystem.compile compiled in runner
07-Apr-2024 00:28:52.007 INFO [http-nio-8080-exec-6] server.runner.Tester.test python3
07-Apr-2024 00:28:52.007 INFO [http-nio-8080-exec-6] server.runner.Tester.test /Users/tolymbeknurtai/desktop/projects/leetcode/src/main/java/server/runner/tests/Nurtai.py
07-Apr-2024 00:28:52.015 INFO [http-nio-8080-exec-6] server.runner.Tester.test process started in tester
07-Apr-2024 00:28:52.015 INFO [http-nio-8080-exec-6] server.runner.Tester.writeInput 3 4/1 4
07-Apr-2024 00:28:52.016 INFO [http-nio-8080-exec-6] server.runner.Tester.writeInput input
07-Apr-2024 00:28:52.016 INFO [http-nio-8080-exec-6] server.runner.Tester.writeInput 3 4
07-Apr-2024 00:28:52.016 INFO [http-nio-8080-exec-6] server.runner.Tester.writeInput input
07-Apr-2024 00:28:52.016 INFO [http-nio-8080-exec-6] server.runner.Tester.writeInput 1 4
07-Apr-2024 00:28:52.016 INFO [http-nio-8080-exec-6] server.runner.Tester.writeInput wrote input in tester
07-Apr-2024 00:28:52.045 INFO [http-nio-8080-exec-6] server.runner.Tester.readOutput started reading output
07-Apr-2024 00:28:52.046 INFO [http-nio-8080-exec-6] server.runner.Tester.readOutput 7
07-Apr-2024 00:28:52.046 INFO [http-nio-8080-exec-6] server.runner.Tester.readOutput this is line
07-Apr-2024 00:28:52.046 INFO [http-nio-8080-exec-6] server.runner.Tester.readOutput read the output
07-Apr-2024 00:28:52.046 INFO [http-nio-8080-exec-6] server.runner.Tester.test Test case: 
07-Apr-2024 00:28:52.046 INFO [http-nio-8080-exec-6] server.runner.Tester.test NO/YES
07-Apr-2024 00:28:52.046 INFO [http-nio-8080-exec-6] server.runner.Tester.test Output of code: 
07-Apr-2024 00:28:52.046 INFO [http-nio-8080-exec-6] server.runner.Tester.test 7
07-Apr-2024 00:28:52.046 INFO [http-nio-8080-exec-6] server.runner.RunnerSystem.cleanUp Error removing file: /Users/tolymbeknurtai/desktop/projects/leetcode/src/main/java/server/runner/tests/Nurtai.py
07-Apr-2024 00:28:52.046 INFO [http-nio-8080-exec-6] server.runner.RunnerSystem.cleanUp cleaned up the files in runner
07-Apr-2024 00:28:52.046 INFO [http-nio-8080-exec-6] server.servlets.RunTestServlet.doPost tests are not passed
07-Apr-2024 00:28:52.046 INFO [http-nio-8080-exec-6] server.servlets.RunTestServlet.doPost sent the results from runservlet
07-Apr-2024 00:28:58.067 INFO [http-nio-8080-exec-18] server.connection.DBConnection.getConnection Connection to DB is established.
07-Apr-2024 00:28:58.071 INFO [http-nio-8080-exec-18] server.database.QuestionsDAO.getQuestions Got questions from DB.
07-Apr-2024 00:28:58.071 INFO [http-nio-8080-exec-18] server.servlets.QuestionsServlet.doGet 1 2
07-Apr-2024 00:28:58.071 INFO [http-nio-8080-exec-18] server.servlets.QuestionsServlet.doGet 3 4/1 4
07-Apr-2024 00:28:58.071 INFO [http-nio-8080-exec-18] server.servlets.QuestionsServlet.doGet 1 2/100 200
07-Apr-2024 00:28:58.072 INFO [http-nio-8080-exec-18] server.servlets.QuestionsServlet.doGet 4/4 1 1/2 10 7/8 5 4/9 7 0
07-Apr-2024 00:28:58.072 INFO [http-nio-8080-exec-18] server.servlets.QuestionsServlet.doGet 3/10 15/6 8/4 8
07-Apr-2024 00:28:58.072 INFO [http-nio-8080-exec-18] server.servlets.QuestionsServlet.doGet 4
07-Apr-2024 00:28:58.072 INFO [http-nio-8080-exec-18] server.servlets.QuestionsServlet.doGet null
07-Apr-2024 00:28:58.072 INFO [http-nio-8080-exec-18] server.servlets.QuestionsServlet.doGet 2/2555/2000
07-Apr-2024 00:28:58.072 INFO [http-nio-8080-exec-18] server.servlets.QuestionsServlet.doGet 2/2/3
07-Apr-2024 00:28:58.072 INFO [http-nio-8080-exec-18] server.servlets.QuestionsServlet.doGet 2/2 2/5 6
07-Apr-2024 00:28:58.072 INFO [http-nio-8080-exec-18] server.servlets.QuestionsServlet.doGet 2 2
07-Apr-2024 00:28:58.072 INFO [http-nio-8080-exec-18] server.servlets.QuestionsServlet.doGet 4/3/2/4/100000
07-Apr-2024 00:28:58.074 INFO [http-nio-8080-exec-18] server.servlets.QuestionsServlet.doGet Sent questions.
07-Apr-2024 00:30:59.055 INFO [http-nio-8080-exec-20] server.connection.DBConnection.getConnection Connection to DB is established.
07-Apr-2024 00:30:59.060 INFO [http-nio-8080-exec-20] server.database.QuestionsDAO.getQuestions Got questions from DB.
07-Apr-2024 00:30:59.061 INFO [http-nio-8080-exec-20] server.servlets.QuestionsServlet.doGet 1 2
07-Apr-2024 00:30:59.061 INFO [http-nio-8080-exec-20] server.servlets.QuestionsServlet.doGet 3 4/1 4
07-Apr-2024 00:30:59.062 INFO [http-nio-8080-exec-20] server.servlets.QuestionsServlet.doGet 1 2/100 200
07-Apr-2024 00:30:59.062 INFO [http-nio-8080-exec-20] server.servlets.QuestionsServlet.doGet 4/4 1 1/2 10 7/8 5 4/9 7 0
07-Apr-2024 00:30:59.062 INFO [http-nio-8080-exec-20] server.servlets.QuestionsServlet.doGet 3/10 15/6 8/4 8
07-Apr-2024 00:30:59.067 INFO [http-nio-8080-exec-20] server.servlets.QuestionsServlet.doGet 4
07-Apr-2024 00:30:59.068 INFO [http-nio-8080-exec-20] server.servlets.QuestionsServlet.doGet null
07-Apr-2024 00:30:59.068 INFO [http-nio-8080-exec-20] server.servlets.QuestionsServlet.doGet 2/2555/2000
07-Apr-2024 00:30:59.068 INFO [http-nio-8080-exec-20] server.servlets.QuestionsServlet.doGet 2/2/3
07-Apr-2024 00:30:59.068 INFO [http-nio-8080-exec-20] server.servlets.QuestionsServlet.doGet 2/2 2/5 6
07-Apr-2024 00:30:59.071 INFO [http-nio-8080-exec-20] server.servlets.QuestionsServlet.doGet 2 2
07-Apr-2024 00:30:59.072 INFO [http-nio-8080-exec-20] server.servlets.QuestionsServlet.doGet 4/3/2/4/100000
07-Apr-2024 00:30:59.078 INFO [http-nio-8080-exec-20] server.servlets.QuestionsServlet.doGet Sent questions.
07-Apr-2024 00:31:57.978 INFO [http-nio-8080-exec-21] server.connection.DBConnection.getConnection Connection to DB is established.
07-Apr-2024 00:31:57.983 INFO [http-nio-8080-exec-21] server.database.QuestionsDAO.getQuestions Got questions from DB.
07-Apr-2024 00:31:57.984 INFO [http-nio-8080-exec-21] server.servlets.QuestionsServlet.doGet 1 2
07-Apr-2024 00:31:57.984 INFO [http-nio-8080-exec-21] server.servlets.QuestionsServlet.doGet 3 4/1 4
07-Apr-2024 00:31:57.984 INFO [http-nio-8080-exec-21] server.servlets.QuestionsServlet.doGet 1 2/100 200
07-Apr-2024 00:31:57.984 INFO [http-nio-8080-exec-21] server.servlets.QuestionsServlet.doGet 4/4 1 1/2 10 7/8 5 4/9 7 0
07-Apr-2024 00:31:57.984 INFO [http-nio-8080-exec-21] server.servlets.QuestionsServlet.doGet 3/10 15/6 8/4 8
07-Apr-2024 00:31:57.984 INFO [http-nio-8080-exec-21] server.servlets.QuestionsServlet.doGet 4
07-Apr-2024 00:31:57.984 INFO [http-nio-8080-exec-21] server.servlets.QuestionsServlet.doGet null
07-Apr-2024 00:31:57.984 INFO [http-nio-8080-exec-21] server.servlets.QuestionsServlet.doGet 2/2555/2000
07-Apr-2024 00:31:57.984 INFO [http-nio-8080-exec-21] server.servlets.QuestionsServlet.doGet 2/2/3
07-Apr-2024 00:31:57.984 INFO [http-nio-8080-exec-21] server.servlets.QuestionsServlet.doGet 2/2 2/5 6
07-Apr-2024 00:31:57.984 INFO [http-nio-8080-exec-21] server.servlets.QuestionsServlet.doGet 2 2
07-Apr-2024 00:31:57.984 INFO [http-nio-8080-exec-21] server.servlets.QuestionsServlet.doGet 4/3/2/4/100000
07-Apr-2024 00:31:57.984 INFO [http-nio-8080-exec-21] server.servlets.QuestionsServlet.doGet Sent questions.
07-Apr-2024 00:31:59.455 INFO [http-nio-8080-exec-22] server.servlets.RunTestServlet.doPost New Request.
07-Apr-2024 00:31:59.455 INFO [http-nio-8080-exec-22] server.servlets.RunTestServlet.doPost Started reading request.
07-Apr-2024 00:31:59.455 INFO [http-nio-8080-exec-22] server.servlets.RunTestServlet.doPost Started reading request.
07-Apr-2024 00:31:59.455 INFO [http-nio-8080-exec-22] server.servlets.RunTestServlet.doPost Empty
07-Apr-2024 00:31:59.456 INFO [http-nio-8080-exec-22] server.servlets.RunTestServlet.doPost a = input()
b = a.split()

first = int(b[0])
second = int(b[1])

result = first + second

print(result)
07-Apr-2024 00:31:59.456 INFO [http-nio-8080-exec-22] server.servlets.RunTestServlet.doPost py
07-Apr-2024 00:31:59.456 INFO [http-nio-8080-exec-22] server.servlets.RunTestServlet.doPost Nurtai
07-Apr-2024 00:31:59.456 INFO [http-nio-8080-exec-22] server.servlets.RunTestServlet.doPost Question's id is 4
07-Apr-2024 00:31:59.462 INFO [http-nio-8080-exec-22] server.connection.DBConnection.getConnection Connection to DB is established.
07-Apr-2024 00:31:59.465 INFO [http-nio-8080-exec-22] server.database.TestCasesDAO.addTestCases Test cases: 
07-Apr-2024 00:31:59.465 INFO [http-nio-8080-exec-22] server.database.TestCasesDAO.addTestCases 1 2
07-Apr-2024 00:31:59.465 INFO [http-nio-8080-exec-22] server.database.TestCasesDAO.addTestCases 3
07-Apr-2024 00:31:59.465 INFO [http-nio-8080-exec-22] server.database.TestCasesDAO.addTestCases Test cases: 
07-Apr-2024 00:31:59.466 INFO [http-nio-8080-exec-22] server.database.TestCasesDAO.addTestCases 7 8
07-Apr-2024 00:31:59.466 INFO [http-nio-8080-exec-22] server.database.TestCasesDAO.addTestCases 15
07-Apr-2024 00:31:59.466 INFO [http-nio-8080-exec-22] server.database.TestCasesDAO.addTestCases Test cases: 
07-Apr-2024 00:31:59.466 INFO [http-nio-8080-exec-22] server.database.TestCasesDAO.addTestCases 45 56
07-Apr-2024 00:31:59.466 INFO [http-nio-8080-exec-22] server.database.TestCasesDAO.addTestCases 101
07-Apr-2024 00:31:59.466 INFO [http-nio-8080-exec-22] server.servlets.RunTestServlet.doPost got testcases for runservlet
07-Apr-2024 00:31:59.467 INFO [http-nio-8080-exec-22] server.servlets.RunTestServlet.doPost started running running in runner
07-Apr-2024 00:31:59.467 INFO [http-nio-8080-exec-22] server.runner.RunnerSystem.writeFile code:
07-Apr-2024 00:31:59.467 INFO [http-nio-8080-exec-22] server.runner.RunnerSystem.writeFile a = input()
b = a.split()

first = int(b[0])
second = int(b[1])

result = first + second

print(result)
07-Apr-2024 00:31:59.468 INFO [http-nio-8080-exec-22] server.runner.RunnerSystem.writeFile Wrote code to the file in runner
07-Apr-2024 00:31:59.468 INFO [http-nio-8080-exec-22] server.runner.RunnerSystem.compile compiled in runner
07-Apr-2024 00:31:59.469 INFO [http-nio-8080-exec-22] server.runner.Tester.test python3
07-Apr-2024 00:31:59.469 INFO [http-nio-8080-exec-22] server.runner.Tester.test /Users/tolymbeknurtai/desktop/projects/leetcode/src/main/java/server/runner/tests/Nurtai.py
07-Apr-2024 00:31:59.477 INFO [http-nio-8080-exec-22] server.runner.Tester.test process started in tester
07-Apr-2024 00:31:59.477 INFO [http-nio-8080-exec-22] server.runner.Tester.writeInput 1 2
07-Apr-2024 00:31:59.477 INFO [http-nio-8080-exec-22] server.runner.Tester.writeInput input
07-Apr-2024 00:31:59.478 INFO [http-nio-8080-exec-22] server.runner.Tester.writeInput 1 2
07-Apr-2024 00:31:59.478 INFO [http-nio-8080-exec-22] server.runner.Tester.writeInput wrote input in tester
07-Apr-2024 00:31:59.535 INFO [http-nio-8080-exec-22] server.runner.Tester.readOutput started reading output
07-Apr-2024 00:31:59.535 INFO [http-nio-8080-exec-22] server.runner.Tester.readOutput 3
07-Apr-2024 00:31:59.535 INFO [http-nio-8080-exec-22] server.runner.Tester.readOutput this is line
07-Apr-2024 00:31:59.535 INFO [http-nio-8080-exec-22] server.runner.Tester.readOutput read the output
07-Apr-2024 00:31:59.536 INFO [http-nio-8080-exec-22] server.runner.Tester.test Test case: 
07-Apr-2024 00:31:59.536 INFO [http-nio-8080-exec-22] server.runner.Tester.test 3
07-Apr-2024 00:31:59.536 INFO [http-nio-8080-exec-22] server.runner.Tester.test Output of code: 
07-Apr-2024 00:31:59.536 INFO [http-nio-8080-exec-22] server.runner.Tester.test 3
07-Apr-2024 00:31:59.536 INFO [http-nio-8080-exec-22] server.runner.Tester.test python3
07-Apr-2024 00:31:59.536 INFO [http-nio-8080-exec-22] server.runner.Tester.test /Users/tolymbeknurtai/desktop/projects/leetcode/src/main/java/server/runner/tests/Nurtai.py
07-Apr-2024 00:31:59.537 INFO [http-nio-8080-exec-22] server.runner.Tester.test process started in tester
07-Apr-2024 00:31:59.538 INFO [http-nio-8080-exec-22] server.runner.Tester.writeInput 7 8
07-Apr-2024 00:31:59.538 INFO [http-nio-8080-exec-22] server.runner.Tester.writeInput input
07-Apr-2024 00:31:59.538 INFO [http-nio-8080-exec-22] server.runner.Tester.writeInput 7 8
07-Apr-2024 00:31:59.538 INFO [http-nio-8080-exec-22] server.runner.Tester.writeInput wrote input in tester
07-Apr-2024 00:31:59.551 INFO [http-nio-8080-exec-22] server.runner.Tester.readOutput started reading output
07-Apr-2024 00:31:59.551 INFO [http-nio-8080-exec-22] server.runner.Tester.readOutput 15
07-Apr-2024 00:31:59.551 INFO [http-nio-8080-exec-22] server.runner.Tester.readOutput this is line
07-Apr-2024 00:31:59.551 INFO [http-nio-8080-exec-22] server.runner.Tester.readOutput read the output
07-Apr-2024 00:31:59.551 INFO [http-nio-8080-exec-22] server.runner.Tester.test Test case: 
07-Apr-2024 00:31:59.551 INFO [http-nio-8080-exec-22] server.runner.Tester.test 15
07-Apr-2024 00:31:59.551 INFO [http-nio-8080-exec-22] server.runner.Tester.test Output of code: 
07-Apr-2024 00:31:59.551 INFO [http-nio-8080-exec-22] server.runner.Tester.test 15
07-Apr-2024 00:31:59.551 INFO [http-nio-8080-exec-22] server.runner.Tester.test python3
07-Apr-2024 00:31:59.551 INFO [http-nio-8080-exec-22] server.runner.Tester.test /Users/tolymbeknurtai/desktop/projects/leetcode/src/main/java/server/runner/tests/Nurtai.py
07-Apr-2024 00:31:59.553 INFO [http-nio-8080-exec-22] server.runner.Tester.test process started in tester
07-Apr-2024 00:31:59.553 INFO [http-nio-8080-exec-22] server.runner.Tester.writeInput 45 56
07-Apr-2024 00:31:59.553 INFO [http-nio-8080-exec-22] server.runner.Tester.writeInput input
07-Apr-2024 00:31:59.553 INFO [http-nio-8080-exec-22] server.runner.Tester.writeInput 45 56
07-Apr-2024 00:31:59.553 INFO [http-nio-8080-exec-22] server.runner.Tester.writeInput wrote input in tester
07-Apr-2024 00:31:59.565 INFO [http-nio-8080-exec-22] server.runner.Tester.readOutput started reading output
07-Apr-2024 00:31:59.565 INFO [http-nio-8080-exec-22] server.runner.Tester.readOutput 101
07-Apr-2024 00:31:59.565 INFO [http-nio-8080-exec-22] server.runner.Tester.readOutput this is line
07-Apr-2024 00:31:59.565 INFO [http-nio-8080-exec-22] server.runner.Tester.readOutput read the output
07-Apr-2024 00:31:59.565 INFO [http-nio-8080-exec-22] server.runner.Tester.test Test case: 
07-Apr-2024 00:31:59.565 INFO [http-nio-8080-exec-22] server.runner.Tester.test 101
07-Apr-2024 00:31:59.565 INFO [http-nio-8080-exec-22] server.runner.Tester.test Output of code: 
07-Apr-2024 00:31:59.565 INFO [http-nio-8080-exec-22] server.runner.Tester.test 101
07-Apr-2024 00:31:59.565 INFO [http-nio-8080-exec-22] server.runner.RunnerSystem.cleanUp Error removing file: /Users/tolymbeknurtai/desktop/projects/leetcode/src/main/java/server/runner/tests/Nurtai.py
07-Apr-2024 00:31:59.565 INFO [http-nio-8080-exec-22] server.runner.RunnerSystem.cleanUp cleaned up the files in runner
07-Apr-2024 00:31:59.565 INFO [http-nio-8080-exec-22] server.servlets.RunTestServlet.doPost tests are passed
07-Apr-2024 00:31:59.565 INFO [http-nio-8080-exec-22] server.servlets.RunTestServlet.doPost sent the results from runservlet
07-Apr-2024 00:32:12.019 INFO [http-nio-8080-exec-23] server.connection.DBConnection.getConnection Connection to DB is established.
07-Apr-2024 00:32:12.022 INFO [http-nio-8080-exec-23] server.database.QuestionsDAO.getQuestions Got questions from DB.
07-Apr-2024 00:32:12.022 INFO [http-nio-8080-exec-23] server.servlets.QuestionsServlet.doGet 1 2
07-Apr-2024 00:32:12.023 INFO [http-nio-8080-exec-23] server.servlets.QuestionsServlet.doGet 3 4/1 4
07-Apr-2024 00:32:12.023 INFO [http-nio-8080-exec-23] server.servlets.QuestionsServlet.doGet 1 2/100 200
07-Apr-2024 00:32:12.023 INFO [http-nio-8080-exec-23] server.servlets.QuestionsServlet.doGet 4/4 1 1/2 10 7/8 5 4/9 7 0
07-Apr-2024 00:32:12.023 INFO [http-nio-8080-exec-23] server.servlets.QuestionsServlet.doGet 3/10 15/6 8/4 8
07-Apr-2024 00:32:12.023 INFO [http-nio-8080-exec-23] server.servlets.QuestionsServlet.doGet 4
07-Apr-2024 00:32:12.023 INFO [http-nio-8080-exec-23] server.servlets.QuestionsServlet.doGet null
07-Apr-2024 00:32:12.023 INFO [http-nio-8080-exec-23] server.servlets.QuestionsServlet.doGet 2/2555/2000
07-Apr-2024 00:32:12.023 INFO [http-nio-8080-exec-23] server.servlets.QuestionsServlet.doGet 2/2/3
07-Apr-2024 00:32:12.023 INFO [http-nio-8080-exec-23] server.servlets.QuestionsServlet.doGet 2/2 2/5 6
07-Apr-2024 00:32:12.023 INFO [http-nio-8080-exec-23] server.servlets.QuestionsServlet.doGet 2 2
07-Apr-2024 00:32:12.024 INFO [http-nio-8080-exec-23] server.servlets.QuestionsServlet.doGet 4/3/2/4/100000
07-Apr-2024 00:32:12.025 INFO [http-nio-8080-exec-23] server.servlets.QuestionsServlet.doGet Sent questions.
07-Apr-2024 00:32:16.924 INFO [http-nio-8080-exec-24] server.servlets.RunTestServlet.doPost New Request.
07-Apr-2024 00:32:16.925 INFO [http-nio-8080-exec-24] server.servlets.RunTestServlet.doPost Started reading request.
07-Apr-2024 00:32:16.925 INFO [http-nio-8080-exec-24] server.servlets.RunTestServlet.doPost Started reading request.
07-Apr-2024 00:32:16.925 INFO [http-nio-8080-exec-24] server.servlets.RunTestServlet.doPost Empty
07-Apr-2024 00:32:16.925 INFO [http-nio-8080-exec-24] server.servlets.RunTestServlet.doPost a = input()
b = a.split()

first = int(b[0])
second = int(b[1])

result = first + second

print(result)
07-Apr-2024 00:32:16.925 INFO [http-nio-8080-exec-24] server.servlets.RunTestServlet.doPost py
07-Apr-2024 00:32:16.925 INFO [http-nio-8080-exec-24] server.servlets.RunTestServlet.doPost Nurtai
07-Apr-2024 00:32:16.925 INFO [http-nio-8080-exec-24] server.servlets.RunTestServlet.doPost Question's id is 4
07-Apr-2024 00:32:16.931 INFO [http-nio-8080-exec-24] server.connection.DBConnection.getConnection Connection to DB is established.
07-Apr-2024 00:32:16.934 INFO [http-nio-8080-exec-24] server.database.TestCasesDAO.addTestCases Test cases: 
07-Apr-2024 00:32:16.934 INFO [http-nio-8080-exec-24] server.database.TestCasesDAO.addTestCases 1 2
07-Apr-2024 00:32:16.934 INFO [http-nio-8080-exec-24] server.database.TestCasesDAO.addTestCases 3
07-Apr-2024 00:32:16.934 INFO [http-nio-8080-exec-24] server.database.TestCasesDAO.addTestCases Test cases: 
07-Apr-2024 00:32:16.934 INFO [http-nio-8080-exec-24] server.database.TestCasesDAO.addTestCases 7 8
07-Apr-2024 00:32:16.934 INFO [http-nio-8080-exec-24] server.database.TestCasesDAO.addTestCases 15
07-Apr-2024 00:32:16.934 INFO [http-nio-8080-exec-24] server.database.TestCasesDAO.addTestCases Test cases: 
07-Apr-2024 00:32:16.934 INFO [http-nio-8080-exec-24] server.database.TestCasesDAO.addTestCases 45 56
07-Apr-2024 00:32:16.934 INFO [http-nio-8080-exec-24] server.database.TestCasesDAO.addTestCases 101
07-Apr-2024 00:32:16.935 INFO [http-nio-8080-exec-24] server.servlets.RunTestServlet.doPost got testcases for runservlet
07-Apr-2024 00:32:16.935 INFO [http-nio-8080-exec-24] server.servlets.RunTestServlet.doPost started running running in runner
07-Apr-2024 00:32:16.935 INFO [http-nio-8080-exec-24] server.runner.RunnerSystem.writeFile code:
07-Apr-2024 00:32:16.935 INFO [http-nio-8080-exec-24] server.runner.RunnerSystem.writeFile a = input()
b = a.split()

first = int(b[0])
second = int(b[1])

result = first + second

print(result)
07-Apr-2024 00:32:16.936 INFO [http-nio-8080-exec-24] server.runner.RunnerSystem.writeFile Wrote code to the file in runner
07-Apr-2024 00:32:16.937 INFO [http-nio-8080-exec-24] server.runner.RunnerSystem.compile compiled in runner
07-Apr-2024 00:32:16.937 INFO [http-nio-8080-exec-24] server.runner.Tester.test python3
07-Apr-2024 00:32:16.937 INFO [http-nio-8080-exec-24] server.runner.Tester.test /Users/tolymbeknurtai/desktop/projects/leetcode/src/main/java/server/runner/tests/Nurtai.py
07-Apr-2024 00:32:16.946 INFO [http-nio-8080-exec-24] server.runner.Tester.test process started in tester
07-Apr-2024 00:32:16.947 INFO [http-nio-8080-exec-24] server.runner.Tester.writeInput 1 2
07-Apr-2024 00:32:16.947 INFO [http-nio-8080-exec-24] server.runner.Tester.writeInput input
07-Apr-2024 00:32:16.947 INFO [http-nio-8080-exec-24] server.runner.Tester.writeInput 1 2
07-Apr-2024 00:32:16.947 INFO [http-nio-8080-exec-24] server.runner.Tester.writeInput wrote input in tester
07-Apr-2024 00:32:17.008 INFO [http-nio-8080-exec-24] server.runner.Tester.readOutput started reading output
07-Apr-2024 00:32:17.008 INFO [http-nio-8080-exec-24] server.runner.Tester.readOutput 3
07-Apr-2024 00:32:17.008 INFO [http-nio-8080-exec-24] server.runner.Tester.readOutput this is line
07-Apr-2024 00:32:17.008 INFO [http-nio-8080-exec-24] server.runner.Tester.readOutput read the output
07-Apr-2024 00:32:17.008 INFO [http-nio-8080-exec-24] server.runner.Tester.test Test case: 
07-Apr-2024 00:32:17.008 INFO [http-nio-8080-exec-24] server.runner.Tester.test 3
07-Apr-2024 00:32:17.008 INFO [http-nio-8080-exec-24] server.runner.Tester.test Output of code: 
07-Apr-2024 00:32:17.008 INFO [http-nio-8080-exec-24] server.runner.Tester.test 3
07-Apr-2024 00:32:17.008 INFO [http-nio-8080-exec-24] server.runner.Tester.test python3
07-Apr-2024 00:32:17.008 INFO [http-nio-8080-exec-24] server.runner.Tester.test /Users/tolymbeknurtai/desktop/projects/leetcode/src/main/java/server/runner/tests/Nurtai.py
07-Apr-2024 00:32:17.010 INFO [http-nio-8080-exec-24] server.runner.Tester.test process started in tester
07-Apr-2024 00:32:17.010 INFO [http-nio-8080-exec-24] server.runner.Tester.writeInput 7 8
07-Apr-2024 00:32:17.010 INFO [http-nio-8080-exec-24] server.runner.Tester.writeInput input
07-Apr-2024 00:32:17.010 INFO [http-nio-8080-exec-24] server.runner.Tester.writeInput 7 8
07-Apr-2024 00:32:17.010 INFO [http-nio-8080-exec-24] server.runner.Tester.writeInput wrote input in tester
07-Apr-2024 00:32:17.024 INFO [http-nio-8080-exec-24] server.runner.Tester.readOutput started reading output
07-Apr-2024 00:32:17.024 INFO [http-nio-8080-exec-24] server.runner.Tester.readOutput 15
07-Apr-2024 00:32:17.024 INFO [http-nio-8080-exec-24] server.runner.Tester.readOutput this is line
07-Apr-2024 00:32:17.024 INFO [http-nio-8080-exec-24] server.runner.Tester.readOutput read the output
07-Apr-2024 00:32:17.024 INFO [http-nio-8080-exec-24] server.runner.Tester.test Test case: 
07-Apr-2024 00:32:17.024 INFO [http-nio-8080-exec-24] server.runner.Tester.test 15
07-Apr-2024 00:32:17.024 INFO [http-nio-8080-exec-24] server.runner.Tester.test Output of code: 
07-Apr-2024 00:32:17.024 INFO [http-nio-8080-exec-24] server.runner.Tester.test 15
07-Apr-2024 00:32:17.024 INFO [http-nio-8080-exec-24] server.runner.Tester.test python3
07-Apr-2024 00:32:17.024 INFO [http-nio-8080-exec-24] server.runner.Tester.test /Users/tolymbeknurtai/desktop/projects/leetcode/src/main/java/server/runner/tests/Nurtai.py
07-Apr-2024 00:32:17.026 INFO [http-nio-8080-exec-24] server.runner.Tester.test process started in tester
07-Apr-2024 00:32:17.026 INFO [http-nio-8080-exec-24] server.runner.Tester.writeInput 45 56
07-Apr-2024 00:32:17.026 INFO [http-nio-8080-exec-24] server.runner.Tester.writeInput input
07-Apr-2024 00:32:17.026 INFO [http-nio-8080-exec-24] server.runner.Tester.writeInput 45 56
07-Apr-2024 00:32:17.026 INFO [http-nio-8080-exec-24] server.runner.Tester.writeInput wrote input in tester
07-Apr-2024 00:32:17.039 INFO [http-nio-8080-exec-24] server.runner.Tester.readOutput started reading output
07-Apr-2024 00:32:17.039 INFO [http-nio-8080-exec-24] server.runner.Tester.readOutput 101
07-Apr-2024 00:32:17.039 INFO [http-nio-8080-exec-24] server.runner.Tester.readOutput this is line
07-Apr-2024 00:32:17.039 INFO [http-nio-8080-exec-24] server.runner.Tester.readOutput read the output
07-Apr-2024 00:32:17.039 INFO [http-nio-8080-exec-24] server.runner.Tester.test Test case: 
07-Apr-2024 00:32:17.039 INFO [http-nio-8080-exec-24] server.runner.Tester.test 101
07-Apr-2024 00:32:17.039 INFO [http-nio-8080-exec-24] server.runner.Tester.test Output of code: 
07-Apr-2024 00:32:17.039 INFO [http-nio-8080-exec-24] server.runner.Tester.test 101
07-Apr-2024 00:32:17.039 INFO [http-nio-8080-exec-24] server.runner.RunnerSystem.cleanUp Error removing file: /Users/tolymbeknurtai/desktop/projects/leetcode/src/main/java/server/runner/tests/Nurtai.py
07-Apr-2024 00:32:17.039 INFO [http-nio-8080-exec-24] server.runner.RunnerSystem.cleanUp cleaned up the files in runner
07-Apr-2024 00:32:17.039 INFO [http-nio-8080-exec-24] server.servlets.RunTestServlet.doPost tests are passed
07-Apr-2024 00:32:17.039 INFO [http-nio-8080-exec-24] server.servlets.RunTestServlet.doPost sent the results from runservlet
07-Apr-2024 00:36:48.201 INFO [http-nio-8080-exec-19] server.connection.DBConnection.getConnection Connection to DB is established.
07-Apr-2024 00:36:48.208 INFO [http-nio-8080-exec-19] server.database.QuestionsDAO.getQuestions Got questions from DB.
07-Apr-2024 00:36:48.209 INFO [http-nio-8080-exec-19] server.servlets.QuestionsServlet.doGet 1 2
07-Apr-2024 00:36:48.209 INFO [http-nio-8080-exec-19] server.servlets.QuestionsServlet.doGet 3 4/1 4
07-Apr-2024 00:36:48.209 INFO [http-nio-8080-exec-19] server.servlets.QuestionsServlet.doGet 1 2/100 200
07-Apr-2024 00:36:48.209 INFO [http-nio-8080-exec-19] server.servlets.QuestionsServlet.doGet 4/4 1 1/2 10 7/8 5 4/9 7 0
07-Apr-2024 00:36:48.209 INFO [http-nio-8080-exec-19] server.servlets.QuestionsServlet.doGet 3/10 15/6 8/4 8
07-Apr-2024 00:36:48.209 INFO [http-nio-8080-exec-19] server.servlets.QuestionsServlet.doGet 4
07-Apr-2024 00:36:48.209 INFO [http-nio-8080-exec-19] server.servlets.QuestionsServlet.doGet null
07-Apr-2024 00:36:48.209 INFO [http-nio-8080-exec-19] server.servlets.QuestionsServlet.doGet 2/2555/2000
07-Apr-2024 00:36:48.209 INFO [http-nio-8080-exec-19] server.servlets.QuestionsServlet.doGet 2/2/3
07-Apr-2024 00:36:48.209 INFO [http-nio-8080-exec-19] server.servlets.QuestionsServlet.doGet 2/2 2/5 6
07-Apr-2024 00:36:48.209 INFO [http-nio-8080-exec-19] server.servlets.QuestionsServlet.doGet 2 2
07-Apr-2024 00:36:48.209 INFO [http-nio-8080-exec-19] server.servlets.QuestionsServlet.doGet 4/3/2/4/100000
07-Apr-2024 00:36:48.210 INFO [http-nio-8080-exec-19] server.servlets.QuestionsServlet.doGet Sent questions.
07-Apr-2024 00:37:09.598 INFO [http-nio-8080-exec-26] server.connection.DBConnection.getConnection Connection to DB is established.
07-Apr-2024 00:37:09.600 INFO [http-nio-8080-exec-26] server.database.QuestionsDAO.getQuestions Got questions from DB.
07-Apr-2024 00:37:09.601 INFO [http-nio-8080-exec-26] server.servlets.QuestionsServlet.doGet 1 2
07-Apr-2024 00:37:09.601 INFO [http-nio-8080-exec-26] server.servlets.QuestionsServlet.doGet 3 4/1 4
07-Apr-2024 00:37:09.601 INFO [http-nio-8080-exec-26] server.servlets.QuestionsServlet.doGet 1 2/100 200
07-Apr-2024 00:37:09.601 INFO [http-nio-8080-exec-26] server.servlets.QuestionsServlet.doGet 4/4 1 1/2 10 7/8 5 4/9 7 0
07-Apr-2024 00:37:09.601 INFO [http-nio-8080-exec-26] server.servlets.QuestionsServlet.doGet 3/10 15/6 8/4 8
07-Apr-2024 00:37:09.601 INFO [http-nio-8080-exec-26] server.servlets.QuestionsServlet.doGet 4
07-Apr-2024 00:37:09.601 INFO [http-nio-8080-exec-26] server.servlets.QuestionsServlet.doGet null
07-Apr-2024 00:37:09.601 INFO [http-nio-8080-exec-26] server.servlets.QuestionsServlet.doGet 2/2555/2000
07-Apr-2024 00:37:09.601 INFO [http-nio-8080-exec-26] server.servlets.QuestionsServlet.doGet 2/2/3
07-Apr-2024 00:37:09.601 INFO [http-nio-8080-exec-26] server.servlets.QuestionsServlet.doGet 2/2 2/5 6
07-Apr-2024 00:37:09.601 INFO [http-nio-8080-exec-26] server.servlets.QuestionsServlet.doGet 2 2
07-Apr-2024 00:37:09.601 INFO [http-nio-8080-exec-26] server.servlets.QuestionsServlet.doGet 4/3/2/4/100000
07-Apr-2024 00:37:09.602 INFO [http-nio-8080-exec-26] server.servlets.QuestionsServlet.doGet Sent questions.
07-Apr-2024 00:51:00.677 INFO [http-nio-8080-exec-17] server.connection.DBConnection.getConnection Connection to DB is established.
07-Apr-2024 00:51:00.682 INFO [http-nio-8080-exec-17] server.database.QuestionsDAO.getQuestions Got questions from DB.
07-Apr-2024 00:51:00.682 INFO [http-nio-8080-exec-17] server.servlets.QuestionsServlet.doGet 1 2
07-Apr-2024 00:51:00.682 INFO [http-nio-8080-exec-17] server.servlets.QuestionsServlet.doGet 3 4/1 4
07-Apr-2024 00:51:00.684 INFO [http-nio-8080-exec-17] server.servlets.QuestionsServlet.doGet 1 2/100 200
07-Apr-2024 00:51:00.684 INFO [http-nio-8080-exec-17] server.servlets.QuestionsServlet.doGet 4/4 1 1/2 10 7/8 5 4/9 7 0
07-Apr-2024 00:51:00.684 INFO [http-nio-8080-exec-17] server.servlets.QuestionsServlet.doGet 3/10 15/6 8/4 8
07-Apr-2024 00:51:00.684 INFO [http-nio-8080-exec-17] server.servlets.QuestionsServlet.doGet 4
07-Apr-2024 00:51:00.684 INFO [http-nio-8080-exec-17] server.servlets.QuestionsServlet.doGet null
07-Apr-2024 00:51:00.684 INFO [http-nio-8080-exec-17] server.servlets.QuestionsServlet.doGet 2/2555/2000
07-Apr-2024 00:51:00.684 INFO [http-nio-8080-exec-17] server.servlets.QuestionsServlet.doGet 2/2/3
07-Apr-2024 00:51:00.684 INFO [http-nio-8080-exec-17] server.servlets.QuestionsServlet.doGet 2/2 2/5 6
07-Apr-2024 00:51:00.684 INFO [http-nio-8080-exec-17] server.servlets.QuestionsServlet.doGet 2 2
07-Apr-2024 00:51:00.684 INFO [http-nio-8080-exec-17] server.servlets.QuestionsServlet.doGet 4/3/2/4/100000
07-Apr-2024 00:51:00.685 INFO [http-nio-8080-exec-17] server.servlets.QuestionsServlet.doGet Sent questions.
07-Apr-2024 03:39:09.018 INFO [Thread-1] org.apache.coyote.AbstractProtocol.pause Pausing ProtocolHandler ["http-nio-8080"]
07-Apr-2024 03:39:09.032 INFO [Thread-1] org.apache.catalina.core.StandardService.stopInternal Stopping service [Catalina]
07-Apr-2024 03:39:09.081 WARNING [Thread-1] org.apache.catalina.loader.WebappClassLoaderBase.clearReferencesJdbc The web application [codecraft] registered the JDBC driver [org.postgresql.Driver] but failed to unregister it when the web application was stopped. To prevent a memory leak, the JDBC Driver has been forcibly unregistered.
07-Apr-2024 03:39:09.131 INFO [Thread-1] org.apache.coyote.AbstractProtocol.stop Stopping ProtocolHandler ["http-nio-8080"]
07-Apr-2024 03:39:09.169 INFO [Thread-1] org.apache.coyote.AbstractProtocol.destroy Destroying ProtocolHandler ["http-nio-8080"]
