03-May-2024 17:08:56.222 INFO [main] org.apache.catalina.startup.VersionLoggerListener.log Server version name:   Apache Tomcat/10.1.19
03-May-2024 17:08:56.224 INFO [main] org.apache.catalina.startup.VersionLoggerListener.log Server built:          Feb 14 2024 19:36:50 UTC
03-May-2024 17:08:56.224 INFO [main] org.apache.catalina.startup.VersionLoggerListener.log Server version number: 10.1.19.0
03-May-2024 17:08:56.224 INFO [main] org.apache.catalina.startup.VersionLoggerListener.log OS Name:               Mac OS X
03-May-2024 17:08:56.224 INFO [main] org.apache.catalina.startup.VersionLoggerListener.log OS Version:            14.4.1
03-May-2024 17:08:56.224 INFO [main] org.apache.catalina.startup.VersionLoggerListener.log Architecture:          aarch64
03-May-2024 17:08:56.224 INFO [main] org.apache.catalina.startup.VersionLoggerListener.log Java Home:             /opt/homebrew/Cellar/openjdk/21.0.2/libexec/openjdk.jdk/Contents/Home
03-May-2024 17:08:56.224 INFO [main] org.apache.catalina.startup.VersionLoggerListener.log JVM Version:           21.0.2
03-May-2024 17:08:56.224 INFO [main] org.apache.catalina.startup.VersionLoggerListener.log JVM Vendor:            Homebrew
03-May-2024 17:08:56.224 INFO [main] org.apache.catalina.startup.VersionLoggerListener.log CATALINA_BASE:         /Users/tolymbeknurtai/Desktop/projects/cactus/sandbox/tomcat
03-May-2024 17:08:56.224 INFO [main] org.apache.catalina.startup.VersionLoggerListener.log CATALINA_HOME:         /Users/tolymbeknurtai/Desktop/projects/cactus/sandbox/tomcat
03-May-2024 17:08:56.229 INFO [main] org.apache.catalina.startup.VersionLoggerListener.log Command line argument: -Djava.util.logging.config.file=/Users/tolymbeknurtai/Desktop/projects/cactus/sandbox/tomcat/conf/logging.properties
03-May-2024 17:08:56.229 INFO [main] org.apache.catalina.startup.VersionLoggerListener.log Command line argument: -Djava.util.logging.manager=org.apache.juli.ClassLoaderLogManager
03-May-2024 17:08:56.229 INFO [main] org.apache.catalina.startup.VersionLoggerListener.log Command line argument: -Djdk.tls.ephemeralDHKeySize=2048
03-May-2024 17:08:56.229 INFO [main] org.apache.catalina.startup.VersionLoggerListener.log Command line argument: -Djava.protocol.handler.pkgs=org.apache.catalina.webresources
03-May-2024 17:08:56.229 INFO [main] org.apache.catalina.startup.VersionLoggerListener.log Command line argument: -Dorg.apache.catalina.security.SecurityListener.UMASK=0027
03-May-2024 17:08:56.229 INFO [main] org.apache.catalina.startup.VersionLoggerListener.log Command line argument: --add-opens=java.base/java.lang=ALL-UNNAMED
03-May-2024 17:08:56.229 INFO [main] org.apache.catalina.startup.VersionLoggerListener.log Command line argument: --add-opens=java.base/java.io=ALL-UNNAMED
03-May-2024 17:08:56.229 INFO [main] org.apache.catalina.startup.VersionLoggerListener.log Command line argument: --add-opens=java.base/java.util=ALL-UNNAMED
03-May-2024 17:08:56.229 INFO [main] org.apache.catalina.startup.VersionLoggerListener.log Command line argument: --add-opens=java.base/java.util.concurrent=ALL-UNNAMED
03-May-2024 17:08:56.230 INFO [main] org.apache.catalina.startup.VersionLoggerListener.log Command line argument: --add-opens=java.rmi/sun.rmi.transport=ALL-UNNAMED
03-May-2024 17:08:56.230 INFO [main] org.apache.catalina.startup.VersionLoggerListener.log Command line argument: -Dcatalina.base=/Users/tolymbeknurtai/Desktop/projects/cactus/sandbox/tomcat
03-May-2024 17:08:56.230 INFO [main] org.apache.catalina.startup.VersionLoggerListener.log Command line argument: -Dcatalina.home=/Users/tolymbeknurtai/Desktop/projects/cactus/sandbox/tomcat
03-May-2024 17:08:56.230 INFO [main] org.apache.catalina.startup.VersionLoggerListener.log Command line argument: -Djava.io.tmpdir=/Users/tolymbeknurtai/Desktop/projects/cactus/sandbox/tomcat/temp
03-May-2024 17:08:56.235 INFO [main] org.apache.catalina.core.AprLifecycleListener.lifecycleEvent The Apache Tomcat Native library which allows using OpenSSL was not found on the java.library.path: [/Users/tolymbeknurtai/Library/Java/Extensions:/Library/Java/Extensions:/Network/Library/Java/Extensions:/System/Library/Java/Extensions:/usr/lib/java:.]
03-May-2024 17:08:56.400 INFO [main] org.apache.coyote.AbstractProtocol.init Initializing ProtocolHandler ["http-nio-8080"]
03-May-2024 17:08:56.415 INFO [main] org.apache.catalina.startup.Catalina.load Server initialization in [285] milliseconds
03-May-2024 17:08:56.436 INFO [main] org.apache.catalina.core.StandardService.startInternal Starting service [Catalina]
03-May-2024 17:08:56.436 INFO [main] org.apache.catalina.core.StandardEngine.startInternal Starting Servlet engine: [Apache Tomcat/10.1.19]
03-May-2024 17:08:56.452 INFO [main] org.apache.catalina.startup.HostConfig.deployWAR Deploying web application archive [/Users/tolymbeknurtai/Desktop/projects/cactus/sandbox/tomcat/webapps/servlets-1.0-SNAPSHOT.war]
03-May-2024 17:08:56.610 INFO [main] org.apache.catalina.startup.HostConfig.deployWAR Deployment of web application archive [/Users/tolymbeknurtai/Desktop/projects/cactus/sandbox/tomcat/webapps/servlets-1.0-SNAPSHOT.war] has finished in [158] ms
03-May-2024 17:08:56.611 INFO [main] org.apache.catalina.startup.HostConfig.deployWAR Deploying web application archive [/Users/tolymbeknurtai/Desktop/projects/cactus/sandbox/tomcat/webapps/codecraft.war]
03-May-2024 17:08:56.814 INFO [main] org.apache.jasper.servlet.TldScanner.scanJars At least one JAR was scanned for TLDs yet contained no TLDs. Enable debug logging for this logger for a complete list of JARs that were scanned but no TLDs were found in them. Skipping unneeded JARs during scanning can improve startup time and JSP compilation time.
03-May-2024 17:08:56.816 INFO [main] org.apache.catalina.startup.HostConfig.deployWAR Deployment of web application archive [/Users/tolymbeknurtai/Desktop/projects/cactus/sandbox/tomcat/webapps/codecraft.war] has finished in [205] ms
03-May-2024 17:08:56.817 INFO [main] org.apache.catalina.startup.HostConfig.deployDirectory Deploying web application directory [/Users/tolymbeknurtai/Desktop/projects/cactus/sandbox/tomcat/webapps/docs]
03-May-2024 17:08:56.826 INFO [main] org.apache.catalina.startup.HostConfig.deployDirectory Deployment of web application directory [/Users/tolymbeknurtai/Desktop/projects/cactus/sandbox/tomcat/webapps/docs] has finished in [9] ms
03-May-2024 17:08:56.826 INFO [main] org.apache.catalina.startup.HostConfig.deployDirectory Deploying web application directory [/Users/tolymbeknurtai/Desktop/projects/cactus/sandbox/tomcat/webapps/manager]
03-May-2024 17:08:56.841 INFO [main] org.apache.catalina.startup.HostConfig.deployDirectory Deployment of web application directory [/Users/tolymbeknurtai/Desktop/projects/cactus/sandbox/tomcat/webapps/manager] has finished in [15] ms
03-May-2024 17:08:56.841 INFO [main] org.apache.catalina.startup.HostConfig.deployDirectory Deploying web application directory [/Users/tolymbeknurtai/Desktop/projects/cactus/sandbox/tomcat/webapps/examples]
03-May-2024 17:08:56.935 INFO [main] org.apache.catalina.startup.HostConfig.deployDirectory Deployment of web application directory [/Users/tolymbeknurtai/Desktop/projects/cactus/sandbox/tomcat/webapps/examples] has finished in [94] ms
03-May-2024 17:08:56.935 INFO [main] org.apache.catalina.startup.HostConfig.deployDirectory Deploying web application directory [/Users/tolymbeknurtai/Desktop/projects/cactus/sandbox/tomcat/webapps/ROOT]
03-May-2024 17:08:56.944 INFO [main] org.apache.catalina.startup.HostConfig.deployDirectory Deployment of web application directory [/Users/tolymbeknurtai/Desktop/projects/cactus/sandbox/tomcat/webapps/ROOT] has finished in [8] ms
03-May-2024 17:08:56.944 INFO [main] org.apache.catalina.startup.HostConfig.deployDirectory Deploying web application directory [/Users/tolymbeknurtai/Desktop/projects/cactus/sandbox/tomcat/webapps/host-manager]
03-May-2024 17:08:56.953 INFO [main] org.apache.catalina.startup.HostConfig.deployDirectory Deployment of web application directory [/Users/tolymbeknurtai/Desktop/projects/cactus/sandbox/tomcat/webapps/host-manager] has finished in [8] ms
03-May-2024 17:08:56.954 INFO [main] org.apache.coyote.AbstractProtocol.start Starting ProtocolHandler ["http-nio-8080"]
03-May-2024 17:08:56.959 INFO [main] org.apache.catalina.startup.Catalina.start Server startup in [544] milliseconds
03-May-2024 17:09:49.022 INFO [http-nio-8080-exec-1] server.servlets.RunTestServlet.doPost New Request.
03-May-2024 17:09:49.024 INFO [http-nio-8080-exec-1] server.servlets.RunTestServlet.doPost Started reading request.
03-May-2024 17:09:49.024 INFO [http-nio-8080-exec-1] server.servlets.RunTestServlet.doPost Started reading request.
03-May-2024 17:09:49.025 INFO [http-nio-8080-exec-1] server.servlets.RunTestServlet.doPost Empty
03-May-2024 17:09:49.029 INFO [http-nio-8080-exec-1] server.servlets.RunTestServlet.doPost input_line = input().strip().split()
a = int(input_line[0])
b = int(input_line[1])

print(a + b)
03-May-2024 17:09:49.029 INFO [http-nio-8080-exec-1] server.servlets.RunTestServlet.doPost py
03-May-2024 17:09:49.029 INFO [http-nio-8080-exec-1] server.servlets.RunTestServlet.doPost Nurtai
03-May-2024 17:09:49.031 INFO [http-nio-8080-exec-1] server.servlets.RunTestServlet.doPost Question's id is 4
03-May-2024 17:09:49.088 INFO [http-nio-8080-exec-1] server.connection.DBConnection.getConnection Connection to DB is established.
03-May-2024 17:09:49.097 INFO [http-nio-8080-exec-1] server.database.TestCasesDAO.addTestCases Test cases: 
03-May-2024 17:09:49.097 INFO [http-nio-8080-exec-1] server.database.TestCasesDAO.addTestCases 1 2
03-May-2024 17:09:49.097 INFO [http-nio-8080-exec-1] server.database.TestCasesDAO.addTestCases 3
03-May-2024 17:09:49.097 INFO [http-nio-8080-exec-1] server.database.TestCasesDAO.addTestCases Test cases: 
03-May-2024 17:09:49.098 INFO [http-nio-8080-exec-1] server.database.TestCasesDAO.addTestCases 7 8
03-May-2024 17:09:49.098 INFO [http-nio-8080-exec-1] server.database.TestCasesDAO.addTestCases 15
03-May-2024 17:09:49.098 INFO [http-nio-8080-exec-1] server.database.TestCasesDAO.addTestCases Test cases: 
03-May-2024 17:09:49.098 INFO [http-nio-8080-exec-1] server.database.TestCasesDAO.addTestCases 45 56
03-May-2024 17:09:49.098 INFO [http-nio-8080-exec-1] server.database.TestCasesDAO.addTestCases 101
03-May-2024 17:09:49.099 INFO [http-nio-8080-exec-1] server.servlets.RunTestServlet.doPost got testcases for runservlet
03-May-2024 17:09:49.101 INFO [http-nio-8080-exec-1] server.servlets.RunTestServlet.doPost started running running in runner
03-May-2024 17:09:49.101 INFO [http-nio-8080-exec-1] server.runner.RunnerSystem.writeFile input_line = input().strip().split()
a = int(input_line[0])
b = int(input_line[1])

print(a + b)
03-May-2024 17:09:49.102 INFO [http-nio-8080-exec-1] server.runner.RunnerSystem.writeFile Error writing code to the file in runner/Users/tolymbeknurtai/Desktop/projects/sandbox/src/main/java/server/runner/tests/Nurtai.py (No such file or directory)
03-May-2024 17:09:49.103 INFO [http-nio-8080-exec-1] server.runner.RunnerSystem.compile compiled in runner
03-May-2024 17:09:49.103 INFO [http-nio-8080-exec-1] server.runner.Tester.test python3
03-May-2024 17:09:49.103 INFO [http-nio-8080-exec-1] server.runner.Tester.test /Users/tolymbeknurtai/Desktop/projects/sandbox/src/main/java/server/runner/tests/Nurtai.py
03-May-2024 17:09:49.104 INFO [http-nio-8080-exec-1] server.runner.Tester.test Error testing codeCannot run program "python3": /Users/tolymbeknurtai/Desktop/projects/sandbox/src/main/java/server/runner/tests/log.txt (No such file or directory)
03-May-2024 17:09:49.104 INFO [http-nio-8080-exec-1] server.runner.RunnerSystem.cleanUp Error removing file: /Users/tolymbeknurtai/Desktop/projects/sandbox/src/main/java/server/runner/tests/Nurtai.py
03-May-2024 17:09:49.104 INFO [http-nio-8080-exec-1] server.runner.RunnerSystem.cleanUp Error removing file: /Users/tolymbeknurtai/Desktop/projects/sandbox/src/main/java/server/runner/tests/Nurtai.py
03-May-2024 17:09:49.104 INFO [http-nio-8080-exec-1] server.runner.RunnerSystem.cleanUp cleaned up the files in runner
03-May-2024 17:09:49.104 INFO [http-nio-8080-exec-1] server.servlets.RunTestServlet.doPost tests are not passed
03-May-2024 17:09:49.104 INFO [http-nio-8080-exec-1] server.servlets.RunTestServlet.doPost sent the results from runservlet
