13-Apr-2024 11:24:30.408 INFO [main] org.apache.catalina.startup.VersionLoggerListener.log Server version name:   Apache Tomcat/10.1.19
13-Apr-2024 11:24:30.410 INFO [main] org.apache.catalina.startup.VersionLoggerListener.log Server built:          Feb 14 2024 19:36:50 UTC
13-Apr-2024 11:24:30.410 INFO [main] org.apache.catalina.startup.VersionLoggerListener.log Server version number: 10.1.19.0
13-Apr-2024 11:24:30.410 INFO [main] org.apache.catalina.startup.VersionLoggerListener.log OS Name:               Mac OS X
13-Apr-2024 11:24:30.410 INFO [main] org.apache.catalina.startup.VersionLoggerListener.log OS Version:            14.4.1
13-Apr-2024 11:24:30.410 INFO [main] org.apache.catalina.startup.VersionLoggerListener.log Architecture:          aarch64
13-Apr-2024 11:24:30.410 INFO [main] org.apache.catalina.startup.VersionLoggerListener.log Java Home:             /opt/homebrew/Cellar/openjdk/21.0.2/libexec/openjdk.jdk/Contents/Home
13-Apr-2024 11:24:30.410 INFO [main] org.apache.catalina.startup.VersionLoggerListener.log JVM Version:           21.0.2
13-Apr-2024 11:24:30.410 INFO [main] org.apache.catalina.startup.VersionLoggerListener.log JVM Vendor:            Homebrew
13-Apr-2024 11:24:30.410 INFO [main] org.apache.catalina.startup.VersionLoggerListener.log CATALINA_BASE:         /Users/tolymbeknurtai/package/apache-tomcat-10.1.19
13-Apr-2024 11:24:30.410 INFO [main] org.apache.catalina.startup.VersionLoggerListener.log CATALINA_HOME:         /Users/tolymbeknurtai/package/apache-tomcat-10.1.19
13-Apr-2024 11:24:30.417 INFO [main] org.apache.catalina.startup.VersionLoggerListener.log Command line argument: -Djava.util.logging.config.file=/Users/tolymbeknurtai/package/apache-tomcat-10.1.19/conf/logging.properties
13-Apr-2024 11:24:30.417 INFO [main] org.apache.catalina.startup.VersionLoggerListener.log Command line argument: -Djava.util.logging.manager=org.apache.juli.ClassLoaderLogManager
13-Apr-2024 11:24:30.417 INFO [main] org.apache.catalina.startup.VersionLoggerListener.log Command line argument: -Djdk.tls.ephemeralDHKeySize=2048
13-Apr-2024 11:24:30.418 INFO [main] org.apache.catalina.startup.VersionLoggerListener.log Command line argument: -Djava.protocol.handler.pkgs=org.apache.catalina.webresources
13-Apr-2024 11:24:30.418 INFO [main] org.apache.catalina.startup.VersionLoggerListener.log Command line argument: -Dorg.apache.catalina.security.SecurityListener.UMASK=0027
13-Apr-2024 11:24:30.418 INFO [main] org.apache.catalina.startup.VersionLoggerListener.log Command line argument: --add-opens=java.base/java.lang=ALL-UNNAMED
13-Apr-2024 11:24:30.418 INFO [main] org.apache.catalina.startup.VersionLoggerListener.log Command line argument: --add-opens=java.base/java.io=ALL-UNNAMED
13-Apr-2024 11:24:30.418 INFO [main] org.apache.catalina.startup.VersionLoggerListener.log Command line argument: --add-opens=java.base/java.util=ALL-UNNAMED
13-Apr-2024 11:24:30.418 INFO [main] org.apache.catalina.startup.VersionLoggerListener.log Command line argument: --add-opens=java.base/java.util.concurrent=ALL-UNNAMED
13-Apr-2024 11:24:30.418 INFO [main] org.apache.catalina.startup.VersionLoggerListener.log Command line argument: --add-opens=java.rmi/sun.rmi.transport=ALL-UNNAMED
13-Apr-2024 11:24:30.418 INFO [main] org.apache.catalina.startup.VersionLoggerListener.log Command line argument: -Dcatalina.base=/Users/tolymbeknurtai/package/apache-tomcat-10.1.19
13-Apr-2024 11:24:30.418 INFO [main] org.apache.catalina.startup.VersionLoggerListener.log Command line argument: -Dcatalina.home=/Users/tolymbeknurtai/package/apache-tomcat-10.1.19
13-Apr-2024 11:24:30.418 INFO [main] org.apache.catalina.startup.VersionLoggerListener.log Command line argument: -Djava.io.tmpdir=/Users/tolymbeknurtai/package/apache-tomcat-10.1.19/temp
13-Apr-2024 11:24:30.423 INFO [main] org.apache.catalina.core.AprLifecycleListener.lifecycleEvent The Apache Tomcat Native library which allows using OpenSSL was not found on the java.library.path: [/Users/tolymbeknurtai/Library/Java/Extensions:/Library/Java/Extensions:/Network/Library/Java/Extensions:/System/Library/Java/Extensions:/usr/lib/java:.]
13-Apr-2024 11:24:30.588 INFO [main] org.apache.coyote.AbstractProtocol.init Initializing ProtocolHandler ["http-nio-8080"]
13-Apr-2024 11:24:30.598 SEVERE [main] org.apache.catalina.util.LifecycleBase.handleSubClassException Failed to initialize component [Connector["http-nio-8080"]]
	org.apache.catalina.LifecycleException: Protocol handler initialization failed
		at org.apache.catalina.connector.Connector.initInternal(Connector.java:1015)
		at org.apache.catalina.util.LifecycleBase.init(LifecycleBase.java:127)
		at org.apache.catalina.core.StandardService.initInternal(StandardService.java:554)
		at org.apache.catalina.util.LifecycleBase.init(LifecycleBase.java:127)
		at org.apache.catalina.core.StandardServer.initInternal(StandardServer.java:1017)
		at org.apache.catalina.util.LifecycleBase.init(LifecycleBase.java:127)
		at org.apache.catalina.startup.Catalina.load(Catalina.java:708)
		at org.apache.catalina.startup.Catalina.load(Catalina.java:731)
		at java.base/jdk.internal.reflect.DirectMethodHandleAccessor.invoke(DirectMethodHandleAccessor.java:103)
		at java.base/java.lang.reflect.Method.invoke(Method.java:580)
		at org.apache.catalina.startup.Bootstrap.load(Bootstrap.java:302)
		at org.apache.catalina.startup.Bootstrap.main(Bootstrap.java:475)
	Caused by: java.net.BindException: Address already in use
		at java.base/sun.nio.ch.Net.bind0(Native Method)
		at java.base/sun.nio.ch.Net.bind(Net.java:565)
		at java.base/sun.nio.ch.ServerSocketChannelImpl.netBind(ServerSocketChannelImpl.java:344)
		at java.base/sun.nio.ch.ServerSocketChannelImpl.bind(ServerSocketChannelImpl.java:301)
		at org.apache.tomcat.util.net.NioEndpoint.initServerSocket(NioEndpoint.java:247)
		at org.apache.tomcat.util.net.NioEndpoint.bind(NioEndpoint.java:202)
		at org.apache.tomcat.util.net.AbstractEndpoint.bindWithCleanup(AbstractEndpoint.java:1282)
		at org.apache.tomcat.util.net.AbstractEndpoint.init(AbstractEndpoint.java:1295)
		at org.apache.coyote.AbstractProtocol.init(AbstractProtocol.java:624)
		at org.apache.coyote.http11.AbstractHttp11Protocol.init(AbstractHttp11Protocol.java:77)
		at org.apache.catalina.connector.Connector.initInternal(Connector.java:1013)
		... 11 more
13-Apr-2024 11:24:30.599 INFO [main] org.apache.catalina.startup.Catalina.load Server initialization in [284] milliseconds
13-Apr-2024 11:24:30.621 INFO [main] org.apache.catalina.core.StandardService.startInternal Starting service [Catalina]
13-Apr-2024 11:24:30.622 INFO [main] org.apache.catalina.core.StandardEngine.startInternal Starting Servlet engine: [Apache Tomcat/10.1.19]
13-Apr-2024 11:24:30.638 INFO [main] org.apache.catalina.startup.HostConfig.deployWAR Deploying web application archive [/Users/tolymbeknurtai/package/apache-tomcat-10.1.19/webapps/servlets-1.0-SNAPSHOT.war]
13-Apr-2024 11:24:30.794 INFO [main] org.apache.catalina.startup.HostConfig.deployWAR Deployment of web application archive [/Users/tolymbeknurtai/package/apache-tomcat-10.1.19/webapps/servlets-1.0-SNAPSHOT.war] has finished in [156] ms
13-Apr-2024 11:24:30.795 INFO [main] org.apache.catalina.startup.HostConfig.deployWAR Deploying web application archive [/Users/tolymbeknurtai/package/apache-tomcat-10.1.19/webapps/codecraft.war]
13-Apr-2024 11:24:31.000 INFO [main] org.apache.jasper.servlet.TldScanner.scanJars At least one JAR was scanned for TLDs yet contained no TLDs. Enable debug logging for this logger for a complete list of JARs that were scanned but no TLDs were found in them. Skipping unneeded JARs during scanning can improve startup time and JSP compilation time.
13-Apr-2024 11:24:31.002 INFO [main] org.apache.catalina.startup.HostConfig.deployWAR Deployment of web application archive [/Users/tolymbeknurtai/package/apache-tomcat-10.1.19/webapps/codecraft.war] has finished in [207] ms
13-Apr-2024 11:24:31.004 INFO [main] org.apache.catalina.startup.HostConfig.deployDirectory Deploying web application directory [/Users/tolymbeknurtai/package/apache-tomcat-10.1.19/webapps/docs]
13-Apr-2024 11:24:31.017 INFO [main] org.apache.catalina.startup.HostConfig.deployDirectory Deployment of web application directory [/Users/tolymbeknurtai/package/apache-tomcat-10.1.19/webapps/docs] has finished in [13] ms
13-Apr-2024 11:24:31.017 INFO [main] org.apache.catalina.startup.HostConfig.deployDirectory Deploying web application directory [/Users/tolymbeknurtai/package/apache-tomcat-10.1.19/webapps/manager]
13-Apr-2024 11:24:31.033 INFO [main] org.apache.catalina.startup.HostConfig.deployDirectory Deployment of web application directory [/Users/tolymbeknurtai/package/apache-tomcat-10.1.19/webapps/manager] has finished in [16] ms
13-Apr-2024 11:24:31.033 INFO [main] org.apache.catalina.startup.HostConfig.deployDirectory Deploying web application directory [/Users/tolymbeknurtai/package/apache-tomcat-10.1.19/webapps/examples]
13-Apr-2024 11:24:31.130 INFO [main] org.apache.catalina.startup.HostConfig.deployDirectory Deployment of web application directory [/Users/tolymbeknurtai/package/apache-tomcat-10.1.19/webapps/examples] has finished in [97] ms
13-Apr-2024 11:24:31.130 INFO [main] org.apache.catalina.startup.HostConfig.deployDirectory Deploying web application directory [/Users/tolymbeknurtai/package/apache-tomcat-10.1.19/webapps/ROOT]
13-Apr-2024 11:24:31.138 INFO [main] org.apache.catalina.startup.HostConfig.deployDirectory Deployment of web application directory [/Users/tolymbeknurtai/package/apache-tomcat-10.1.19/webapps/ROOT] has finished in [8] ms
13-Apr-2024 11:24:31.138 INFO [main] org.apache.catalina.startup.HostConfig.deployDirectory Deploying web application directory [/Users/tolymbeknurtai/package/apache-tomcat-10.1.19/webapps/host-manager]
13-Apr-2024 11:24:31.148 INFO [main] org.apache.catalina.startup.HostConfig.deployDirectory Deployment of web application directory [/Users/tolymbeknurtai/package/apache-tomcat-10.1.19/webapps/host-manager] has finished in [10] ms
13-Apr-2024 11:24:31.150 INFO [main] org.apache.catalina.startup.Catalina.start Server startup in [550] milliseconds
13-Apr-2024 11:24:31.152 SEVERE [main] org.apache.catalina.core.StandardServer.await Failed to create server shutdown socket on address [localhost] and port [8005] (base port [8005] and offset [0])
	java.net.BindException: Address already in use
		at java.base/sun.nio.ch.Net.bind0(Native Method)
		at java.base/sun.nio.ch.Net.bind(Net.java:565)
		at java.base/sun.nio.ch.Net.bind(Net.java:554)
		at java.base/sun.nio.ch.NioSocketImpl.bind(NioSocketImpl.java:636)
		at java.base/java.net.ServerSocket.bind(ServerSocket.java:391)
		at java.base/java.net.ServerSocket.<init>(ServerSocket.java:278)
		at org.apache.catalina.core.StandardServer.await(StandardServer.java:577)
		at org.apache.catalina.startup.Catalina.await(Catalina.java:847)
		at org.apache.catalina.startup.Catalina.start(Catalina.java:795)
		at java.base/jdk.internal.reflect.DirectMethodHandleAccessor.invoke(DirectMethodHandleAccessor.java:103)
		at java.base/java.lang.reflect.Method.invoke(Method.java:580)
		at org.apache.catalina.startup.Bootstrap.start(Bootstrap.java:345)
		at org.apache.catalina.startup.Bootstrap.main(Bootstrap.java:476)
13-Apr-2024 11:24:31.152 INFO [main] org.apache.coyote.AbstractProtocol.pause Pausing ProtocolHandler ["http-nio-8080"]
13-Apr-2024 11:24:31.152 INFO [main] org.apache.catalina.core.StandardService.stopInternal Stopping service [Catalina]
13-Apr-2024 11:24:31.165 INFO [main] org.apache.coyote.AbstractProtocol.stop Stopping ProtocolHandler ["http-nio-8080"]
13-Apr-2024 11:24:31.165 INFO [main] org.apache.coyote.AbstractProtocol.destroy Destroying ProtocolHandler ["http-nio-8080"]
13-Apr-2024 11:26:10.536 INFO [main] org.apache.catalina.startup.VersionLoggerListener.log Server version name:   Apache Tomcat/10.1.19
13-Apr-2024 11:26:10.538 INFO [main] org.apache.catalina.startup.VersionLoggerListener.log Server built:          Feb 14 2024 19:36:50 UTC
13-Apr-2024 11:26:10.538 INFO [main] org.apache.catalina.startup.VersionLoggerListener.log Server version number: 10.1.19.0
13-Apr-2024 11:26:10.538 INFO [main] org.apache.catalina.startup.VersionLoggerListener.log OS Name:               Mac OS X
13-Apr-2024 11:26:10.538 INFO [main] org.apache.catalina.startup.VersionLoggerListener.log OS Version:            14.4.1
13-Apr-2024 11:26:10.538 INFO [main] org.apache.catalina.startup.VersionLoggerListener.log Architecture:          aarch64
13-Apr-2024 11:26:10.538 INFO [main] org.apache.catalina.startup.VersionLoggerListener.log Java Home:             /opt/homebrew/Cellar/openjdk/21.0.2/libexec/openjdk.jdk/Contents/Home
13-Apr-2024 11:26:10.539 INFO [main] org.apache.catalina.startup.VersionLoggerListener.log JVM Version:           21.0.2
13-Apr-2024 11:26:10.539 INFO [main] org.apache.catalina.startup.VersionLoggerListener.log JVM Vendor:            Homebrew
13-Apr-2024 11:26:10.539 INFO [main] org.apache.catalina.startup.VersionLoggerListener.log CATALINA_BASE:         /Users/tolymbeknurtai/package/apache-tomcat-10.1.19
13-Apr-2024 11:26:10.539 INFO [main] org.apache.catalina.startup.VersionLoggerListener.log CATALINA_HOME:         /Users/tolymbeknurtai/package/apache-tomcat-10.1.19
13-Apr-2024 11:26:10.545 INFO [main] org.apache.catalina.startup.VersionLoggerListener.log Command line argument: -Djava.util.logging.config.file=/Users/tolymbeknurtai/package/apache-tomcat-10.1.19/conf/logging.properties
13-Apr-2024 11:26:10.545 INFO [main] org.apache.catalina.startup.VersionLoggerListener.log Command line argument: -Djava.util.logging.manager=org.apache.juli.ClassLoaderLogManager
13-Apr-2024 11:26:10.545 INFO [main] org.apache.catalina.startup.VersionLoggerListener.log Command line argument: -Djdk.tls.ephemeralDHKeySize=2048
13-Apr-2024 11:26:10.545 INFO [main] org.apache.catalina.startup.VersionLoggerListener.log Command line argument: -Djava.protocol.handler.pkgs=org.apache.catalina.webresources
13-Apr-2024 11:26:10.545 INFO [main] org.apache.catalina.startup.VersionLoggerListener.log Command line argument: -Dorg.apache.catalina.security.SecurityListener.UMASK=0027
13-Apr-2024 11:26:10.545 INFO [main] org.apache.catalina.startup.VersionLoggerListener.log Command line argument: --add-opens=java.base/java.lang=ALL-UNNAMED
13-Apr-2024 11:26:10.545 INFO [main] org.apache.catalina.startup.VersionLoggerListener.log Command line argument: --add-opens=java.base/java.io=ALL-UNNAMED
13-Apr-2024 11:26:10.545 INFO [main] org.apache.catalina.startup.VersionLoggerListener.log Command line argument: --add-opens=java.base/java.util=ALL-UNNAMED
13-Apr-2024 11:26:10.545 INFO [main] org.apache.catalina.startup.VersionLoggerListener.log Command line argument: --add-opens=java.base/java.util.concurrent=ALL-UNNAMED
13-Apr-2024 11:26:10.545 INFO [main] org.apache.catalina.startup.VersionLoggerListener.log Command line argument: --add-opens=java.rmi/sun.rmi.transport=ALL-UNNAMED
13-Apr-2024 11:26:10.545 INFO [main] org.apache.catalina.startup.VersionLoggerListener.log Command line argument: -Dcatalina.base=/Users/tolymbeknurtai/package/apache-tomcat-10.1.19
13-Apr-2024 11:26:10.546 INFO [main] org.apache.catalina.startup.VersionLoggerListener.log Command line argument: -Dcatalina.home=/Users/tolymbeknurtai/package/apache-tomcat-10.1.19
13-Apr-2024 11:26:10.546 INFO [main] org.apache.catalina.startup.VersionLoggerListener.log Command line argument: -Djava.io.tmpdir=/Users/tolymbeknurtai/package/apache-tomcat-10.1.19/temp
13-Apr-2024 11:26:10.550 INFO [main] org.apache.catalina.core.AprLifecycleListener.lifecycleEvent The Apache Tomcat Native library which allows using OpenSSL was not found on the java.library.path: [/Users/tolymbeknurtai/Library/Java/Extensions:/Library/Java/Extensions:/Network/Library/Java/Extensions:/System/Library/Java/Extensions:/usr/lib/java:.]
13-Apr-2024 11:26:10.702 INFO [main] org.apache.coyote.AbstractProtocol.init Initializing ProtocolHandler ["http-nio-8080"]
13-Apr-2024 11:26:10.716 INFO [main] org.apache.catalina.startup.Catalina.load Server initialization in [265] milliseconds
13-Apr-2024 11:26:10.733 INFO [main] org.apache.catalina.core.StandardService.startInternal Starting service [Catalina]
13-Apr-2024 11:26:10.733 INFO [main] org.apache.catalina.core.StandardEngine.startInternal Starting Servlet engine: [Apache Tomcat/10.1.19]
13-Apr-2024 11:26:10.745 INFO [main] org.apache.catalina.startup.HostConfig.deployWAR Deploying web application archive [/Users/tolymbeknurtai/package/apache-tomcat-10.1.19/webapps/servlets-1.0-SNAPSHOT.war]
13-Apr-2024 11:26:10.876 INFO [main] org.apache.catalina.startup.HostConfig.deployWAR Deployment of web application archive [/Users/tolymbeknurtai/package/apache-tomcat-10.1.19/webapps/servlets-1.0-SNAPSHOT.war] has finished in [131] ms
13-Apr-2024 11:26:10.876 INFO [main] org.apache.catalina.startup.HostConfig.deployWAR Deploying web application archive [/Users/tolymbeknurtai/package/apache-tomcat-10.1.19/webapps/codecraft.war]
13-Apr-2024 11:26:11.053 INFO [main] org.apache.jasper.servlet.TldScanner.scanJars At least one JAR was scanned for TLDs yet contained no TLDs. Enable debug logging for this logger for a complete list of JARs that were scanned but no TLDs were found in them. Skipping unneeded JARs during scanning can improve startup time and JSP compilation time.
13-Apr-2024 11:26:11.055 INFO [main] org.apache.catalina.startup.HostConfig.deployWAR Deployment of web application archive [/Users/tolymbeknurtai/package/apache-tomcat-10.1.19/webapps/codecraft.war] has finished in [179] ms
13-Apr-2024 11:26:11.055 INFO [main] org.apache.catalina.startup.HostConfig.deployDirectory Deploying web application directory [/Users/tolymbeknurtai/package/apache-tomcat-10.1.19/webapps/docs]
13-Apr-2024 11:26:11.064 INFO [main] org.apache.catalina.startup.HostConfig.deployDirectory Deployment of web application directory [/Users/tolymbeknurtai/package/apache-tomcat-10.1.19/webapps/docs] has finished in [9] ms
13-Apr-2024 11:26:11.064 INFO [main] org.apache.catalina.startup.HostConfig.deployDirectory Deploying web application directory [/Users/tolymbeknurtai/package/apache-tomcat-10.1.19/webapps/manager]
13-Apr-2024 11:26:11.077 INFO [main] org.apache.catalina.startup.HostConfig.deployDirectory Deployment of web application directory [/Users/tolymbeknurtai/package/apache-tomcat-10.1.19/webapps/manager] has finished in [13] ms
13-Apr-2024 11:26:11.077 INFO [main] org.apache.catalina.startup.HostConfig.deployDirectory Deploying web application directory [/Users/tolymbeknurtai/package/apache-tomcat-10.1.19/webapps/examples]
13-Apr-2024 11:26:11.153 INFO [main] org.apache.catalina.startup.HostConfig.deployDirectory Deployment of web application directory [/Users/tolymbeknurtai/package/apache-tomcat-10.1.19/webapps/examples] has finished in [76] ms
13-Apr-2024 11:26:11.153 INFO [main] org.apache.catalina.startup.HostConfig.deployDirectory Deploying web application directory [/Users/tolymbeknurtai/package/apache-tomcat-10.1.19/webapps/ROOT]
13-Apr-2024 11:26:11.160 INFO [main] org.apache.catalina.startup.HostConfig.deployDirectory Deployment of web application directory [/Users/tolymbeknurtai/package/apache-tomcat-10.1.19/webapps/ROOT] has finished in [7] ms
13-Apr-2024 11:26:11.160 INFO [main] org.apache.catalina.startup.HostConfig.deployDirectory Deploying web application directory [/Users/tolymbeknurtai/package/apache-tomcat-10.1.19/webapps/host-manager]
13-Apr-2024 11:26:11.168 INFO [main] org.apache.catalina.startup.HostConfig.deployDirectory Deployment of web application directory [/Users/tolymbeknurtai/package/apache-tomcat-10.1.19/webapps/host-manager] has finished in [8] ms
13-Apr-2024 11:26:11.169 INFO [main] org.apache.coyote.AbstractProtocol.start Starting ProtocolHandler ["http-nio-8080"]
13-Apr-2024 11:26:11.174 INFO [main] org.apache.catalina.startup.Catalina.start Server startup in [457] milliseconds
13-Apr-2024 11:26:27.665 INFO [http-nio-8080-exec-3] org.apache.catalina.startup.HostConfig.undeploy Undeploying context [/codecraft]
13-Apr-2024 11:26:27.680 INFO [http-nio-8080-exec-3] org.apache.catalina.startup.HostConfig.deployWAR Deploying web application archive [/Users/tolymbeknurtai/package/apache-tomcat-10.1.19/webapps/codecraft.war]
13-Apr-2024 11:26:27.855 INFO [http-nio-8080-exec-3] org.apache.jasper.servlet.TldScanner.scanJars At least one JAR was scanned for TLDs yet contained no TLDs. Enable debug logging for this logger for a complete list of JARs that were scanned but no TLDs were found in them. Skipping unneeded JARs during scanning can improve startup time and JSP compilation time.
13-Apr-2024 11:26:27.857 INFO [http-nio-8080-exec-3] org.apache.catalina.startup.HostConfig.deployWAR Deployment of web application archive [/Users/tolymbeknurtai/package/apache-tomcat-10.1.19/webapps/codecraft.war] has finished in [177] ms
13-Apr-2024 11:27:08.818 INFO [http-nio-8080-exec-10] server.connection.DBConnection.getConnection Connection to DB is established.
13-Apr-2024 11:27:08.827 INFO [http-nio-8080-exec-10] server.database.QuestionsDAO.getQuestions Got questions from DB.
13-Apr-2024 11:27:08.828 INFO [http-nio-8080-exec-10] server.servlets.QuestionsServlet.doGet 1 2
13-Apr-2024 11:27:08.828 INFO [http-nio-8080-exec-10] server.servlets.QuestionsServlet.doGet 3 4/1 4
13-Apr-2024 11:27:08.828 INFO [http-nio-8080-exec-10] server.servlets.QuestionsServlet.doGet 1 2/100 200
13-Apr-2024 11:27:08.828 INFO [http-nio-8080-exec-10] server.servlets.QuestionsServlet.doGet 4/4 1 1/2 10 7/8 5 4/9 7 0
13-Apr-2024 11:27:08.828 INFO [http-nio-8080-exec-10] server.servlets.QuestionsServlet.doGet 3/10 15/6 8/4 8
13-Apr-2024 11:27:08.828 INFO [http-nio-8080-exec-10] server.servlets.QuestionsServlet.doGet 4
13-Apr-2024 11:27:08.828 INFO [http-nio-8080-exec-10] server.servlets.QuestionsServlet.doGet null
13-Apr-2024 11:27:08.829 INFO [http-nio-8080-exec-10] server.servlets.QuestionsServlet.doGet 2/2555/2000
13-Apr-2024 11:27:08.829 INFO [http-nio-8080-exec-10] server.servlets.QuestionsServlet.doGet 2/2/3
13-Apr-2024 11:27:08.829 INFO [http-nio-8080-exec-10] server.servlets.QuestionsServlet.doGet 2/2 2/5 6
13-Apr-2024 11:27:08.829 INFO [http-nio-8080-exec-10] server.servlets.QuestionsServlet.doGet 2 2
13-Apr-2024 11:27:08.829 INFO [http-nio-8080-exec-10] server.servlets.QuestionsServlet.doGet 4/3/2/4/100000
13-Apr-2024 11:27:08.832 INFO [http-nio-8080-exec-10] server.servlets.QuestionsServlet.doGet Sent questions.
13-Apr-2024 11:27:10.054 INFO [http-nio-8080-exec-4] server.connection.DBConnection.getConnection Connection to DB is established.
13-Apr-2024 11:27:10.057 INFO [http-nio-8080-exec-4] server.database.QuestionsDAO.getQuestions Got questions from DB.
13-Apr-2024 11:27:10.058 INFO [http-nio-8080-exec-4] server.servlets.QuestionsServlet.doGet 1 2
13-Apr-2024 11:27:10.058 INFO [http-nio-8080-exec-4] server.servlets.QuestionsServlet.doGet 3 4/1 4
13-Apr-2024 11:27:10.058 INFO [http-nio-8080-exec-4] server.servlets.QuestionsServlet.doGet 1 2/100 200
13-Apr-2024 11:27:10.059 INFO [http-nio-8080-exec-4] server.servlets.QuestionsServlet.doGet 4/4 1 1/2 10 7/8 5 4/9 7 0
13-Apr-2024 11:27:10.059 INFO [http-nio-8080-exec-4] server.servlets.QuestionsServlet.doGet 3/10 15/6 8/4 8
13-Apr-2024 11:27:10.059 INFO [http-nio-8080-exec-4] server.servlets.QuestionsServlet.doGet 4
13-Apr-2024 11:27:10.059 INFO [http-nio-8080-exec-4] server.servlets.QuestionsServlet.doGet null
13-Apr-2024 11:27:10.060 INFO [http-nio-8080-exec-4] server.servlets.QuestionsServlet.doGet 2/2555/2000
13-Apr-2024 11:27:10.060 INFO [http-nio-8080-exec-4] server.servlets.QuestionsServlet.doGet 2/2/3
13-Apr-2024 11:27:10.060 INFO [http-nio-8080-exec-4] server.servlets.QuestionsServlet.doGet 2/2 2/5 6
13-Apr-2024 11:27:10.061 INFO [http-nio-8080-exec-4] server.servlets.QuestionsServlet.doGet 2 2
13-Apr-2024 11:27:10.061 INFO [http-nio-8080-exec-4] server.servlets.QuestionsServlet.doGet 4/3/2/4/100000
13-Apr-2024 11:27:10.062 INFO [http-nio-8080-exec-4] server.servlets.QuestionsServlet.doGet Sent questions.
13-Apr-2024 11:27:13.846 INFO [http-nio-8080-exec-9] server.servlets.RunTestServlet.doPost New Request.
13-Apr-2024 11:27:13.847 INFO [http-nio-8080-exec-9] server.servlets.RunTestServlet.doPost Started reading request.
13-Apr-2024 11:27:13.848 INFO [http-nio-8080-exec-9] server.servlets.RunTestServlet.doPost Started reading request.
13-Apr-2024 11:27:13.848 INFO [http-nio-8080-exec-9] server.servlets.RunTestServlet.doPost Empty
13-Apr-2024 11:27:13.857 INFO [http-nio-8080-exec-9] server.servlets.RunTestServlet.doPost console.log("Cactus")
13-Apr-2024 11:27:13.858 INFO [http-nio-8080-exec-9] server.servlets.RunTestServlet.doPost js
13-Apr-2024 11:27:13.858 INFO [http-nio-8080-exec-9] server.servlets.RunTestServlet.doPost Nurtai
13-Apr-2024 11:27:13.858 INFO [http-nio-8080-exec-9] server.servlets.RunTestServlet.doPost Question's id is 1
13-Apr-2024 11:27:13.866 INFO [http-nio-8080-exec-9] server.connection.DBConnection.getConnection Connection to DB is established.
13-Apr-2024 11:27:13.874 INFO [http-nio-8080-exec-9] server.database.TestCasesDAO.addTestCases Test cases: 
13-Apr-2024 11:27:13.874 INFO [http-nio-8080-exec-9] server.database.TestCasesDAO.addTestCases null
13-Apr-2024 11:27:13.874 INFO [http-nio-8080-exec-9] server.database.TestCasesDAO.addTestCases Cactus
13-Apr-2024 11:27:13.875 INFO [http-nio-8080-exec-9] server.servlets.RunTestServlet.doPost got testcases for runservlet
13-Apr-2024 11:27:13.879 INFO [http-nio-8080-exec-9] server.servlets.RunTestServlet.doPost started running running in runner
13-Apr-2024 11:27:13.880 INFO [http-nio-8080-exec-9] server.runner.RunnerSystem.writeFile console.log("Cactus")
13-Apr-2024 11:27:13.881 INFO [http-nio-8080-exec-9] server.runner.RunnerSystem.writeFile Error writing code to the file in runner/Users/tolymbeknurtai/package/apache-tomcat-10.1.19/bin/src/main/java/server/runner/tests/Nurtai.js (No such file or directory)
13-Apr-2024 11:27:13.882 INFO [http-nio-8080-exec-9] server.runner.RunnerSystem.compile compiled in runner
13-Apr-2024 11:27:13.882 INFO [http-nio-8080-exec-9] server.runner.Tester.test node
13-Apr-2024 11:27:13.882 INFO [http-nio-8080-exec-9] server.runner.Tester.test /Users/tolymbeknurtai/package/apache-tomcat-10.1.19/bin/src/main/java/server/runner/tests/Nurtai.js
13-Apr-2024 11:27:13.884 INFO [http-nio-8080-exec-9] server.runner.Tester.test Error testing codeCannot run program "node": /Users/tolymbeknurtai/package/apache-tomcat-10.1.19/bin/src/main/java/server/runner/tests/log.txt (No such file or directory)
13-Apr-2024 11:27:13.884 INFO [http-nio-8080-exec-9] server.runner.RunnerSystem.cleanUp Error removing file: /Users/tolymbeknurtai/package/apache-tomcat-10.1.19/bin/src/main/java/server/runner/tests/Nurtai.js
13-Apr-2024 11:27:13.885 INFO [http-nio-8080-exec-9] server.runner.RunnerSystem.cleanUp Error removing file: /Users/tolymbeknurtai/package/apache-tomcat-10.1.19/bin/src/main/java/server/runner/tests/Nurtai.js
13-Apr-2024 11:27:13.885 INFO [http-nio-8080-exec-9] server.runner.RunnerSystem.cleanUp cleaned up the files in runner
13-Apr-2024 11:27:13.885 INFO [http-nio-8080-exec-9] server.servlets.RunTestServlet.doPost tests are not passed
13-Apr-2024 11:27:13.885 INFO [http-nio-8080-exec-9] server.servlets.RunTestServlet.doPost sent the results from runservlet
13-Apr-2024 11:27:23.004 INFO [http-nio-8080-exec-1] server.servlets.RunTestServlet.doPost New Request.
13-Apr-2024 11:27:23.005 INFO [http-nio-8080-exec-1] server.servlets.RunTestServlet.doPost Started reading request.
13-Apr-2024 11:27:23.005 INFO [http-nio-8080-exec-1] server.servlets.RunTestServlet.doPost Started reading request.
13-Apr-2024 11:27:23.005 INFO [http-nio-8080-exec-1] server.servlets.RunTestServlet.doPost Empty
13-Apr-2024 11:27:23.005 INFO [http-nio-8080-exec-1] server.servlets.RunTestServlet.doPost console.log("Cactus")
13-Apr-2024 11:27:23.005 INFO [http-nio-8080-exec-1] server.servlets.RunTestServlet.doPost js
13-Apr-2024 11:27:23.005 INFO [http-nio-8080-exec-1] server.servlets.RunTestServlet.doPost Nurtai
13-Apr-2024 11:27:23.005 INFO [http-nio-8080-exec-1] server.servlets.RunTestServlet.doPost Question's id is 1
13-Apr-2024 11:27:23.013 INFO [http-nio-8080-exec-1] server.connection.DBConnection.getConnection Connection to DB is established.
13-Apr-2024 11:27:23.015 INFO [http-nio-8080-exec-1] server.database.TestCasesDAO.addTestCases Test cases: 
13-Apr-2024 11:27:23.016 INFO [http-nio-8080-exec-1] server.database.TestCasesDAO.addTestCases null
13-Apr-2024 11:27:23.016 INFO [http-nio-8080-exec-1] server.database.TestCasesDAO.addTestCases Cactus
13-Apr-2024 11:27:23.016 INFO [http-nio-8080-exec-1] server.servlets.RunTestServlet.doPost got testcases for runservlet
13-Apr-2024 11:27:23.016 INFO [http-nio-8080-exec-1] server.servlets.RunTestServlet.doPost started running running in runner
13-Apr-2024 11:27:23.017 INFO [http-nio-8080-exec-1] server.runner.RunnerSystem.writeFile console.log("Cactus")
13-Apr-2024 11:27:23.017 INFO [http-nio-8080-exec-1] server.runner.RunnerSystem.writeFile Error writing code to the file in runner/Users/tolymbeknurtai/package/apache-tomcat-10.1.19/bin/src/main/java/server/runner/tests/Nurtai.js (No such file or directory)
13-Apr-2024 11:27:23.017 INFO [http-nio-8080-exec-1] server.runner.RunnerSystem.compile compiled in runner
13-Apr-2024 11:27:23.017 INFO [http-nio-8080-exec-1] server.runner.Tester.test node
13-Apr-2024 11:27:23.018 INFO [http-nio-8080-exec-1] server.runner.Tester.test /Users/tolymbeknurtai/package/apache-tomcat-10.1.19/bin/src/main/java/server/runner/tests/Nurtai.js
13-Apr-2024 11:27:23.018 INFO [http-nio-8080-exec-1] server.runner.Tester.test Error testing codeCannot run program "node": /Users/tolymbeknurtai/package/apache-tomcat-10.1.19/bin/src/main/java/server/runner/tests/log.txt (No such file or directory)
13-Apr-2024 11:27:23.018 INFO [http-nio-8080-exec-1] server.runner.RunnerSystem.cleanUp Error removing file: /Users/tolymbeknurtai/package/apache-tomcat-10.1.19/bin/src/main/java/server/runner/tests/Nurtai.js
13-Apr-2024 11:27:23.018 INFO [http-nio-8080-exec-1] server.runner.RunnerSystem.cleanUp Error removing file: /Users/tolymbeknurtai/package/apache-tomcat-10.1.19/bin/src/main/java/server/runner/tests/Nurtai.js
13-Apr-2024 11:27:23.019 INFO [http-nio-8080-exec-1] server.runner.RunnerSystem.cleanUp cleaned up the files in runner
13-Apr-2024 11:27:23.019 INFO [http-nio-8080-exec-1] server.servlets.RunTestServlet.doPost tests are not passed
13-Apr-2024 11:27:23.019 INFO [http-nio-8080-exec-1] server.servlets.RunTestServlet.doPost sent the results from runservlet
13-Apr-2024 11:31:59.995 INFO [http-nio-8080-exec-12] org.apache.catalina.startup.HostConfig.undeploy Undeploying context [/codecraft]
13-Apr-2024 11:31:59.999 WARNING [http-nio-8080-exec-12] org.apache.catalina.loader.WebappClassLoaderBase.clearReferencesJdbc The web application [codecraft] registered the JDBC driver [org.postgresql.Driver] but failed to unregister it when the web application was stopped. To prevent a memory leak, the JDBC Driver has been forcibly unregistered.
13-Apr-2024 11:32:00.008 INFO [http-nio-8080-exec-12] org.apache.catalina.startup.HostConfig.deployWAR Deploying web application archive [/Users/tolymbeknurtai/package/apache-tomcat-10.1.19/webapps/codecraft.war]
13-Apr-2024 11:32:00.168 INFO [http-nio-8080-exec-12] org.apache.jasper.servlet.TldScanner.scanJars At least one JAR was scanned for TLDs yet contained no TLDs. Enable debug logging for this logger for a complete list of JARs that were scanned but no TLDs were found in them. Skipping unneeded JARs during scanning can improve startup time and JSP compilation time.
13-Apr-2024 11:32:00.169 INFO [http-nio-8080-exec-12] org.apache.catalina.startup.HostConfig.deployWAR Deployment of web application archive [/Users/tolymbeknurtai/package/apache-tomcat-10.1.19/webapps/codecraft.war] has finished in [161] ms
13-Apr-2024 11:32:07.327 INFO [http-nio-8080-exec-20] server.servlets.RunTestServlet.doPost New Request.
13-Apr-2024 11:32:07.328 INFO [http-nio-8080-exec-20] server.servlets.RunTestServlet.doPost Started reading request.
13-Apr-2024 11:32:07.328 INFO [http-nio-8080-exec-20] server.servlets.RunTestServlet.doPost Started reading request.
13-Apr-2024 11:32:07.328 INFO [http-nio-8080-exec-20] server.servlets.RunTestServlet.doPost Empty
13-Apr-2024 11:32:07.342 INFO [http-nio-8080-exec-20] server.servlets.RunTestServlet.doPost console.log("Cactus")
13-Apr-2024 11:32:07.343 INFO [http-nio-8080-exec-20] server.servlets.RunTestServlet.doPost js
13-Apr-2024 11:32:07.343 INFO [http-nio-8080-exec-20] server.servlets.RunTestServlet.doPost Nurtai
13-Apr-2024 11:32:07.343 INFO [http-nio-8080-exec-20] server.servlets.RunTestServlet.doPost Question's id is 1
13-Apr-2024 11:32:07.414 INFO [http-nio-8080-exec-20] server.connection.DBConnection.getConnection Connection to DB is established.
13-Apr-2024 11:32:07.420 INFO [http-nio-8080-exec-20] server.database.TestCasesDAO.addTestCases Test cases: 
13-Apr-2024 11:32:07.420 INFO [http-nio-8080-exec-20] server.database.TestCasesDAO.addTestCases null
13-Apr-2024 11:32:07.420 INFO [http-nio-8080-exec-20] server.database.TestCasesDAO.addTestCases Cactus
13-Apr-2024 11:32:07.421 INFO [http-nio-8080-exec-20] server.servlets.RunTestServlet.doPost got testcases for runservlet
13-Apr-2024 11:32:07.421 INFO [http-nio-8080-exec-20] server.servlets.RunTestServlet.doPost started running running in runner
13-Apr-2024 11:32:07.422 INFO [http-nio-8080-exec-20] server.runner.RunnerSystem.writeFile console.log("Cactus")
13-Apr-2024 11:32:07.422 INFO [http-nio-8080-exec-20] server.runner.RunnerSystem.writeFile Wrote code to the file in runner
13-Apr-2024 11:32:07.422 INFO [http-nio-8080-exec-20] server.runner.RunnerSystem.compile compiled in runner
13-Apr-2024 11:32:07.422 INFO [http-nio-8080-exec-20] server.runner.Tester.test node
13-Apr-2024 11:32:07.422 INFO [http-nio-8080-exec-20] server.runner.Tester.test /Users/tolymbeknurtai/projects/cactus/src/main/java/server/runner/tests/Nurtai.js
13-Apr-2024 11:32:07.428 INFO [http-nio-8080-exec-20] server.runner.Tester.test process started in tester
13-Apr-2024 11:32:07.428 INFO [Thread-2] server.runner.Tester.lambda$writeInput$0 null
13-Apr-2024 11:32:07.459 INFO [http-nio-8080-exec-20] server.runner.Tester.readOutput Cactus
13-Apr-2024 11:32:07.459 INFO [http-nio-8080-exec-20] server.runner.Tester.readOutput this is line
13-Apr-2024 11:32:07.459 INFO [http-nio-8080-exec-20] server.runner.Tester.readOutput read the output
13-Apr-2024 11:32:07.459 INFO [http-nio-8080-exec-20] server.runner.Tester.test Test case: 
13-Apr-2024 11:32:07.460 INFO [http-nio-8080-exec-20] server.runner.Tester.test Cactus
13-Apr-2024 11:32:07.460 INFO [http-nio-8080-exec-20] server.runner.Tester.test Output of code: 
13-Apr-2024 11:32:07.460 INFO [http-nio-8080-exec-20] server.runner.Tester.test Cactus
13-Apr-2024 11:32:07.460 INFO [http-nio-8080-exec-20] server.runner.RunnerSystem.cleanUp Error removing file: /Users/tolymbeknurtai/projects/cactus/src/main/java/server/runner/tests/Nurtai.js
13-Apr-2024 11:32:07.460 INFO [http-nio-8080-exec-20] server.runner.RunnerSystem.cleanUp cleaned up the files in runner
13-Apr-2024 11:32:07.460 INFO [http-nio-8080-exec-20] server.servlets.RunTestServlet.doPost tests are passed
13-Apr-2024 11:32:07.460 INFO [http-nio-8080-exec-20] server.servlets.RunTestServlet.doPost sent the results from runservlet
13-Apr-2024 16:22:27.215 INFO [Catalina-utility-1] org.apache.catalina.users.MemoryUserDatabase.backgroundProcess Reloading memory user database [UserDatabase] from updated source [file:/Users/tolymbeknurtai/package/apache-tomcat-10.1.19/conf/tomcat-users.xml]
13-Apr-2024 16:22:27.218 SEVERE [Catalina-utility-1] org.apache.catalina.users.MemoryUserDatabase.open The specified user database [conf/tomcat-users.xml] could not be found
13-Apr-2024 16:22:27.726 INFO [Catalina-utility-1] org.apache.catalina.startup.HostConfig.undeploy Undeploying context []
13-Apr-2024 16:22:27.735 WARNING [Catalina-utility-1] org.apache.catalina.loader.WebappClassLoaderBase.clearReferencesJdbc JDBC driver de-registration failed for web application [ROOT]
	java.lang.NullPointerException: Cannot invoke "java.io.InputStream.read(byte[], int, int)" because "is" is null
		at org.apache.catalina.loader.WebappClassLoaderBase.clearReferencesJdbc(WebappClassLoaderBase.java:1655)
		at org.apache.catalina.loader.WebappClassLoaderBase.clearReferences(WebappClassLoaderBase.java:1599)
		at org.apache.catalina.loader.WebappClassLoaderBase.stop(WebappClassLoaderBase.java:1537)
		at org.apache.catalina.loader.WebappLoader.stopInternal(WebappLoader.java:406)
		at org.apache.catalina.util.LifecycleBase.stop(LifecycleBase.java:242)
		at org.apache.catalina.core.StandardContext.stopInternal(StandardContext.java:5146)
		at org.apache.catalina.util.LifecycleBase.stop(LifecycleBase.java:242)
		at org.apache.catalina.core.ContainerBase.removeChild(ContainerBase.java:766)
		at org.apache.catalina.startup.HostConfig.undeploy(HostConfig.java:1483)
		at org.apache.catalina.startup.HostConfig.checkResources(HostConfig.java:1412)
		at org.apache.catalina.startup.HostConfig.check(HostConfig.java:1665)
		at org.apache.catalina.startup.HostConfig.lifecycleEvent(HostConfig.java:299)
		at org.apache.catalina.util.LifecycleBase.fireLifecycleEvent(LifecycleBase.java:114)
		at org.apache.catalina.core.ContainerBase.backgroundProcess(ContainerBase.java:1098)
		at org.apache.catalina.core.ContainerBase$ContainerBackgroundProcessor.processChildren(ContainerBase.java:1301)
		at org.apache.catalina.core.ContainerBase$ContainerBackgroundProcessor.processChildren(ContainerBase.java:1305)
		at org.apache.catalina.core.ContainerBase$ContainerBackgroundProcessor.run(ContainerBase.java:1283)
		at java.base/java.util.concurrent.Executors$RunnableAdapter.call(Executors.java:572)
		at java.base/java.util.concurrent.FutureTask.runAndReset(FutureTask.java:358)
		at java.base/java.util.concurrent.ScheduledThreadPoolExecutor$ScheduledFutureTask.run(ScheduledThreadPoolExecutor.java:305)
		at java.base/java.util.concurrent.ThreadPoolExecutor.runWorker(ThreadPoolExecutor.java:1144)
		at java.base/java.util.concurrent.ThreadPoolExecutor$Worker.run(ThreadPoolExecutor.java:642)
		at org.apache.tomcat.util.threads.TaskThread$WrappingRunnable.run(TaskThread.java:63)
		at java.base/java.lang.Thread.run(Thread.java:1583)
13-Apr-2024 16:22:27.744 INFO [Catalina-utility-1] org.apache.catalina.startup.HostConfig.undeploy Undeploying context [/codecraft]
13-Apr-2024 16:22:27.746 WARNING [Catalina-utility-1] org.apache.catalina.loader.WebappClassLoaderBase.clearReferencesJdbc JDBC driver de-registration failed for web application [codecraft]
	java.lang.IllegalStateException: java.nio.file.NoSuchFileException: /Users/tolymbeknurtai/package/apache-tomcat-10.1.19/webapps/codecraft/WEB-INF/lib/tomcat-jaspic-api-10.1.19.jar
		at org.apache.catalina.webresources.AbstractSingleArchiveResourceSet.getArchiveEntry(AbstractSingleArchiveResourceSet.java:100)
		at org.apache.catalina.webresources.AbstractArchiveResourceSet.getResource(AbstractArchiveResourceSet.java:249)
		at org.apache.catalina.webresources.StandardRoot.getResourceInternal(StandardRoot.java:272)
		at org.apache.catalina.webresources.Cache.getResource(Cache.java:64)
		at org.apache.catalina.webresources.StandardRoot.getResource(StandardRoot.java:211)
		at org.apache.catalina.webresources.StandardRoot.getClassLoaderResource(StandardRoot.java:220)
		at org.apache.catalina.loader.WebappClassLoaderBase.getResourceAsStream(WebappClassLoaderBase.java:1077)
		at org.apache.catalina.loader.WebappClassLoaderBase.clearReferencesJdbc(WebappClassLoaderBase.java:1654)
		at org.apache.catalina.loader.WebappClassLoaderBase.clearReferences(WebappClassLoaderBase.java:1599)
		at org.apache.catalina.loader.WebappClassLoaderBase.stop(WebappClassLoaderBase.java:1537)
		at org.apache.catalina.loader.WebappLoader.stopInternal(WebappLoader.java:406)
		at org.apache.catalina.util.LifecycleBase.stop(LifecycleBase.java:242)
		at org.apache.catalina.core.StandardContext.stopInternal(StandardContext.java:5146)
		at org.apache.catalina.util.LifecycleBase.stop(LifecycleBase.java:242)
		at org.apache.catalina.core.ContainerBase.removeChild(ContainerBase.java:766)
		at org.apache.catalina.startup.HostConfig.undeploy(HostConfig.java:1483)
		at org.apache.catalina.startup.HostConfig.checkResources(HostConfig.java:1412)
		at org.apache.catalina.startup.HostConfig.check(HostConfig.java:1665)
		at org.apache.catalina.startup.HostConfig.lifecycleEvent(HostConfig.java:299)
		at org.apache.catalina.util.LifecycleBase.fireLifecycleEvent(LifecycleBase.java:114)
		at org.apache.catalina.core.ContainerBase.backgroundProcess(ContainerBase.java:1098)
		at org.apache.catalina.core.ContainerBase$ContainerBackgroundProcessor.processChildren(ContainerBase.java:1301)
		at org.apache.catalina.core.ContainerBase$ContainerBackgroundProcessor.processChildren(ContainerBase.java:1305)
		at org.apache.catalina.core.ContainerBase$ContainerBackgroundProcessor.run(ContainerBase.java:1283)
		at java.base/java.util.concurrent.Executors$RunnableAdapter.call(Executors.java:572)
		at java.base/java.util.concurrent.FutureTask.runAndReset(FutureTask.java:358)
		at java.base/java.util.concurrent.ScheduledThreadPoolExecutor$ScheduledFutureTask.run(ScheduledThreadPoolExecutor.java:305)
		at java.base/java.util.concurrent.ThreadPoolExecutor.runWorker(ThreadPoolExecutor.java:1144)
		at java.base/java.util.concurrent.ThreadPoolExecutor$Worker.run(ThreadPoolExecutor.java:642)
		at org.apache.tomcat.util.threads.TaskThread$WrappingRunnable.run(TaskThread.java:63)
		at java.base/java.lang.Thread.run(Thread.java:1583)
	Caused by: java.nio.file.NoSuchFileException: /Users/tolymbeknurtai/package/apache-tomcat-10.1.19/webapps/codecraft/WEB-INF/lib/tomcat-jaspic-api-10.1.19.jar
		at java.base/sun.nio.fs.UnixException.translateToIOException(UnixException.java:92)
		at java.base/sun.nio.fs.UnixException.rethrowAsIOException(UnixException.java:106)
		at java.base/sun.nio.fs.UnixException.rethrowAsIOException(UnixException.java:111)
		at java.base/sun.nio.fs.UnixFileAttributeViews$Basic.readAttributes(UnixFileAttributeViews.java:55)
		at java.base/sun.nio.fs.UnixFileSystemProvider.readAttributes(UnixFileSystemProvider.java:171)
		at java.base/java.nio.file.Files.readAttributes(Files.java:1853)
		at java.base/java.util.zip.ZipFile$Source.get(ZipFile.java:1445)
		at java.base/java.util.zip.ZipFile$CleanableResource.<init>(ZipFile.java:724)
		at java.base/java.util.zip.ZipFile.<init>(ZipFile.java:251)
		at java.base/java.util.zip.ZipFile.<init>(ZipFile.java:180)
		at java.base/java.util.jar.JarFile.<init>(JarFile.java:345)
		at org.apache.catalina.webresources.AbstractArchiveResourceSet.openJarFile(AbstractArchiveResourceSet.java:299)
		at org.apache.catalina.webresources.AbstractSingleArchiveResourceSet.getArchiveEntry(AbstractSingleArchiveResourceSet.java:96)
		... 30 more
13-Apr-2024 16:22:27.757 INFO [Catalina-utility-1] org.apache.catalina.startup.HostConfig.undeploy Undeploying context [/servlets-1.0-SNAPSHOT]
13-Apr-2024 16:22:27.758 WARNING [Catalina-utility-1] org.apache.catalina.loader.WebappClassLoaderBase.clearReferencesJdbc JDBC driver de-registration failed for web application [servlets-1.0-SNAPSHOT]
	java.lang.NullPointerException: Cannot invoke "java.io.InputStream.read(byte[], int, int)" because "is" is null
		at org.apache.catalina.loader.WebappClassLoaderBase.clearReferencesJdbc(WebappClassLoaderBase.java:1655)
		at org.apache.catalina.loader.WebappClassLoaderBase.clearReferences(WebappClassLoaderBase.java:1599)
		at org.apache.catalina.loader.WebappClassLoaderBase.stop(WebappClassLoaderBase.java:1537)
		at org.apache.catalina.loader.WebappLoader.stopInternal(WebappLoader.java:406)
		at org.apache.catalina.util.LifecycleBase.stop(LifecycleBase.java:242)
		at org.apache.catalina.core.StandardContext.stopInternal(StandardContext.java:5146)
		at org.apache.catalina.util.LifecycleBase.stop(LifecycleBase.java:242)
		at org.apache.catalina.core.ContainerBase.removeChild(ContainerBase.java:766)
		at org.apache.catalina.startup.HostConfig.undeploy(HostConfig.java:1483)
		at org.apache.catalina.startup.HostConfig.checkResources(HostConfig.java:1412)
		at org.apache.catalina.startup.HostConfig.check(HostConfig.java:1665)
		at org.apache.catalina.startup.HostConfig.lifecycleEvent(HostConfig.java:299)
		at org.apache.catalina.util.LifecycleBase.fireLifecycleEvent(LifecycleBase.java:114)
		at org.apache.catalina.core.ContainerBase.backgroundProcess(ContainerBase.java:1098)
		at org.apache.catalina.core.ContainerBase$ContainerBackgroundProcessor.processChildren(ContainerBase.java:1301)
		at org.apache.catalina.core.ContainerBase$ContainerBackgroundProcessor.processChildren(ContainerBase.java:1305)
		at org.apache.catalina.core.ContainerBase$ContainerBackgroundProcessor.run(ContainerBase.java:1283)
		at java.base/java.util.concurrent.Executors$RunnableAdapter.call(Executors.java:572)
		at java.base/java.util.concurrent.FutureTask.runAndReset(FutureTask.java:358)
		at java.base/java.util.concurrent.ScheduledThreadPoolExecutor$ScheduledFutureTask.run(ScheduledThreadPoolExecutor.java:305)
		at java.base/java.util.concurrent.ThreadPoolExecutor.runWorker(ThreadPoolExecutor.java:1144)
		at java.base/java.util.concurrent.ThreadPoolExecutor$Worker.run(ThreadPoolExecutor.java:642)
		at org.apache.tomcat.util.threads.TaskThread$WrappingRunnable.run(TaskThread.java:63)
		at java.base/java.lang.Thread.run(Thread.java:1583)
13-Apr-2024 16:22:28.264 INFO [Catalina-utility-1] org.apache.catalina.startup.HostConfig.undeploy Undeploying context [/examples]
13-Apr-2024 16:22:28.273 WARNING [Catalina-utility-1] org.apache.catalina.loader.WebappClassLoaderBase.clearReferencesJdbc JDBC driver de-registration failed for web application [examples]
	java.lang.IllegalStateException: java.nio.file.NoSuchFileException: /Users/tolymbeknurtai/package/apache-tomcat-10.1.19/webapps/examples/WEB-INF/lib/taglibs-standard-spec-1.2.5-migrated-0.0.1.jar
		at org.apache.catalina.webresources.AbstractSingleArchiveResourceSet.getArchiveEntry(AbstractSingleArchiveResourceSet.java:100)
		at org.apache.catalina.webresources.AbstractArchiveResourceSet.getResource(AbstractArchiveResourceSet.java:249)
		at org.apache.catalina.webresources.StandardRoot.getResourceInternal(StandardRoot.java:272)
		at org.apache.catalina.webresources.Cache.getResource(Cache.java:64)
		at org.apache.catalina.webresources.StandardRoot.getResource(StandardRoot.java:211)
		at org.apache.catalina.webresources.StandardRoot.getClassLoaderResource(StandardRoot.java:220)
		at org.apache.catalina.loader.WebappClassLoaderBase.getResourceAsStream(WebappClassLoaderBase.java:1077)
		at org.apache.catalina.loader.WebappClassLoaderBase.clearReferencesJdbc(WebappClassLoaderBase.java:1654)
		at org.apache.catalina.loader.WebappClassLoaderBase.clearReferences(WebappClassLoaderBase.java:1599)
		at org.apache.catalina.loader.WebappClassLoaderBase.stop(WebappClassLoaderBase.java:1537)
		at org.apache.catalina.loader.WebappLoader.stopInternal(WebappLoader.java:406)
		at org.apache.catalina.util.LifecycleBase.stop(LifecycleBase.java:242)
		at org.apache.catalina.core.StandardContext.stopInternal(StandardContext.java:5146)
		at org.apache.catalina.util.LifecycleBase.stop(LifecycleBase.java:242)
		at org.apache.catalina.core.ContainerBase.removeChild(ContainerBase.java:766)
		at org.apache.catalina.startup.HostConfig.undeploy(HostConfig.java:1483)
		at org.apache.catalina.startup.HostConfig.checkResources(HostConfig.java:1412)
		at org.apache.catalina.startup.HostConfig.check(HostConfig.java:1665)
		at org.apache.catalina.startup.HostConfig.lifecycleEvent(HostConfig.java:299)
		at org.apache.catalina.util.LifecycleBase.fireLifecycleEvent(LifecycleBase.java:114)
		at org.apache.catalina.core.ContainerBase.backgroundProcess(ContainerBase.java:1098)
		at org.apache.catalina.core.ContainerBase$ContainerBackgroundProcessor.processChildren(ContainerBase.java:1301)
		at org.apache.catalina.core.ContainerBase$ContainerBackgroundProcessor.processChildren(ContainerBase.java:1305)
		at org.apache.catalina.core.ContainerBase$ContainerBackgroundProcessor.run(ContainerBase.java:1283)
		at java.base/java.util.concurrent.Executors$RunnableAdapter.call(Executors.java:572)
		at java.base/java.util.concurrent.FutureTask.runAndReset(FutureTask.java:358)
		at java.base/java.util.concurrent.ScheduledThreadPoolExecutor$ScheduledFutureTask.run(ScheduledThreadPoolExecutor.java:305)
		at java.base/java.util.concurrent.ThreadPoolExecutor.runWorker(ThreadPoolExecutor.java:1144)
		at java.base/java.util.concurrent.ThreadPoolExecutor$Worker.run(ThreadPoolExecutor.java:642)
		at org.apache.tomcat.util.threads.TaskThread$WrappingRunnable.run(TaskThread.java:63)
		at java.base/java.lang.Thread.run(Thread.java:1583)
	Caused by: java.nio.file.NoSuchFileException: /Users/tolymbeknurtai/package/apache-tomcat-10.1.19/webapps/examples/WEB-INF/lib/taglibs-standard-spec-1.2.5-migrated-0.0.1.jar
		at java.base/sun.nio.fs.UnixException.translateToIOException(UnixException.java:92)
		at java.base/sun.nio.fs.UnixException.rethrowAsIOException(UnixException.java:106)
		at java.base/sun.nio.fs.UnixException.rethrowAsIOException(UnixException.java:111)
		at java.base/sun.nio.fs.UnixFileAttributeViews$Basic.readAttributes(UnixFileAttributeViews.java:55)
		at java.base/sun.nio.fs.UnixFileSystemProvider.readAttributes(UnixFileSystemProvider.java:171)
		at java.base/java.nio.file.Files.readAttributes(Files.java:1853)
		at java.base/java.util.zip.ZipFile$Source.get(ZipFile.java:1445)
		at java.base/java.util.zip.ZipFile$CleanableResource.<init>(ZipFile.java:724)
		at java.base/java.util.zip.ZipFile.<init>(ZipFile.java:251)
		at java.base/java.util.zip.ZipFile.<init>(ZipFile.java:180)
		at java.base/java.util.jar.JarFile.<init>(JarFile.java:345)
		at org.apache.catalina.webresources.AbstractArchiveResourceSet.openJarFile(AbstractArchiveResourceSet.java:299)
		at org.apache.catalina.webresources.AbstractSingleArchiveResourceSet.getArchiveEntry(AbstractSingleArchiveResourceSet.java:96)
		... 30 more
13-Apr-2024 16:22:28.781 INFO [Catalina-utility-1] org.apache.catalina.startup.HostConfig.undeploy Undeploying context [/host-manager]
13-Apr-2024 16:22:28.784 WARNING [Catalina-utility-1] org.apache.catalina.loader.WebappClassLoaderBase.clearReferencesJdbc JDBC driver de-registration failed for web application [host-manager]
	java.lang.NullPointerException: Cannot invoke "java.io.InputStream.read(byte[], int, int)" because "is" is null
		at org.apache.catalina.loader.WebappClassLoaderBase.clearReferencesJdbc(WebappClassLoaderBase.java:1655)
		at org.apache.catalina.loader.WebappClassLoaderBase.clearReferences(WebappClassLoaderBase.java:1599)
		at org.apache.catalina.loader.WebappClassLoaderBase.stop(WebappClassLoaderBase.java:1537)
		at org.apache.catalina.loader.WebappLoader.stopInternal(WebappLoader.java:406)
		at org.apache.catalina.util.LifecycleBase.stop(LifecycleBase.java:242)
		at org.apache.catalina.core.StandardContext.stopInternal(StandardContext.java:5146)
		at org.apache.catalina.util.LifecycleBase.stop(LifecycleBase.java:242)
		at org.apache.catalina.core.ContainerBase.removeChild(ContainerBase.java:766)
		at org.apache.catalina.startup.HostConfig.undeploy(HostConfig.java:1483)
		at org.apache.catalina.startup.HostConfig.checkResources(HostConfig.java:1412)
		at org.apache.catalina.startup.HostConfig.check(HostConfig.java:1665)
		at org.apache.catalina.startup.HostConfig.lifecycleEvent(HostConfig.java:299)
		at org.apache.catalina.util.LifecycleBase.fireLifecycleEvent(LifecycleBase.java:114)
		at org.apache.catalina.core.ContainerBase.backgroundProcess(ContainerBase.java:1098)
		at org.apache.catalina.core.ContainerBase$ContainerBackgroundProcessor.processChildren(ContainerBase.java:1301)
		at org.apache.catalina.core.ContainerBase$ContainerBackgroundProcessor.processChildren(ContainerBase.java:1305)
		at org.apache.catalina.core.ContainerBase$ContainerBackgroundProcessor.run(ContainerBase.java:1283)
		at java.base/java.util.concurrent.Executors$RunnableAdapter.call(Executors.java:572)
		at java.base/java.util.concurrent.FutureTask.runAndReset(FutureTask.java:358)
		at java.base/java.util.concurrent.ScheduledThreadPoolExecutor$ScheduledFutureTask.run(ScheduledThreadPoolExecutor.java:305)
		at java.base/java.util.concurrent.ThreadPoolExecutor.runWorker(ThreadPoolExecutor.java:1144)
		at java.base/java.util.concurrent.ThreadPoolExecutor$Worker.run(ThreadPoolExecutor.java:642)
		at org.apache.tomcat.util.threads.TaskThread$WrappingRunnable.run(TaskThread.java:63)
		at java.base/java.lang.Thread.run(Thread.java:1583)
13-Apr-2024 16:22:29.292 INFO [Catalina-utility-1] org.apache.catalina.startup.HostConfig.undeploy Undeploying context [/manager]
13-Apr-2024 16:22:29.294 WARNING [Catalina-utility-1] org.apache.catalina.loader.WebappClassLoaderBase.clearReferencesJdbc JDBC driver de-registration failed for web application [manager]
	java.lang.NullPointerException: Cannot invoke "java.io.InputStream.read(byte[], int, int)" because "is" is null
		at org.apache.catalina.loader.WebappClassLoaderBase.clearReferencesJdbc(WebappClassLoaderBase.java:1655)
		at org.apache.catalina.loader.WebappClassLoaderBase.clearReferences(WebappClassLoaderBase.java:1599)
		at org.apache.catalina.loader.WebappClassLoaderBase.stop(WebappClassLoaderBase.java:1537)
		at org.apache.catalina.loader.WebappLoader.stopInternal(WebappLoader.java:406)
		at org.apache.catalina.util.LifecycleBase.stop(LifecycleBase.java:242)
		at org.apache.catalina.core.StandardContext.stopInternal(StandardContext.java:5146)
		at org.apache.catalina.util.LifecycleBase.stop(LifecycleBase.java:242)
		at org.apache.catalina.core.ContainerBase.removeChild(ContainerBase.java:766)
		at org.apache.catalina.startup.HostConfig.undeploy(HostConfig.java:1483)
		at org.apache.catalina.startup.HostConfig.checkResources(HostConfig.java:1412)
		at org.apache.catalina.startup.HostConfig.check(HostConfig.java:1665)
		at org.apache.catalina.startup.HostConfig.lifecycleEvent(HostConfig.java:299)
		at org.apache.catalina.util.LifecycleBase.fireLifecycleEvent(LifecycleBase.java:114)
		at org.apache.catalina.core.ContainerBase.backgroundProcess(ContainerBase.java:1098)
		at org.apache.catalina.core.ContainerBase$ContainerBackgroundProcessor.processChildren(ContainerBase.java:1301)
		at org.apache.catalina.core.ContainerBase$ContainerBackgroundProcessor.processChildren(ContainerBase.java:1305)
		at org.apache.catalina.core.ContainerBase$ContainerBackgroundProcessor.run(ContainerBase.java:1283)
		at java.base/java.util.concurrent.Executors$RunnableAdapter.call(Executors.java:572)
		at java.base/java.util.concurrent.FutureTask.runAndReset(FutureTask.java:358)
		at java.base/java.util.concurrent.ScheduledThreadPoolExecutor$ScheduledFutureTask.run(ScheduledThreadPoolExecutor.java:305)
		at java.base/java.util.concurrent.ThreadPoolExecutor.runWorker(ThreadPoolExecutor.java:1144)
		at java.base/java.util.concurrent.ThreadPoolExecutor$Worker.run(ThreadPoolExecutor.java:642)
		at org.apache.tomcat.util.threads.TaskThread$WrappingRunnable.run(TaskThread.java:63)
		at java.base/java.lang.Thread.run(Thread.java:1583)
13-Apr-2024 16:22:29.803 INFO [Catalina-utility-1] org.apache.catalina.startup.HostConfig.undeploy Undeploying context [/docs]
13-Apr-2024 16:22:29.807 WARNING [Catalina-utility-1] org.apache.catalina.loader.WebappClassLoaderBase.clearReferencesJdbc JDBC driver de-registration failed for web application [docs]
	java.lang.NullPointerException: Cannot invoke "java.io.InputStream.read(byte[], int, int)" because "is" is null
		at org.apache.catalina.loader.WebappClassLoaderBase.clearReferencesJdbc(WebappClassLoaderBase.java:1655)
		at org.apache.catalina.loader.WebappClassLoaderBase.clearReferences(WebappClassLoaderBase.java:1599)
		at org.apache.catalina.loader.WebappClassLoaderBase.stop(WebappClassLoaderBase.java:1537)
		at org.apache.catalina.loader.WebappLoader.stopInternal(WebappLoader.java:406)
		at org.apache.catalina.util.LifecycleBase.stop(LifecycleBase.java:242)
		at org.apache.catalina.core.StandardContext.stopInternal(StandardContext.java:5146)
		at org.apache.catalina.util.LifecycleBase.stop(LifecycleBase.java:242)
		at org.apache.catalina.core.ContainerBase.removeChild(ContainerBase.java:766)
		at org.apache.catalina.startup.HostConfig.undeploy(HostConfig.java:1483)
		at org.apache.catalina.startup.HostConfig.checkResources(HostConfig.java:1412)
		at org.apache.catalina.startup.HostConfig.check(HostConfig.java:1665)
		at org.apache.catalina.startup.HostConfig.lifecycleEvent(HostConfig.java:299)
		at org.apache.catalina.util.LifecycleBase.fireLifecycleEvent(LifecycleBase.java:114)
		at org.apache.catalina.core.ContainerBase.backgroundProcess(ContainerBase.java:1098)
		at org.apache.catalina.core.ContainerBase$ContainerBackgroundProcessor.processChildren(ContainerBase.java:1301)
		at org.apache.catalina.core.ContainerBase$ContainerBackgroundProcessor.processChildren(ContainerBase.java:1305)
		at org.apache.catalina.core.ContainerBase$ContainerBackgroundProcessor.run(ContainerBase.java:1283)
		at java.base/java.util.concurrent.Executors$RunnableAdapter.call(Executors.java:572)
		at java.base/java.util.concurrent.FutureTask.runAndReset(FutureTask.java:358)
		at java.base/java.util.concurrent.ScheduledThreadPoolExecutor$ScheduledFutureTask.run(ScheduledThreadPoolExecutor.java:305)
		at java.base/java.util.concurrent.ThreadPoolExecutor.runWorker(ThreadPoolExecutor.java:1144)
		at java.base/java.util.concurrent.ThreadPoolExecutor$Worker.run(ThreadPoolExecutor.java:642)
		at org.apache.tomcat.util.threads.TaskThread$WrappingRunnable.run(TaskThread.java:63)
		at java.base/java.lang.Thread.run(Thread.java:1583)
13-Apr-2024 17:10:55.332 INFO [main] org.apache.catalina.startup.VersionLoggerListener.log Server version name:   Apache Tomcat/10.1.19
13-Apr-2024 17:10:55.335 INFO [main] org.apache.catalina.startup.VersionLoggerListener.log Server built:          Feb 14 2024 19:36:50 UTC
13-Apr-2024 17:10:55.335 INFO [main] org.apache.catalina.startup.VersionLoggerListener.log Server version number: 10.1.19.0
13-Apr-2024 17:10:55.335 INFO [main] org.apache.catalina.startup.VersionLoggerListener.log OS Name:               Mac OS X
13-Apr-2024 17:10:55.335 INFO [main] org.apache.catalina.startup.VersionLoggerListener.log OS Version:            14.4.1
13-Apr-2024 17:10:55.335 INFO [main] org.apache.catalina.startup.VersionLoggerListener.log Architecture:          aarch64
13-Apr-2024 17:10:55.335 INFO [main] org.apache.catalina.startup.VersionLoggerListener.log Java Home:             /opt/homebrew/Cellar/openjdk/21.0.2/libexec/openjdk.jdk/Contents/Home
13-Apr-2024 17:10:55.335 INFO [main] org.apache.catalina.startup.VersionLoggerListener.log JVM Version:           21.0.2
13-Apr-2024 17:10:55.336 INFO [main] org.apache.catalina.startup.VersionLoggerListener.log JVM Vendor:            Homebrew
13-Apr-2024 17:10:55.336 INFO [main] org.apache.catalina.startup.VersionLoggerListener.log CATALINA_BASE:         /Users/tolymbeknurtai/projects/package/apache-tomcat-10.1.19
13-Apr-2024 17:10:55.336 INFO [main] org.apache.catalina.startup.VersionLoggerListener.log CATALINA_HOME:         /Users/tolymbeknurtai/projects/package/apache-tomcat-10.1.19
13-Apr-2024 17:10:55.343 INFO [main] org.apache.catalina.startup.VersionLoggerListener.log Command line argument: -Djava.util.logging.config.file=/Users/tolymbeknurtai/projects/package/apache-tomcat-10.1.19/conf/logging.properties
13-Apr-2024 17:10:55.343 INFO [main] org.apache.catalina.startup.VersionLoggerListener.log Command line argument: -Djava.util.logging.manager=org.apache.juli.ClassLoaderLogManager
13-Apr-2024 17:10:55.343 INFO [main] org.apache.catalina.startup.VersionLoggerListener.log Command line argument: -Djdk.tls.ephemeralDHKeySize=2048
13-Apr-2024 17:10:55.344 INFO [main] org.apache.catalina.startup.VersionLoggerListener.log Command line argument: -Djava.protocol.handler.pkgs=org.apache.catalina.webresources
13-Apr-2024 17:10:55.344 INFO [main] org.apache.catalina.startup.VersionLoggerListener.log Command line argument: -Dorg.apache.catalina.security.SecurityListener.UMASK=0027
13-Apr-2024 17:10:55.344 INFO [main] org.apache.catalina.startup.VersionLoggerListener.log Command line argument: --add-opens=java.base/java.lang=ALL-UNNAMED
13-Apr-2024 17:10:55.344 INFO [main] org.apache.catalina.startup.VersionLoggerListener.log Command line argument: --add-opens=java.base/java.io=ALL-UNNAMED
13-Apr-2024 17:10:55.344 INFO [main] org.apache.catalina.startup.VersionLoggerListener.log Command line argument: --add-opens=java.base/java.util=ALL-UNNAMED
13-Apr-2024 17:10:55.344 INFO [main] org.apache.catalina.startup.VersionLoggerListener.log Command line argument: --add-opens=java.base/java.util.concurrent=ALL-UNNAMED
13-Apr-2024 17:10:55.344 INFO [main] org.apache.catalina.startup.VersionLoggerListener.log Command line argument: --add-opens=java.rmi/sun.rmi.transport=ALL-UNNAMED
13-Apr-2024 17:10:55.344 INFO [main] org.apache.catalina.startup.VersionLoggerListener.log Command line argument: -Dcatalina.base=/Users/tolymbeknurtai/projects/package/apache-tomcat-10.1.19
13-Apr-2024 17:10:55.344 INFO [main] org.apache.catalina.startup.VersionLoggerListener.log Command line argument: -Dcatalina.home=/Users/tolymbeknurtai/projects/package/apache-tomcat-10.1.19
13-Apr-2024 17:10:55.344 INFO [main] org.apache.catalina.startup.VersionLoggerListener.log Command line argument: -Djava.io.tmpdir=/Users/tolymbeknurtai/projects/package/apache-tomcat-10.1.19/temp
13-Apr-2024 17:10:55.350 INFO [main] org.apache.catalina.core.AprLifecycleListener.lifecycleEvent The Apache Tomcat Native library which allows using OpenSSL was not found on the java.library.path: [/Users/tolymbeknurtai/Library/Java/Extensions:/Library/Java/Extensions:/Network/Library/Java/Extensions:/System/Library/Java/Extensions:/usr/lib/java:.]
13-Apr-2024 17:10:55.517 INFO [main] org.apache.coyote.AbstractProtocol.init Initializing ProtocolHandler ["http-nio-8080"]
13-Apr-2024 17:10:55.528 SEVERE [main] org.apache.catalina.util.LifecycleBase.handleSubClassException Failed to initialize component [Connector["http-nio-8080"]]
	org.apache.catalina.LifecycleException: Protocol handler initialization failed
		at org.apache.catalina.connector.Connector.initInternal(Connector.java:1015)
		at org.apache.catalina.util.LifecycleBase.init(LifecycleBase.java:127)
		at org.apache.catalina.core.StandardService.initInternal(StandardService.java:554)
		at org.apache.catalina.util.LifecycleBase.init(LifecycleBase.java:127)
		at org.apache.catalina.core.StandardServer.initInternal(StandardServer.java:1017)
		at org.apache.catalina.util.LifecycleBase.init(LifecycleBase.java:127)
		at org.apache.catalina.startup.Catalina.load(Catalina.java:708)
		at org.apache.catalina.startup.Catalina.load(Catalina.java:731)
		at java.base/jdk.internal.reflect.DirectMethodHandleAccessor.invoke(DirectMethodHandleAccessor.java:103)
		at java.base/java.lang.reflect.Method.invoke(Method.java:580)
		at org.apache.catalina.startup.Bootstrap.load(Bootstrap.java:302)
		at org.apache.catalina.startup.Bootstrap.main(Bootstrap.java:475)
	Caused by: java.net.BindException: Address already in use
		at java.base/sun.nio.ch.Net.bind0(Native Method)
		at java.base/sun.nio.ch.Net.bind(Net.java:565)
		at java.base/sun.nio.ch.ServerSocketChannelImpl.netBind(ServerSocketChannelImpl.java:344)
		at java.base/sun.nio.ch.ServerSocketChannelImpl.bind(ServerSocketChannelImpl.java:301)
		at org.apache.tomcat.util.net.NioEndpoint.initServerSocket(NioEndpoint.java:247)
		at org.apache.tomcat.util.net.NioEndpoint.bind(NioEndpoint.java:202)
		at org.apache.tomcat.util.net.AbstractEndpoint.bindWithCleanup(AbstractEndpoint.java:1282)
		at org.apache.tomcat.util.net.AbstractEndpoint.init(AbstractEndpoint.java:1295)
		at org.apache.coyote.AbstractProtocol.init(AbstractProtocol.java:624)
		at org.apache.coyote.http11.AbstractHttp11Protocol.init(AbstractHttp11Protocol.java:77)
		at org.apache.catalina.connector.Connector.initInternal(Connector.java:1013)
		... 11 more
13-Apr-2024 17:10:55.529 INFO [main] org.apache.catalina.startup.Catalina.load Server initialization in [302] milliseconds
13-Apr-2024 17:10:55.549 INFO [main] org.apache.catalina.core.StandardService.startInternal Starting service [Catalina]
13-Apr-2024 17:10:55.549 INFO [main] org.apache.catalina.core.StandardEngine.startInternal Starting Servlet engine: [Apache Tomcat/10.1.19]
13-Apr-2024 17:10:55.565 INFO [main] org.apache.catalina.startup.HostConfig.deployWAR Deploying web application archive [/Users/tolymbeknurtai/projects/package/apache-tomcat-10.1.19/webapps/servlets-1.0-SNAPSHOT.war]
13-Apr-2024 17:10:55.724 INFO [main] org.apache.catalina.startup.HostConfig.deployWAR Deployment of web application archive [/Users/tolymbeknurtai/projects/package/apache-tomcat-10.1.19/webapps/servlets-1.0-SNAPSHOT.war] has finished in [158] ms
13-Apr-2024 17:10:55.725 INFO [main] org.apache.catalina.startup.HostConfig.deployWAR Deploying web application archive [/Users/tolymbeknurtai/projects/package/apache-tomcat-10.1.19/webapps/codecraft.war]
13-Apr-2024 17:10:55.961 INFO [main] org.apache.jasper.servlet.TldScanner.scanJars At least one JAR was scanned for TLDs yet contained no TLDs. Enable debug logging for this logger for a complete list of JARs that were scanned but no TLDs were found in them. Skipping unneeded JARs during scanning can improve startup time and JSP compilation time.
13-Apr-2024 17:10:55.963 INFO [main] org.apache.catalina.startup.HostConfig.deployWAR Deployment of web application archive [/Users/tolymbeknurtai/projects/package/apache-tomcat-10.1.19/webapps/codecraft.war] has finished in [238] ms
13-Apr-2024 17:10:55.963 INFO [main] org.apache.catalina.startup.HostConfig.deployDirectory Deploying web application directory [/Users/tolymbeknurtai/projects/package/apache-tomcat-10.1.19/webapps/docs]
13-Apr-2024 17:10:55.973 INFO [main] org.apache.catalina.startup.HostConfig.deployDirectory Deployment of web application directory [/Users/tolymbeknurtai/projects/package/apache-tomcat-10.1.19/webapps/docs] has finished in [10] ms
13-Apr-2024 17:10:55.973 INFO [main] org.apache.catalina.startup.HostConfig.deployDirectory Deploying web application directory [/Users/tolymbeknurtai/projects/package/apache-tomcat-10.1.19/webapps/manager]
13-Apr-2024 17:10:55.986 INFO [main] org.apache.catalina.startup.HostConfig.deployDirectory Deployment of web application directory [/Users/tolymbeknurtai/projects/package/apache-tomcat-10.1.19/webapps/manager] has finished in [13] ms
13-Apr-2024 17:10:55.986 INFO [main] org.apache.catalina.startup.HostConfig.deployDirectory Deploying web application directory [/Users/tolymbeknurtai/projects/package/apache-tomcat-10.1.19/webapps/examples]
13-Apr-2024 17:10:56.079 INFO [main] org.apache.catalina.startup.HostConfig.deployDirectory Deployment of web application directory [/Users/tolymbeknurtai/projects/package/apache-tomcat-10.1.19/webapps/examples] has finished in [93] ms
13-Apr-2024 17:10:56.079 INFO [main] org.apache.catalina.startup.HostConfig.deployDirectory Deploying web application directory [/Users/tolymbeknurtai/projects/package/apache-tomcat-10.1.19/webapps/ROOT]
13-Apr-2024 17:10:56.085 INFO [main] org.apache.catalina.startup.HostConfig.deployDirectory Deployment of web application directory [/Users/tolymbeknurtai/projects/package/apache-tomcat-10.1.19/webapps/ROOT] has finished in [6] ms
13-Apr-2024 17:10:56.085 INFO [main] org.apache.catalina.startup.HostConfig.deployDirectory Deploying web application directory [/Users/tolymbeknurtai/projects/package/apache-tomcat-10.1.19/webapps/host-manager]
13-Apr-2024 17:10:56.093 INFO [main] org.apache.catalina.startup.HostConfig.deployDirectory Deployment of web application directory [/Users/tolymbeknurtai/projects/package/apache-tomcat-10.1.19/webapps/host-manager] has finished in [8] ms
13-Apr-2024 17:10:56.095 INFO [main] org.apache.catalina.startup.Catalina.start Server startup in [566] milliseconds
13-Apr-2024 17:10:56.098 SEVERE [main] org.apache.catalina.core.StandardServer.await Failed to create server shutdown socket on address [localhost] and port [8005] (base port [8005] and offset [0])
	java.net.BindException: Address already in use
		at java.base/sun.nio.ch.Net.bind0(Native Method)
		at java.base/sun.nio.ch.Net.bind(Net.java:565)
		at java.base/sun.nio.ch.Net.bind(Net.java:554)
		at java.base/sun.nio.ch.NioSocketImpl.bind(NioSocketImpl.java:636)
		at java.base/java.net.ServerSocket.bind(ServerSocket.java:391)
		at java.base/java.net.ServerSocket.<init>(ServerSocket.java:278)
		at org.apache.catalina.core.StandardServer.await(StandardServer.java:577)
		at org.apache.catalina.startup.Catalina.await(Catalina.java:847)
		at org.apache.catalina.startup.Catalina.start(Catalina.java:795)
		at java.base/jdk.internal.reflect.DirectMethodHandleAccessor.invoke(DirectMethodHandleAccessor.java:103)
		at java.base/java.lang.reflect.Method.invoke(Method.java:580)
		at org.apache.catalina.startup.Bootstrap.start(Bootstrap.java:345)
		at org.apache.catalina.startup.Bootstrap.main(Bootstrap.java:476)
13-Apr-2024 17:10:56.098 INFO [main] org.apache.coyote.AbstractProtocol.pause Pausing ProtocolHandler ["http-nio-8080"]
13-Apr-2024 17:10:56.098 INFO [main] org.apache.catalina.core.StandardService.stopInternal Stopping service [Catalina]
13-Apr-2024 17:10:56.110 INFO [main] org.apache.coyote.AbstractProtocol.stop Stopping ProtocolHandler ["http-nio-8080"]
13-Apr-2024 17:10:56.110 INFO [main] org.apache.coyote.AbstractProtocol.destroy Destroying ProtocolHandler ["http-nio-8080"]
13-Apr-2024 17:13:29.974 INFO [main] org.apache.catalina.core.StandardServer.await A valid shutdown command was received via the shutdown port. Stopping the Server instance.
13-Apr-2024 17:13:29.975 INFO [main] org.apache.coyote.AbstractProtocol.pause Pausing ProtocolHandler ["http-nio-8080"]
13-Apr-2024 17:13:29.976 INFO [main] org.apache.catalina.core.StandardService.stopInternal Stopping service [Catalina]
13-Apr-2024 17:13:29.978 INFO [main] org.apache.coyote.AbstractProtocol.stop Stopping ProtocolHandler ["http-nio-8080"]
13-Apr-2024 17:13:29.990 INFO [main] org.apache.coyote.AbstractProtocol.destroy Destroying ProtocolHandler ["http-nio-8080"]
13-Apr-2024 17:13:33.689 INFO [main] org.apache.catalina.startup.VersionLoggerListener.log Server version name:   Apache Tomcat/10.1.19
13-Apr-2024 17:13:33.691 INFO [main] org.apache.catalina.startup.VersionLoggerListener.log Server built:          Feb 14 2024 19:36:50 UTC
13-Apr-2024 17:13:33.691 INFO [main] org.apache.catalina.startup.VersionLoggerListener.log Server version number: 10.1.19.0
13-Apr-2024 17:13:33.691 INFO [main] org.apache.catalina.startup.VersionLoggerListener.log OS Name:               Mac OS X
13-Apr-2024 17:13:33.691 INFO [main] org.apache.catalina.startup.VersionLoggerListener.log OS Version:            14.4.1
13-Apr-2024 17:13:33.691 INFO [main] org.apache.catalina.startup.VersionLoggerListener.log Architecture:          aarch64
13-Apr-2024 17:13:33.691 INFO [main] org.apache.catalina.startup.VersionLoggerListener.log Java Home:             /opt/homebrew/Cellar/openjdk/21.0.2/libexec/openjdk.jdk/Contents/Home
13-Apr-2024 17:13:33.691 INFO [main] org.apache.catalina.startup.VersionLoggerListener.log JVM Version:           21.0.2
13-Apr-2024 17:13:33.691 INFO [main] org.apache.catalina.startup.VersionLoggerListener.log JVM Vendor:            Homebrew
13-Apr-2024 17:13:33.691 INFO [main] org.apache.catalina.startup.VersionLoggerListener.log CATALINA_BASE:         /Users/tolymbeknurtai/projects/package/apache-tomcat-10.1.19
13-Apr-2024 17:13:33.691 INFO [main] org.apache.catalina.startup.VersionLoggerListener.log CATALINA_HOME:         /Users/tolymbeknurtai/projects/package/apache-tomcat-10.1.19
13-Apr-2024 17:13:33.697 INFO [main] org.apache.catalina.startup.VersionLoggerListener.log Command line argument: -Djava.util.logging.config.file=/Users/tolymbeknurtai/projects/package/apache-tomcat-10.1.19/conf/logging.properties
13-Apr-2024 17:13:33.697 INFO [main] org.apache.catalina.startup.VersionLoggerListener.log Command line argument: -Djava.util.logging.manager=org.apache.juli.ClassLoaderLogManager
13-Apr-2024 17:13:33.697 INFO [main] org.apache.catalina.startup.VersionLoggerListener.log Command line argument: -Djdk.tls.ephemeralDHKeySize=2048
13-Apr-2024 17:13:33.697 INFO [main] org.apache.catalina.startup.VersionLoggerListener.log Command line argument: -Djava.protocol.handler.pkgs=org.apache.catalina.webresources
13-Apr-2024 17:13:33.697 INFO [main] org.apache.catalina.startup.VersionLoggerListener.log Command line argument: -Dorg.apache.catalina.security.SecurityListener.UMASK=0027
13-Apr-2024 17:13:33.697 INFO [main] org.apache.catalina.startup.VersionLoggerListener.log Command line argument: --add-opens=java.base/java.lang=ALL-UNNAMED
13-Apr-2024 17:13:33.697 INFO [main] org.apache.catalina.startup.VersionLoggerListener.log Command line argument: --add-opens=java.base/java.io=ALL-UNNAMED
13-Apr-2024 17:13:33.697 INFO [main] org.apache.catalina.startup.VersionLoggerListener.log Command line argument: --add-opens=java.base/java.util=ALL-UNNAMED
13-Apr-2024 17:13:33.697 INFO [main] org.apache.catalina.startup.VersionLoggerListener.log Command line argument: --add-opens=java.base/java.util.concurrent=ALL-UNNAMED
13-Apr-2024 17:13:33.697 INFO [main] org.apache.catalina.startup.VersionLoggerListener.log Command line argument: --add-opens=java.rmi/sun.rmi.transport=ALL-UNNAMED
13-Apr-2024 17:13:33.697 INFO [main] org.apache.catalina.startup.VersionLoggerListener.log Command line argument: -Dcatalina.base=/Users/tolymbeknurtai/projects/package/apache-tomcat-10.1.19
13-Apr-2024 17:13:33.697 INFO [main] org.apache.catalina.startup.VersionLoggerListener.log Command line argument: -Dcatalina.home=/Users/tolymbeknurtai/projects/package/apache-tomcat-10.1.19
13-Apr-2024 17:13:33.698 INFO [main] org.apache.catalina.startup.VersionLoggerListener.log Command line argument: -Djava.io.tmpdir=/Users/tolymbeknurtai/projects/package/apache-tomcat-10.1.19/temp
13-Apr-2024 17:13:33.702 INFO [main] org.apache.catalina.core.AprLifecycleListener.lifecycleEvent The Apache Tomcat Native library which allows using OpenSSL was not found on the java.library.path: [/Users/tolymbeknurtai/Library/Java/Extensions:/Library/Java/Extensions:/Network/Library/Java/Extensions:/System/Library/Java/Extensions:/usr/lib/java:.]
13-Apr-2024 17:13:33.855 INFO [main] org.apache.coyote.AbstractProtocol.init Initializing ProtocolHandler ["http-nio-8080"]
13-Apr-2024 17:13:33.869 INFO [main] org.apache.catalina.startup.Catalina.load Server initialization in [258] milliseconds
13-Apr-2024 17:13:33.886 INFO [main] org.apache.catalina.core.StandardService.startInternal Starting service [Catalina]
13-Apr-2024 17:13:33.886 INFO [main] org.apache.catalina.core.StandardEngine.startInternal Starting Servlet engine: [Apache Tomcat/10.1.19]
13-Apr-2024 17:13:33.900 INFO [main] org.apache.catalina.startup.HostConfig.deployWAR Deploying web application archive [/Users/tolymbeknurtai/projects/package/apache-tomcat-10.1.19/webapps/servlets-1.0-SNAPSHOT.war]
13-Apr-2024 17:13:34.042 INFO [main] org.apache.catalina.startup.HostConfig.deployWAR Deployment of web application archive [/Users/tolymbeknurtai/projects/package/apache-tomcat-10.1.19/webapps/servlets-1.0-SNAPSHOT.war] has finished in [141] ms
13-Apr-2024 17:13:34.042 INFO [main] org.apache.catalina.startup.HostConfig.deployWAR Deploying web application archive [/Users/tolymbeknurtai/projects/package/apache-tomcat-10.1.19/webapps/codecraft.war]
13-Apr-2024 17:13:34.259 INFO [main] org.apache.jasper.servlet.TldScanner.scanJars At least one JAR was scanned for TLDs yet contained no TLDs. Enable debug logging for this logger for a complete list of JARs that were scanned but no TLDs were found in them. Skipping unneeded JARs during scanning can improve startup time and JSP compilation time.
13-Apr-2024 17:13:34.261 INFO [main] org.apache.catalina.startup.HostConfig.deployWAR Deployment of web application archive [/Users/tolymbeknurtai/projects/package/apache-tomcat-10.1.19/webapps/codecraft.war] has finished in [219] ms
13-Apr-2024 17:13:34.261 INFO [main] org.apache.catalina.startup.HostConfig.deployDirectory Deploying web application directory [/Users/tolymbeknurtai/projects/package/apache-tomcat-10.1.19/webapps/docs]
13-Apr-2024 17:13:34.271 INFO [main] org.apache.catalina.startup.HostConfig.deployDirectory Deployment of web application directory [/Users/tolymbeknurtai/projects/package/apache-tomcat-10.1.19/webapps/docs] has finished in [9] ms
13-Apr-2024 17:13:34.271 INFO [main] org.apache.catalina.startup.HostConfig.deployDirectory Deploying web application directory [/Users/tolymbeknurtai/projects/package/apache-tomcat-10.1.19/webapps/manager]
13-Apr-2024 17:13:34.284 INFO [main] org.apache.catalina.startup.HostConfig.deployDirectory Deployment of web application directory [/Users/tolymbeknurtai/projects/package/apache-tomcat-10.1.19/webapps/manager] has finished in [13] ms
13-Apr-2024 17:13:34.284 INFO [main] org.apache.catalina.startup.HostConfig.deployDirectory Deploying web application directory [/Users/tolymbeknurtai/projects/package/apache-tomcat-10.1.19/webapps/examples]
13-Apr-2024 17:13:34.368 INFO [main] org.apache.catalina.startup.HostConfig.deployDirectory Deployment of web application directory [/Users/tolymbeknurtai/projects/package/apache-tomcat-10.1.19/webapps/examples] has finished in [84] ms
13-Apr-2024 17:13:34.368 INFO [main] org.apache.catalina.startup.HostConfig.deployDirectory Deploying web application directory [/Users/tolymbeknurtai/projects/package/apache-tomcat-10.1.19/webapps/ROOT]
13-Apr-2024 17:13:34.376 INFO [main] org.apache.catalina.startup.HostConfig.deployDirectory Deployment of web application directory [/Users/tolymbeknurtai/projects/package/apache-tomcat-10.1.19/webapps/ROOT] has finished in [8] ms
13-Apr-2024 17:13:34.376 INFO [main] org.apache.catalina.startup.HostConfig.deployDirectory Deploying web application directory [/Users/tolymbeknurtai/projects/package/apache-tomcat-10.1.19/webapps/host-manager]
13-Apr-2024 17:13:34.383 INFO [main] org.apache.catalina.startup.HostConfig.deployDirectory Deployment of web application directory [/Users/tolymbeknurtai/projects/package/apache-tomcat-10.1.19/webapps/host-manager] has finished in [7] ms
13-Apr-2024 17:13:34.385 INFO [main] org.apache.coyote.AbstractProtocol.start Starting ProtocolHandler ["http-nio-8080"]
13-Apr-2024 17:13:34.400 INFO [main] org.apache.catalina.startup.Catalina.start Server startup in [531] milliseconds
