21-Mar-2024 01:05:09.286 INFO [http-nio-8080-exec-69] org.apache.catalina.startup.HostConfig.undeploy Undeploying context [/codecraft]
21-Mar-2024 01:05:09.315 WARNING [http-nio-8080-exec-69] org.apache.catalina.loader.WebappClassLoaderBase.clearReferencesJdbc The web application [codecraft] registered the JDBC driver [org.postgresql.Driver] but failed to unregister it when the web application was stopped. To prevent a memory leak, the JDBC Driver has been forcibly unregistered.
21-Mar-2024 01:05:09.329 INFO [http-nio-8080-exec-69] org.apache.catalina.startup.HostConfig.deployWAR Deploying web application archive [/Users/tolymbeknurtai/Desktop/package/apache-tomcat-10.1.19/webapps/codecraft.war]
21-Mar-2024 01:05:09.491 INFO [http-nio-8080-exec-69] org.apache.jasper.servlet.TldScanner.scanJars At least one JAR was scanned for TLDs yet contained no TLDs. Enable debug logging for this logger for a complete list of JARs that were scanned but no TLDs were found in them. Skipping unneeded JARs during scanning can improve startup time and JSP compilation time.
21-Mar-2024 01:05:09.494 INFO [http-nio-8080-exec-69] org.apache.catalina.startup.HostConfig.deployWAR Deployment of web application archive [/Users/tolymbeknurtai/Desktop/package/apache-tomcat-10.1.19/webapps/codecraft.war] has finished in [165] ms
21-Mar-2024 01:08:42.947 INFO [http-nio-8080-exec-74] org.apache.catalina.startup.HostConfig.undeploy Undeploying context [/codecraft]
21-Mar-2024 01:08:42.961 WARNING [http-nio-8080-exec-74] org.apache.catalina.loader.WebappClassLoaderBase.clearReferencesJdbc The web application [codecraft] registered the JDBC driver [org.postgresql.Driver] but failed to unregister it when the web application was stopped. To prevent a memory leak, the JDBC Driver has been forcibly unregistered.
21-Mar-2024 01:08:42.974 INFO [http-nio-8080-exec-74] org.apache.catalina.startup.HostConfig.deployWAR Deploying web application archive [/Users/tolymbeknurtai/Desktop/package/apache-tomcat-10.1.19/webapps/codecraft.war]
21-Mar-2024 01:08:43.038 INFO [http-nio-8080-exec-74] org.apache.jasper.servlet.TldScanner.scanJars At least one JAR was scanned for TLDs yet contained no TLDs. Enable debug logging for this logger for a complete list of JARs that were scanned but no TLDs were found in them. Skipping unneeded JARs during scanning can improve startup time and JSP compilation time.
21-Mar-2024 01:08:43.039 INFO [http-nio-8080-exec-74] org.apache.catalina.startup.HostConfig.deployWAR Deployment of web application archive [/Users/tolymbeknurtai/Desktop/package/apache-tomcat-10.1.19/webapps/codecraft.war] has finished in [65] ms
21-Mar-2024 01:12:54.275 INFO [http-nio-8080-exec-78] org.apache.catalina.startup.HostConfig.undeploy Undeploying context [/codecraft]
21-Mar-2024 01:12:54.280 WARNING [http-nio-8080-exec-78] org.apache.catalina.loader.WebappClassLoaderBase.clearReferencesJdbc The web application [codecraft] registered the JDBC driver [org.postgresql.Driver] but failed to unregister it when the web application was stopped. To prevent a memory leak, the JDBC Driver has been forcibly unregistered.
21-Mar-2024 01:12:54.286 INFO [http-nio-8080-exec-78] org.apache.catalina.startup.HostConfig.deployWAR Deploying web application archive [/Users/tolymbeknurtai/Desktop/package/apache-tomcat-10.1.19/webapps/codecraft.war]
21-Mar-2024 01:12:54.353 INFO [http-nio-8080-exec-78] org.apache.jasper.servlet.TldScanner.scanJars At least one JAR was scanned for TLDs yet contained no TLDs. Enable debug logging for this logger for a complete list of JARs that were scanned but no TLDs were found in them. Skipping unneeded JARs during scanning can improve startup time and JSP compilation time.
21-Mar-2024 01:12:54.354 INFO [http-nio-8080-exec-78] org.apache.catalina.startup.HostConfig.deployWAR Deployment of web application archive [/Users/tolymbeknurtai/Desktop/package/apache-tomcat-10.1.19/webapps/codecraft.war] has finished in [67] ms
21-Mar-2024 01:15:23.322 INFO [http-nio-8080-exec-85] org.apache.catalina.startup.HostConfig.undeploy Undeploying context [/codecraft]
21-Mar-2024 01:15:23.326 WARNING [http-nio-8080-exec-85] org.apache.catalina.loader.WebappClassLoaderBase.clearReferencesJdbc The web application [codecraft] registered the JDBC driver [org.postgresql.Driver] but failed to unregister it when the web application was stopped. To prevent a memory leak, the JDBC Driver has been forcibly unregistered.
21-Mar-2024 01:15:23.333 INFO [http-nio-8080-exec-85] org.apache.catalina.startup.HostConfig.deployWAR Deploying web application archive [/Users/tolymbeknurtai/Desktop/package/apache-tomcat-10.1.19/webapps/codecraft.war]
21-Mar-2024 01:15:23.403 INFO [http-nio-8080-exec-85] org.apache.jasper.servlet.TldScanner.scanJars At least one JAR was scanned for TLDs yet contained no TLDs. Enable debug logging for this logger for a complete list of JARs that were scanned but no TLDs were found in them. Skipping unneeded JARs during scanning can improve startup time and JSP compilation time.
21-Mar-2024 01:15:23.404 INFO [http-nio-8080-exec-85] org.apache.catalina.startup.HostConfig.deployWAR Deployment of web application archive [/Users/tolymbeknurtai/Desktop/package/apache-tomcat-10.1.19/webapps/codecraft.war] has finished in [71] ms
21-Mar-2024 01:16:28.945 INFO [http-nio-8080-exec-92] org.apache.catalina.startup.HostConfig.undeploy Undeploying context [/codecraft]
21-Mar-2024 01:16:28.950 WARNING [http-nio-8080-exec-92] org.apache.catalina.loader.WebappClassLoaderBase.clearReferencesJdbc The web application [codecraft] registered the JDBC driver [org.postgresql.Driver] but failed to unregister it when the web application was stopped. To prevent a memory leak, the JDBC Driver has been forcibly unregistered.
21-Mar-2024 01:16:28.955 INFO [http-nio-8080-exec-92] org.apache.catalina.startup.HostConfig.deployWAR Deploying web application archive [/Users/tolymbeknurtai/Desktop/package/apache-tomcat-10.1.19/webapps/codecraft.war]
21-Mar-2024 01:16:29.023 INFO [http-nio-8080-exec-92] org.apache.jasper.servlet.TldScanner.scanJars At least one JAR was scanned for TLDs yet contained no TLDs. Enable debug logging for this logger for a complete list of JARs that were scanned but no TLDs were found in them. Skipping unneeded JARs during scanning can improve startup time and JSP compilation time.
21-Mar-2024 01:16:29.024 INFO [http-nio-8080-exec-92] org.apache.catalina.startup.HostConfig.deployWAR Deployment of web application archive [/Users/tolymbeknurtai/Desktop/package/apache-tomcat-10.1.19/webapps/codecraft.war] has finished in [69] ms
21-Mar-2024 10:11:10.410 INFO [http-nio-8080-exec-96] org.apache.catalina.startup.HostConfig.undeploy Undeploying context [/codecraft]
21-Mar-2024 10:11:10.428 WARNING [http-nio-8080-exec-96] org.apache.catalina.loader.WebappClassLoaderBase.clearReferencesJdbc The web application [codecraft] registered the JDBC driver [org.postgresql.Driver] but failed to unregister it when the web application was stopped. To prevent a memory leak, the JDBC Driver has been forcibly unregistered.
21-Mar-2024 10:11:10.445 INFO [http-nio-8080-exec-96] org.apache.catalina.startup.HostConfig.deployWAR Deploying web application archive [/Users/tolymbeknurtai/Desktop/package/apache-tomcat-10.1.19/webapps/codecraft.war]
21-Mar-2024 10:11:10.577 INFO [http-nio-8080-exec-96] org.apache.jasper.servlet.TldScanner.scanJars At least one JAR was scanned for TLDs yet contained no TLDs. Enable debug logging for this logger for a complete list of JARs that were scanned but no TLDs were found in them. Skipping unneeded JARs during scanning can improve startup time and JSP compilation time.
21-Mar-2024 10:11:10.579 INFO [http-nio-8080-exec-96] org.apache.catalina.startup.HostConfig.deployWAR Deployment of web application archive [/Users/tolymbeknurtai/Desktop/package/apache-tomcat-10.1.19/webapps/codecraft.war] has finished in [134] ms
21-Mar-2024 10:19:25.357 INFO [http-nio-8080-exec-106] org.apache.catalina.startup.HostConfig.undeploy Undeploying context [/codecraft]
21-Mar-2024 10:19:25.361 WARNING [http-nio-8080-exec-106] org.apache.catalina.loader.WebappClassLoaderBase.clearReferencesJdbc The web application [codecraft] registered the JDBC driver [org.postgresql.Driver] but failed to unregister it when the web application was stopped. To prevent a memory leak, the JDBC Driver has been forcibly unregistered.
21-Mar-2024 10:19:25.366 INFO [http-nio-8080-exec-106] org.apache.catalina.startup.HostConfig.deployWAR Deploying web application archive [/Users/tolymbeknurtai/Desktop/package/apache-tomcat-10.1.19/webapps/codecraft.war]
21-Mar-2024 10:19:25.434 INFO [http-nio-8080-exec-106] org.apache.jasper.servlet.TldScanner.scanJars At least one JAR was scanned for TLDs yet contained no TLDs. Enable debug logging for this logger for a complete list of JARs that were scanned but no TLDs were found in them. Skipping unneeded JARs during scanning can improve startup time and JSP compilation time.
21-Mar-2024 10:19:25.434 INFO [http-nio-8080-exec-106] org.apache.catalina.startup.HostConfig.deployWAR Deployment of web application archive [/Users/tolymbeknurtai/Desktop/package/apache-tomcat-10.1.19/webapps/codecraft.war] has finished in [68] ms
21-Mar-2024 10:40:26.589 INFO [http-nio-8080-exec-117] org.apache.catalina.startup.HostConfig.undeploy Undeploying context [/codecraft]
21-Mar-2024 10:40:26.594 WARNING [http-nio-8080-exec-117] org.apache.catalina.loader.WebappClassLoaderBase.clearReferencesJdbc The web application [codecraft] registered the JDBC driver [org.postgresql.Driver] but failed to unregister it when the web application was stopped. To prevent a memory leak, the JDBC Driver has been forcibly unregistered.
21-Mar-2024 10:40:26.601 INFO [http-nio-8080-exec-117] org.apache.catalina.startup.HostConfig.deployWAR Deploying web application archive [/Users/tolymbeknurtai/Desktop/package/apache-tomcat-10.1.19/webapps/codecraft.war]
21-Mar-2024 10:40:26.670 INFO [http-nio-8080-exec-117] org.apache.jasper.servlet.TldScanner.scanJars At least one JAR was scanned for TLDs yet contained no TLDs. Enable debug logging for this logger for a complete list of JARs that were scanned but no TLDs were found in them. Skipping unneeded JARs during scanning can improve startup time and JSP compilation time.
21-Mar-2024 10:40:26.671 INFO [http-nio-8080-exec-117] org.apache.catalina.startup.HostConfig.deployWAR Deployment of web application archive [/Users/tolymbeknurtai/Desktop/package/apache-tomcat-10.1.19/webapps/codecraft.war] has finished in [70] ms
21-Mar-2024 10:41:09.936 INFO [http-nio-8080-exec-125] org.apache.catalina.startup.HostConfig.undeploy Undeploying context [/codecraft]
21-Mar-2024 10:41:09.949 INFO [http-nio-8080-exec-125] org.apache.catalina.startup.HostConfig.deployWAR Deploying web application archive [/Users/tolymbeknurtai/Desktop/package/apache-tomcat-10.1.19/webapps/codecraft.war]
21-Mar-2024 10:41:10.025 INFO [http-nio-8080-exec-125] org.apache.jasper.servlet.TldScanner.scanJars At least one JAR was scanned for TLDs yet contained no TLDs. Enable debug logging for this logger for a complete list of JARs that were scanned but no TLDs were found in them. Skipping unneeded JARs during scanning can improve startup time and JSP compilation time.
21-Mar-2024 10:41:10.026 INFO [http-nio-8080-exec-125] org.apache.catalina.startup.HostConfig.deployWAR Deployment of web application archive [/Users/tolymbeknurtai/Desktop/package/apache-tomcat-10.1.19/webapps/codecraft.war] has finished in [77] ms
21-Mar-2024 10:41:18.623 INFO [http-nio-8080-exec-119] server.tester.testerimpls.JsTester.test 
21-Mar-2024 10:41:18.628 INFO [http-nio-8080-exec-119] server.tester.testerimpls.JsTester.test yes
21-Mar-2024 10:44:05.277 INFO [http-nio-8080-exec-127] org.apache.catalina.startup.HostConfig.undeploy Undeploying context [/codecraft]
21-Mar-2024 10:44:05.281 WARNING [http-nio-8080-exec-127] org.apache.catalina.loader.WebappClassLoaderBase.clearReferencesJdbc The web application [codecraft] registered the JDBC driver [org.postgresql.Driver] but failed to unregister it when the web application was stopped. To prevent a memory leak, the JDBC Driver has been forcibly unregistered.
21-Mar-2024 10:44:05.288 INFO [http-nio-8080-exec-127] org.apache.catalina.startup.HostConfig.deployWAR Deploying web application archive [/Users/tolymbeknurtai/Desktop/package/apache-tomcat-10.1.19/webapps/codecraft.war]
21-Mar-2024 10:44:05.355 INFO [http-nio-8080-exec-127] org.apache.jasper.servlet.TldScanner.scanJars At least one JAR was scanned for TLDs yet contained no TLDs. Enable debug logging for this logger for a complete list of JARs that were scanned but no TLDs were found in them. Skipping unneeded JARs during scanning can improve startup time and JSP compilation time.
21-Mar-2024 10:44:05.356 INFO [http-nio-8080-exec-127] org.apache.catalina.startup.HostConfig.deployWAR Deployment of web application archive [/Users/tolymbeknurtai/Desktop/package/apache-tomcat-10.1.19/webapps/codecraft.war] has finished in [68] ms
21-Mar-2024 10:44:14.324 INFO [http-nio-8080-exec-129] server.tester.testerimpls.JsTester.test y
21-Mar-2024 10:44:14.324 INFO [http-nio-8080-exec-129] server.tester.testerimpls.JsTester.test yes
21-Mar-2024 10:45:03.193 INFO [http-nio-8080-exec-132] org.apache.catalina.startup.HostConfig.undeploy Undeploying context [/codecraft]
21-Mar-2024 10:45:03.197 WARNING [http-nio-8080-exec-132] org.apache.catalina.loader.WebappClassLoaderBase.clearReferencesJdbc The web application [codecraft] registered the JDBC driver [org.postgresql.Driver] but failed to unregister it when the web application was stopped. To prevent a memory leak, the JDBC Driver has been forcibly unregistered.
21-Mar-2024 10:45:03.203 INFO [http-nio-8080-exec-132] org.apache.catalina.startup.HostConfig.deployWAR Deploying web application archive [/Users/tolymbeknurtai/Desktop/package/apache-tomcat-10.1.19/webapps/codecraft.war]
21-Mar-2024 10:45:03.269 INFO [http-nio-8080-exec-132] org.apache.jasper.servlet.TldScanner.scanJars At least one JAR was scanned for TLDs yet contained no TLDs. Enable debug logging for this logger for a complete list of JARs that were scanned but no TLDs were found in them. Skipping unneeded JARs during scanning can improve startup time and JSP compilation time.
21-Mar-2024 10:45:03.270 INFO [http-nio-8080-exec-132] org.apache.catalina.startup.HostConfig.deployWAR Deployment of web application archive [/Users/tolymbeknurtai/Desktop/package/apache-tomcat-10.1.19/webapps/codecraft.war] has finished in [67] ms
21-Mar-2024 10:45:10.794 INFO [http-nio-8080-exec-130] server.tester.testerimpls.JsTester.test 
21-Mar-2024 10:45:10.794 INFO [http-nio-8080-exec-130] server.tester.testerimpls.JsTester.test yes
21-Mar-2024 10:45:52.442 INFO [http-nio-8080-exec-128] org.apache.catalina.startup.HostConfig.undeploy Undeploying context [/codecraft]
21-Mar-2024 10:45:52.447 WARNING [http-nio-8080-exec-128] org.apache.catalina.loader.WebappClassLoaderBase.clearReferencesJdbc The web application [codecraft] registered the JDBC driver [org.postgresql.Driver] but failed to unregister it when the web application was stopped. To prevent a memory leak, the JDBC Driver has been forcibly unregistered.
21-Mar-2024 10:45:52.452 INFO [http-nio-8080-exec-128] org.apache.catalina.startup.HostConfig.deployWAR Deploying web application archive [/Users/tolymbeknurtai/Desktop/package/apache-tomcat-10.1.19/webapps/codecraft.war]
21-Mar-2024 10:45:52.519 INFO [http-nio-8080-exec-128] org.apache.jasper.servlet.TldScanner.scanJars At least one JAR was scanned for TLDs yet contained no TLDs. Enable debug logging for this logger for a complete list of JARs that were scanned but no TLDs were found in them. Skipping unneeded JARs during scanning can improve startup time and JSP compilation time.
21-Mar-2024 10:45:52.520 INFO [http-nio-8080-exec-128] org.apache.catalina.startup.HostConfig.deployWAR Deployment of web application archive [/Users/tolymbeknurtai/Desktop/package/apache-tomcat-10.1.19/webapps/codecraft.war] has finished in [68] ms
21-Mar-2024 10:45:55.552 INFO [http-nio-8080-exec-136] server.tester.testerimpls.JsTester.test 
21-Mar-2024 10:45:55.552 INFO [http-nio-8080-exec-136] server.tester.testerimpls.JsTester.test yes
21-Mar-2024 10:47:12.458 INFO [http-nio-8080-exec-138] org.apache.catalina.startup.HostConfig.undeploy Undeploying context [/codecraft]
21-Mar-2024 10:47:12.461 WARNING [http-nio-8080-exec-138] org.apache.catalina.loader.WebappClassLoaderBase.clearReferencesJdbc The web application [codecraft] registered the JDBC driver [org.postgresql.Driver] but failed to unregister it when the web application was stopped. To prevent a memory leak, the JDBC Driver has been forcibly unregistered.
21-Mar-2024 10:47:12.468 INFO [http-nio-8080-exec-138] org.apache.catalina.startup.HostConfig.deployWAR Deploying web application archive [/Users/tolymbeknurtai/Desktop/package/apache-tomcat-10.1.19/webapps/codecraft.war]
21-Mar-2024 10:47:12.532 INFO [http-nio-8080-exec-138] org.apache.jasper.servlet.TldScanner.scanJars At least one JAR was scanned for TLDs yet contained no TLDs. Enable debug logging for this logger for a complete list of JARs that were scanned but no TLDs were found in them. Skipping unneeded JARs during scanning can improve startup time and JSP compilation time.
21-Mar-2024 10:47:12.534 INFO [http-nio-8080-exec-138] org.apache.catalina.startup.HostConfig.deployWAR Deployment of web application archive [/Users/tolymbeknurtai/Desktop/package/apache-tomcat-10.1.19/webapps/codecraft.war] has finished in [65] ms
21-Mar-2024 10:47:17.615 INFO [http-nio-8080-exec-135] server.tester.testerimpls.JsTester.test CodeCraft

21-Mar-2024 10:47:17.615 INFO [http-nio-8080-exec-135] server.tester.testerimpls.JsTester.test yes
21-Mar-2024 10:48:20.645 INFO [http-nio-8080-exec-142] org.apache.catalina.startup.HostConfig.undeploy Undeploying context [/codecraft]
21-Mar-2024 10:48:20.649 WARNING [http-nio-8080-exec-142] org.apache.catalina.loader.WebappClassLoaderBase.clearReferencesJdbc The web application [codecraft] registered the JDBC driver [org.postgresql.Driver] but failed to unregister it when the web application was stopped. To prevent a memory leak, the JDBC Driver has been forcibly unregistered.
21-Mar-2024 10:48:20.654 INFO [http-nio-8080-exec-142] org.apache.catalina.startup.HostConfig.deployWAR Deploying web application archive [/Users/tolymbeknurtai/Desktop/package/apache-tomcat-10.1.19/webapps/codecraft.war]
21-Mar-2024 10:48:20.730 INFO [http-nio-8080-exec-142] org.apache.jasper.servlet.TldScanner.scanJars At least one JAR was scanned for TLDs yet contained no TLDs. Enable debug logging for this logger for a complete list of JARs that were scanned but no TLDs were found in them. Skipping unneeded JARs during scanning can improve startup time and JSP compilation time.
21-Mar-2024 10:48:20.731 INFO [http-nio-8080-exec-142] org.apache.catalina.startup.HostConfig.deployWAR Deployment of web application archive [/Users/tolymbeknurtai/Desktop/package/apache-tomcat-10.1.19/webapps/codecraft.war] has finished in [77] ms
21-Mar-2024 10:48:28.857 INFO [http-nio-8080-exec-145] server.tester.testerimpls.JsTester.test CodeCraft
21-Mar-2024 10:48:28.858 INFO [http-nio-8080-exec-145] server.tester.testerimpls.JsTester.test yes
21-Mar-2024 15:39:10.459 INFO [http-nio-8080-exec-154] server.tester.testerimpls.JsTester.test 
21-Mar-2024 15:39:10.462 INFO [http-nio-8080-exec-154] server.tester.testerimpls.JsTester.test yes
21-Mar-2024 15:39:31.201 INFO [http-nio-8080-exec-146] server.tester.testerimpls.JsTester.test 
21-Mar-2024 15:39:31.201 INFO [http-nio-8080-exec-146] server.tester.testerimpls.JsTester.test yes
21-Mar-2024 15:42:33.864 INFO [http-nio-8080-exec-152] org.apache.catalina.startup.HostConfig.undeploy Undeploying context [/codecraft]
21-Mar-2024 15:42:33.876 WARNING [http-nio-8080-exec-152] org.apache.catalina.loader.WebappClassLoaderBase.clearReferencesJdbc The web application [codecraft] registered the JDBC driver [org.postgresql.Driver] but failed to unregister it when the web application was stopped. To prevent a memory leak, the JDBC Driver has been forcibly unregistered.
21-Mar-2024 15:42:33.885 INFO [http-nio-8080-exec-152] org.apache.catalina.startup.HostConfig.deployWAR Deploying web application archive [/Users/tolymbeknurtai/Desktop/package/apache-tomcat-10.1.19/webapps/codecraft.war]
21-Mar-2024 15:42:34.048 INFO [http-nio-8080-exec-152] org.apache.jasper.servlet.TldScanner.scanJars At least one JAR was scanned for TLDs yet contained no TLDs. Enable debug logging for this logger for a complete list of JARs that were scanned but no TLDs were found in them. Skipping unneeded JARs during scanning can improve startup time and JSP compilation time.
21-Mar-2024 15:42:34.052 INFO [http-nio-8080-exec-152] org.apache.catalina.startup.HostConfig.deployWAR Deployment of web application archive [/Users/tolymbeknurtai/Desktop/package/apache-tomcat-10.1.19/webapps/codecraft.war] has finished in [166] ms
21-Mar-2024 15:42:44.455 INFO [http-nio-8080-exec-148] server.tester.testerimpls.JsTester.test hello
21-Mar-2024 15:42:44.499 INFO [http-nio-8080-exec-148] server.tester.testerimpls.JsTester.test 
21-Mar-2024 15:42:44.499 INFO [http-nio-8080-exec-148] server.tester.testerimpls.JsTester.test yes
21-Mar-2024 15:46:44.316 INFO [http-nio-8080-exec-156] server.tester.testerimpls.JsTester.test hello
21-Mar-2024 15:46:44.385 INFO [http-nio-8080-exec-156] server.tester.testerimpls.JsTester.test 
21-Mar-2024 15:46:44.386 INFO [http-nio-8080-exec-156] server.tester.testerimpls.JsTester.test yes
21-Mar-2024 15:48:18.720 INFO [http-nio-8080-exec-158] org.apache.catalina.startup.HostConfig.undeploy Undeploying context [/codecraft]
21-Mar-2024 15:48:18.724 WARNING [http-nio-8080-exec-158] org.apache.catalina.loader.WebappClassLoaderBase.clearReferencesJdbc The web application [codecraft] registered the JDBC driver [org.postgresql.Driver] but failed to unregister it when the web application was stopped. To prevent a memory leak, the JDBC Driver has been forcibly unregistered.
21-Mar-2024 15:48:18.729 INFO [http-nio-8080-exec-158] org.apache.catalina.startup.HostConfig.deployWAR Deploying web application archive [/Users/tolymbeknurtai/Desktop/package/apache-tomcat-10.1.19/webapps/codecraft.war]
21-Mar-2024 15:48:18.798 INFO [http-nio-8080-exec-158] org.apache.jasper.servlet.TldScanner.scanJars At least one JAR was scanned for TLDs yet contained no TLDs. Enable debug logging for this logger for a complete list of JARs that were scanned but no TLDs were found in them. Skipping unneeded JARs during scanning can improve startup time and JSP compilation time.
21-Mar-2024 15:48:18.798 INFO [http-nio-8080-exec-158] org.apache.catalina.startup.HostConfig.deployWAR Deployment of web application archive [/Users/tolymbeknurtai/Desktop/package/apache-tomcat-10.1.19/webapps/codecraft.war] has finished in [69] ms
21-Mar-2024 15:51:01.346 INFO [http-nio-8080-exec-164] server.tester.testerimpls.JsTester.test hello
21-Mar-2024 15:51:01.387 INFO [http-nio-8080-exec-164] server.tester.testerimpls.JsTester.test 
21-Mar-2024 15:51:01.387 INFO [http-nio-8080-exec-164] server.tester.testerimpls.JsTester.test yes
21-Mar-2024 15:55:54.563 INFO [http-nio-8080-exec-166] org.apache.catalina.startup.HostConfig.undeploy Undeploying context [/codecraft]
21-Mar-2024 15:55:54.566 WARNING [http-nio-8080-exec-166] org.apache.catalina.loader.WebappClassLoaderBase.clearReferencesJdbc The web application [codecraft] registered the JDBC driver [org.postgresql.Driver] but failed to unregister it when the web application was stopped. To prevent a memory leak, the JDBC Driver has been forcibly unregistered.
21-Mar-2024 15:55:54.573 INFO [http-nio-8080-exec-166] org.apache.catalina.startup.HostConfig.deployWAR Deploying web application archive [/Users/tolymbeknurtai/Desktop/package/apache-tomcat-10.1.19/webapps/codecraft.war]
21-Mar-2024 15:55:54.639 INFO [http-nio-8080-exec-166] org.apache.jasper.servlet.TldScanner.scanJars At least one JAR was scanned for TLDs yet contained no TLDs. Enable debug logging for this logger for a complete list of JARs that were scanned but no TLDs were found in them. Skipping unneeded JARs during scanning can improve startup time and JSP compilation time.
21-Mar-2024 15:55:54.640 INFO [http-nio-8080-exec-166] org.apache.catalina.startup.HostConfig.deployWAR Deployment of web application archive [/Users/tolymbeknurtai/Desktop/package/apache-tomcat-10.1.19/webapps/codecraft.war] has finished in [68] ms
21-Mar-2024 15:56:01.738 INFO [http-nio-8080-exec-171] server.tester.testerimpls.JsTester.test 
21-Mar-2024 15:56:01.738 INFO [http-nio-8080-exec-171] server.tester.testerimpls.JsTester.test yes
21-Mar-2024 16:03:16.264 INFO [http-nio-8080-exec-172] org.apache.catalina.startup.HostConfig.undeploy Undeploying context [/codecraft]
21-Mar-2024 16:03:16.268 WARNING [http-nio-8080-exec-172] org.apache.catalina.loader.WebappClassLoaderBase.clearReferencesJdbc The web application [codecraft] registered the JDBC driver [org.postgresql.Driver] but failed to unregister it when the web application was stopped. To prevent a memory leak, the JDBC Driver has been forcibly unregistered.
21-Mar-2024 16:03:16.274 INFO [http-nio-8080-exec-172] org.apache.catalina.startup.HostConfig.deployWAR Deploying web application archive [/Users/tolymbeknurtai/Desktop/package/apache-tomcat-10.1.19/webapps/codecraft.war]
21-Mar-2024 16:03:16.346 INFO [http-nio-8080-exec-172] org.apache.jasper.servlet.TldScanner.scanJars At least one JAR was scanned for TLDs yet contained no TLDs. Enable debug logging for this logger for a complete list of JARs that were scanned but no TLDs were found in them. Skipping unneeded JARs during scanning can improve startup time and JSP compilation time.
21-Mar-2024 16:03:16.347 INFO [http-nio-8080-exec-172] org.apache.catalina.startup.HostConfig.deployWAR Deployment of web application archive [/Users/tolymbeknurtai/Desktop/package/apache-tomcat-10.1.19/webapps/codecraft.war] has finished in [73] ms
21-Mar-2024 16:03:24.565 INFO [http-nio-8080-exec-177] server.tester.testerimpls.JsTester.test 0
21-Mar-2024 16:03:24.565 INFO [http-nio-8080-exec-177] server.tester.testerimpls.JsTester.test 
21-Mar-2024 16:03:24.566 INFO [http-nio-8080-exec-177] server.tester.testerimpls.JsTester.test yes
21-Mar-2024 18:17:44.088 INFO [http-nio-8080-exec-182] org.apache.catalina.startup.HostConfig.undeploy Undeploying context [/codecraft]
21-Mar-2024 18:17:44.107 WARNING [http-nio-8080-exec-182] org.apache.catalina.loader.WebappClassLoaderBase.clearReferencesJdbc The web application [codecraft] registered the JDBC driver [org.postgresql.Driver] but failed to unregister it when the web application was stopped. To prevent a memory leak, the JDBC Driver has been forcibly unregistered.
21-Mar-2024 18:17:44.120 INFO [http-nio-8080-exec-182] org.apache.catalina.startup.HostConfig.deployWAR Deploying web application archive [/Users/tolymbeknurtai/Desktop/package/apache-tomcat-10.1.19/webapps/codecraft.war]
21-Mar-2024 18:17:44.246 INFO [http-nio-8080-exec-182] org.apache.jasper.servlet.TldScanner.scanJars At least one JAR was scanned for TLDs yet contained no TLDs. Enable debug logging for this logger for a complete list of JARs that were scanned but no TLDs were found in them. Skipping unneeded JARs during scanning can improve startup time and JSP compilation time.
21-Mar-2024 18:17:44.248 INFO [http-nio-8080-exec-182] org.apache.catalina.startup.HostConfig.deployWAR Deployment of web application archive [/Users/tolymbeknurtai/Desktop/package/apache-tomcat-10.1.19/webapps/codecraft.war] has finished in [128] ms
21-Mar-2024 18:17:53.371 INFO [http-nio-8080-exec-189] server.tester.testerimpls.JsTester.test 0
21-Mar-2024 18:17:53.372 INFO [http-nio-8080-exec-189] server.tester.testerimpls.JsTester.test java.io.PrintStream@328e9c97
21-Mar-2024 18:17:53.372 INFO [http-nio-8080-exec-189] server.tester.testerimpls.JsTester.test yes
21-Mar-2024 18:19:46.558 INFO [http-nio-8080-exec-192] org.apache.catalina.startup.HostConfig.undeploy Undeploying context [/codecraft]
21-Mar-2024 18:19:46.563 WARNING [http-nio-8080-exec-192] org.apache.catalina.loader.WebappClassLoaderBase.clearReferencesJdbc The web application [codecraft] registered the JDBC driver [org.postgresql.Driver] but failed to unregister it when the web application was stopped. To prevent a memory leak, the JDBC Driver has been forcibly unregistered.
21-Mar-2024 18:19:46.568 INFO [http-nio-8080-exec-192] org.apache.catalina.startup.HostConfig.deployWAR Deploying web application archive [/Users/tolymbeknurtai/Desktop/package/apache-tomcat-10.1.19/webapps/codecraft.war]
21-Mar-2024 18:19:46.635 INFO [http-nio-8080-exec-192] org.apache.jasper.servlet.TldScanner.scanJars At least one JAR was scanned for TLDs yet contained no TLDs. Enable debug logging for this logger for a complete list of JARs that were scanned but no TLDs were found in them. Skipping unneeded JARs during scanning can improve startup time and JSP compilation time.
21-Mar-2024 18:19:46.636 INFO [http-nio-8080-exec-192] org.apache.catalina.startup.HostConfig.deployWAR Deployment of web application archive [/Users/tolymbeknurtai/Desktop/package/apache-tomcat-10.1.19/webapps/codecraft.war] has finished in [67] ms
21-Mar-2024 18:19:55.991 INFO [http-nio-8080-exec-185] server.tester.testerimpls.JsTester.test 0
21-Mar-2024 18:19:55.991 INFO [http-nio-8080-exec-185] server.tester.testerimpls.JsTester.test java.io.PrintStream@66161277
21-Mar-2024 18:19:55.991 INFO [http-nio-8080-exec-185] server.tester.testerimpls.JsTester.test yes
21-Mar-2024 18:19:56.925 INFO [http-nio-8080-exec-190] server.tester.testerimpls.JsTester.test 0
21-Mar-2024 18:19:56.925 INFO [http-nio-8080-exec-190] server.tester.testerimpls.JsTester.test java.io.PrintStream@16912d05
21-Mar-2024 18:19:56.925 INFO [http-nio-8080-exec-190] server.tester.testerimpls.JsTester.test yes
21-Mar-2024 18:19:58.061 INFO [http-nio-8080-exec-184] server.tester.testerimpls.JsTester.test 0
21-Mar-2024 18:19:58.061 INFO [http-nio-8080-exec-184] server.tester.testerimpls.JsTester.test java.io.PrintStream@d0fd31
21-Mar-2024 18:19:58.061 INFO [http-nio-8080-exec-184] server.tester.testerimpls.JsTester.test yes
21-Mar-2024 18:19:59.065 INFO [http-nio-8080-exec-195] server.tester.testerimpls.JsTester.test 0
21-Mar-2024 18:19:59.065 INFO [http-nio-8080-exec-195] server.tester.testerimpls.JsTester.test java.io.PrintStream@f0e1cd6
21-Mar-2024 18:19:59.065 INFO [http-nio-8080-exec-195] server.tester.testerimpls.JsTester.test yes
21-Mar-2024 18:35:03.461 INFO [http-nio-8080-exec-197] org.apache.catalina.startup.HostConfig.undeploy Undeploying context [/codecraft]
21-Mar-2024 18:35:03.483 WARNING [http-nio-8080-exec-197] org.apache.catalina.loader.WebappClassLoaderBase.clearReferencesJdbc The web application [codecraft] registered the JDBC driver [org.postgresql.Driver] but failed to unregister it when the web application was stopped. To prevent a memory leak, the JDBC Driver has been forcibly unregistered.
21-Mar-2024 18:35:03.496 INFO [http-nio-8080-exec-197] org.apache.catalina.startup.HostConfig.deployWAR Deploying web application archive [/Users/tolymbeknurtai/Desktop/package/apache-tomcat-10.1.19/webapps/codecraft.war]
21-Mar-2024 18:35:03.588 INFO [http-nio-8080-exec-197] org.apache.jasper.servlet.TldScanner.scanJars At least one JAR was scanned for TLDs yet contained no TLDs. Enable debug logging for this logger for a complete list of JARs that were scanned but no TLDs were found in them. Skipping unneeded JARs during scanning can improve startup time and JSP compilation time.
21-Mar-2024 18:35:03.591 INFO [http-nio-8080-exec-197] org.apache.catalina.startup.HostConfig.deployWAR Deployment of web application archive [/Users/tolymbeknurtai/Desktop/package/apache-tomcat-10.1.19/webapps/codecraft.war] has finished in [94] ms
21-Mar-2024 18:35:15.270 INFO [http-nio-8080-exec-198] server.tester.testerimpls.JsTester.test 0
21-Mar-2024 18:35:15.270 INFO [http-nio-8080-exec-198] server.tester.testerimpls.JsTester.test java.io.PrintStream@2eba09d8
21-Mar-2024 18:35:15.270 INFO [http-nio-8080-exec-198] server.tester.testerimpls.JsTester.test yes
21-Mar-2024 18:38:45.693 INFO [http-nio-8080-exec-207] org.apache.catalina.startup.HostConfig.undeploy Undeploying context [/codecraft]
21-Mar-2024 18:38:45.697 WARNING [http-nio-8080-exec-207] org.apache.catalina.loader.WebappClassLoaderBase.clearReferencesJdbc The web application [codecraft] registered the JDBC driver [org.postgresql.Driver] but failed to unregister it when the web application was stopped. To prevent a memory leak, the JDBC Driver has been forcibly unregistered.
21-Mar-2024 18:38:45.703 INFO [http-nio-8080-exec-207] org.apache.catalina.startup.HostConfig.deployWAR Deploying web application archive [/Users/tolymbeknurtai/Desktop/package/apache-tomcat-10.1.19/webapps/codecraft.war]
21-Mar-2024 18:38:45.770 INFO [http-nio-8080-exec-207] org.apache.jasper.servlet.TldScanner.scanJars At least one JAR was scanned for TLDs yet contained no TLDs. Enable debug logging for this logger for a complete list of JARs that were scanned but no TLDs were found in them. Skipping unneeded JARs during scanning can improve startup time and JSP compilation time.
21-Mar-2024 18:38:45.771 INFO [http-nio-8080-exec-207] org.apache.catalina.startup.HostConfig.deployWAR Deployment of web application archive [/Users/tolymbeknurtai/Desktop/package/apache-tomcat-10.1.19/webapps/codecraft.war] has finished in [68] ms
21-Mar-2024 18:38:56.924 INFO [http-nio-8080-exec-211] server.tester.testerimpls.JsTester.test 0
21-Mar-2024 18:38:56.924 INFO [http-nio-8080-exec-211] server.tester.testerimpls.JsTester.test 
21-Mar-2024 18:38:56.924 INFO [http-nio-8080-exec-211] server.tester.testerimpls.JsTester.test yes
21-Mar-2024 18:38:58.506 INFO [http-nio-8080-exec-203] server.tester.testerimpls.JsTester.test 0
21-Mar-2024 18:38:58.506 INFO [http-nio-8080-exec-203] server.tester.testerimpls.JsTester.test 
21-Mar-2024 18:38:58.506 INFO [http-nio-8080-exec-203] server.tester.testerimpls.JsTester.test yes
21-Mar-2024 18:38:59.347 INFO [http-nio-8080-exec-209] server.tester.testerimpls.JsTester.test 0
21-Mar-2024 18:38:59.347 INFO [http-nio-8080-exec-209] server.tester.testerimpls.JsTester.test 
21-Mar-2024 18:38:59.347 INFO [http-nio-8080-exec-209] server.tester.testerimpls.JsTester.test yes
21-Mar-2024 18:39:00.044 INFO [http-nio-8080-exec-210] server.tester.testerimpls.JsTester.test 0
21-Mar-2024 18:39:00.044 INFO [http-nio-8080-exec-210] server.tester.testerimpls.JsTester.test 
21-Mar-2024 18:39:00.044 INFO [http-nio-8080-exec-210] server.tester.testerimpls.JsTester.test yes
21-Mar-2024 18:39:00.806 INFO [http-nio-8080-exec-213] server.tester.testerimpls.JsTester.test 0
21-Mar-2024 18:39:00.806 INFO [http-nio-8080-exec-213] server.tester.testerimpls.JsTester.test 
21-Mar-2024 18:39:00.806 INFO [http-nio-8080-exec-213] server.tester.testerimpls.JsTester.test yes
21-Mar-2024 18:39:01.572 INFO [http-nio-8080-exec-214] server.tester.testerimpls.JsTester.test 0
21-Mar-2024 18:39:01.572 INFO [http-nio-8080-exec-214] server.tester.testerimpls.JsTester.test 
21-Mar-2024 18:39:01.572 INFO [http-nio-8080-exec-214] server.tester.testerimpls.JsTester.test yes
21-Mar-2024 18:39:02.394 INFO [http-nio-8080-exec-215] server.tester.testerimpls.JsTester.test 0
21-Mar-2024 18:39:02.394 INFO [http-nio-8080-exec-215] server.tester.testerimpls.JsTester.test 
21-Mar-2024 18:39:02.394 INFO [http-nio-8080-exec-215] server.tester.testerimpls.JsTester.test yes
21-Mar-2024 18:39:46.826 INFO [http-nio-8080-exec-209] org.apache.catalina.startup.HostConfig.undeploy Undeploying context [/codecraft]
21-Mar-2024 18:39:46.830 WARNING [http-nio-8080-exec-209] org.apache.catalina.loader.WebappClassLoaderBase.clearReferencesJdbc The web application [codecraft] registered the JDBC driver [org.postgresql.Driver] but failed to unregister it when the web application was stopped. To prevent a memory leak, the JDBC Driver has been forcibly unregistered.
21-Mar-2024 18:39:46.835 INFO [http-nio-8080-exec-209] org.apache.catalina.startup.HostConfig.deployWAR Deploying web application archive [/Users/tolymbeknurtai/Desktop/package/apache-tomcat-10.1.19/webapps/codecraft.war]
21-Mar-2024 18:39:46.899 INFO [http-nio-8080-exec-209] org.apache.jasper.servlet.TldScanner.scanJars At least one JAR was scanned for TLDs yet contained no TLDs. Enable debug logging for this logger for a complete list of JARs that were scanned but no TLDs were found in them. Skipping unneeded JARs during scanning can improve startup time and JSP compilation time.
21-Mar-2024 18:39:46.900 INFO [http-nio-8080-exec-209] org.apache.catalina.startup.HostConfig.deployWAR Deployment of web application archive [/Users/tolymbeknurtai/Desktop/package/apache-tomcat-10.1.19/webapps/codecraft.war] has finished in [65] ms
21-Mar-2024 18:39:55.362 INFO [http-nio-8080-exec-215] server.tester.testerimpls.JsTester.test 0
21-Mar-2024 18:39:55.362 INFO [http-nio-8080-exec-215] server.tester.testerimpls.JsTester.test 
21-Mar-2024 18:39:55.363 INFO [http-nio-8080-exec-215] server.tester.testerimpls.JsTester.test yes
21-Mar-2024 18:39:56.152 INFO [http-nio-8080-exec-214] server.tester.testerimpls.JsTester.test 0
21-Mar-2024 18:39:56.152 INFO [http-nio-8080-exec-214] server.tester.testerimpls.JsTester.test 
21-Mar-2024 18:39:56.152 INFO [http-nio-8080-exec-214] server.tester.testerimpls.JsTester.test yes
21-Mar-2024 18:39:57.047 INFO [http-nio-8080-exec-213] server.tester.testerimpls.JsTester.test 0
21-Mar-2024 18:39:57.047 INFO [http-nio-8080-exec-213] server.tester.testerimpls.JsTester.test 
21-Mar-2024 18:39:57.048 INFO [http-nio-8080-exec-213] server.tester.testerimpls.JsTester.test yes
21-Mar-2024 18:39:57.913 INFO [http-nio-8080-exec-212] server.tester.testerimpls.JsTester.test 0
21-Mar-2024 18:39:57.914 INFO [http-nio-8080-exec-212] server.tester.testerimpls.JsTester.test 
21-Mar-2024 18:39:57.914 INFO [http-nio-8080-exec-212] server.tester.testerimpls.JsTester.test yes
21-Mar-2024 18:39:58.809 INFO [http-nio-8080-exec-218] server.tester.testerimpls.JsTester.test 0
21-Mar-2024 18:39:58.809 INFO [http-nio-8080-exec-218] server.tester.testerimpls.JsTester.test 
21-Mar-2024 18:39:58.809 INFO [http-nio-8080-exec-218] server.tester.testerimpls.JsTester.test yes
21-Mar-2024 18:40:53.016 INFO [http-nio-8080-exec-219] org.apache.catalina.startup.HostConfig.undeploy Undeploying context [/codecraft]
21-Mar-2024 18:40:53.021 WARNING [http-nio-8080-exec-219] org.apache.catalina.loader.WebappClassLoaderBase.clearReferencesJdbc The web application [codecraft] registered the JDBC driver [org.postgresql.Driver] but failed to unregister it when the web application was stopped. To prevent a memory leak, the JDBC Driver has been forcibly unregistered.
21-Mar-2024 18:40:53.027 INFO [http-nio-8080-exec-219] org.apache.catalina.startup.HostConfig.deployWAR Deploying web application archive [/Users/tolymbeknurtai/Desktop/package/apache-tomcat-10.1.19/webapps/codecraft.war]
21-Mar-2024 18:40:53.098 INFO [http-nio-8080-exec-219] org.apache.jasper.servlet.TldScanner.scanJars At least one JAR was scanned for TLDs yet contained no TLDs. Enable debug logging for this logger for a complete list of JARs that were scanned but no TLDs were found in them. Skipping unneeded JARs during scanning can improve startup time and JSP compilation time.
21-Mar-2024 18:40:53.099 INFO [http-nio-8080-exec-219] org.apache.catalina.startup.HostConfig.deployWAR Deployment of web application archive [/Users/tolymbeknurtai/Desktop/package/apache-tomcat-10.1.19/webapps/codecraft.war] has finished in [72] ms
21-Mar-2024 18:41:01.948 INFO [http-nio-8080-exec-212] server.tester.testerimpls.JsTester.test 0
21-Mar-2024 18:41:01.949 INFO [http-nio-8080-exec-212] server.tester.testerimpls.JsTester.test 
21-Mar-2024 18:41:01.949 INFO [http-nio-8080-exec-212] server.tester.testerimpls.JsTester.test yes
21-Mar-2024 18:41:03.003 INFO [http-nio-8080-exec-200] server.tester.testerimpls.JsTester.test 0
21-Mar-2024 18:41:03.003 INFO [http-nio-8080-exec-200] server.tester.testerimpls.JsTester.test 
21-Mar-2024 18:41:03.003 INFO [http-nio-8080-exec-200] server.tester.testerimpls.JsTester.test yes
21-Mar-2024 18:41:03.921 INFO [http-nio-8080-exec-218] server.tester.testerimpls.JsTester.test 0
21-Mar-2024 18:41:03.921 INFO [http-nio-8080-exec-218] server.tester.testerimpls.JsTester.test 
21-Mar-2024 18:41:03.921 INFO [http-nio-8080-exec-218] server.tester.testerimpls.JsTester.test yes
21-Mar-2024 18:48:42.510 INFO [http-nio-8080-exec-222] org.apache.catalina.startup.HostConfig.undeploy Undeploying context [/codecraft]
21-Mar-2024 18:48:42.514 WARNING [http-nio-8080-exec-222] org.apache.catalina.loader.WebappClassLoaderBase.clearReferencesJdbc The web application [codecraft] registered the JDBC driver [org.postgresql.Driver] but failed to unregister it when the web application was stopped. To prevent a memory leak, the JDBC Driver has been forcibly unregistered.
21-Mar-2024 18:48:42.523 INFO [http-nio-8080-exec-222] org.apache.catalina.startup.HostConfig.deployWAR Deploying web application archive [/Users/tolymbeknurtai/Desktop/package/apache-tomcat-10.1.19/webapps/codecraft.war]
21-Mar-2024 18:48:42.623 INFO [http-nio-8080-exec-222] org.apache.jasper.servlet.TldScanner.scanJars At least one JAR was scanned for TLDs yet contained no TLDs. Enable debug logging for this logger for a complete list of JARs that were scanned but no TLDs were found in them. Skipping unneeded JARs during scanning can improve startup time and JSP compilation time.
21-Mar-2024 18:48:42.624 INFO [http-nio-8080-exec-222] org.apache.catalina.startup.HostConfig.deployWAR Deployment of web application archive [/Users/tolymbeknurtai/Desktop/package/apache-tomcat-10.1.19/webapps/codecraft.war] has finished in [101] ms
21-Mar-2024 18:48:50.287 INFO [http-nio-8080-exec-223] server.tester.testerimpls.JsTester.test 
21-Mar-2024 18:48:52.418 INFO [http-nio-8080-exec-226] server.tester.testerimpls.JsTester.test 
21-Mar-2024 18:50:44.729 INFO [http-nio-8080-exec-232] org.apache.catalina.startup.HostConfig.undeploy Undeploying context [/codecraft]
21-Mar-2024 18:50:44.733 WARNING [http-nio-8080-exec-232] org.apache.catalina.loader.WebappClassLoaderBase.clearReferencesJdbc The web application [codecraft] registered the JDBC driver [org.postgresql.Driver] but failed to unregister it when the web application was stopped. To prevent a memory leak, the JDBC Driver has been forcibly unregistered.
21-Mar-2024 18:50:44.740 INFO [http-nio-8080-exec-232] org.apache.catalina.startup.HostConfig.deployWAR Deploying web application archive [/Users/tolymbeknurtai/Desktop/package/apache-tomcat-10.1.19/webapps/codecraft.war]
21-Mar-2024 18:50:44.808 INFO [http-nio-8080-exec-232] org.apache.jasper.servlet.TldScanner.scanJars At least one JAR was scanned for TLDs yet contained no TLDs. Enable debug logging for this logger for a complete list of JARs that were scanned but no TLDs were found in them. Skipping unneeded JARs during scanning can improve startup time and JSP compilation time.
21-Mar-2024 18:50:44.809 INFO [http-nio-8080-exec-232] org.apache.catalina.startup.HostConfig.deployWAR Deployment of web application archive [/Users/tolymbeknurtai/Desktop/package/apache-tomcat-10.1.19/webapps/codecraft.war] has finished in [69] ms
21-Mar-2024 18:51:00.680 INFO [http-nio-8080-exec-227] org.apache.catalina.startup.HostConfig.undeploy Undeploying context [/codecraft]
21-Mar-2024 18:51:00.684 INFO [http-nio-8080-exec-227] org.apache.catalina.startup.HostConfig.deployWAR Deploying web application archive [/Users/tolymbeknurtai/Desktop/package/apache-tomcat-10.1.19/webapps/codecraft.war]
21-Mar-2024 18:51:00.739 INFO [http-nio-8080-exec-227] org.apache.jasper.servlet.TldScanner.scanJars At least one JAR was scanned for TLDs yet contained no TLDs. Enable debug logging for this logger for a complete list of JARs that were scanned but no TLDs were found in them. Skipping unneeded JARs during scanning can improve startup time and JSP compilation time.
21-Mar-2024 18:51:00.740 INFO [http-nio-8080-exec-227] org.apache.catalina.startup.HostConfig.deployWAR Deployment of web application archive [/Users/tolymbeknurtai/Desktop/package/apache-tomcat-10.1.19/webapps/codecraft.war] has finished in [56] ms
21-Mar-2024 18:51:04.995 INFO [http-nio-8080-exec-229] server.tester.testerimpls.JsTester.test 
21-Mar-2024 18:51:06.802 INFO [http-nio-8080-exec-239] server.tester.testerimpls.JsTester.test 
21-Mar-2024 18:51:52.766 INFO [http-nio-8080-exec-235] org.apache.catalina.startup.HostConfig.undeploy Undeploying context [/codecraft]
21-Mar-2024 18:51:52.770 WARNING [http-nio-8080-exec-235] org.apache.catalina.loader.WebappClassLoaderBase.clearReferencesJdbc The web application [codecraft] registered the JDBC driver [org.postgresql.Driver] but failed to unregister it when the web application was stopped. To prevent a memory leak, the JDBC Driver has been forcibly unregistered.
21-Mar-2024 18:51:52.775 INFO [http-nio-8080-exec-235] org.apache.catalina.startup.HostConfig.deployWAR Deploying web application archive [/Users/tolymbeknurtai/Desktop/package/apache-tomcat-10.1.19/webapps/codecraft.war]
21-Mar-2024 18:51:52.843 INFO [http-nio-8080-exec-235] org.apache.jasper.servlet.TldScanner.scanJars At least one JAR was scanned for TLDs yet contained no TLDs. Enable debug logging for this logger for a complete list of JARs that were scanned but no TLDs were found in them. Skipping unneeded JARs during scanning can improve startup time and JSP compilation time.
21-Mar-2024 18:51:52.844 INFO [http-nio-8080-exec-235] org.apache.catalina.startup.HostConfig.deployWAR Deployment of web application archive [/Users/tolymbeknurtai/Desktop/package/apache-tomcat-10.1.19/webapps/codecraft.war] has finished in [69] ms
21-Mar-2024 18:51:55.621 INFO [http-nio-8080-exec-241] server.tester.testerimpls.JsTester.test 
21-Mar-2024 18:55:06.902 INFO [main] org.apache.catalina.core.StandardServer.await A valid shutdown command was received via the shutdown port. Stopping the Server instance.
21-Mar-2024 18:55:06.903 INFO [main] org.apache.coyote.AbstractProtocol.pause Pausing ProtocolHandler ["http-nio-8080"]
21-Mar-2024 18:55:06.905 INFO [main] org.apache.catalina.core.StandardService.stopInternal Stopping service [Catalina]
21-Mar-2024 18:55:06.911 WARNING [main] org.apache.catalina.loader.WebappClassLoaderBase.clearReferencesJdbc The web application [codecraft] registered the JDBC driver [org.postgresql.Driver] but failed to unregister it when the web application was stopped. To prevent a memory leak, the JDBC Driver has been forcibly unregistered.
21-Mar-2024 18:55:06.915 INFO [main] org.apache.coyote.AbstractProtocol.stop Stopping ProtocolHandler ["http-nio-8080"]
21-Mar-2024 18:55:06.920 INFO [main] org.apache.coyote.AbstractProtocol.destroy Destroying ProtocolHandler ["http-nio-8080"]
21-Mar-2024 19:07:49.150 INFO [main] org.apache.catalina.startup.VersionLoggerListener.log Server version name:   Apache Tomcat/10.1.19
21-Mar-2024 19:07:49.152 INFO [main] org.apache.catalina.startup.VersionLoggerListener.log Server built:          Feb 14 2024 19:36:50 UTC
21-Mar-2024 19:07:49.152 INFO [main] org.apache.catalina.startup.VersionLoggerListener.log Server version number: 10.1.19.0
21-Mar-2024 19:07:49.153 INFO [main] org.apache.catalina.startup.VersionLoggerListener.log OS Name:               Mac OS X
21-Mar-2024 19:07:49.153 INFO [main] org.apache.catalina.startup.VersionLoggerListener.log OS Version:            14.3.1
21-Mar-2024 19:07:49.153 INFO [main] org.apache.catalina.startup.VersionLoggerListener.log Architecture:          aarch64
21-Mar-2024 19:07:49.153 INFO [main] org.apache.catalina.startup.VersionLoggerListener.log Java Home:             /opt/homebrew/Cellar/openjdk/21.0.2/libexec/openjdk.jdk/Contents/Home
21-Mar-2024 19:07:49.153 INFO [main] org.apache.catalina.startup.VersionLoggerListener.log JVM Version:           21.0.2
21-Mar-2024 19:07:49.153 INFO [main] org.apache.catalina.startup.VersionLoggerListener.log JVM Vendor:            Homebrew
21-Mar-2024 19:07:49.153 INFO [main] org.apache.catalina.startup.VersionLoggerListener.log CATALINA_BASE:         /Users/tolymbeknurtai/Desktop/package/apache-tomcat-10.1.19
21-Mar-2024 19:07:49.153 INFO [main] org.apache.catalina.startup.VersionLoggerListener.log CATALINA_HOME:         /Users/tolymbeknurtai/Desktop/package/apache-tomcat-10.1.19
21-Mar-2024 19:07:49.159 INFO [main] org.apache.catalina.startup.VersionLoggerListener.log Command line argument: -Djava.util.logging.config.file=/Users/tolymbeknurtai/Desktop/package/apache-tomcat-10.1.19/conf/logging.properties
21-Mar-2024 19:07:49.159 INFO [main] org.apache.catalina.startup.VersionLoggerListener.log Command line argument: -Djava.util.logging.manager=org.apache.juli.ClassLoaderLogManager
21-Mar-2024 19:07:49.159 INFO [main] org.apache.catalina.startup.VersionLoggerListener.log Command line argument: -Djdk.tls.ephemeralDHKeySize=2048
21-Mar-2024 19:07:49.159 INFO [main] org.apache.catalina.startup.VersionLoggerListener.log Command line argument: -Djava.protocol.handler.pkgs=org.apache.catalina.webresources
21-Mar-2024 19:07:49.159 INFO [main] org.apache.catalina.startup.VersionLoggerListener.log Command line argument: -Dorg.apache.catalina.security.SecurityListener.UMASK=0027
21-Mar-2024 19:07:49.159 INFO [main] org.apache.catalina.startup.VersionLoggerListener.log Command line argument: --add-opens=java.base/java.lang=ALL-UNNAMED
21-Mar-2024 19:07:49.159 INFO [main] org.apache.catalina.startup.VersionLoggerListener.log Command line argument: --add-opens=java.base/java.io=ALL-UNNAMED
21-Mar-2024 19:07:49.159 INFO [main] org.apache.catalina.startup.VersionLoggerListener.log Command line argument: --add-opens=java.base/java.util=ALL-UNNAMED
21-Mar-2024 19:07:49.160 INFO [main] org.apache.catalina.startup.VersionLoggerListener.log Command line argument: --add-opens=java.base/java.util.concurrent=ALL-UNNAMED
21-Mar-2024 19:07:49.160 INFO [main] org.apache.catalina.startup.VersionLoggerListener.log Command line argument: --add-opens=java.rmi/sun.rmi.transport=ALL-UNNAMED
21-Mar-2024 19:07:49.160 INFO [main] org.apache.catalina.startup.VersionLoggerListener.log Command line argument: -Dcatalina.base=/Users/tolymbeknurtai/Desktop/package/apache-tomcat-10.1.19
21-Mar-2024 19:07:49.160 INFO [main] org.apache.catalina.startup.VersionLoggerListener.log Command line argument: -Dcatalina.home=/Users/tolymbeknurtai/Desktop/package/apache-tomcat-10.1.19
21-Mar-2024 19:07:49.160 INFO [main] org.apache.catalina.startup.VersionLoggerListener.log Command line argument: -Djava.io.tmpdir=/Users/tolymbeknurtai/Desktop/package/apache-tomcat-10.1.19/temp
21-Mar-2024 19:07:49.164 INFO [main] org.apache.catalina.core.AprLifecycleListener.lifecycleEvent The Apache Tomcat Native library which allows using OpenSSL was not found on the java.library.path: [/Users/tolymbeknurtai/Library/Java/Extensions:/Library/Java/Extensions:/Network/Library/Java/Extensions:/System/Library/Java/Extensions:/usr/lib/java:.]
21-Mar-2024 19:07:49.320 INFO [main] org.apache.coyote.AbstractProtocol.init Initializing ProtocolHandler ["http-nio-8080"]
21-Mar-2024 19:07:49.333 INFO [main] org.apache.catalina.startup.Catalina.load Server initialization in [280] milliseconds
21-Mar-2024 19:07:49.351 INFO [main] org.apache.catalina.core.StandardService.startInternal Starting service [Catalina]
21-Mar-2024 19:07:49.351 INFO [main] org.apache.catalina.core.StandardEngine.startInternal Starting Servlet engine: [Apache Tomcat/10.1.19]
21-Mar-2024 19:07:49.363 INFO [main] org.apache.catalina.startup.HostConfig.deployWAR Deploying web application archive [/Users/tolymbeknurtai/Desktop/package/apache-tomcat-10.1.19/webapps/servlets-1.0-SNAPSHOT.war]
21-Mar-2024 19:07:49.514 INFO [main] org.apache.catalina.startup.HostConfig.deployWAR Deployment of web application archive [/Users/tolymbeknurtai/Desktop/package/apache-tomcat-10.1.19/webapps/servlets-1.0-SNAPSHOT.war] has finished in [151] ms
21-Mar-2024 19:07:49.515 INFO [main] org.apache.catalina.startup.HostConfig.deployWAR Deploying web application archive [/Users/tolymbeknurtai/Desktop/package/apache-tomcat-10.1.19/webapps/codecraft.war]
21-Mar-2024 19:07:49.609 INFO [main] org.apache.jasper.servlet.TldScanner.scanJars At least one JAR was scanned for TLDs yet contained no TLDs. Enable debug logging for this logger for a complete list of JARs that were scanned but no TLDs were found in them. Skipping unneeded JARs during scanning can improve startup time and JSP compilation time.
21-Mar-2024 19:07:49.610 INFO [main] org.apache.catalina.startup.HostConfig.deployWAR Deployment of web application archive [/Users/tolymbeknurtai/Desktop/package/apache-tomcat-10.1.19/webapps/codecraft.war] has finished in [95] ms
21-Mar-2024 19:07:49.610 INFO [main] org.apache.catalina.startup.HostConfig.deployDirectory Deploying web application directory [/Users/tolymbeknurtai/Desktop/package/apache-tomcat-10.1.19/webapps/docs]
21-Mar-2024 19:07:49.620 INFO [main] org.apache.catalina.startup.HostConfig.deployDirectory Deployment of web application directory [/Users/tolymbeknurtai/Desktop/package/apache-tomcat-10.1.19/webapps/docs] has finished in [10] ms
21-Mar-2024 19:07:49.620 INFO [main] org.apache.catalina.startup.HostConfig.deployDirectory Deploying web application directory [/Users/tolymbeknurtai/Desktop/package/apache-tomcat-10.1.19/webapps/manager]
21-Mar-2024 19:07:49.635 INFO [main] org.apache.catalina.startup.HostConfig.deployDirectory Deployment of web application directory [/Users/tolymbeknurtai/Desktop/package/apache-tomcat-10.1.19/webapps/manager] has finished in [14] ms
21-Mar-2024 19:07:49.635 INFO [main] org.apache.catalina.startup.HostConfig.deployDirectory Deploying web application directory [/Users/tolymbeknurtai/Desktop/package/apache-tomcat-10.1.19/webapps/examples]
21-Mar-2024 19:07:49.742 INFO [main] org.apache.catalina.startup.HostConfig.deployDirectory Deployment of web application directory [/Users/tolymbeknurtai/Desktop/package/apache-tomcat-10.1.19/webapps/examples] has finished in [107] ms
21-Mar-2024 19:07:49.742 INFO [main] org.apache.catalina.startup.HostConfig.deployDirectory Deploying web application directory [/Users/tolymbeknurtai/Desktop/package/apache-tomcat-10.1.19/webapps/ROOT]
21-Mar-2024 19:07:49.750 INFO [main] org.apache.catalina.startup.HostConfig.deployDirectory Deployment of web application directory [/Users/tolymbeknurtai/Desktop/package/apache-tomcat-10.1.19/webapps/ROOT] has finished in [8] ms
21-Mar-2024 19:07:49.750 INFO [main] org.apache.catalina.startup.HostConfig.deployDirectory Deploying web application directory [/Users/tolymbeknurtai/Desktop/package/apache-tomcat-10.1.19/webapps/host-manager]
21-Mar-2024 19:07:49.759 INFO [main] org.apache.catalina.startup.HostConfig.deployDirectory Deployment of web application directory [/Users/tolymbeknurtai/Desktop/package/apache-tomcat-10.1.19/webapps/host-manager] has finished in [9] ms
21-Mar-2024 19:07:49.761 INFO [main] org.apache.coyote.AbstractProtocol.start Starting ProtocolHandler ["http-nio-8080"]
21-Mar-2024 19:07:49.766 INFO [main] org.apache.catalina.startup.Catalina.start Server startup in [432] milliseconds
21-Mar-2024 19:13:35.486 INFO [http-nio-8080-exec-3] org.apache.catalina.startup.HostConfig.undeploy Undeploying context [/codecraft]
21-Mar-2024 19:13:35.491 WARNING [http-nio-8080-exec-3] org.apache.catalina.loader.WebappClassLoaderBase.clearReferencesJdbc The web application [codecraft] registered the JDBC driver [org.postgresql.Driver] but failed to unregister it when the web application was stopped. To prevent a memory leak, the JDBC Driver has been forcibly unregistered.
21-Mar-2024 19:13:35.504 INFO [http-nio-8080-exec-3] org.apache.catalina.startup.HostConfig.deployWAR Deploying web application archive [/Users/tolymbeknurtai/Desktop/package/apache-tomcat-10.1.19/webapps/codecraft.war]
21-Mar-2024 19:13:35.582 INFO [http-nio-8080-exec-3] org.apache.jasper.servlet.TldScanner.scanJars At least one JAR was scanned for TLDs yet contained no TLDs. Enable debug logging for this logger for a complete list of JARs that were scanned but no TLDs were found in them. Skipping unneeded JARs during scanning can improve startup time and JSP compilation time.
21-Mar-2024 19:13:35.583 INFO [http-nio-8080-exec-3] org.apache.catalina.startup.HostConfig.deployWAR Deployment of web application archive [/Users/tolymbeknurtai/Desktop/package/apache-tomcat-10.1.19/webapps/codecraft.war] has finished in [79] ms
21-Mar-2024 19:13:48.539 INFO [http-nio-8080-exec-6] server.servlets.QuestionsServlet.doGet 2
21-Mar-2024 19:13:48.541 INFO [http-nio-8080-exec-6] server.servlets.QuestionsServlet.doGet 2
21-Mar-2024 19:16:15.842 INFO [http-nio-8080-exec-11] org.apache.catalina.startup.HostConfig.undeploy Undeploying context [/codecraft]
21-Mar-2024 19:16:15.845 WARNING [http-nio-8080-exec-11] org.apache.catalina.loader.WebappClassLoaderBase.clearReferencesJdbc The web application [codecraft] registered the JDBC driver [org.postgresql.Driver] but failed to unregister it when the web application was stopped. To prevent a memory leak, the JDBC Driver has been forcibly unregistered.
21-Mar-2024 19:16:15.850 INFO [http-nio-8080-exec-11] org.apache.catalina.startup.HostConfig.deployWAR Deploying web application archive [/Users/tolymbeknurtai/Desktop/package/apache-tomcat-10.1.19/webapps/codecraft.war]
21-Mar-2024 19:16:15.924 INFO [http-nio-8080-exec-11] org.apache.jasper.servlet.TldScanner.scanJars At least one JAR was scanned for TLDs yet contained no TLDs. Enable debug logging for this logger for a complete list of JARs that were scanned but no TLDs were found in them. Skipping unneeded JARs during scanning can improve startup time and JSP compilation time.
21-Mar-2024 19:16:15.926 INFO [http-nio-8080-exec-11] org.apache.catalina.startup.HostConfig.deployWAR Deployment of web application archive [/Users/tolymbeknurtai/Desktop/package/apache-tomcat-10.1.19/webapps/codecraft.war] has finished in [76] ms
21-Mar-2024 19:16:19.618 INFO [http-nio-8080-exec-4] server.daos.QuestionsDAO.getQuestions 1
21-Mar-2024 19:16:19.618 INFO [http-nio-8080-exec-4] server.daos.QuestionsDAO.getQuestions 2
21-Mar-2024 19:16:19.619 INFO [http-nio-8080-exec-4] server.servlets.QuestionsServlet.doGet 2
21-Mar-2024 19:16:19.620 INFO [http-nio-8080-exec-4] server.servlets.QuestionsServlet.doGet 2
21-Mar-2024 19:19:38.178 INFO [http-nio-8080-exec-16] org.apache.catalina.startup.HostConfig.undeploy Undeploying context [/codecraft]
21-Mar-2024 19:19:38.181 WARNING [http-nio-8080-exec-16] org.apache.catalina.loader.WebappClassLoaderBase.clearReferencesJdbc The web application [codecraft] registered the JDBC driver [org.postgresql.Driver] but failed to unregister it when the web application was stopped. To prevent a memory leak, the JDBC Driver has been forcibly unregistered.
21-Mar-2024 19:19:38.186 INFO [http-nio-8080-exec-16] org.apache.catalina.startup.HostConfig.deployWAR Deploying web application archive [/Users/tolymbeknurtai/Desktop/package/apache-tomcat-10.1.19/webapps/codecraft.war]
21-Mar-2024 19:19:38.252 INFO [http-nio-8080-exec-16] org.apache.jasper.servlet.TldScanner.scanJars At least one JAR was scanned for TLDs yet contained no TLDs. Enable debug logging for this logger for a complete list of JARs that were scanned but no TLDs were found in them. Skipping unneeded JARs during scanning can improve startup time and JSP compilation time.
21-Mar-2024 19:19:38.253 INFO [http-nio-8080-exec-16] org.apache.catalina.startup.HostConfig.deployWAR Deployment of web application archive [/Users/tolymbeknurtai/Desktop/package/apache-tomcat-10.1.19/webapps/codecraft.war] has finished in [67] ms
21-Mar-2024 19:19:44.113 INFO [http-nio-8080-exec-20] server.daos.QuestionsDAO.getQuestions 1
21-Mar-2024 19:19:44.114 INFO [http-nio-8080-exec-20] server.daos.QuestionsDAO.getQuestions 2
21-Mar-2024 19:19:44.114 INFO [http-nio-8080-exec-20] server.daos.QuestionsDAO.getQuestions 2
21-Mar-2024 19:19:44.114 INFO [http-nio-8080-exec-20] server.servlets.QuestionsServlet.doGet 2
21-Mar-2024 19:19:44.115 INFO [http-nio-8080-exec-20] server.servlets.QuestionsServlet.doGet 2
21-Mar-2024 19:20:43.067 INFO [http-nio-8080-exec-22] org.apache.catalina.startup.HostConfig.undeploy Undeploying context [/codecraft]
21-Mar-2024 19:20:43.072 WARNING [http-nio-8080-exec-22] org.apache.catalina.loader.WebappClassLoaderBase.clearReferencesJdbc The web application [codecraft] registered the JDBC driver [org.postgresql.Driver] but failed to unregister it when the web application was stopped. To prevent a memory leak, the JDBC Driver has been forcibly unregistered.
21-Mar-2024 19:20:43.078 INFO [http-nio-8080-exec-22] org.apache.catalina.startup.HostConfig.deployWAR Deploying web application archive [/Users/tolymbeknurtai/Desktop/package/apache-tomcat-10.1.19/webapps/codecraft.war]
21-Mar-2024 19:20:43.154 INFO [http-nio-8080-exec-22] org.apache.jasper.servlet.TldScanner.scanJars At least one JAR was scanned for TLDs yet contained no TLDs. Enable debug logging for this logger for a complete list of JARs that were scanned but no TLDs were found in them. Skipping unneeded JARs during scanning can improve startup time and JSP compilation time.
21-Mar-2024 19:20:43.156 INFO [http-nio-8080-exec-22] org.apache.catalina.startup.HostConfig.deployWAR Deployment of web application archive [/Users/tolymbeknurtai/Desktop/package/apache-tomcat-10.1.19/webapps/codecraft.war] has finished in [77] ms
21-Mar-2024 19:20:49.620 INFO [http-nio-8080-exec-15] server.daos.QuestionsDAO.getQuestions 2
21-Mar-2024 19:20:49.621 INFO [http-nio-8080-exec-15] server.servlets.QuestionsServlet.doGet 2
21-Mar-2024 19:20:49.622 INFO [http-nio-8080-exec-15] server.servlets.QuestionsServlet.doGet 2
21-Mar-2024 19:22:07.918 INFO [http-nio-8080-exec-25] org.apache.catalina.startup.HostConfig.undeploy Undeploying context [/codecraft]
21-Mar-2024 19:22:07.921 WARNING [http-nio-8080-exec-25] org.apache.catalina.loader.WebappClassLoaderBase.clearReferencesJdbc The web application [codecraft] registered the JDBC driver [org.postgresql.Driver] but failed to unregister it when the web application was stopped. To prevent a memory leak, the JDBC Driver has been forcibly unregistered.
21-Mar-2024 19:22:07.926 INFO [http-nio-8080-exec-25] org.apache.catalina.startup.HostConfig.deployWAR Deploying web application archive [/Users/tolymbeknurtai/Desktop/package/apache-tomcat-10.1.19/webapps/codecraft.war]
21-Mar-2024 19:22:08.000 INFO [http-nio-8080-exec-25] org.apache.jasper.servlet.TldScanner.scanJars At least one JAR was scanned for TLDs yet contained no TLDs. Enable debug logging for this logger for a complete list of JARs that were scanned but no TLDs were found in them. Skipping unneeded JARs during scanning can improve startup time and JSP compilation time.
21-Mar-2024 19:22:08.001 INFO [http-nio-8080-exec-25] org.apache.catalina.startup.HostConfig.deployWAR Deployment of web application archive [/Users/tolymbeknurtai/Desktop/package/apache-tomcat-10.1.19/webapps/codecraft.war] has finished in [75] ms
21-Mar-2024 19:22:14.461 INFO [http-nio-8080-exec-1] server.daos.QuestionsDAO.getQuestions 2
21-Mar-2024 19:22:14.461 INFO [http-nio-8080-exec-1] server.daos.QuestionsDAO.getQuestions 2
21-Mar-2024 19:22:46.760 INFO [http-nio-8080-exec-28] server.daos.QuestionsDAO.getQuestions 2
21-Mar-2024 19:22:46.761 INFO [http-nio-8080-exec-28] server.daos.QuestionsDAO.getQuestions 2
21-Mar-2024 19:22:56.555 INFO [http-nio-8080-exec-19] org.apache.catalina.startup.HostConfig.undeploy Undeploying context [/codecraft]
21-Mar-2024 19:22:56.559 WARNING [http-nio-8080-exec-19] org.apache.catalina.loader.WebappClassLoaderBase.clearReferencesJdbc The web application [codecraft] registered the JDBC driver [org.postgresql.Driver] but failed to unregister it when the web application was stopped. To prevent a memory leak, the JDBC Driver has been forcibly unregistered.
21-Mar-2024 19:22:56.569 INFO [http-nio-8080-exec-19] org.apache.catalina.startup.HostConfig.deployWAR Deploying web application archive [/Users/tolymbeknurtai/Desktop/package/apache-tomcat-10.1.19/webapps/codecraft.war]
21-Mar-2024 19:22:56.637 INFO [http-nio-8080-exec-19] org.apache.jasper.servlet.TldScanner.scanJars At least one JAR was scanned for TLDs yet contained no TLDs. Enable debug logging for this logger for a complete list of JARs that were scanned but no TLDs were found in them. Skipping unneeded JARs during scanning can improve startup time and JSP compilation time.
21-Mar-2024 19:22:56.638 INFO [http-nio-8080-exec-19] org.apache.catalina.startup.HostConfig.deployWAR Deployment of web application archive [/Users/tolymbeknurtai/Desktop/package/apache-tomcat-10.1.19/webapps/codecraft.war] has finished in [70] ms
21-Mar-2024 19:23:02.074 INFO [http-nio-8080-exec-24] server.daos.QuestionsDAO.getQuestions 1
21-Mar-2024 19:23:02.074 INFO [http-nio-8080-exec-24] server.daos.QuestionsDAO.getQuestions 2
21-Mar-2024 19:23:02.075 INFO [http-nio-8080-exec-24] server.daos.QuestionsDAO.getQuestions 2
21-Mar-2024 19:23:02.075 INFO [http-nio-8080-exec-24] server.daos.QuestionsDAO.getQuestions 2
21-Mar-2024 19:24:57.500 INFO [http-nio-8080-exec-32] org.apache.catalina.startup.HostConfig.undeploy Undeploying context [/codecraft]
21-Mar-2024 19:24:57.503 WARNING [http-nio-8080-exec-32] org.apache.catalina.loader.WebappClassLoaderBase.clearReferencesJdbc The web application [codecraft] registered the JDBC driver [org.postgresql.Driver] but failed to unregister it when the web application was stopped. To prevent a memory leak, the JDBC Driver has been forcibly unregistered.
21-Mar-2024 19:24:57.509 INFO [http-nio-8080-exec-32] org.apache.catalina.startup.HostConfig.deployWAR Deploying web application archive [/Users/tolymbeknurtai/Desktop/package/apache-tomcat-10.1.19/webapps/codecraft.war]
21-Mar-2024 19:24:57.581 INFO [http-nio-8080-exec-32] org.apache.jasper.servlet.TldScanner.scanJars At least one JAR was scanned for TLDs yet contained no TLDs. Enable debug logging for this logger for a complete list of JARs that were scanned but no TLDs were found in them. Skipping unneeded JARs during scanning can improve startup time and JSP compilation time.
21-Mar-2024 19:24:57.582 INFO [http-nio-8080-exec-32] org.apache.catalina.startup.HostConfig.deployWAR Deployment of web application archive [/Users/tolymbeknurtai/Desktop/package/apache-tomcat-10.1.19/webapps/codecraft.war] has finished in [73] ms
21-Mar-2024 19:25:02.521 INFO [http-nio-8080-exec-36] server.daos.QuestionsDAO.getQuestions 1
21-Mar-2024 19:25:02.521 INFO [http-nio-8080-exec-36] server.daos.QuestionsDAO.getQuestions 2
21-Mar-2024 19:25:02.521 INFO [http-nio-8080-exec-36] server.daos.QuestionsDAO.getQuestions 1
21-Mar-2024 19:25:02.521 INFO [http-nio-8080-exec-36] server.daos.QuestionsDAO.getQuestions 2
21-Mar-2024 19:29:07.016 INFO [http-nio-8080-exec-37] org.apache.catalina.startup.HostConfig.undeploy Undeploying context [/codecraft]
21-Mar-2024 19:29:07.019 WARNING [http-nio-8080-exec-37] org.apache.catalina.loader.WebappClassLoaderBase.clearReferencesJdbc The web application [codecraft] registered the JDBC driver [org.postgresql.Driver] but failed to unregister it when the web application was stopped. To prevent a memory leak, the JDBC Driver has been forcibly unregistered.
21-Mar-2024 19:29:07.025 INFO [http-nio-8080-exec-37] org.apache.catalina.startup.HostConfig.deployWAR Deploying web application archive [/Users/tolymbeknurtai/Desktop/package/apache-tomcat-10.1.19/webapps/codecraft.war]
21-Mar-2024 19:29:07.103 INFO [http-nio-8080-exec-37] org.apache.jasper.servlet.TldScanner.scanJars At least one JAR was scanned for TLDs yet contained no TLDs. Enable debug logging for this logger for a complete list of JARs that were scanned but no TLDs were found in them. Skipping unneeded JARs during scanning can improve startup time and JSP compilation time.
21-Mar-2024 19:29:07.104 INFO [http-nio-8080-exec-37] org.apache.catalina.startup.HostConfig.deployWAR Deployment of web application archive [/Users/tolymbeknurtai/Desktop/package/apache-tomcat-10.1.19/webapps/codecraft.war] has finished in [79] ms
21-Mar-2024 19:29:15.917 INFO [http-nio-8080-exec-39] server.daos.QuestionsDAO.getQuestions 1
21-Mar-2024 19:29:15.918 INFO [http-nio-8080-exec-39] server.daos.QuestionsDAO.getQuestions 2
21-Mar-2024 19:29:15.918 INFO [http-nio-8080-exec-39] server.daos.QuestionsDAO.getQuestions 1
21-Mar-2024 19:29:15.918 INFO [http-nio-8080-exec-39] server.daos.QuestionsDAO.getQuestions 2
21-Mar-2024 19:29:47.529 INFO [http-nio-8080-exec-38] server.tester.Runner.run /Users/tolymbeknurtai/desktop/projects/servlets/src/main/java/server/tester/tests/Example.js
21-Mar-2024 19:29:47.603 INFO [http-nio-8080-exec-38] server.tester.testerimpls.JsTester.test 
21-Mar-2024 19:31:24.663 INFO [http-nio-8080-exec-44] org.apache.catalina.startup.HostConfig.undeploy Undeploying context [/codecraft]
21-Mar-2024 19:31:24.667 WARNING [http-nio-8080-exec-44] org.apache.catalina.loader.WebappClassLoaderBase.clearReferencesJdbc The web application [codecraft] registered the JDBC driver [org.postgresql.Driver] but failed to unregister it when the web application was stopped. To prevent a memory leak, the JDBC Driver has been forcibly unregistered.
21-Mar-2024 19:31:24.674 INFO [http-nio-8080-exec-44] org.apache.catalina.startup.HostConfig.deployWAR Deploying web application archive [/Users/tolymbeknurtai/Desktop/package/apache-tomcat-10.1.19/webapps/codecraft.war]
21-Mar-2024 19:31:24.740 INFO [http-nio-8080-exec-44] org.apache.jasper.servlet.TldScanner.scanJars At least one JAR was scanned for TLDs yet contained no TLDs. Enable debug logging for this logger for a complete list of JARs that were scanned but no TLDs were found in them. Skipping unneeded JARs during scanning can improve startup time and JSP compilation time.
21-Mar-2024 19:31:24.741 INFO [http-nio-8080-exec-44] org.apache.catalina.startup.HostConfig.deployWAR Deployment of web application archive [/Users/tolymbeknurtai/Desktop/package/apache-tomcat-10.1.19/webapps/codecraft.war] has finished in [67] ms
21-Mar-2024 19:31:33.120 INFO [http-nio-8080-exec-48] server.tester.Runner.run /Users/tolymbeknurtai/desktop/projects/servlets/src/main/java/server/tester/tests/Example.js
21-Mar-2024 19:31:33.120 INFO [http-nio-8080-exec-48] server.tester.Runner.run hello
21-Mar-2024 19:31:33.120 INFO [http-nio-8080-exec-48] server.tester.Runner.run hello
21-Mar-2024 19:31:33.163 INFO [http-nio-8080-exec-48] server.tester.testerimpls.JsTester.test 
21-Mar-2024 19:34:02.359 INFO [http-nio-8080-exec-53] server.tester.Runner.run /Users/tolymbeknurtai/desktop/projects/servlets/src/main/java/server/tester/tests/Example.js
21-Mar-2024 19:34:02.361 INFO [http-nio-8080-exec-53] server.tester.Runner.run null
21-Mar-2024 19:34:02.361 INFO [http-nio-8080-exec-53] server.tester.Runner.run CodeCraft
21-Mar-2024 19:34:02.430 INFO [http-nio-8080-exec-53] server.tester.testerimpls.JsTester.test codeCraft
21-Mar-2024 19:34:25.084 INFO [http-nio-8080-exec-55] org.apache.catalina.startup.HostConfig.undeploy Undeploying context [/codecraft]
21-Mar-2024 19:34:25.087 WARNING [http-nio-8080-exec-55] org.apache.catalina.loader.WebappClassLoaderBase.clearReferencesJdbc The web application [codecraft] registered the JDBC driver [org.postgresql.Driver] but failed to unregister it when the web application was stopped. To prevent a memory leak, the JDBC Driver has been forcibly unregistered.
21-Mar-2024 19:34:25.093 INFO [http-nio-8080-exec-55] org.apache.catalina.startup.HostConfig.deployWAR Deploying web application archive [/Users/tolymbeknurtai/Desktop/package/apache-tomcat-10.1.19/webapps/codecraft.war]
21-Mar-2024 19:34:25.160 INFO [http-nio-8080-exec-55] org.apache.jasper.servlet.TldScanner.scanJars At least one JAR was scanned for TLDs yet contained no TLDs. Enable debug logging for this logger for a complete list of JARs that were scanned but no TLDs were found in them. Skipping unneeded JARs during scanning can improve startup time and JSP compilation time.
21-Mar-2024 19:34:25.161 INFO [http-nio-8080-exec-55] org.apache.catalina.startup.HostConfig.deployWAR Deployment of web application archive [/Users/tolymbeknurtai/Desktop/package/apache-tomcat-10.1.19/webapps/codecraft.war] has finished in [68] ms
21-Mar-2024 19:34:36.260 INFO [http-nio-8080-exec-50] server.tester.testerimpls.JsTester.test CodeCraft
21-Mar-2024 19:35:33.126 INFO [http-nio-8080-exec-59] org.apache.catalina.startup.HostConfig.undeploy Undeploying context [/codecraft]
21-Mar-2024 19:35:33.129 WARNING [http-nio-8080-exec-59] org.apache.catalina.loader.WebappClassLoaderBase.clearReferencesJdbc The web application [codecraft] registered the JDBC driver [org.postgresql.Driver] but failed to unregister it when the web application was stopped. To prevent a memory leak, the JDBC Driver has been forcibly unregistered.
21-Mar-2024 19:35:33.136 INFO [http-nio-8080-exec-59] org.apache.catalina.startup.HostConfig.deployWAR Deploying web application archive [/Users/tolymbeknurtai/Desktop/package/apache-tomcat-10.1.19/webapps/codecraft.war]
21-Mar-2024 19:35:33.202 INFO [http-nio-8080-exec-59] org.apache.jasper.servlet.TldScanner.scanJars At least one JAR was scanned for TLDs yet contained no TLDs. Enable debug logging for this logger for a complete list of JARs that were scanned but no TLDs were found in them. Skipping unneeded JARs during scanning can improve startup time and JSP compilation time.
21-Mar-2024 19:35:33.203 INFO [http-nio-8080-exec-59] org.apache.catalina.startup.HostConfig.deployWAR Deployment of web application archive [/Users/tolymbeknurtai/Desktop/package/apache-tomcat-10.1.19/webapps/codecraft.war] has finished in [67] ms
21-Mar-2024 19:35:48.651 INFO [http-nio-8080-exec-53] server.tester.testerimpls.JsTester.test 
21-Mar-2024 19:36:46.120 INFO [http-nio-8080-exec-61] org.apache.catalina.startup.HostConfig.undeploy Undeploying context [/codecraft]
21-Mar-2024 19:36:46.123 WARNING [http-nio-8080-exec-61] org.apache.catalina.loader.WebappClassLoaderBase.clearReferencesJdbc The web application [codecraft] registered the JDBC driver [org.postgresql.Driver] but failed to unregister it when the web application was stopped. To prevent a memory leak, the JDBC Driver has been forcibly unregistered.
21-Mar-2024 19:36:46.129 INFO [http-nio-8080-exec-61] org.apache.catalina.startup.HostConfig.deployWAR Deploying web application archive [/Users/tolymbeknurtai/Desktop/package/apache-tomcat-10.1.19/webapps/codecraft.war]
21-Mar-2024 19:36:46.200 INFO [http-nio-8080-exec-61] org.apache.jasper.servlet.TldScanner.scanJars At least one JAR was scanned for TLDs yet contained no TLDs. Enable debug logging for this logger for a complete list of JARs that were scanned but no TLDs were found in them. Skipping unneeded JARs during scanning can improve startup time and JSP compilation time.
21-Mar-2024 19:36:46.202 INFO [http-nio-8080-exec-61] org.apache.catalina.startup.HostConfig.deployWAR Deployment of web application archive [/Users/tolymbeknurtai/Desktop/package/apache-tomcat-10.1.19/webapps/codecraft.war] has finished in [73] ms
21-Mar-2024 19:36:50.781 INFO [http-nio-8080-exec-60] server.tester.testerimpls.JsTester.test 
21-Mar-2024 19:44:35.250 INFO [http-nio-8080-exec-64] org.apache.catalina.startup.HostConfig.undeploy Undeploying context [/codecraft]
21-Mar-2024 19:44:35.256 WARNING [http-nio-8080-exec-64] org.apache.catalina.loader.WebappClassLoaderBase.clearReferencesJdbc The web application [codecraft] registered the JDBC driver [org.postgresql.Driver] but failed to unregister it when the web application was stopped. To prevent a memory leak, the JDBC Driver has been forcibly unregistered.
21-Mar-2024 19:44:35.261 INFO [http-nio-8080-exec-64] org.apache.catalina.startup.HostConfig.deployWAR Deploying web application archive [/Users/tolymbeknurtai/Desktop/package/apache-tomcat-10.1.19/webapps/codecraft.war]
21-Mar-2024 19:44:35.334 INFO [http-nio-8080-exec-64] org.apache.jasper.servlet.TldScanner.scanJars At least one JAR was scanned for TLDs yet contained no TLDs. Enable debug logging for this logger for a complete list of JARs that were scanned but no TLDs were found in them. Skipping unneeded JARs during scanning can improve startup time and JSP compilation time.
21-Mar-2024 19:44:35.335 INFO [http-nio-8080-exec-64] org.apache.catalina.startup.HostConfig.deployWAR Deployment of web application archive [/Users/tolymbeknurtai/Desktop/package/apache-tomcat-10.1.19/webapps/codecraft.war] has finished in [74] ms
21-Mar-2024 19:44:41.571 INFO [http-nio-8080-exec-73] server.tester.testerimpls.JsTester.test 
21-Mar-2024 19:48:00.881 INFO [http-nio-8080-exec-74] server.tester.testerimpls.JsTester.test 
21-Mar-2024 19:48:01.545 INFO [http-nio-8080-exec-76] server.tester.testerimpls.JsTester.test 
21-Mar-2024 19:48:02.455 INFO [http-nio-8080-exec-78] server.tester.testerimpls.JsTester.test 
21-Mar-2024 19:48:03.151 INFO [http-nio-8080-exec-65] server.tester.testerimpls.JsTester.test 
21-Mar-2024 19:48:03.785 INFO [http-nio-8080-exec-79] server.tester.testerimpls.JsTester.test 
21-Mar-2024 19:48:04.436 INFO [http-nio-8080-exec-74] server.tester.testerimpls.JsTester.test 
21-Mar-2024 19:48:04.827 INFO [http-nio-8080-exec-76] server.tester.testerimpls.JsTester.test 
21-Mar-2024 19:48:05.115 INFO [http-nio-8080-exec-78] server.tester.testerimpls.JsTester.test 
21-Mar-2024 19:48:05.336 INFO [http-nio-8080-exec-65] server.tester.testerimpls.JsTester.test 
21-Mar-2024 19:48:05.556 INFO [http-nio-8080-exec-79] server.tester.testerimpls.JsTester.test 
21-Mar-2024 19:48:05.793 INFO [http-nio-8080-exec-74] server.tester.testerimpls.JsTester.test 
21-Mar-2024 19:48:06.023 INFO [http-nio-8080-exec-76] server.tester.testerimpls.JsTester.test 
21-Mar-2024 19:48:06.244 INFO [http-nio-8080-exec-78] server.tester.testerimpls.JsTester.test 
21-Mar-2024 19:48:06.475 INFO [http-nio-8080-exec-82] server.tester.testerimpls.JsTester.test 
21-Mar-2024 19:48:06.702 INFO [http-nio-8080-exec-79] server.tester.testerimpls.JsTester.test 
21-Mar-2024 19:48:06.945 INFO [http-nio-8080-exec-74] server.tester.testerimpls.JsTester.test 
21-Mar-2024 19:48:07.162 INFO [http-nio-8080-exec-76] server.tester.testerimpls.JsTester.test 
21-Mar-2024 19:48:07.394 INFO [http-nio-8080-exec-78] server.tester.testerimpls.JsTester.test 
21-Mar-2024 19:48:07.651 INFO [http-nio-8080-exec-82] server.tester.testerimpls.JsTester.test 
21-Mar-2024 19:48:07.889 INFO [http-nio-8080-exec-79] server.tester.testerimpls.JsTester.test 
21-Mar-2024 19:48:08.145 INFO [http-nio-8080-exec-74] server.tester.testerimpls.JsTester.test 
21-Mar-2024 19:48:08.403 INFO [http-nio-8080-exec-76] server.tester.testerimpls.JsTester.test 
21-Mar-2024 19:48:08.652 INFO [http-nio-8080-exec-78] server.tester.testerimpls.JsTester.test 
21-Mar-2024 19:48:08.891 INFO [http-nio-8080-exec-82] server.tester.testerimpls.JsTester.test 
21-Mar-2024 19:48:09.126 INFO [http-nio-8080-exec-79] server.tester.testerimpls.JsTester.test 
21-Mar-2024 19:48:09.363 INFO [http-nio-8080-exec-74] server.tester.testerimpls.JsTester.test 
21-Mar-2024 19:48:23.189 INFO [http-nio-8080-exec-76] server.tester.testerimpls.JsTester.test 
21-Mar-2024 19:48:24.385 INFO [http-nio-8080-exec-78] server.tester.testerimpls.JsTester.test 
21-Mar-2024 19:48:25.160 INFO [http-nio-8080-exec-82] server.tester.testerimpls.JsTester.test 
21-Mar-2024 19:48:25.916 INFO [http-nio-8080-exec-79] server.tester.testerimpls.JsTester.test 
21-Mar-2024 19:48:26.544 INFO [http-nio-8080-exec-74] server.tester.testerimpls.JsTester.test 
21-Mar-2024 19:48:27.064 INFO [http-nio-8080-exec-76] server.tester.testerimpls.JsTester.test 
21-Mar-2024 19:48:27.569 INFO [http-nio-8080-exec-78] server.tester.testerimpls.JsTester.test 
21-Mar-2024 19:49:46.139 INFO [http-nio-8080-exec-82] org.apache.catalina.startup.HostConfig.undeploy Undeploying context [/codecraft]
21-Mar-2024 19:49:46.143 WARNING [http-nio-8080-exec-82] org.apache.catalina.loader.WebappClassLoaderBase.clearReferencesJdbc The web application [codecraft] registered the JDBC driver [org.postgresql.Driver] but failed to unregister it when the web application was stopped. To prevent a memory leak, the JDBC Driver has been forcibly unregistered.
21-Mar-2024 19:49:46.150 INFO [http-nio-8080-exec-82] org.apache.catalina.startup.HostConfig.deployWAR Deploying web application archive [/Users/tolymbeknurtai/Desktop/package/apache-tomcat-10.1.19/webapps/codecraft.war]
21-Mar-2024 19:49:46.224 INFO [http-nio-8080-exec-82] org.apache.jasper.servlet.TldScanner.scanJars At least one JAR was scanned for TLDs yet contained no TLDs. Enable debug logging for this logger for a complete list of JARs that were scanned but no TLDs were found in them. Skipping unneeded JARs during scanning can improve startup time and JSP compilation time.
21-Mar-2024 19:49:46.225 INFO [http-nio-8080-exec-82] org.apache.catalina.startup.HostConfig.deployWAR Deployment of web application archive [/Users/tolymbeknurtai/Desktop/package/apache-tomcat-10.1.19/webapps/codecraft.war] has finished in [74] ms
21-Mar-2024 19:49:56.382 INFO [http-nio-8080-exec-76] server.tester.testerimpls.JsTester.test 
21-Mar-2024 20:22:40.707 INFO [http-nio-8080-exec-84] server.tester.testerimpls.JsTester.test 
21-Mar-2024 20:24:08.542 INFO [http-nio-8080-exec-86] org.apache.catalina.startup.HostConfig.undeploy Undeploying context [/codecraft]
21-Mar-2024 20:24:08.548 WARNING [http-nio-8080-exec-86] org.apache.catalina.loader.WebappClassLoaderBase.clearReferencesJdbc The web application [codecraft] registered the JDBC driver [org.postgresql.Driver] but failed to unregister it when the web application was stopped. To prevent a memory leak, the JDBC Driver has been forcibly unregistered.
21-Mar-2024 20:24:08.554 INFO [http-nio-8080-exec-86] org.apache.catalina.startup.HostConfig.deployWAR Deploying web application archive [/Users/tolymbeknurtai/Desktop/package/apache-tomcat-10.1.19/webapps/codecraft.war]
21-Mar-2024 20:24:08.654 INFO [http-nio-8080-exec-86] org.apache.jasper.servlet.TldScanner.scanJars At least one JAR was scanned for TLDs yet contained no TLDs. Enable debug logging for this logger for a complete list of JARs that were scanned but no TLDs were found in them. Skipping unneeded JARs during scanning can improve startup time and JSP compilation time.
21-Mar-2024 20:24:08.655 INFO [http-nio-8080-exec-86] org.apache.catalina.startup.HostConfig.deployWAR Deployment of web application archive [/Users/tolymbeknurtai/Desktop/package/apache-tomcat-10.1.19/webapps/codecraft.war] has finished in [101] ms
21-Mar-2024 20:24:16.288 INFO [Thread-38] server.tester.testerimpls.JsTester.lambda$test$0 hello\n
21-Mar-2024 20:24:16.330 INFO [http-nio-8080-exec-87] server.tester.testerimpls.JsTester.test 
21-Mar-2024 20:31:51.426 INFO [http-nio-8080-exec-94] org.apache.catalina.startup.HostConfig.undeploy Undeploying context [/codecraft]
21-Mar-2024 20:31:51.429 WARNING [http-nio-8080-exec-94] org.apache.catalina.loader.WebappClassLoaderBase.clearReferencesJdbc The web application [codecraft] registered the JDBC driver [org.postgresql.Driver] but failed to unregister it when the web application was stopped. To prevent a memory leak, the JDBC Driver has been forcibly unregistered.
21-Mar-2024 20:31:51.439 INFO [http-nio-8080-exec-94] org.apache.catalina.startup.HostConfig.deployWAR Deploying web application archive [/Users/tolymbeknurtai/Desktop/package/apache-tomcat-10.1.19/webapps/codecraft.war]
21-Mar-2024 20:31:51.524 INFO [http-nio-8080-exec-94] org.apache.jasper.servlet.TldScanner.scanJars At least one JAR was scanned for TLDs yet contained no TLDs. Enable debug logging for this logger for a complete list of JARs that were scanned but no TLDs were found in them. Skipping unneeded JARs during scanning can improve startup time and JSP compilation time.
21-Mar-2024 20:31:51.525 INFO [http-nio-8080-exec-94] org.apache.catalina.startup.HostConfig.deployWAR Deployment of web application archive [/Users/tolymbeknurtai/Desktop/package/apache-tomcat-10.1.19/webapps/codecraft.war] has finished in [86] ms
21-Mar-2024 20:32:02.087 INFO [Thread-39] server.tester.testerimpls.JsTester.lambda$test$0 hello\n
21-Mar-2024 20:32:02.123 INFO [http-nio-8080-exec-103] server.tester.testerimpls.JsTester.test n
21-Mar-2024 20:33:53.138 INFO [http-nio-8080-exec-104] org.apache.catalina.startup.HostConfig.undeploy Undeploying context [/codecraft]
21-Mar-2024 20:33:53.141 WARNING [http-nio-8080-exec-104] org.apache.catalina.loader.WebappClassLoaderBase.clearReferencesJdbc The web application [codecraft] registered the JDBC driver [org.postgresql.Driver] but failed to unregister it when the web application was stopped. To prevent a memory leak, the JDBC Driver has been forcibly unregistered.
21-Mar-2024 20:33:53.148 INFO [http-nio-8080-exec-104] org.apache.catalina.startup.HostConfig.deployWAR Deploying web application archive [/Users/tolymbeknurtai/Desktop/package/apache-tomcat-10.1.19/webapps/codecraft.war]
21-Mar-2024 20:33:53.216 INFO [http-nio-8080-exec-104] org.apache.jasper.servlet.TldScanner.scanJars At least one JAR was scanned for TLDs yet contained no TLDs. Enable debug logging for this logger for a complete list of JARs that were scanned but no TLDs were found in them. Skipping unneeded JARs during scanning can improve startup time and JSP compilation time.
21-Mar-2024 20:33:53.217 INFO [http-nio-8080-exec-104] org.apache.catalina.startup.HostConfig.deployWAR Deployment of web application archive [/Users/tolymbeknurtai/Desktop/package/apache-tomcat-10.1.19/webapps/codecraft.war] has finished in [69] ms
21-Mar-2024 20:33:57.278 INFO [Thread-40] server.tester.testerimpls.JsTester.lambda$test$0 hello
21-Mar-2024 20:33:57.316 INFO [http-nio-8080-exec-108] server.tester.testerimpls.JsTester.test yes
21-Mar-2024 20:33:57.319 INFO [http-nio-8080-exec-108] server.tester.testerimpls.JsTester.test nhello
21-Mar-2024 20:34:35.870 INFO [http-nio-8080-exec-101] org.apache.catalina.startup.HostConfig.undeploy Undeploying context [/codecraft]
21-Mar-2024 20:34:35.874 WARNING [http-nio-8080-exec-101] org.apache.catalina.loader.WebappClassLoaderBase.clearReferencesJdbc The web application [codecraft] registered the JDBC driver [org.postgresql.Driver] but failed to unregister it when the web application was stopped. To prevent a memory leak, the JDBC Driver has been forcibly unregistered.
21-Mar-2024 20:34:35.878 INFO [http-nio-8080-exec-101] org.apache.catalina.startup.HostConfig.deployWAR Deploying web application archive [/Users/tolymbeknurtai/Desktop/package/apache-tomcat-10.1.19/webapps/codecraft.war]
21-Mar-2024 20:34:35.945 INFO [http-nio-8080-exec-101] org.apache.jasper.servlet.TldScanner.scanJars At least one JAR was scanned for TLDs yet contained no TLDs. Enable debug logging for this logger for a complete list of JARs that were scanned but no TLDs were found in them. Skipping unneeded JARs during scanning can improve startup time and JSP compilation time.
21-Mar-2024 20:34:35.946 INFO [http-nio-8080-exec-101] org.apache.catalina.startup.HostConfig.deployWAR Deployment of web application archive [/Users/tolymbeknurtai/Desktop/package/apache-tomcat-10.1.19/webapps/codecraft.war] has finished in [67] ms
21-Mar-2024 20:34:38.651 INFO [Thread-41] server.tester.testerimpls.JsTester.lambda$test$0 hello
21-Mar-2024 20:34:38.695 INFO [http-nio-8080-exec-100] server.tester.testerimpls.JsTester.test yes
21-Mar-2024 20:34:38.698 INFO [http-nio-8080-exec-100] server.tester.testerimpls.JsTester.test hello
21-Mar-2024 23:50:37.896 INFO [http-nio-8080-exec-113] server.daos.QuestionsDAO.getQuestions 1
21-Mar-2024 23:50:37.900 INFO [http-nio-8080-exec-113] server.daos.QuestionsDAO.getQuestions 2
21-Mar-2024 23:50:37.900 INFO [http-nio-8080-exec-113] server.daos.QuestionsDAO.getQuestions 3
21-Mar-2024 23:50:37.900 INFO [http-nio-8080-exec-113] server.daos.QuestionsDAO.getQuestions 1
21-Mar-2024 23:50:37.900 INFO [http-nio-8080-exec-113] server.daos.QuestionsDAO.getQuestions 2
