29-Mar-2024 18:33:46.380 INFO [main] org.apache.catalina.startup.VersionLoggerListener.log Server version name:   Apache Tomcat/10.1.19
29-Mar-2024 18:33:46.383 INFO [main] org.apache.catalina.startup.VersionLoggerListener.log Server built:          Feb 14 2024 19:36:50 UTC
29-Mar-2024 18:33:46.383 INFO [main] org.apache.catalina.startup.VersionLoggerListener.log Server version number: 10.1.19.0
29-Mar-2024 18:33:46.383 INFO [main] org.apache.catalina.startup.VersionLoggerListener.log OS Name:               Mac OS X
29-Mar-2024 18:33:46.383 INFO [main] org.apache.catalina.startup.VersionLoggerListener.log OS Version:            14.3.1
29-Mar-2024 18:33:46.383 INFO [main] org.apache.catalina.startup.VersionLoggerListener.log Architecture:          aarch64
29-Mar-2024 18:33:46.383 INFO [main] org.apache.catalina.startup.VersionLoggerListener.log Java Home:             /opt/homebrew/Cellar/openjdk/21.0.2/libexec/openjdk.jdk/Contents/Home
29-Mar-2024 18:33:46.383 INFO [main] org.apache.catalina.startup.VersionLoggerListener.log JVM Version:           21.0.2
29-Mar-2024 18:33:46.383 INFO [main] org.apache.catalina.startup.VersionLoggerListener.log JVM Vendor:            Homebrew
29-Mar-2024 18:33:46.383 INFO [main] org.apache.catalina.startup.VersionLoggerListener.log CATALINA_BASE:         /Users/tolymbeknurtai/Desktop/package/apache-tomcat-10.1.19
29-Mar-2024 18:33:46.383 INFO [main] org.apache.catalina.startup.VersionLoggerListener.log CATALINA_HOME:         /Users/tolymbeknurtai/Desktop/package/apache-tomcat-10.1.19
29-Mar-2024 18:33:46.419 INFO [main] org.apache.catalina.startup.VersionLoggerListener.log Command line argument: -Djava.util.logging.config.file=/Users/tolymbeknurtai/Desktop/package/apache-tomcat-10.1.19/conf/logging.properties
29-Mar-2024 18:33:46.419 INFO [main] org.apache.catalina.startup.VersionLoggerListener.log Command line argument: -Djava.util.logging.manager=org.apache.juli.ClassLoaderLogManager
29-Mar-2024 18:33:46.419 INFO [main] org.apache.catalina.startup.VersionLoggerListener.log Command line argument: -Djdk.tls.ephemeralDHKeySize=2048
29-Mar-2024 18:33:46.419 INFO [main] org.apache.catalina.startup.VersionLoggerListener.log Command line argument: -Djava.protocol.handler.pkgs=org.apache.catalina.webresources
29-Mar-2024 18:33:46.419 INFO [main] org.apache.catalina.startup.VersionLoggerListener.log Command line argument: -Dorg.apache.catalina.security.SecurityListener.UMASK=0027
29-Mar-2024 18:33:46.419 INFO [main] org.apache.catalina.startup.VersionLoggerListener.log Command line argument: --add-opens=java.base/java.lang=ALL-UNNAMED
29-Mar-2024 18:33:46.419 INFO [main] org.apache.catalina.startup.VersionLoggerListener.log Command line argument: --add-opens=java.base/java.io=ALL-UNNAMED
29-Mar-2024 18:33:46.419 INFO [main] org.apache.catalina.startup.VersionLoggerListener.log Command line argument: --add-opens=java.base/java.util=ALL-UNNAMED
29-Mar-2024 18:33:46.419 INFO [main] org.apache.catalina.startup.VersionLoggerListener.log Command line argument: --add-opens=java.base/java.util.concurrent=ALL-UNNAMED
29-Mar-2024 18:33:46.419 INFO [main] org.apache.catalina.startup.VersionLoggerListener.log Command line argument: --add-opens=java.rmi/sun.rmi.transport=ALL-UNNAMED
29-Mar-2024 18:33:46.419 INFO [main] org.apache.catalina.startup.VersionLoggerListener.log Command line argument: -Dcatalina.base=/Users/tolymbeknurtai/Desktop/package/apache-tomcat-10.1.19
29-Mar-2024 18:33:46.419 INFO [main] org.apache.catalina.startup.VersionLoggerListener.log Command line argument: -Dcatalina.home=/Users/tolymbeknurtai/Desktop/package/apache-tomcat-10.1.19
29-Mar-2024 18:33:46.420 INFO [main] org.apache.catalina.startup.VersionLoggerListener.log Command line argument: -Djava.io.tmpdir=/Users/tolymbeknurtai/Desktop/package/apache-tomcat-10.1.19/temp
29-Mar-2024 18:33:46.427 INFO [main] org.apache.catalina.core.AprLifecycleListener.lifecycleEvent The Apache Tomcat Native library which allows using OpenSSL was not found on the java.library.path: [/Users/tolymbeknurtai/Library/Java/Extensions:/Library/Java/Extensions:/Network/Library/Java/Extensions:/System/Library/Java/Extensions:/usr/lib/java:.]
29-Mar-2024 18:33:46.597 INFO [main] org.apache.coyote.AbstractProtocol.init Initializing ProtocolHandler ["http-nio-8080"]
29-Mar-2024 18:33:46.626 INFO [main] org.apache.catalina.startup.Catalina.load Server initialization in [343] milliseconds
29-Mar-2024 18:33:46.646 INFO [main] org.apache.catalina.core.StandardService.startInternal Starting service [Catalina]
29-Mar-2024 18:33:46.646 INFO [main] org.apache.catalina.core.StandardEngine.startInternal Starting Servlet engine: [Apache Tomcat/10.1.19]
29-Mar-2024 18:33:46.662 INFO [main] org.apache.catalina.startup.HostConfig.deployWAR Deploying web application archive [/Users/tolymbeknurtai/Desktop/package/apache-tomcat-10.1.19/webapps/servlets-1.0-SNAPSHOT.war]
29-Mar-2024 18:33:46.822 INFO [main] org.apache.catalina.startup.HostConfig.deployWAR Deployment of web application archive [/Users/tolymbeknurtai/Desktop/package/apache-tomcat-10.1.19/webapps/servlets-1.0-SNAPSHOT.war] has finished in [159] ms
29-Mar-2024 18:33:46.823 INFO [main] org.apache.catalina.startup.HostConfig.deployWAR Deploying web application archive [/Users/tolymbeknurtai/Desktop/package/apache-tomcat-10.1.19/webapps/codecraft.war]
29-Mar-2024 18:33:47.033 INFO [main] org.apache.jasper.servlet.TldScanner.scanJars At least one JAR was scanned for TLDs yet contained no TLDs. Enable debug logging for this logger for a complete list of JARs that were scanned but no TLDs were found in them. Skipping unneeded JARs during scanning can improve startup time and JSP compilation time.
29-Mar-2024 18:33:47.035 INFO [main] org.apache.catalina.startup.HostConfig.deployWAR Deployment of web application archive [/Users/tolymbeknurtai/Desktop/package/apache-tomcat-10.1.19/webapps/codecraft.war] has finished in [213] ms
29-Mar-2024 18:33:47.036 INFO [main] org.apache.catalina.startup.HostConfig.deployDirectory Deploying web application directory [/Users/tolymbeknurtai/Desktop/package/apache-tomcat-10.1.19/webapps/docs]
29-Mar-2024 18:33:47.045 INFO [main] org.apache.catalina.startup.HostConfig.deployDirectory Deployment of web application directory [/Users/tolymbeknurtai/Desktop/package/apache-tomcat-10.1.19/webapps/docs] has finished in [9] ms
29-Mar-2024 18:33:47.046 INFO [main] org.apache.catalina.startup.HostConfig.deployDirectory Deploying web application directory [/Users/tolymbeknurtai/Desktop/package/apache-tomcat-10.1.19/webapps/manager]
29-Mar-2024 18:33:47.058 INFO [main] org.apache.catalina.startup.HostConfig.deployDirectory Deployment of web application directory [/Users/tolymbeknurtai/Desktop/package/apache-tomcat-10.1.19/webapps/manager] has finished in [13] ms
29-Mar-2024 18:33:47.058 INFO [main] org.apache.catalina.startup.HostConfig.deployDirectory Deploying web application directory [/Users/tolymbeknurtai/Desktop/package/apache-tomcat-10.1.19/webapps/examples]
29-Mar-2024 18:33:47.145 INFO [main] org.apache.catalina.startup.HostConfig.deployDirectory Deployment of web application directory [/Users/tolymbeknurtai/Desktop/package/apache-tomcat-10.1.19/webapps/examples] has finished in [87] ms
29-Mar-2024 18:33:47.145 INFO [main] org.apache.catalina.startup.HostConfig.deployDirectory Deploying web application directory [/Users/tolymbeknurtai/Desktop/package/apache-tomcat-10.1.19/webapps/ROOT]
29-Mar-2024 18:33:47.153 INFO [main] org.apache.catalina.startup.HostConfig.deployDirectory Deployment of web application directory [/Users/tolymbeknurtai/Desktop/package/apache-tomcat-10.1.19/webapps/ROOT] has finished in [8] ms
29-Mar-2024 18:33:47.153 INFO [main] org.apache.catalina.startup.HostConfig.deployDirectory Deploying web application directory [/Users/tolymbeknurtai/Desktop/package/apache-tomcat-10.1.19/webapps/host-manager]
29-Mar-2024 18:33:47.161 INFO [main] org.apache.catalina.startup.HostConfig.deployDirectory Deployment of web application directory [/Users/tolymbeknurtai/Desktop/package/apache-tomcat-10.1.19/webapps/host-manager] has finished in [8] ms
29-Mar-2024 18:33:47.163 INFO [main] org.apache.coyote.AbstractProtocol.start Starting ProtocolHandler ["http-nio-8080"]
29-Mar-2024 18:33:47.169 INFO [main] org.apache.catalina.startup.Catalina.start Server startup in [542] milliseconds
