08-Apr-2024 13:03:18.602 INFO [main] org.apache.catalina.startup.VersionLoggerListener.log Server version name:   Apache Tomcat/10.1.19
08-Apr-2024 13:03:18.604 INFO [main] org.apache.catalina.startup.VersionLoggerListener.log Server built:          Feb 14 2024 19:36:50 UTC
08-Apr-2024 13:03:18.604 INFO [main] org.apache.catalina.startup.VersionLoggerListener.log Server version number: 10.1.19.0
08-Apr-2024 13:03:18.604 INFO [main] org.apache.catalina.startup.VersionLoggerListener.log OS Name:               Mac OS X
08-Apr-2024 13:03:18.604 INFO [main] org.apache.catalina.startup.VersionLoggerListener.log OS Version:            14.4.1
08-Apr-2024 13:03:18.604 INFO [main] org.apache.catalina.startup.VersionLoggerListener.log Architecture:          aarch64
08-Apr-2024 13:03:18.604 INFO [main] org.apache.catalina.startup.VersionLoggerListener.log Java Home:             /opt/homebrew/Cellar/openjdk/21.0.2/libexec/openjdk.jdk/Contents/Home
08-Apr-2024 13:03:18.604 INFO [main] org.apache.catalina.startup.VersionLoggerListener.log JVM Version:           21.0.2
08-Apr-2024 13:03:18.604 INFO [main] org.apache.catalina.startup.VersionLoggerListener.log JVM Vendor:            Homebrew
08-Apr-2024 13:03:18.604 INFO [main] org.apache.catalina.startup.VersionLoggerListener.log CATALINA_BASE:         /Users/tolymbeknurtai/Desktop/package/apache-tomcat-10.1.19
08-Apr-2024 13:03:18.604 INFO [main] org.apache.catalina.startup.VersionLoggerListener.log CATALINA_HOME:         /Users/tolymbeknurtai/Desktop/package/apache-tomcat-10.1.19
08-Apr-2024 13:03:18.609 INFO [main] org.apache.catalina.startup.VersionLoggerListener.log Command line argument: -Djava.util.logging.config.file=/Users/tolymbeknurtai/Desktop/package/apache-tomcat-10.1.19/conf/logging.properties
08-Apr-2024 13:03:18.609 INFO [main] org.apache.catalina.startup.VersionLoggerListener.log Command line argument: -Djava.util.logging.manager=org.apache.juli.ClassLoaderLogManager
08-Apr-2024 13:03:18.609 INFO [main] org.apache.catalina.startup.VersionLoggerListener.log Command line argument: -Djdk.tls.ephemeralDHKeySize=2048
08-Apr-2024 13:03:18.609 INFO [main] org.apache.catalina.startup.VersionLoggerListener.log Command line argument: -Djava.protocol.handler.pkgs=org.apache.catalina.webresources
08-Apr-2024 13:03:18.609 INFO [main] org.apache.catalina.startup.VersionLoggerListener.log Command line argument: -Dorg.apache.catalina.security.SecurityListener.UMASK=0027
08-Apr-2024 13:03:18.609 INFO [main] org.apache.catalina.startup.VersionLoggerListener.log Command line argument: --add-opens=java.base/java.lang=ALL-UNNAMED
08-Apr-2024 13:03:18.609 INFO [main] org.apache.catalina.startup.VersionLoggerListener.log Command line argument: --add-opens=java.base/java.io=ALL-UNNAMED
08-Apr-2024 13:03:18.610 INFO [main] org.apache.catalina.startup.VersionLoggerListener.log Command line argument: --add-opens=java.base/java.util=ALL-UNNAMED
08-Apr-2024 13:03:18.610 INFO [main] org.apache.catalina.startup.VersionLoggerListener.log Command line argument: --add-opens=java.base/java.util.concurrent=ALL-UNNAMED
08-Apr-2024 13:03:18.610 INFO [main] org.apache.catalina.startup.VersionLoggerListener.log Command line argument: --add-opens=java.rmi/sun.rmi.transport=ALL-UNNAMED
08-Apr-2024 13:03:18.610 INFO [main] org.apache.catalina.startup.VersionLoggerListener.log Command line argument: -Dcatalina.base=/Users/tolymbeknurtai/Desktop/package/apache-tomcat-10.1.19
08-Apr-2024 13:03:18.610 INFO [main] org.apache.catalina.startup.VersionLoggerListener.log Command line argument: -Dcatalina.home=/Users/tolymbeknurtai/Desktop/package/apache-tomcat-10.1.19
08-Apr-2024 13:03:18.610 INFO [main] org.apache.catalina.startup.VersionLoggerListener.log Command line argument: -Djava.io.tmpdir=/Users/tolymbeknurtai/Desktop/package/apache-tomcat-10.1.19/temp
08-Apr-2024 13:03:18.614 INFO [main] org.apache.catalina.core.AprLifecycleListener.lifecycleEvent The Apache Tomcat Native library which allows using OpenSSL was not found on the java.library.path: [/Users/tolymbeknurtai/Library/Java/Extensions:/Library/Java/Extensions:/Network/Library/Java/Extensions:/System/Library/Java/Extensions:/usr/lib/java:.]
08-Apr-2024 13:03:18.774 INFO [main] org.apache.coyote.AbstractProtocol.init Initializing ProtocolHandler ["http-nio-8080"]
08-Apr-2024 13:03:18.788 INFO [main] org.apache.catalina.startup.Catalina.load Server initialization in [274] milliseconds
08-Apr-2024 13:03:18.807 INFO [main] org.apache.catalina.core.StandardService.startInternal Starting service [Catalina]
08-Apr-2024 13:03:18.807 INFO [main] org.apache.catalina.core.StandardEngine.startInternal Starting Servlet engine: [Apache Tomcat/10.1.19]
08-Apr-2024 13:03:18.824 INFO [main] org.apache.catalina.startup.HostConfig.deployWAR Deploying web application archive [/Users/tolymbeknurtai/Desktop/package/apache-tomcat-10.1.19/webapps/servlets-1.0-SNAPSHOT.war]
08-Apr-2024 13:03:18.968 INFO [main] org.apache.catalina.startup.HostConfig.deployWAR Deployment of web application archive [/Users/tolymbeknurtai/Desktop/package/apache-tomcat-10.1.19/webapps/servlets-1.0-SNAPSHOT.war] has finished in [144] ms
08-Apr-2024 13:03:18.969 INFO [main] org.apache.catalina.startup.HostConfig.deployWAR Deploying web application archive [/Users/tolymbeknurtai/Desktop/package/apache-tomcat-10.1.19/webapps/codecraft.war]
08-Apr-2024 13:03:19.176 INFO [main] org.apache.jasper.servlet.TldScanner.scanJars At least one JAR was scanned for TLDs yet contained no TLDs. Enable debug logging for this logger for a complete list of JARs that were scanned but no TLDs were found in them. Skipping unneeded JARs during scanning can improve startup time and JSP compilation time.
08-Apr-2024 13:03:19.178 INFO [main] org.apache.catalina.startup.HostConfig.deployWAR Deployment of web application archive [/Users/tolymbeknurtai/Desktop/package/apache-tomcat-10.1.19/webapps/codecraft.war] has finished in [209] ms
08-Apr-2024 13:03:19.178 INFO [main] org.apache.catalina.startup.HostConfig.deployDirectory Deploying web application directory [/Users/tolymbeknurtai/Desktop/package/apache-tomcat-10.1.19/webapps/docs]
08-Apr-2024 13:03:19.188 INFO [main] org.apache.catalina.startup.HostConfig.deployDirectory Deployment of web application directory [/Users/tolymbeknurtai/Desktop/package/apache-tomcat-10.1.19/webapps/docs] has finished in [10] ms
08-Apr-2024 13:03:19.188 INFO [main] org.apache.catalina.startup.HostConfig.deployDirectory Deploying web application directory [/Users/tolymbeknurtai/Desktop/package/apache-tomcat-10.1.19/webapps/manager]
08-Apr-2024 13:03:19.201 INFO [main] org.apache.catalina.startup.HostConfig.deployDirectory Deployment of web application directory [/Users/tolymbeknurtai/Desktop/package/apache-tomcat-10.1.19/webapps/manager] has finished in [13] ms
08-Apr-2024 13:03:19.201 INFO [main] org.apache.catalina.startup.HostConfig.deployDirectory Deploying web application directory [/Users/tolymbeknurtai/Desktop/package/apache-tomcat-10.1.19/webapps/examples]
08-Apr-2024 13:03:19.288 INFO [main] org.apache.catalina.startup.HostConfig.deployDirectory Deployment of web application directory [/Users/tolymbeknurtai/Desktop/package/apache-tomcat-10.1.19/webapps/examples] has finished in [87] ms
08-Apr-2024 13:03:19.288 INFO [main] org.apache.catalina.startup.HostConfig.deployDirectory Deploying web application directory [/Users/tolymbeknurtai/Desktop/package/apache-tomcat-10.1.19/webapps/ROOT]
08-Apr-2024 13:03:19.294 INFO [main] org.apache.catalina.startup.HostConfig.deployDirectory Deployment of web application directory [/Users/tolymbeknurtai/Desktop/package/apache-tomcat-10.1.19/webapps/ROOT] has finished in [6] ms
08-Apr-2024 13:03:19.294 INFO [main] org.apache.catalina.startup.HostConfig.deployDirectory Deploying web application directory [/Users/tolymbeknurtai/Desktop/package/apache-tomcat-10.1.19/webapps/host-manager]
08-Apr-2024 13:03:19.302 INFO [main] org.apache.catalina.startup.HostConfig.deployDirectory Deployment of web application directory [/Users/tolymbeknurtai/Desktop/package/apache-tomcat-10.1.19/webapps/host-manager] has finished in [8] ms
08-Apr-2024 13:03:19.304 INFO [main] org.apache.coyote.AbstractProtocol.start Starting ProtocolHandler ["http-nio-8080"]
08-Apr-2024 13:03:19.320 INFO [main] org.apache.catalina.startup.Catalina.start Server startup in [531] milliseconds
08-Apr-2024 13:03:26.941 INFO [http-nio-8080-exec-1] org.apache.catalina.startup.HostConfig.undeploy Undeploying context [/codecraft]
08-Apr-2024 13:03:26.957 INFO [http-nio-8080-exec-1] org.apache.catalina.startup.HostConfig.deployWAR Deploying web application archive [/Users/tolymbeknurtai/Desktop/package/apache-tomcat-10.1.19/webapps/codecraft.war]
08-Apr-2024 13:03:27.119 INFO [http-nio-8080-exec-1] org.apache.jasper.servlet.TldScanner.scanJars At least one JAR was scanned for TLDs yet contained no TLDs. Enable debug logging for this logger for a complete list of JARs that were scanned but no TLDs were found in them. Skipping unneeded JARs during scanning can improve startup time and JSP compilation time.
08-Apr-2024 13:03:27.121 INFO [http-nio-8080-exec-1] org.apache.catalina.startup.HostConfig.deployWAR Deployment of web application archive [/Users/tolymbeknurtai/Desktop/package/apache-tomcat-10.1.19/webapps/codecraft.war] has finished in [164] ms
08-Apr-2024 13:03:32.908 INFO [http-nio-8080-exec-5] server.connection.DBConnection.getConnection Connection to DB is established.
08-Apr-2024 13:03:32.917 INFO [http-nio-8080-exec-5] server.database.QuestionsDAO.getQuestions Got questions from DB.
08-Apr-2024 13:03:32.918 INFO [http-nio-8080-exec-5] server.servlets.QuestionsServlet.doGet 1 2
08-Apr-2024 13:03:32.919 INFO [http-nio-8080-exec-5] server.servlets.QuestionsServlet.doGet 3 4/1 4
08-Apr-2024 13:03:32.919 INFO [http-nio-8080-exec-5] server.servlets.QuestionsServlet.doGet 1 2/100 200
08-Apr-2024 13:03:32.919 INFO [http-nio-8080-exec-5] server.servlets.QuestionsServlet.doGet 4/4 1 1/2 10 7/8 5 4/9 7 0
08-Apr-2024 13:03:32.919 INFO [http-nio-8080-exec-5] server.servlets.QuestionsServlet.doGet 3/10 15/6 8/4 8
08-Apr-2024 13:03:32.919 INFO [http-nio-8080-exec-5] server.servlets.QuestionsServlet.doGet 4
08-Apr-2024 13:03:32.919 INFO [http-nio-8080-exec-5] server.servlets.QuestionsServlet.doGet null
08-Apr-2024 13:03:32.919 INFO [http-nio-8080-exec-5] server.servlets.QuestionsServlet.doGet 2/2555/2000
08-Apr-2024 13:03:32.919 INFO [http-nio-8080-exec-5] server.servlets.QuestionsServlet.doGet 2/2/3
08-Apr-2024 13:03:32.919 INFO [http-nio-8080-exec-5] server.servlets.QuestionsServlet.doGet 2/2 2/5 6
08-Apr-2024 13:03:32.919 INFO [http-nio-8080-exec-5] server.servlets.QuestionsServlet.doGet 2 2
08-Apr-2024 13:03:32.919 INFO [http-nio-8080-exec-5] server.servlets.QuestionsServlet.doGet 4/3/2/4/100000
08-Apr-2024 13:03:32.921 INFO [http-nio-8080-exec-5] server.servlets.QuestionsServlet.doGet Sent questions.
08-Apr-2024 13:03:43.162 INFO [http-nio-8080-exec-4] server.connection.DBConnection.getConnection Connection to DB is established.
08-Apr-2024 13:03:43.166 INFO [http-nio-8080-exec-4] server.database.QuestionsDAO.getQuestions Got questions from DB.
08-Apr-2024 13:03:43.167 INFO [http-nio-8080-exec-4] server.servlets.QuestionsServlet.doGet 1 2
08-Apr-2024 13:03:43.167 INFO [http-nio-8080-exec-4] server.servlets.QuestionsServlet.doGet 3 4/1 4
08-Apr-2024 13:03:43.167 INFO [http-nio-8080-exec-4] server.servlets.QuestionsServlet.doGet 1 2/100 200
08-Apr-2024 13:03:43.167 INFO [http-nio-8080-exec-4] server.servlets.QuestionsServlet.doGet 4/4 1 1/2 10 7/8 5 4/9 7 0
08-Apr-2024 13:03:43.167 INFO [http-nio-8080-exec-4] server.servlets.QuestionsServlet.doGet 3/10 15/6 8/4 8
08-Apr-2024 13:03:43.168 INFO [http-nio-8080-exec-4] server.servlets.QuestionsServlet.doGet 4
08-Apr-2024 13:03:43.168 INFO [http-nio-8080-exec-4] server.servlets.QuestionsServlet.doGet null
08-Apr-2024 13:03:43.168 INFO [http-nio-8080-exec-4] server.servlets.QuestionsServlet.doGet 2/2555/2000
08-Apr-2024 13:03:43.168 INFO [http-nio-8080-exec-4] server.servlets.QuestionsServlet.doGet 2/2/3
08-Apr-2024 13:03:43.169 INFO [http-nio-8080-exec-4] server.servlets.QuestionsServlet.doGet 2/2 2/5 6
08-Apr-2024 13:03:43.169 INFO [http-nio-8080-exec-4] server.servlets.QuestionsServlet.doGet 2 2
08-Apr-2024 13:03:43.169 INFO [http-nio-8080-exec-4] server.servlets.QuestionsServlet.doGet 4/3/2/4/100000
08-Apr-2024 13:03:43.171 INFO [http-nio-8080-exec-4] server.servlets.QuestionsServlet.doGet Sent questions.
08-Apr-2024 13:03:44.310 INFO [http-nio-8080-exec-7] server.connection.DBConnection.getConnection Connection to DB is established.
08-Apr-2024 13:03:44.314 INFO [http-nio-8080-exec-7] server.database.QuestionsDAO.getQuestions Got questions from DB.
08-Apr-2024 13:03:44.314 INFO [http-nio-8080-exec-7] server.servlets.QuestionsServlet.doGet 1 2
08-Apr-2024 13:03:44.314 INFO [http-nio-8080-exec-7] server.servlets.QuestionsServlet.doGet 3 4/1 4
08-Apr-2024 13:03:44.315 INFO [http-nio-8080-exec-7] server.servlets.QuestionsServlet.doGet 1 2/100 200
08-Apr-2024 13:03:44.315 INFO [http-nio-8080-exec-7] server.servlets.QuestionsServlet.doGet 4/4 1 1/2 10 7/8 5 4/9 7 0
08-Apr-2024 13:03:44.315 INFO [http-nio-8080-exec-7] server.servlets.QuestionsServlet.doGet 3/10 15/6 8/4 8
08-Apr-2024 13:03:44.315 INFO [http-nio-8080-exec-7] server.servlets.QuestionsServlet.doGet 4
08-Apr-2024 13:03:44.315 INFO [http-nio-8080-exec-7] server.servlets.QuestionsServlet.doGet null
08-Apr-2024 13:03:44.315 INFO [http-nio-8080-exec-7] server.servlets.QuestionsServlet.doGet 2/2555/2000
08-Apr-2024 13:03:44.316 INFO [http-nio-8080-exec-7] server.servlets.QuestionsServlet.doGet 2/2/3
08-Apr-2024 13:03:44.316 INFO [http-nio-8080-exec-7] server.servlets.QuestionsServlet.doGet 2/2 2/5 6
08-Apr-2024 13:03:44.316 INFO [http-nio-8080-exec-7] server.servlets.QuestionsServlet.doGet 2 2
08-Apr-2024 13:03:44.316 INFO [http-nio-8080-exec-7] server.servlets.QuestionsServlet.doGet 4/3/2/4/100000
08-Apr-2024 13:03:44.318 INFO [http-nio-8080-exec-7] server.servlets.QuestionsServlet.doGet Sent questions.
08-Apr-2024 13:03:51.476 INFO [http-nio-8080-exec-3] server.connection.DBConnection.getConnection Connection to DB is established.
08-Apr-2024 13:03:51.479 INFO [http-nio-8080-exec-3] server.database.QuestionsDAO.getQuestions Got questions from DB.
08-Apr-2024 13:03:51.480 INFO [http-nio-8080-exec-3] server.servlets.QuestionsServlet.doGet 1 2
08-Apr-2024 13:03:51.480 INFO [http-nio-8080-exec-3] server.servlets.QuestionsServlet.doGet 3 4/1 4
08-Apr-2024 13:03:51.480 INFO [http-nio-8080-exec-3] server.servlets.QuestionsServlet.doGet 1 2/100 200
08-Apr-2024 13:03:51.480 INFO [http-nio-8080-exec-3] server.servlets.QuestionsServlet.doGet 4/4 1 1/2 10 7/8 5 4/9 7 0
08-Apr-2024 13:03:51.480 INFO [http-nio-8080-exec-3] server.servlets.QuestionsServlet.doGet 3/10 15/6 8/4 8
08-Apr-2024 13:03:51.480 INFO [http-nio-8080-exec-3] server.servlets.QuestionsServlet.doGet 4
08-Apr-2024 13:03:51.481 INFO [http-nio-8080-exec-3] server.servlets.QuestionsServlet.doGet null
08-Apr-2024 13:03:51.481 INFO [http-nio-8080-exec-3] server.servlets.QuestionsServlet.doGet 2/2555/2000
08-Apr-2024 13:03:51.481 INFO [http-nio-8080-exec-3] server.servlets.QuestionsServlet.doGet 2/2/3
08-Apr-2024 13:03:51.481 INFO [http-nio-8080-exec-3] server.servlets.QuestionsServlet.doGet 2/2 2/5 6
08-Apr-2024 13:03:51.482 INFO [http-nio-8080-exec-3] server.servlets.QuestionsServlet.doGet 2 2
08-Apr-2024 13:03:51.482 INFO [http-nio-8080-exec-3] server.servlets.QuestionsServlet.doGet 4/3/2/4/100000
08-Apr-2024 13:03:51.484 INFO [http-nio-8080-exec-3] server.servlets.QuestionsServlet.doGet Sent questions.
08-Apr-2024 13:04:33.559 INFO [http-nio-8080-exec-11] server.servlets.RunTestServlet.doPost New Request.
08-Apr-2024 13:04:33.560 INFO [http-nio-8080-exec-11] server.servlets.RunTestServlet.doPost Started reading request.
08-Apr-2024 13:04:33.560 INFO [http-nio-8080-exec-11] server.servlets.RunTestServlet.doPost Started reading request.
08-Apr-2024 13:04:33.560 INFO [http-nio-8080-exec-11] server.servlets.RunTestServlet.doPost Empty
08-Apr-2024 13:04:33.568 INFO [http-nio-8080-exec-11] server.servlets.RunTestServlet.doPost print ("Cactus")

08-Apr-2024 13:04:33.569 INFO [http-nio-8080-exec-11] server.servlets.RunTestServlet.doPost py
08-Apr-2024 13:04:33.569 INFO [http-nio-8080-exec-11] server.servlets.RunTestServlet.doPost Nurtai
08-Apr-2024 13:04:33.569 INFO [http-nio-8080-exec-11] server.servlets.RunTestServlet.doPost Question's id is 1
08-Apr-2024 13:04:33.580 INFO [http-nio-8080-exec-11] server.connection.DBConnection.getConnection Connection to DB is established.
08-Apr-2024 13:04:33.587 INFO [http-nio-8080-exec-11] server.database.TestCasesDAO.addTestCases Test cases: 
08-Apr-2024 13:04:33.587 INFO [http-nio-8080-exec-11] server.database.TestCasesDAO.addTestCases null
08-Apr-2024 13:04:33.587 INFO [http-nio-8080-exec-11] server.database.TestCasesDAO.addTestCases Cactus
08-Apr-2024 13:04:33.587 INFO [http-nio-8080-exec-11] server.servlets.RunTestServlet.doPost got testcases for runservlet
08-Apr-2024 13:04:33.592 INFO [http-nio-8080-exec-11] server.servlets.RunTestServlet.doPost started running running in runner
08-Apr-2024 13:04:33.592 INFO [http-nio-8080-exec-11] server.runner.RunnerSystem.writeFile code:
08-Apr-2024 13:04:33.592 INFO [http-nio-8080-exec-11] server.runner.RunnerSystem.writeFile print ("Cactus")

08-Apr-2024 13:04:33.594 INFO [http-nio-8080-exec-11] server.runner.RunnerSystem.writeFile Wrote code to the file in runner
08-Apr-2024 13:04:33.595 INFO [http-nio-8080-exec-11] server.runner.RunnerSystem.compile compiled in runner
08-Apr-2024 13:04:33.595 INFO [http-nio-8080-exec-11] server.runner.Tester.test python3
08-Apr-2024 13:04:33.595 INFO [http-nio-8080-exec-11] server.runner.Tester.test /Users/tolymbeknurtai/desktop/projects/leetcode/src/main/java/server/runner/tests/Nurtai.py
08-Apr-2024 13:04:33.610 INFO [http-nio-8080-exec-11] server.runner.Tester.test process started in tester
08-Apr-2024 13:04:33.610 INFO [http-nio-8080-exec-11] server.runner.Tester.writeInput null
08-Apr-2024 13:04:33.645 INFO [http-nio-8080-exec-11] server.runner.Tester.readOutput started reading output
08-Apr-2024 13:04:33.645 INFO [http-nio-8080-exec-11] server.runner.Tester.readOutput Cactus
08-Apr-2024 13:04:33.645 INFO [http-nio-8080-exec-11] server.runner.Tester.readOutput this is line
08-Apr-2024 13:04:33.645 INFO [http-nio-8080-exec-11] server.runner.Tester.readOutput read the output
08-Apr-2024 13:04:33.645 INFO [http-nio-8080-exec-11] server.runner.Tester.test Test case: 
08-Apr-2024 13:04:33.645 INFO [http-nio-8080-exec-11] server.runner.Tester.test Cactus
08-Apr-2024 13:04:33.645 INFO [http-nio-8080-exec-11] server.runner.Tester.test Output of code: 
08-Apr-2024 13:04:33.645 INFO [http-nio-8080-exec-11] server.runner.Tester.test Cactus
08-Apr-2024 13:04:33.646 INFO [http-nio-8080-exec-11] server.runner.RunnerSystem.cleanUp Error removing file: /Users/tolymbeknurtai/desktop/projects/leetcode/src/main/java/server/runner/tests/Nurtai.py
08-Apr-2024 13:04:33.646 INFO [http-nio-8080-exec-11] server.runner.RunnerSystem.cleanUp cleaned up the files in runner
08-Apr-2024 13:04:33.646 INFO [http-nio-8080-exec-11] server.servlets.RunTestServlet.doPost tests are passed
08-Apr-2024 13:04:33.646 INFO [http-nio-8080-exec-11] server.servlets.RunTestServlet.doPost sent the results from runservlet
08-Apr-2024 13:04:59.189 INFO [http-nio-8080-exec-13] server.connection.DBConnection.getConnection Connection to DB is established.
08-Apr-2024 13:04:59.192 INFO [http-nio-8080-exec-13] server.database.QuestionsDAO.getQuestions Got questions from DB.
08-Apr-2024 13:04:59.192 INFO [http-nio-8080-exec-13] server.servlets.QuestionsServlet.doGet 1 2
08-Apr-2024 13:04:59.192 INFO [http-nio-8080-exec-13] server.servlets.QuestionsServlet.doGet 3 4/1 4
08-Apr-2024 13:04:59.193 INFO [http-nio-8080-exec-13] server.servlets.QuestionsServlet.doGet 1 2/100 200
08-Apr-2024 13:04:59.193 INFO [http-nio-8080-exec-13] server.servlets.QuestionsServlet.doGet 4/4 1 1/2 10 7/8 5 4/9 7 0
08-Apr-2024 13:04:59.193 INFO [http-nio-8080-exec-13] server.servlets.QuestionsServlet.doGet 3/10 15/6 8/4 8
08-Apr-2024 13:04:59.193 INFO [http-nio-8080-exec-13] server.servlets.QuestionsServlet.doGet 4
08-Apr-2024 13:04:59.193 INFO [http-nio-8080-exec-13] server.servlets.QuestionsServlet.doGet null
08-Apr-2024 13:04:59.193 INFO [http-nio-8080-exec-13] server.servlets.QuestionsServlet.doGet 2/2555/2000
08-Apr-2024 13:04:59.194 INFO [http-nio-8080-exec-13] server.servlets.QuestionsServlet.doGet 2/2/3
08-Apr-2024 13:04:59.194 INFO [http-nio-8080-exec-13] server.servlets.QuestionsServlet.doGet 2/2 2/5 6
08-Apr-2024 13:04:59.194 INFO [http-nio-8080-exec-13] server.servlets.QuestionsServlet.doGet 2 2
08-Apr-2024 13:04:59.194 INFO [http-nio-8080-exec-13] server.servlets.QuestionsServlet.doGet 4/3/2/4/100000
08-Apr-2024 13:04:59.196 INFO [http-nio-8080-exec-13] server.servlets.QuestionsServlet.doGet Sent questions.
08-Apr-2024 13:06:11.967 INFO [http-nio-8080-exec-15] server.servlets.RunTestServlet.doPost New Request.
08-Apr-2024 13:06:11.968 INFO [http-nio-8080-exec-15] server.servlets.RunTestServlet.doPost Started reading request.
08-Apr-2024 13:06:11.968 INFO [http-nio-8080-exec-15] server.servlets.RunTestServlet.doPost Started reading request.
08-Apr-2024 13:06:11.968 INFO [http-nio-8080-exec-15] server.servlets.RunTestServlet.doPost Empty
08-Apr-2024 13:06:11.969 INFO [http-nio-8080-exec-15] server.servlets.RunTestServlet.doPost a = input()
b = a.split()

first = int(b[0])
second = int(b[1])

result = first + second

print(result)
08-Apr-2024 13:06:11.969 INFO [http-nio-8080-exec-15] server.servlets.RunTestServlet.doPost cpp
08-Apr-2024 13:06:11.969 INFO [http-nio-8080-exec-15] server.servlets.RunTestServlet.doPost Nurtai
08-Apr-2024 13:06:11.969 INFO [http-nio-8080-exec-15] server.servlets.RunTestServlet.doPost Question's id is 4
08-Apr-2024 13:06:11.979 INFO [http-nio-8080-exec-15] server.connection.DBConnection.getConnection Connection to DB is established.
08-Apr-2024 13:06:11.981 INFO [http-nio-8080-exec-15] server.database.TestCasesDAO.addTestCases Test cases: 
08-Apr-2024 13:06:11.982 INFO [http-nio-8080-exec-15] server.database.TestCasesDAO.addTestCases 1 2
08-Apr-2024 13:06:11.982 INFO [http-nio-8080-exec-15] server.database.TestCasesDAO.addTestCases 3
08-Apr-2024 13:06:11.982 INFO [http-nio-8080-exec-15] server.database.TestCasesDAO.addTestCases Test cases: 
08-Apr-2024 13:06:11.982 INFO [http-nio-8080-exec-15] server.database.TestCasesDAO.addTestCases 7 8
08-Apr-2024 13:06:11.982 INFO [http-nio-8080-exec-15] server.database.TestCasesDAO.addTestCases 15
08-Apr-2024 13:06:11.982 INFO [http-nio-8080-exec-15] server.database.TestCasesDAO.addTestCases Test cases: 
08-Apr-2024 13:06:11.982 INFO [http-nio-8080-exec-15] server.database.TestCasesDAO.addTestCases 45 56
08-Apr-2024 13:06:11.982 INFO [http-nio-8080-exec-15] server.database.TestCasesDAO.addTestCases 101
08-Apr-2024 13:06:11.983 INFO [http-nio-8080-exec-15] server.servlets.RunTestServlet.doPost got testcases for runservlet
08-Apr-2024 13:06:11.985 INFO [http-nio-8080-exec-15] server.servlets.RunTestServlet.doPost started running running in runner
08-Apr-2024 13:06:11.986 INFO [http-nio-8080-exec-15] server.runner.RunnerSystem.writeFile code:
08-Apr-2024 13:06:11.986 INFO [http-nio-8080-exec-15] server.runner.RunnerSystem.writeFile a = input()
b = a.split()

first = int(b[0])
second = int(b[1])

result = first + second

print(result)
08-Apr-2024 13:06:11.987 INFO [http-nio-8080-exec-15] server.runner.RunnerSystem.writeFile Wrote code to the file in runner
08-Apr-2024 13:06:11.987 INFO [http-nio-8080-exec-15] server.runner.RunnerSystem.compile started compiling in runner.
08-Apr-2024 13:06:11.987 INFO [http-nio-8080-exec-15] server.runner.RunnerSystem.compile clang++
08-Apr-2024 13:06:11.987 INFO [http-nio-8080-exec-15] server.runner.RunnerSystem.compile /Users/tolymbeknurtai/desktop/projects/leetcode/src/main/java/server/runner/tests/Nurtai.cpp
08-Apr-2024 13:06:11.987 INFO [http-nio-8080-exec-15] server.runner.RunnerSystem.compile -o
08-Apr-2024 13:06:11.987 INFO [http-nio-8080-exec-15] server.runner.RunnerSystem.compile /Users/tolymbeknurtai/desktop/projects/leetcode/src/main/java/server/runner/tests/Nurtai
08-Apr-2024 13:06:12.168 INFO [http-nio-8080-exec-15] server.servlets.RunTestServlet.doPost tests are not passed
08-Apr-2024 13:06:12.168 INFO [http-nio-8080-exec-15] server.servlets.RunTestServlet.doPost sent the results from runservlet
08-Apr-2024 13:06:20.046 INFO [http-nio-8080-exec-16] server.servlets.RunTestServlet.doPost New Request.
08-Apr-2024 13:06:20.047 INFO [http-nio-8080-exec-16] server.servlets.RunTestServlet.doPost Started reading request.
08-Apr-2024 13:06:20.047 INFO [http-nio-8080-exec-16] server.servlets.RunTestServlet.doPost Started reading request.
08-Apr-2024 13:06:20.047 INFO [http-nio-8080-exec-16] server.servlets.RunTestServlet.doPost Empty
08-Apr-2024 13:06:20.047 INFO [http-nio-8080-exec-16] server.servlets.RunTestServlet.doPost a = input()
b = a.split()

first = int(b[0])
second = int(b[1])

result = first + second

print(result)
08-Apr-2024 13:06:20.047 INFO [http-nio-8080-exec-16] server.servlets.RunTestServlet.doPost py
08-Apr-2024 13:06:20.048 INFO [http-nio-8080-exec-16] server.servlets.RunTestServlet.doPost Nurtai
08-Apr-2024 13:06:20.048 INFO [http-nio-8080-exec-16] server.servlets.RunTestServlet.doPost Question's id is 4
08-Apr-2024 13:06:20.055 INFO [http-nio-8080-exec-16] server.connection.DBConnection.getConnection Connection to DB is established.
08-Apr-2024 13:06:20.056 INFO [http-nio-8080-exec-16] server.database.TestCasesDAO.addTestCases Test cases: 
08-Apr-2024 13:06:20.056 INFO [http-nio-8080-exec-16] server.database.TestCasesDAO.addTestCases 1 2
08-Apr-2024 13:06:20.057 INFO [http-nio-8080-exec-16] server.database.TestCasesDAO.addTestCases 3
08-Apr-2024 13:06:20.057 INFO [http-nio-8080-exec-16] server.database.TestCasesDAO.addTestCases Test cases: 
08-Apr-2024 13:06:20.057 INFO [http-nio-8080-exec-16] server.database.TestCasesDAO.addTestCases 7 8
08-Apr-2024 13:06:20.057 INFO [http-nio-8080-exec-16] server.database.TestCasesDAO.addTestCases 15
08-Apr-2024 13:06:20.057 INFO [http-nio-8080-exec-16] server.database.TestCasesDAO.addTestCases Test cases: 
08-Apr-2024 13:06:20.057 INFO [http-nio-8080-exec-16] server.database.TestCasesDAO.addTestCases 45 56
08-Apr-2024 13:06:20.057 INFO [http-nio-8080-exec-16] server.database.TestCasesDAO.addTestCases 101
08-Apr-2024 13:06:20.057 INFO [http-nio-8080-exec-16] server.servlets.RunTestServlet.doPost got testcases for runservlet
08-Apr-2024 13:06:20.058 INFO [http-nio-8080-exec-16] server.servlets.RunTestServlet.doPost started running running in runner
08-Apr-2024 13:06:20.058 INFO [http-nio-8080-exec-16] server.runner.RunnerSystem.writeFile code:
08-Apr-2024 13:06:20.058 INFO [http-nio-8080-exec-16] server.runner.RunnerSystem.writeFile a = input()
b = a.split()

first = int(b[0])
second = int(b[1])

result = first + second

print(result)
08-Apr-2024 13:06:20.059 INFO [http-nio-8080-exec-16] server.runner.RunnerSystem.writeFile Wrote code to the file in runner
08-Apr-2024 13:06:20.059 INFO [http-nio-8080-exec-16] server.runner.RunnerSystem.compile compiled in runner
08-Apr-2024 13:06:20.059 INFO [http-nio-8080-exec-16] server.runner.Tester.test python3
08-Apr-2024 13:06:20.059 INFO [http-nio-8080-exec-16] server.runner.Tester.test /Users/tolymbeknurtai/desktop/projects/leetcode/src/main/java/server/runner/tests/Nurtai.py
08-Apr-2024 13:06:20.065 INFO [http-nio-8080-exec-16] server.runner.Tester.test process started in tester
08-Apr-2024 13:06:20.066 INFO [http-nio-8080-exec-16] server.runner.Tester.writeInput 1 2
08-Apr-2024 13:06:20.066 INFO [http-nio-8080-exec-16] server.runner.Tester.writeInput input
08-Apr-2024 13:06:20.066 INFO [http-nio-8080-exec-16] server.runner.Tester.writeInput 1 2
08-Apr-2024 13:06:20.066 INFO [http-nio-8080-exec-16] server.runner.Tester.writeInput wrote input in tester
08-Apr-2024 13:06:20.098 INFO [http-nio-8080-exec-16] server.runner.Tester.readOutput started reading output
08-Apr-2024 13:06:20.098 INFO [http-nio-8080-exec-16] server.runner.Tester.readOutput 3
08-Apr-2024 13:06:20.099 INFO [http-nio-8080-exec-16] server.runner.Tester.readOutput this is line
08-Apr-2024 13:06:20.099 INFO [http-nio-8080-exec-16] server.runner.Tester.readOutput read the output
08-Apr-2024 13:06:20.099 INFO [http-nio-8080-exec-16] server.runner.Tester.test Test case: 
08-Apr-2024 13:06:20.099 INFO [http-nio-8080-exec-16] server.runner.Tester.test 3
08-Apr-2024 13:06:20.099 INFO [http-nio-8080-exec-16] server.runner.Tester.test Output of code: 
08-Apr-2024 13:06:20.099 INFO [http-nio-8080-exec-16] server.runner.Tester.test 3
08-Apr-2024 13:06:20.099 INFO [http-nio-8080-exec-16] server.runner.Tester.test python3
08-Apr-2024 13:06:20.099 INFO [http-nio-8080-exec-16] server.runner.Tester.test /Users/tolymbeknurtai/desktop/projects/leetcode/src/main/java/server/runner/tests/Nurtai.py
08-Apr-2024 13:06:20.102 INFO [http-nio-8080-exec-16] server.runner.Tester.test process started in tester
08-Apr-2024 13:06:20.102 INFO [http-nio-8080-exec-16] server.runner.Tester.writeInput 7 8
08-Apr-2024 13:06:20.102 INFO [http-nio-8080-exec-16] server.runner.Tester.writeInput input
08-Apr-2024 13:06:20.102 INFO [http-nio-8080-exec-16] server.runner.Tester.writeInput 7 8
08-Apr-2024 13:06:20.102 INFO [http-nio-8080-exec-16] server.runner.Tester.writeInput wrote input in tester
08-Apr-2024 13:06:20.120 INFO [http-nio-8080-exec-16] server.runner.Tester.readOutput started reading output
08-Apr-2024 13:06:20.120 INFO [http-nio-8080-exec-16] server.runner.Tester.readOutput 15
08-Apr-2024 13:06:20.120 INFO [http-nio-8080-exec-16] server.runner.Tester.readOutput this is line
08-Apr-2024 13:06:20.120 INFO [http-nio-8080-exec-16] server.runner.Tester.readOutput read the output
08-Apr-2024 13:06:20.120 INFO [http-nio-8080-exec-16] server.runner.Tester.test Test case: 
08-Apr-2024 13:06:20.121 INFO [http-nio-8080-exec-16] server.runner.Tester.test 15
08-Apr-2024 13:06:20.121 INFO [http-nio-8080-exec-16] server.runner.Tester.test Output of code: 
08-Apr-2024 13:06:20.121 INFO [http-nio-8080-exec-16] server.runner.Tester.test 15
08-Apr-2024 13:06:20.121 INFO [http-nio-8080-exec-16] server.runner.Tester.test python3
08-Apr-2024 13:06:20.121 INFO [http-nio-8080-exec-16] server.runner.Tester.test /Users/tolymbeknurtai/desktop/projects/leetcode/src/main/java/server/runner/tests/Nurtai.py
08-Apr-2024 13:06:20.122 INFO [http-nio-8080-exec-16] server.runner.Tester.test process started in tester
08-Apr-2024 13:06:20.123 INFO [http-nio-8080-exec-16] server.runner.Tester.writeInput 45 56
08-Apr-2024 13:06:20.123 INFO [http-nio-8080-exec-16] server.runner.Tester.writeInput input
08-Apr-2024 13:06:20.123 INFO [http-nio-8080-exec-16] server.runner.Tester.writeInput 45 56
08-Apr-2024 13:06:20.123 INFO [http-nio-8080-exec-16] server.runner.Tester.writeInput wrote input in tester
08-Apr-2024 13:06:20.137 INFO [http-nio-8080-exec-16] server.runner.Tester.readOutput started reading output
08-Apr-2024 13:06:20.137 INFO [http-nio-8080-exec-16] server.runner.Tester.readOutput 101
08-Apr-2024 13:06:20.137 INFO [http-nio-8080-exec-16] server.runner.Tester.readOutput this is line
08-Apr-2024 13:06:20.137 INFO [http-nio-8080-exec-16] server.runner.Tester.readOutput read the output
08-Apr-2024 13:06:20.137 INFO [http-nio-8080-exec-16] server.runner.Tester.test Test case: 
08-Apr-2024 13:06:20.137 INFO [http-nio-8080-exec-16] server.runner.Tester.test 101
08-Apr-2024 13:06:20.137 INFO [http-nio-8080-exec-16] server.runner.Tester.test Output of code: 
08-Apr-2024 13:06:20.137 INFO [http-nio-8080-exec-16] server.runner.Tester.test 101
08-Apr-2024 13:06:20.137 INFO [http-nio-8080-exec-16] server.runner.RunnerSystem.cleanUp Error removing file: /Users/tolymbeknurtai/desktop/projects/leetcode/src/main/java/server/runner/tests/Nurtai.py
08-Apr-2024 13:06:20.137 INFO [http-nio-8080-exec-16] server.runner.RunnerSystem.cleanUp cleaned up the files in runner
08-Apr-2024 13:06:20.137 INFO [http-nio-8080-exec-16] server.servlets.RunTestServlet.doPost tests are passed
08-Apr-2024 13:06:20.137 INFO [http-nio-8080-exec-16] server.servlets.RunTestServlet.doPost sent the results from runservlet
08-Apr-2024 13:06:23.676 INFO [http-nio-8080-exec-17] server.connection.DBConnection.getConnection Connection to DB is established.
08-Apr-2024 13:06:23.678 INFO [http-nio-8080-exec-17] server.database.QuestionsDAO.getQuestions Got questions from DB.
08-Apr-2024 13:06:23.679 INFO [http-nio-8080-exec-17] server.servlets.QuestionsServlet.doGet 1 2
08-Apr-2024 13:06:23.679 INFO [http-nio-8080-exec-17] server.servlets.QuestionsServlet.doGet 3 4/1 4
08-Apr-2024 13:06:23.679 INFO [http-nio-8080-exec-17] server.servlets.QuestionsServlet.doGet 1 2/100 200
08-Apr-2024 13:06:23.679 INFO [http-nio-8080-exec-17] server.servlets.QuestionsServlet.doGet 4/4 1 1/2 10 7/8 5 4/9 7 0
08-Apr-2024 13:06:23.679 INFO [http-nio-8080-exec-17] server.servlets.QuestionsServlet.doGet 3/10 15/6 8/4 8
08-Apr-2024 13:06:23.679 INFO [http-nio-8080-exec-17] server.servlets.QuestionsServlet.doGet 4
08-Apr-2024 13:06:23.679 INFO [http-nio-8080-exec-17] server.servlets.QuestionsServlet.doGet null
08-Apr-2024 13:06:23.679 INFO [http-nio-8080-exec-17] server.servlets.QuestionsServlet.doGet 2/2555/2000
08-Apr-2024 13:06:23.679 INFO [http-nio-8080-exec-17] server.servlets.QuestionsServlet.doGet 2/2/3
08-Apr-2024 13:06:23.679 INFO [http-nio-8080-exec-17] server.servlets.QuestionsServlet.doGet 2/2 2/5 6
08-Apr-2024 13:06:23.679 INFO [http-nio-8080-exec-17] server.servlets.QuestionsServlet.doGet 2 2
08-Apr-2024 13:06:23.680 INFO [http-nio-8080-exec-17] server.servlets.QuestionsServlet.doGet 4/3/2/4/100000
08-Apr-2024 13:06:23.681 INFO [http-nio-8080-exec-17] server.servlets.QuestionsServlet.doGet Sent questions.
08-Apr-2024 13:06:24.518 INFO [http-nio-8080-exec-11] server.connection.DBConnection.getConnection Connection to DB is established.
08-Apr-2024 13:06:24.521 INFO [http-nio-8080-exec-11] server.database.QuestionsDAO.getQuestions Got questions from DB.
08-Apr-2024 13:06:24.521 INFO [http-nio-8080-exec-11] server.servlets.QuestionsServlet.doGet 1 2
08-Apr-2024 13:06:24.521 INFO [http-nio-8080-exec-11] server.servlets.QuestionsServlet.doGet 3 4/1 4
08-Apr-2024 13:06:24.521 INFO [http-nio-8080-exec-11] server.servlets.QuestionsServlet.doGet 1 2/100 200
08-Apr-2024 13:06:24.521 INFO [http-nio-8080-exec-11] server.servlets.QuestionsServlet.doGet 4/4 1 1/2 10 7/8 5 4/9 7 0
08-Apr-2024 13:06:24.521 INFO [http-nio-8080-exec-11] server.servlets.QuestionsServlet.doGet 3/10 15/6 8/4 8
08-Apr-2024 13:06:24.521 INFO [http-nio-8080-exec-11] server.servlets.QuestionsServlet.doGet 4
08-Apr-2024 13:06:24.521 INFO [http-nio-8080-exec-11] server.servlets.QuestionsServlet.doGet null
08-Apr-2024 13:06:24.522 INFO [http-nio-8080-exec-11] server.servlets.QuestionsServlet.doGet 2/2555/2000
08-Apr-2024 13:06:24.522 INFO [http-nio-8080-exec-11] server.servlets.QuestionsServlet.doGet 2/2/3
08-Apr-2024 13:06:24.522 INFO [http-nio-8080-exec-11] server.servlets.QuestionsServlet.doGet 2/2 2/5 6
08-Apr-2024 13:06:24.522 INFO [http-nio-8080-exec-11] server.servlets.QuestionsServlet.doGet 2 2
08-Apr-2024 13:06:24.522 INFO [http-nio-8080-exec-11] server.servlets.QuestionsServlet.doGet 4/3/2/4/100000
08-Apr-2024 13:06:24.523 INFO [http-nio-8080-exec-11] server.servlets.QuestionsServlet.doGet Sent questions.
08-Apr-2024 13:07:48.273 INFO [http-nio-8080-exec-13] server.connection.DBConnection.getConnection Connection to DB is established.
08-Apr-2024 13:07:48.275 INFO [http-nio-8080-exec-13] server.database.QuestionsDAO.getQuestions Got questions from DB.
08-Apr-2024 13:07:48.276 INFO [http-nio-8080-exec-13] server.servlets.QuestionsServlet.doGet 1 2
08-Apr-2024 13:07:48.276 INFO [http-nio-8080-exec-13] server.servlets.QuestionsServlet.doGet 3 4/1 4
08-Apr-2024 13:07:48.276 INFO [http-nio-8080-exec-13] server.servlets.QuestionsServlet.doGet 1 2/100 200
08-Apr-2024 13:07:48.276 INFO [http-nio-8080-exec-13] server.servlets.QuestionsServlet.doGet 4/4 1 1/2 10 7/8 5 4/9 7 0
08-Apr-2024 13:07:48.276 INFO [http-nio-8080-exec-13] server.servlets.QuestionsServlet.doGet 3/10 15/6 8/4 8
08-Apr-2024 13:07:48.276 INFO [http-nio-8080-exec-13] server.servlets.QuestionsServlet.doGet 4
08-Apr-2024 13:07:48.276 INFO [http-nio-8080-exec-13] server.servlets.QuestionsServlet.doGet null
08-Apr-2024 13:07:48.276 INFO [http-nio-8080-exec-13] server.servlets.QuestionsServlet.doGet 2/2555/2000
08-Apr-2024 13:07:48.276 INFO [http-nio-8080-exec-13] server.servlets.QuestionsServlet.doGet 2/2/3
08-Apr-2024 13:07:48.276 INFO [http-nio-8080-exec-13] server.servlets.QuestionsServlet.doGet 2/2 2/5 6
08-Apr-2024 13:07:48.277 INFO [http-nio-8080-exec-13] server.servlets.QuestionsServlet.doGet 2 2
08-Apr-2024 13:07:48.277 INFO [http-nio-8080-exec-13] server.servlets.QuestionsServlet.doGet 4/3/2/4/100000
08-Apr-2024 13:07:48.277 INFO [http-nio-8080-exec-13] server.servlets.QuestionsServlet.doGet Sent questions.
08-Apr-2024 13:07:55.826 INFO [http-nio-8080-exec-14] server.connection.DBConnection.getConnection Connection to DB is established.
08-Apr-2024 13:07:55.828 INFO [http-nio-8080-exec-14] server.database.QuestionsDAO.getQuestions Got questions from DB.
08-Apr-2024 13:07:55.829 INFO [http-nio-8080-exec-14] server.servlets.QuestionsServlet.doGet 1 2
08-Apr-2024 13:07:55.829 INFO [http-nio-8080-exec-14] server.servlets.QuestionsServlet.doGet 3 4/1 4
08-Apr-2024 13:07:55.829 INFO [http-nio-8080-exec-14] server.servlets.QuestionsServlet.doGet 1 2/100 200
08-Apr-2024 13:07:55.829 INFO [http-nio-8080-exec-14] server.servlets.QuestionsServlet.doGet 4/4 1 1/2 10 7/8 5 4/9 7 0
08-Apr-2024 13:07:55.829 INFO [http-nio-8080-exec-14] server.servlets.QuestionsServlet.doGet 3/10 15/6 8/4 8
08-Apr-2024 13:07:55.829 INFO [http-nio-8080-exec-14] server.servlets.QuestionsServlet.doGet 4
08-Apr-2024 13:07:55.829 INFO [http-nio-8080-exec-14] server.servlets.QuestionsServlet.doGet null
08-Apr-2024 13:07:55.829 INFO [http-nio-8080-exec-14] server.servlets.QuestionsServlet.doGet 2/2555/2000
08-Apr-2024 13:07:55.829 INFO [http-nio-8080-exec-14] server.servlets.QuestionsServlet.doGet 2/2/3
08-Apr-2024 13:07:55.829 INFO [http-nio-8080-exec-14] server.servlets.QuestionsServlet.doGet 2/2 2/5 6
08-Apr-2024 13:07:55.829 INFO [http-nio-8080-exec-14] server.servlets.QuestionsServlet.doGet 2 2
08-Apr-2024 13:07:55.829 INFO [http-nio-8080-exec-14] server.servlets.QuestionsServlet.doGet 4/3/2/4/100000
08-Apr-2024 13:07:55.830 INFO [http-nio-8080-exec-14] server.servlets.QuestionsServlet.doGet Sent questions.
08-Apr-2024 13:07:57.382 INFO [http-nio-8080-exec-18] server.connection.DBConnection.getConnection Connection to DB is established.
08-Apr-2024 13:07:57.384 INFO [http-nio-8080-exec-18] server.database.QuestionsDAO.getQuestions Got questions from DB.
08-Apr-2024 13:07:57.385 INFO [http-nio-8080-exec-18] server.servlets.QuestionsServlet.doGet 1 2
08-Apr-2024 13:07:57.385 INFO [http-nio-8080-exec-18] server.servlets.QuestionsServlet.doGet 3 4/1 4
08-Apr-2024 13:07:57.385 INFO [http-nio-8080-exec-18] server.servlets.QuestionsServlet.doGet 1 2/100 200
08-Apr-2024 13:07:57.385 INFO [http-nio-8080-exec-18] server.servlets.QuestionsServlet.doGet 4/4 1 1/2 10 7/8 5 4/9 7 0
08-Apr-2024 13:07:57.386 INFO [http-nio-8080-exec-18] server.servlets.QuestionsServlet.doGet 3/10 15/6 8/4 8
08-Apr-2024 13:07:57.386 INFO [http-nio-8080-exec-18] server.servlets.QuestionsServlet.doGet 4
08-Apr-2024 13:07:57.386 INFO [http-nio-8080-exec-18] server.servlets.QuestionsServlet.doGet null
08-Apr-2024 13:07:57.386 INFO [http-nio-8080-exec-18] server.servlets.QuestionsServlet.doGet 2/2555/2000
08-Apr-2024 13:07:57.386 INFO [http-nio-8080-exec-18] server.servlets.QuestionsServlet.doGet 2/2/3
08-Apr-2024 13:07:57.386 INFO [http-nio-8080-exec-18] server.servlets.QuestionsServlet.doGet 2/2 2/5 6
08-Apr-2024 13:07:57.386 INFO [http-nio-8080-exec-18] server.servlets.QuestionsServlet.doGet 2 2
08-Apr-2024 13:07:57.386 INFO [http-nio-8080-exec-18] server.servlets.QuestionsServlet.doGet 4/3/2/4/100000
08-Apr-2024 13:07:57.387 INFO [http-nio-8080-exec-18] server.servlets.QuestionsServlet.doGet Sent questions.
08-Apr-2024 13:08:36.589 INFO [http-nio-8080-exec-16] server.servlets.RunTestServlet.doPost New Request.
08-Apr-2024 13:08:36.590 INFO [http-nio-8080-exec-16] server.servlets.RunTestServlet.doPost Started reading request.
08-Apr-2024 13:08:36.590 INFO [http-nio-8080-exec-16] server.servlets.RunTestServlet.doPost Started reading request.
08-Apr-2024 13:08:36.590 INFO [http-nio-8080-exec-16] server.servlets.RunTestServlet.doPost Empty
08-Apr-2024 13:08:36.590 INFO [http-nio-8080-exec-16] server.servlets.RunTestServlet.doPost print("Cactus")
08-Apr-2024 13:08:36.590 INFO [http-nio-8080-exec-16] server.servlets.RunTestServlet.doPost swift
08-Apr-2024 13:08:36.590 INFO [http-nio-8080-exec-16] server.servlets.RunTestServlet.doPost Nurtai
08-Apr-2024 13:08:36.590 INFO [http-nio-8080-exec-16] server.servlets.RunTestServlet.doPost Question's id is 1
08-Apr-2024 13:08:36.601 INFO [http-nio-8080-exec-16] server.connection.DBConnection.getConnection Connection to DB is established.
08-Apr-2024 13:08:36.604 INFO [http-nio-8080-exec-16] server.database.TestCasesDAO.addTestCases Test cases: 
08-Apr-2024 13:08:36.604 INFO [http-nio-8080-exec-16] server.database.TestCasesDAO.addTestCases null
08-Apr-2024 13:08:36.604 INFO [http-nio-8080-exec-16] server.database.TestCasesDAO.addTestCases Cactus
08-Apr-2024 13:08:36.604 INFO [http-nio-8080-exec-16] server.servlets.RunTestServlet.doPost got testcases for runservlet
08-Apr-2024 13:08:36.606 INFO [http-nio-8080-exec-16] server.servlets.RunTestServlet.doPost started running running in runner
08-Apr-2024 13:08:36.606 INFO [http-nio-8080-exec-16] server.runner.RunnerSystem.writeFile code:
08-Apr-2024 13:08:36.607 INFO [http-nio-8080-exec-16] server.runner.RunnerSystem.writeFile print("Cactus")
08-Apr-2024 13:08:36.607 INFO [http-nio-8080-exec-16] server.runner.RunnerSystem.writeFile Wrote code to the file in runner
08-Apr-2024 13:08:36.608 INFO [http-nio-8080-exec-16] server.runner.RunnerSystem.compile started compiling in runner.
08-Apr-2024 13:08:36.608 INFO [http-nio-8080-exec-16] server.runner.RunnerSystem.compile swiftc
08-Apr-2024 13:08:36.608 INFO [http-nio-8080-exec-16] server.runner.RunnerSystem.compile /Users/tolymbeknurtai/desktop/projects/leetcode/src/main/java/server/runner/tests/Nurtai.swift
08-Apr-2024 13:08:36.608 INFO [http-nio-8080-exec-16] server.runner.RunnerSystem.compile -o
08-Apr-2024 13:08:36.608 INFO [http-nio-8080-exec-16] server.runner.RunnerSystem.compile /Users/tolymbeknurtai/desktop/projects/leetcode/src/main/java/server/runner/tests/Nurtai
08-Apr-2024 13:08:40.165 INFO [http-nio-8080-exec-17] server.servlets.RunTestServlet.doPost New Request.
08-Apr-2024 13:08:40.165 INFO [http-nio-8080-exec-17] server.servlets.RunTestServlet.doPost Started reading request.
08-Apr-2024 13:08:40.165 INFO [http-nio-8080-exec-17] server.servlets.RunTestServlet.doPost Started reading request.
08-Apr-2024 13:08:40.165 INFO [http-nio-8080-exec-17] server.servlets.RunTestServlet.doPost Empty
08-Apr-2024 13:08:40.165 INFO [http-nio-8080-exec-17] server.servlets.RunTestServlet.doPost print("Cactus")
08-Apr-2024 13:08:40.165 INFO [http-nio-8080-exec-17] server.servlets.RunTestServlet.doPost swift
08-Apr-2024 13:08:40.165 INFO [http-nio-8080-exec-17] server.servlets.RunTestServlet.doPost Nurtai
08-Apr-2024 13:08:40.166 INFO [http-nio-8080-exec-17] server.servlets.RunTestServlet.doPost Question's id is 1
08-Apr-2024 13:08:40.170 INFO [http-nio-8080-exec-17] server.connection.DBConnection.getConnection Connection to DB is established.
08-Apr-2024 13:08:40.171 INFO [http-nio-8080-exec-17] server.database.TestCasesDAO.addTestCases Test cases: 
08-Apr-2024 13:08:40.172 INFO [http-nio-8080-exec-17] server.database.TestCasesDAO.addTestCases null
08-Apr-2024 13:08:40.172 INFO [http-nio-8080-exec-17] server.database.TestCasesDAO.addTestCases Cactus
08-Apr-2024 13:08:40.172 INFO [http-nio-8080-exec-17] server.servlets.RunTestServlet.doPost got testcases for runservlet
08-Apr-2024 13:08:40.172 INFO [http-nio-8080-exec-17] server.servlets.RunTestServlet.doPost started running running in runner
08-Apr-2024 13:08:40.172 INFO [http-nio-8080-exec-17] server.runner.RunnerSystem.writeFile code:
08-Apr-2024 13:08:40.172 INFO [http-nio-8080-exec-17] server.runner.RunnerSystem.writeFile print("Cactus")
08-Apr-2024 13:08:40.173 INFO [http-nio-8080-exec-17] server.runner.RunnerSystem.writeFile Wrote code to the file in runner
08-Apr-2024 13:08:40.173 INFO [http-nio-8080-exec-17] server.runner.RunnerSystem.compile started compiling in runner.
08-Apr-2024 13:08:40.173 INFO [http-nio-8080-exec-17] server.runner.RunnerSystem.compile swiftc
08-Apr-2024 13:08:40.173 INFO [http-nio-8080-exec-17] server.runner.RunnerSystem.compile /Users/tolymbeknurtai/desktop/projects/leetcode/src/main/java/server/runner/tests/Nurtai.swift
08-Apr-2024 13:08:40.173 INFO [http-nio-8080-exec-17] server.runner.RunnerSystem.compile -o
08-Apr-2024 13:08:40.173 INFO [http-nio-8080-exec-17] server.runner.RunnerSystem.compile /Users/tolymbeknurtai/desktop/projects/leetcode/src/main/java/server/runner/tests/Nurtai
08-Apr-2024 13:08:43.348 INFO [http-nio-8080-exec-11] server.servlets.RunTestServlet.doPost New Request.
08-Apr-2024 13:08:43.348 INFO [http-nio-8080-exec-11] server.servlets.RunTestServlet.doPost Started reading request.
08-Apr-2024 13:08:43.348 INFO [http-nio-8080-exec-11] server.servlets.RunTestServlet.doPost Started reading request.
08-Apr-2024 13:08:43.348 INFO [http-nio-8080-exec-11] server.servlets.RunTestServlet.doPost Empty
08-Apr-2024 13:08:43.349 INFO [http-nio-8080-exec-11] server.servlets.RunTestServlet.doPost print("Cactus")
08-Apr-2024 13:08:43.349 INFO [http-nio-8080-exec-11] server.servlets.RunTestServlet.doPost swift
08-Apr-2024 13:08:43.349 INFO [http-nio-8080-exec-11] server.servlets.RunTestServlet.doPost Nurtai
08-Apr-2024 13:08:43.349 INFO [http-nio-8080-exec-11] server.servlets.RunTestServlet.doPost Question's id is 1
08-Apr-2024 13:08:43.351 INFO [http-nio-8080-exec-11] server.connection.DBConnection.getConnection Connection to DB is established.
08-Apr-2024 13:08:43.352 INFO [http-nio-8080-exec-11] server.database.TestCasesDAO.addTestCases Test cases: 
08-Apr-2024 13:08:43.352 INFO [http-nio-8080-exec-11] server.database.TestCasesDAO.addTestCases null
08-Apr-2024 13:08:43.352 INFO [http-nio-8080-exec-11] server.database.TestCasesDAO.addTestCases Cactus
08-Apr-2024 13:08:43.352 INFO [http-nio-8080-exec-11] server.servlets.RunTestServlet.doPost got testcases for runservlet
08-Apr-2024 13:08:43.352 INFO [http-nio-8080-exec-11] server.servlets.RunTestServlet.doPost started running running in runner
08-Apr-2024 13:08:43.352 INFO [http-nio-8080-exec-11] server.runner.RunnerSystem.writeFile code:
08-Apr-2024 13:08:43.352 INFO [http-nio-8080-exec-11] server.runner.RunnerSystem.writeFile print("Cactus")
08-Apr-2024 13:08:43.352 INFO [http-nio-8080-exec-11] server.runner.RunnerSystem.writeFile Wrote code to the file in runner
08-Apr-2024 13:08:43.352 INFO [http-nio-8080-exec-11] server.runner.RunnerSystem.compile started compiling in runner.
08-Apr-2024 13:08:43.352 INFO [http-nio-8080-exec-11] server.runner.RunnerSystem.compile swiftc
08-Apr-2024 13:08:43.352 INFO [http-nio-8080-exec-11] server.runner.RunnerSystem.compile /Users/tolymbeknurtai/desktop/projects/leetcode/src/main/java/server/runner/tests/Nurtai.swift
08-Apr-2024 13:08:43.352 INFO [http-nio-8080-exec-11] server.runner.RunnerSystem.compile -o
08-Apr-2024 13:08:43.352 INFO [http-nio-8080-exec-11] server.runner.RunnerSystem.compile /Users/tolymbeknurtai/desktop/projects/leetcode/src/main/java/server/runner/tests/Nurtai
08-Apr-2024 13:08:44.013 INFO [http-nio-8080-exec-19] server.servlets.RunTestServlet.doPost New Request.
08-Apr-2024 13:08:44.013 INFO [http-nio-8080-exec-19] server.servlets.RunTestServlet.doPost Started reading request.
08-Apr-2024 13:08:44.013 INFO [http-nio-8080-exec-19] server.servlets.RunTestServlet.doPost Started reading request.
08-Apr-2024 13:08:44.013 INFO [http-nio-8080-exec-19] server.servlets.RunTestServlet.doPost Empty
08-Apr-2024 13:08:44.013 INFO [http-nio-8080-exec-19] server.servlets.RunTestServlet.doPost print("Cactus")
08-Apr-2024 13:08:44.013 INFO [http-nio-8080-exec-19] server.servlets.RunTestServlet.doPost swift
08-Apr-2024 13:08:44.013 INFO [http-nio-8080-exec-19] server.servlets.RunTestServlet.doPost Nurtai
08-Apr-2024 13:08:44.013 INFO [http-nio-8080-exec-19] server.servlets.RunTestServlet.doPost Question's id is 1
08-Apr-2024 13:08:44.016 INFO [http-nio-8080-exec-19] server.connection.DBConnection.getConnection Connection to DB is established.
08-Apr-2024 13:08:44.016 INFO [http-nio-8080-exec-19] server.database.TestCasesDAO.addTestCases Test cases: 
08-Apr-2024 13:08:44.017 INFO [http-nio-8080-exec-19] server.database.TestCasesDAO.addTestCases null
08-Apr-2024 13:08:44.017 INFO [http-nio-8080-exec-19] server.database.TestCasesDAO.addTestCases Cactus
08-Apr-2024 13:08:44.017 INFO [http-nio-8080-exec-19] server.servlets.RunTestServlet.doPost got testcases for runservlet
08-Apr-2024 13:08:44.017 INFO [http-nio-8080-exec-19] server.servlets.RunTestServlet.doPost started running running in runner
08-Apr-2024 13:08:44.017 INFO [http-nio-8080-exec-19] server.runner.RunnerSystem.writeFile code:
08-Apr-2024 13:08:44.017 INFO [http-nio-8080-exec-19] server.runner.RunnerSystem.writeFile print("Cactus")
08-Apr-2024 13:08:44.017 INFO [http-nio-8080-exec-19] server.runner.RunnerSystem.writeFile Wrote code to the file in runner
08-Apr-2024 13:08:44.017 INFO [http-nio-8080-exec-19] server.runner.RunnerSystem.compile started compiling in runner.
08-Apr-2024 13:08:44.017 INFO [http-nio-8080-exec-19] server.runner.RunnerSystem.compile swiftc
08-Apr-2024 13:08:44.017 INFO [http-nio-8080-exec-19] server.runner.RunnerSystem.compile /Users/tolymbeknurtai/desktop/projects/leetcode/src/main/java/server/runner/tests/Nurtai.swift
08-Apr-2024 13:08:44.017 INFO [http-nio-8080-exec-19] server.runner.RunnerSystem.compile -o
08-Apr-2024 13:08:44.017 INFO [http-nio-8080-exec-19] server.runner.RunnerSystem.compile /Users/tolymbeknurtai/desktop/projects/leetcode/src/main/java/server/runner/tests/Nurtai
08-Apr-2024 13:08:44.229 INFO [http-nio-8080-exec-12] server.servlets.RunTestServlet.doPost New Request.
08-Apr-2024 13:08:44.229 INFO [http-nio-8080-exec-12] server.servlets.RunTestServlet.doPost Started reading request.
08-Apr-2024 13:08:44.229 INFO [http-nio-8080-exec-12] server.servlets.RunTestServlet.doPost Started reading request.
08-Apr-2024 13:08:44.229 INFO [http-nio-8080-exec-12] server.servlets.RunTestServlet.doPost Empty
08-Apr-2024 13:08:44.229 INFO [http-nio-8080-exec-12] server.servlets.RunTestServlet.doPost print("Cactus")
08-Apr-2024 13:08:44.229 INFO [http-nio-8080-exec-12] server.servlets.RunTestServlet.doPost swift
08-Apr-2024 13:08:44.229 INFO [http-nio-8080-exec-12] server.servlets.RunTestServlet.doPost Nurtai
08-Apr-2024 13:08:44.229 INFO [http-nio-8080-exec-12] server.servlets.RunTestServlet.doPost Question's id is 1
08-Apr-2024 13:08:44.231 INFO [http-nio-8080-exec-12] server.connection.DBConnection.getConnection Connection to DB is established.
08-Apr-2024 13:08:44.232 INFO [http-nio-8080-exec-12] server.database.TestCasesDAO.addTestCases Test cases: 
08-Apr-2024 13:08:44.232 INFO [http-nio-8080-exec-12] server.database.TestCasesDAO.addTestCases null
08-Apr-2024 13:08:44.232 INFO [http-nio-8080-exec-12] server.database.TestCasesDAO.addTestCases Cactus
08-Apr-2024 13:08:44.232 INFO [http-nio-8080-exec-12] server.servlets.RunTestServlet.doPost got testcases for runservlet
08-Apr-2024 13:08:44.232 INFO [http-nio-8080-exec-12] server.servlets.RunTestServlet.doPost started running running in runner
08-Apr-2024 13:08:44.232 INFO [http-nio-8080-exec-12] server.runner.RunnerSystem.writeFile code:
08-Apr-2024 13:08:44.232 INFO [http-nio-8080-exec-12] server.runner.RunnerSystem.writeFile print("Cactus")
08-Apr-2024 13:08:44.233 INFO [http-nio-8080-exec-12] server.runner.RunnerSystem.writeFile Wrote code to the file in runner
08-Apr-2024 13:08:44.233 INFO [http-nio-8080-exec-12] server.runner.RunnerSystem.compile started compiling in runner.
08-Apr-2024 13:08:44.233 INFO [http-nio-8080-exec-12] server.runner.RunnerSystem.compile swiftc
08-Apr-2024 13:08:44.233 INFO [http-nio-8080-exec-12] server.runner.RunnerSystem.compile /Users/tolymbeknurtai/desktop/projects/leetcode/src/main/java/server/runner/tests/Nurtai.swift
08-Apr-2024 13:08:44.233 INFO [http-nio-8080-exec-12] server.runner.RunnerSystem.compile -o
08-Apr-2024 13:08:44.233 INFO [http-nio-8080-exec-12] server.runner.RunnerSystem.compile /Users/tolymbeknurtai/desktop/projects/leetcode/src/main/java/server/runner/tests/Nurtai
08-Apr-2024 13:08:52.730 INFO [http-nio-8080-exec-20] server.servlets.RunTestServlet.doPost New Request.
08-Apr-2024 13:08:52.731 INFO [http-nio-8080-exec-20] server.servlets.RunTestServlet.doPost Started reading request.
08-Apr-2024 13:08:52.731 INFO [http-nio-8080-exec-20] server.servlets.RunTestServlet.doPost Started reading request.
08-Apr-2024 13:08:52.731 INFO [http-nio-8080-exec-20] server.servlets.RunTestServlet.doPost Empty
08-Apr-2024 13:08:52.731 INFO [http-nio-8080-exec-20] server.servlets.RunTestServlet.doPost print("Cactus")
08-Apr-2024 13:08:52.731 INFO [http-nio-8080-exec-20] server.servlets.RunTestServlet.doPost py
08-Apr-2024 13:08:52.731 INFO [http-nio-8080-exec-20] server.servlets.RunTestServlet.doPost Nurtai
08-Apr-2024 13:08:52.731 INFO [http-nio-8080-exec-20] server.servlets.RunTestServlet.doPost Question's id is 1
08-Apr-2024 13:08:52.733 INFO [http-nio-8080-exec-20] server.connection.DBConnection.getConnection Connection to DB is established.
08-Apr-2024 13:08:52.734 INFO [http-nio-8080-exec-20] server.database.TestCasesDAO.addTestCases Test cases: 
08-Apr-2024 13:08:52.734 INFO [http-nio-8080-exec-20] server.database.TestCasesDAO.addTestCases null
08-Apr-2024 13:08:52.734 INFO [http-nio-8080-exec-20] server.database.TestCasesDAO.addTestCases Cactus
08-Apr-2024 13:08:52.735 INFO [http-nio-8080-exec-20] server.servlets.RunTestServlet.doPost got testcases for runservlet
08-Apr-2024 13:08:52.735 INFO [http-nio-8080-exec-20] server.servlets.RunTestServlet.doPost started running running in runner
08-Apr-2024 13:08:52.735 INFO [http-nio-8080-exec-20] server.runner.RunnerSystem.writeFile code:
08-Apr-2024 13:08:52.735 INFO [http-nio-8080-exec-20] server.runner.RunnerSystem.writeFile print("Cactus")
08-Apr-2024 13:08:52.735 INFO [http-nio-8080-exec-20] server.runner.RunnerSystem.writeFile Wrote code to the file in runner
08-Apr-2024 13:08:52.735 INFO [http-nio-8080-exec-20] server.runner.RunnerSystem.compile compiled in runner
08-Apr-2024 13:08:52.735 INFO [http-nio-8080-exec-20] server.runner.Tester.test python3
08-Apr-2024 13:08:52.735 INFO [http-nio-8080-exec-20] server.runner.Tester.test /Users/tolymbeknurtai/desktop/projects/leetcode/src/main/java/server/runner/tests/Nurtai.py
08-Apr-2024 13:08:52.739 INFO [http-nio-8080-exec-20] server.runner.Tester.test process started in tester
08-Apr-2024 13:08:52.739 INFO [http-nio-8080-exec-20] server.runner.Tester.writeInput null
08-Apr-2024 13:08:52.777 INFO [http-nio-8080-exec-20] server.runner.Tester.readOutput started reading output
08-Apr-2024 13:08:52.777 INFO [http-nio-8080-exec-20] server.runner.Tester.readOutput Cactus
08-Apr-2024 13:08:52.777 INFO [http-nio-8080-exec-20] server.runner.Tester.readOutput this is line
08-Apr-2024 13:08:52.777 INFO [http-nio-8080-exec-20] server.runner.Tester.readOutput read the output
08-Apr-2024 13:08:52.777 INFO [http-nio-8080-exec-20] server.runner.Tester.test Test case: 
08-Apr-2024 13:08:52.777 INFO [http-nio-8080-exec-20] server.runner.Tester.test Cactus
08-Apr-2024 13:08:52.777 INFO [http-nio-8080-exec-20] server.runner.Tester.test Output of code: 
08-Apr-2024 13:08:52.777 INFO [http-nio-8080-exec-20] server.runner.Tester.test Cactus
08-Apr-2024 13:08:52.777 INFO [http-nio-8080-exec-20] server.runner.RunnerSystem.cleanUp Error removing file: /Users/tolymbeknurtai/desktop/projects/leetcode/src/main/java/server/runner/tests/Nurtai.py
08-Apr-2024 13:08:52.777 INFO [http-nio-8080-exec-20] server.runner.RunnerSystem.cleanUp cleaned up the files in runner
08-Apr-2024 13:08:52.777 INFO [http-nio-8080-exec-20] server.servlets.RunTestServlet.doPost tests are passed
08-Apr-2024 13:08:52.777 INFO [http-nio-8080-exec-20] server.servlets.RunTestServlet.doPost sent the results from runservlet
08-Apr-2024 13:08:56.184 INFO [http-nio-8080-exec-19] server.runner.RunnerSystem.compile compiled in runner
08-Apr-2024 13:08:56.184 INFO [http-nio-8080-exec-12] server.runner.RunnerSystem.compile compiled in runner
08-Apr-2024 13:08:56.184 INFO [http-nio-8080-exec-19] server.runner.Tester.test /Users/tolymbeknurtai/desktop/projects/leetcode/src/main/java/server/runner/tests/Nurtai
08-Apr-2024 13:08:56.184 INFO [http-nio-8080-exec-17] server.runner.RunnerSystem.compile compiled in runner
08-Apr-2024 13:08:56.184 INFO [http-nio-8080-exec-17] server.runner.Tester.test /Users/tolymbeknurtai/desktop/projects/leetcode/src/main/java/server/runner/tests/Nurtai
08-Apr-2024 13:08:56.185 INFO [http-nio-8080-exec-12] server.runner.Tester.test /Users/tolymbeknurtai/desktop/projects/leetcode/src/main/java/server/runner/tests/Nurtai
08-Apr-2024 13:08:56.185 INFO [http-nio-8080-exec-16] server.runner.RunnerSystem.compile compiled in runner
08-Apr-2024 13:08:56.185 INFO [http-nio-8080-exec-16] server.runner.Tester.test /Users/tolymbeknurtai/desktop/projects/leetcode/src/main/java/server/runner/tests/Nurtai
08-Apr-2024 13:08:56.185 INFO [http-nio-8080-exec-11] server.runner.RunnerSystem.compile compiled in runner
08-Apr-2024 13:08:56.186 INFO [http-nio-8080-exec-11] server.runner.Tester.test /Users/tolymbeknurtai/desktop/projects/leetcode/src/main/java/server/runner/tests/Nurtai
08-Apr-2024 13:08:56.188 INFO [http-nio-8080-exec-17] server.runner.Tester.test process started in tester
08-Apr-2024 13:08:56.188 INFO [http-nio-8080-exec-16] server.runner.Tester.test process started in tester
08-Apr-2024 13:08:56.188 INFO [http-nio-8080-exec-19] server.runner.Tester.test process started in tester
08-Apr-2024 13:08:56.188 INFO [http-nio-8080-exec-17] server.runner.Tester.writeInput null
08-Apr-2024 13:08:56.188 INFO [http-nio-8080-exec-16] server.runner.Tester.writeInput null
08-Apr-2024 13:08:56.188 INFO [http-nio-8080-exec-12] server.runner.Tester.test process started in tester
08-Apr-2024 13:08:56.188 INFO [http-nio-8080-exec-19] server.runner.Tester.writeInput null
08-Apr-2024 13:08:56.188 INFO [http-nio-8080-exec-12] server.runner.Tester.writeInput null
08-Apr-2024 13:08:56.188 INFO [http-nio-8080-exec-11] server.runner.Tester.test process started in tester
08-Apr-2024 13:08:56.188 INFO [http-nio-8080-exec-11] server.runner.Tester.writeInput null
08-Apr-2024 13:08:56.234 INFO [http-nio-8080-exec-19] server.runner.Tester.readOutput started reading output
08-Apr-2024 13:08:56.234 INFO [http-nio-8080-exec-11] server.runner.Tester.readOutput started reading output
08-Apr-2024 13:08:56.234 INFO [http-nio-8080-exec-16] server.runner.Tester.readOutput started reading output
08-Apr-2024 13:08:56.234 INFO [http-nio-8080-exec-12] server.runner.Tester.readOutput started reading output
08-Apr-2024 13:08:56.234 INFO [http-nio-8080-exec-19] server.runner.Tester.readOutput Cactus
08-Apr-2024 13:08:56.234 INFO [http-nio-8080-exec-16] server.runner.Tester.readOutput Cactus
08-Apr-2024 13:08:56.234 INFO [http-nio-8080-exec-11] server.runner.Tester.readOutput Cactus
08-Apr-2024 13:08:56.234 INFO [http-nio-8080-exec-12] server.runner.Tester.readOutput Cactus
08-Apr-2024 13:08:56.234 INFO [http-nio-8080-exec-19] server.runner.Tester.readOutput this is line
08-Apr-2024 13:08:56.234 INFO [http-nio-8080-exec-16] server.runner.Tester.readOutput this is line
08-Apr-2024 13:08:56.234 INFO [http-nio-8080-exec-16] server.runner.Tester.readOutput read the output
08-Apr-2024 13:08:56.234 INFO [http-nio-8080-exec-17] server.runner.Tester.readOutput started reading output
08-Apr-2024 13:08:56.234 INFO [http-nio-8080-exec-12] server.runner.Tester.readOutput this is line
08-Apr-2024 13:08:56.234 INFO [http-nio-8080-exec-11] server.runner.Tester.readOutput this is line
08-Apr-2024 13:08:56.234 INFO [http-nio-8080-exec-19] server.runner.Tester.readOutput read the output
08-Apr-2024 13:08:56.234 INFO [http-nio-8080-exec-19] server.runner.Tester.test Test case: 
08-Apr-2024 13:08:56.234 INFO [http-nio-8080-exec-17] server.runner.Tester.readOutput Cactus
08-Apr-2024 13:08:56.234 INFO [http-nio-8080-exec-11] server.runner.Tester.readOutput read the output
08-Apr-2024 13:08:56.234 INFO [http-nio-8080-exec-11] server.runner.Tester.test Test case: 
08-Apr-2024 13:08:56.234 INFO [http-nio-8080-exec-11] server.runner.Tester.test Cactus
08-Apr-2024 13:08:56.235 INFO [http-nio-8080-exec-16] server.runner.Tester.test Test case: 
08-Apr-2024 13:08:56.235 INFO [http-nio-8080-exec-16] server.runner.Tester.test Cactus
08-Apr-2024 13:08:56.235 INFO [http-nio-8080-exec-12] server.runner.Tester.readOutput read the output
08-Apr-2024 13:08:56.235 INFO [http-nio-8080-exec-19] server.runner.Tester.test Cactus
08-Apr-2024 13:08:56.235 INFO [http-nio-8080-exec-17] server.runner.Tester.readOutput this is line
08-Apr-2024 13:08:56.235 INFO [http-nio-8080-exec-11] server.runner.Tester.test Output of code: 
08-Apr-2024 13:08:56.235 INFO [http-nio-8080-exec-16] server.runner.Tester.test Output of code: 
08-Apr-2024 13:08:56.235 INFO [http-nio-8080-exec-11] server.runner.Tester.test Cactus
08-Apr-2024 13:08:56.235 INFO [http-nio-8080-exec-12] server.runner.Tester.test Test case: 
08-Apr-2024 13:08:56.235 INFO [http-nio-8080-exec-12] server.runner.Tester.test Cactus
08-Apr-2024 13:08:56.235 INFO [http-nio-8080-exec-17] server.runner.Tester.readOutput read the output
08-Apr-2024 13:08:56.235 INFO [http-nio-8080-exec-16] server.runner.Tester.test Cactus
08-Apr-2024 13:08:56.235 INFO [http-nio-8080-exec-12] server.runner.Tester.test Output of code: 
08-Apr-2024 13:08:56.235 INFO [http-nio-8080-exec-12] server.runner.Tester.test Cactus
08-Apr-2024 13:08:56.235 INFO [http-nio-8080-exec-19] server.runner.Tester.test Output of code: 
08-Apr-2024 13:08:56.235 INFO [http-nio-8080-exec-11] server.servlets.RunTestServlet.doPost tests are passed
08-Apr-2024 13:08:56.235 INFO [http-nio-8080-exec-17] server.runner.Tester.test Test case: 
08-Apr-2024 13:08:56.235 INFO [http-nio-8080-exec-19] server.runner.Tester.test Cactus
08-Apr-2024 13:08:56.235 INFO [http-nio-8080-exec-12] server.runner.RunnerSystem.cleanUp Error removing file: /Users/tolymbeknurtai/desktop/projects/leetcode/src/main/java/server/runner/tests/Nurtai.swift
08-Apr-2024 13:08:56.235 INFO [http-nio-8080-exec-16] server.runner.RunnerSystem.cleanUp Error removing file: /Users/tolymbeknurtai/desktop/projects/leetcode/src/main/java/server/runner/tests/Nurtai.swift
08-Apr-2024 13:08:56.235 INFO [http-nio-8080-exec-16] server.servlets.RunTestServlet.doPost tests are passed
08-Apr-2024 13:08:56.235 INFO [http-nio-8080-exec-17] server.runner.Tester.test Cactus
08-Apr-2024 13:08:56.235 INFO [http-nio-8080-exec-16] server.servlets.RunTestServlet.doPost sent the results from runservlet
08-Apr-2024 13:08:56.235 INFO [http-nio-8080-exec-11] server.servlets.RunTestServlet.doPost sent the results from runservlet
08-Apr-2024 13:08:56.235 INFO [http-nio-8080-exec-12] server.servlets.RunTestServlet.doPost tests are passed
08-Apr-2024 13:08:56.235 INFO [http-nio-8080-exec-19] server.runner.RunnerSystem.cleanUp Error removing file: /Users/tolymbeknurtai/desktop/projects/leetcode/src/main/java/server/runner/tests/Nurtai.swift
08-Apr-2024 13:08:56.235 INFO [http-nio-8080-exec-17] server.runner.Tester.test Output of code: 
08-Apr-2024 13:08:56.235 INFO [http-nio-8080-exec-17] server.runner.Tester.test Cactus
08-Apr-2024 13:08:56.235 INFO [http-nio-8080-exec-12] server.servlets.RunTestServlet.doPost sent the results from runservlet
08-Apr-2024 13:08:56.235 INFO [http-nio-8080-exec-19] server.servlets.RunTestServlet.doPost tests are passed
08-Apr-2024 13:08:56.235 INFO [http-nio-8080-exec-19] server.servlets.RunTestServlet.doPost sent the results from runservlet
08-Apr-2024 13:08:56.235 INFO [http-nio-8080-exec-17] server.runner.RunnerSystem.cleanUp Error removing file: /Users/tolymbeknurtai/desktop/projects/leetcode/src/main/java/server/runner/tests/Nurtai.swift
08-Apr-2024 13:08:56.236 INFO [http-nio-8080-exec-17] server.servlets.RunTestServlet.doPost tests are passed
08-Apr-2024 13:08:56.236 INFO [http-nio-8080-exec-17] server.servlets.RunTestServlet.doPost sent the results from runservlet
08-Apr-2024 13:08:56.262 INFO [http-nio-8080-exec-13] server.connection.DBConnection.getConnection Connection to DB is established.
08-Apr-2024 13:08:56.263 INFO [http-nio-8080-exec-13] server.database.QuestionsDAO.getQuestions Got questions from DB.
08-Apr-2024 13:08:56.263 INFO [http-nio-8080-exec-13] server.servlets.QuestionsServlet.doGet 1 2
08-Apr-2024 13:08:56.263 INFO [http-nio-8080-exec-13] server.servlets.QuestionsServlet.doGet 3 4/1 4
08-Apr-2024 13:08:56.263 INFO [http-nio-8080-exec-13] server.servlets.QuestionsServlet.doGet 1 2/100 200
08-Apr-2024 13:08:56.263 INFO [http-nio-8080-exec-13] server.servlets.QuestionsServlet.doGet 4/4 1 1/2 10 7/8 5 4/9 7 0
08-Apr-2024 13:08:56.263 INFO [http-nio-8080-exec-13] server.servlets.QuestionsServlet.doGet 3/10 15/6 8/4 8
08-Apr-2024 13:08:56.263 INFO [http-nio-8080-exec-13] server.servlets.QuestionsServlet.doGet 4
08-Apr-2024 13:08:56.263 INFO [http-nio-8080-exec-13] server.servlets.QuestionsServlet.doGet null
08-Apr-2024 13:08:56.263 INFO [http-nio-8080-exec-13] server.servlets.QuestionsServlet.doGet 2/2555/2000
08-Apr-2024 13:08:56.263 INFO [http-nio-8080-exec-13] server.servlets.QuestionsServlet.doGet 2/2/3
08-Apr-2024 13:08:56.263 INFO [http-nio-8080-exec-13] server.servlets.QuestionsServlet.doGet 2/2 2/5 6
08-Apr-2024 13:08:56.263 INFO [http-nio-8080-exec-13] server.servlets.QuestionsServlet.doGet 2 2
08-Apr-2024 13:08:56.263 INFO [http-nio-8080-exec-13] server.servlets.QuestionsServlet.doGet 4/3/2/4/100000
08-Apr-2024 13:08:56.263 INFO [http-nio-8080-exec-13] server.servlets.QuestionsServlet.doGet Sent questions.
08-Apr-2024 13:47:31.921 INFO [http-nio-8080-exec-18] server.connection.DBConnection.getConnection Connection to DB is established.
08-Apr-2024 13:47:31.925 INFO [http-nio-8080-exec-18] server.database.QuestionsDAO.getQuestions Got questions from DB.
08-Apr-2024 13:47:31.926 INFO [http-nio-8080-exec-18] server.servlets.QuestionsServlet.doGet 1 2
08-Apr-2024 13:47:31.926 INFO [http-nio-8080-exec-18] server.servlets.QuestionsServlet.doGet 3 4/1 4
08-Apr-2024 13:47:31.926 INFO [http-nio-8080-exec-18] server.servlets.QuestionsServlet.doGet 1 2/100 200
08-Apr-2024 13:47:31.926 INFO [http-nio-8080-exec-18] server.servlets.QuestionsServlet.doGet 4/4 1 1/2 10 7/8 5 4/9 7 0
08-Apr-2024 13:47:31.926 INFO [http-nio-8080-exec-18] server.servlets.QuestionsServlet.doGet 3/10 15/6 8/4 8
08-Apr-2024 13:47:31.926 INFO [http-nio-8080-exec-18] server.servlets.QuestionsServlet.doGet 4
08-Apr-2024 13:47:31.926 INFO [http-nio-8080-exec-18] server.servlets.QuestionsServlet.doGet null
08-Apr-2024 13:47:31.926 INFO [http-nio-8080-exec-18] server.servlets.QuestionsServlet.doGet 2/2555/2000
08-Apr-2024 13:47:31.927 INFO [http-nio-8080-exec-18] server.servlets.QuestionsServlet.doGet 2/2/3
08-Apr-2024 13:47:31.927 INFO [http-nio-8080-exec-18] server.servlets.QuestionsServlet.doGet 2/2 2/5 6
08-Apr-2024 13:47:31.927 INFO [http-nio-8080-exec-18] server.servlets.QuestionsServlet.doGet 2 2
08-Apr-2024 13:47:31.927 INFO [http-nio-8080-exec-18] server.servlets.QuestionsServlet.doGet 4/3/2/4/100000
08-Apr-2024 13:47:31.928 INFO [http-nio-8080-exec-18] server.servlets.QuestionsServlet.doGet Sent questions.
08-Apr-2024 13:47:38.978 INFO [http-nio-8080-exec-15] server.connection.DBConnection.getConnection Connection to DB is established.
08-Apr-2024 13:47:38.980 INFO [http-nio-8080-exec-15] server.database.QuestionsDAO.getQuestions Got questions from DB.
08-Apr-2024 13:47:38.980 INFO [http-nio-8080-exec-15] server.servlets.QuestionsServlet.doGet 1 2
08-Apr-2024 13:47:38.980 INFO [http-nio-8080-exec-15] server.servlets.QuestionsServlet.doGet 3 4/1 4
08-Apr-2024 13:47:38.981 INFO [http-nio-8080-exec-15] server.servlets.QuestionsServlet.doGet 1 2/100 200
08-Apr-2024 13:47:38.981 INFO [http-nio-8080-exec-15] server.servlets.QuestionsServlet.doGet 4/4 1 1/2 10 7/8 5 4/9 7 0
08-Apr-2024 13:47:38.981 INFO [http-nio-8080-exec-15] server.servlets.QuestionsServlet.doGet 3/10 15/6 8/4 8
08-Apr-2024 13:47:38.981 INFO [http-nio-8080-exec-15] server.servlets.QuestionsServlet.doGet 4
08-Apr-2024 13:47:38.981 INFO [http-nio-8080-exec-15] server.servlets.QuestionsServlet.doGet null
08-Apr-2024 13:47:38.981 INFO [http-nio-8080-exec-15] server.servlets.QuestionsServlet.doGet 2/2555/2000
08-Apr-2024 13:47:38.981 INFO [http-nio-8080-exec-15] server.servlets.QuestionsServlet.doGet 2/2/3
08-Apr-2024 13:47:38.981 INFO [http-nio-8080-exec-15] server.servlets.QuestionsServlet.doGet 2/2 2/5 6
08-Apr-2024 13:47:38.981 INFO [http-nio-8080-exec-15] server.servlets.QuestionsServlet.doGet 2 2
08-Apr-2024 13:47:38.981 INFO [http-nio-8080-exec-15] server.servlets.QuestionsServlet.doGet 4/3/2/4/100000
08-Apr-2024 13:47:38.982 INFO [http-nio-8080-exec-15] server.servlets.QuestionsServlet.doGet Sent questions.
08-Apr-2024 21:57:54.643 INFO [http-nio-8080-exec-11] server.connection.DBConnection.getConnection Connection to DB is established.
08-Apr-2024 21:57:54.653 INFO [http-nio-8080-exec-11] server.database.QuestionsDAO.getQuestions Got questions from DB.
08-Apr-2024 21:57:54.653 INFO [http-nio-8080-exec-11] server.servlets.QuestionsServlet.doGet 1 2
08-Apr-2024 21:57:54.653 INFO [http-nio-8080-exec-11] server.servlets.QuestionsServlet.doGet 3 4/1 4
08-Apr-2024 21:57:54.653 INFO [http-nio-8080-exec-11] server.servlets.QuestionsServlet.doGet 1 2/100 200
08-Apr-2024 21:57:54.653 INFO [http-nio-8080-exec-11] server.servlets.QuestionsServlet.doGet 4/4 1 1/2 10 7/8 5 4/9 7 0
08-Apr-2024 21:57:54.653 INFO [http-nio-8080-exec-11] server.servlets.QuestionsServlet.doGet 3/10 15/6 8/4 8
08-Apr-2024 21:57:54.653 INFO [http-nio-8080-exec-11] server.servlets.QuestionsServlet.doGet 4
08-Apr-2024 21:57:54.653 INFO [http-nio-8080-exec-11] server.servlets.QuestionsServlet.doGet null
08-Apr-2024 21:57:54.653 INFO [http-nio-8080-exec-11] server.servlets.QuestionsServlet.doGet 2/2555/2000
08-Apr-2024 21:57:54.653 INFO [http-nio-8080-exec-11] server.servlets.QuestionsServlet.doGet 2/2/3
08-Apr-2024 21:57:54.653 INFO [http-nio-8080-exec-11] server.servlets.QuestionsServlet.doGet 2/2 2/5 6
08-Apr-2024 21:57:54.653 INFO [http-nio-8080-exec-11] server.servlets.QuestionsServlet.doGet 2 2
08-Apr-2024 21:57:54.654 INFO [http-nio-8080-exec-11] server.servlets.QuestionsServlet.doGet 4/3/2/4/100000
08-Apr-2024 21:57:54.654 INFO [http-nio-8080-exec-11] server.servlets.QuestionsServlet.doGet Sent questions.
08-Apr-2024 21:58:13.028 INFO [http-nio-8080-exec-16] server.connection.DBConnection.getConnection Connection to DB is established.
08-Apr-2024 21:58:13.031 INFO [http-nio-8080-exec-16] server.database.QuestionsDAO.getQuestions Got questions from DB.
08-Apr-2024 21:58:13.031 INFO [http-nio-8080-exec-16] server.servlets.QuestionsServlet.doGet 1 2
08-Apr-2024 21:58:13.031 INFO [http-nio-8080-exec-16] server.servlets.QuestionsServlet.doGet 3 4/1 4
08-Apr-2024 21:58:13.032 INFO [http-nio-8080-exec-16] server.servlets.QuestionsServlet.doGet 1 2/100 200
08-Apr-2024 21:58:13.032 INFO [http-nio-8080-exec-16] server.servlets.QuestionsServlet.doGet 4/4 1 1/2 10 7/8 5 4/9 7 0
08-Apr-2024 21:58:13.032 INFO [http-nio-8080-exec-16] server.servlets.QuestionsServlet.doGet 3/10 15/6 8/4 8
08-Apr-2024 21:58:13.032 INFO [http-nio-8080-exec-16] server.servlets.QuestionsServlet.doGet 4
08-Apr-2024 21:58:13.032 INFO [http-nio-8080-exec-16] server.servlets.QuestionsServlet.doGet null
08-Apr-2024 21:58:13.032 INFO [http-nio-8080-exec-16] server.servlets.QuestionsServlet.doGet 2/2555/2000
08-Apr-2024 21:58:13.032 INFO [http-nio-8080-exec-16] server.servlets.QuestionsServlet.doGet 2/2/3
08-Apr-2024 21:58:13.032 INFO [http-nio-8080-exec-16] server.servlets.QuestionsServlet.doGet 2/2 2/5 6
08-Apr-2024 21:58:13.032 INFO [http-nio-8080-exec-16] server.servlets.QuestionsServlet.doGet 2 2
08-Apr-2024 21:58:13.032 INFO [http-nio-8080-exec-16] server.servlets.QuestionsServlet.doGet 4/3/2/4/100000
08-Apr-2024 21:58:13.033 INFO [http-nio-8080-exec-16] server.servlets.QuestionsServlet.doGet Sent questions.
08-Apr-2024 21:59:20.376 INFO [http-nio-8080-exec-19] server.servlets.RunTestServlet.doPost New Request.
08-Apr-2024 21:59:20.377 INFO [http-nio-8080-exec-19] server.servlets.RunTestServlet.doPost Started reading request.
08-Apr-2024 21:59:20.378 INFO [http-nio-8080-exec-19] server.servlets.RunTestServlet.doPost Started reading request.
08-Apr-2024 21:59:20.378 INFO [http-nio-8080-exec-19] server.servlets.RunTestServlet.doPost Empty
08-Apr-2024 21:59:20.378 INFO [http-nio-8080-exec-19] server.servlets.RunTestServlet.doPost console.log("Cactus")
08-Apr-2024 21:59:20.378 INFO [http-nio-8080-exec-19] server.servlets.RunTestServlet.doPost js
08-Apr-2024 21:59:20.378 INFO [http-nio-8080-exec-19] server.servlets.RunTestServlet.doPost Nurtai
08-Apr-2024 21:59:20.378 INFO [http-nio-8080-exec-19] server.servlets.RunTestServlet.doPost Question's id is 1
08-Apr-2024 21:59:20.389 INFO [http-nio-8080-exec-19] server.connection.DBConnection.getConnection Connection to DB is established.
08-Apr-2024 21:59:20.393 INFO [http-nio-8080-exec-19] server.database.TestCasesDAO.addTestCases Test cases: 
08-Apr-2024 21:59:20.393 INFO [http-nio-8080-exec-19] server.database.TestCasesDAO.addTestCases null
08-Apr-2024 21:59:20.393 INFO [http-nio-8080-exec-19] server.database.TestCasesDAO.addTestCases Cactus
08-Apr-2024 21:59:20.394 INFO [http-nio-8080-exec-19] server.servlets.RunTestServlet.doPost got testcases for runservlet
08-Apr-2024 21:59:20.402 INFO [http-nio-8080-exec-19] server.servlets.RunTestServlet.doPost started running running in runner
08-Apr-2024 21:59:20.402 INFO [http-nio-8080-exec-19] server.runner.RunnerSystem.writeFile code:
08-Apr-2024 21:59:20.402 INFO [http-nio-8080-exec-19] server.runner.RunnerSystem.writeFile console.log("Cactus")
08-Apr-2024 21:59:20.403 INFO [http-nio-8080-exec-19] server.runner.RunnerSystem.writeFile Wrote code to the file in runner
08-Apr-2024 21:59:20.403 INFO [http-nio-8080-exec-19] server.runner.RunnerSystem.compile compiled in runner
08-Apr-2024 21:59:20.403 INFO [http-nio-8080-exec-19] server.runner.Tester.test node
08-Apr-2024 21:59:20.403 INFO [http-nio-8080-exec-19] server.runner.Tester.test /Users/tolymbeknurtai/desktop/projects/leetcode/src/main/java/server/runner/tests/Nurtai.js
08-Apr-2024 21:59:20.410 INFO [http-nio-8080-exec-19] server.runner.Tester.test process started in tester
08-Apr-2024 21:59:20.411 INFO [http-nio-8080-exec-19] server.runner.Tester.writeInput null
08-Apr-2024 21:59:20.552 INFO [http-nio-8080-exec-19] server.runner.Tester.readOutput started reading output
08-Apr-2024 21:59:20.552 INFO [http-nio-8080-exec-19] server.runner.Tester.readOutput Cactus
08-Apr-2024 21:59:20.552 INFO [http-nio-8080-exec-19] server.runner.Tester.readOutput this is line
08-Apr-2024 21:59:20.552 INFO [http-nio-8080-exec-19] server.runner.Tester.readOutput read the output
08-Apr-2024 21:59:20.552 INFO [http-nio-8080-exec-19] server.runner.Tester.test Test case: 
08-Apr-2024 21:59:20.552 INFO [http-nio-8080-exec-19] server.runner.Tester.test Cactus
08-Apr-2024 21:59:20.552 INFO [http-nio-8080-exec-19] server.runner.Tester.test Output of code: 
08-Apr-2024 21:59:20.552 INFO [http-nio-8080-exec-19] server.runner.Tester.test Cactus
08-Apr-2024 21:59:20.552 INFO [http-nio-8080-exec-19] server.runner.RunnerSystem.cleanUp Error removing file: /Users/tolymbeknurtai/desktop/projects/leetcode/src/main/java/server/runner/tests/Nurtai.js
08-Apr-2024 21:59:20.553 INFO [http-nio-8080-exec-19] server.runner.RunnerSystem.cleanUp cleaned up the files in runner
08-Apr-2024 21:59:20.553 INFO [http-nio-8080-exec-19] server.servlets.RunTestServlet.doPost tests are passed
08-Apr-2024 21:59:20.553 INFO [http-nio-8080-exec-19] server.servlets.RunTestServlet.doPost sent the results from runservlet
08-Apr-2024 21:59:26.351 INFO [http-nio-8080-exec-12] server.connection.DBConnection.getConnection Connection to DB is established.
08-Apr-2024 21:59:26.353 INFO [http-nio-8080-exec-12] server.database.QuestionsDAO.getQuestions Got questions from DB.
08-Apr-2024 21:59:26.353 INFO [http-nio-8080-exec-12] server.servlets.QuestionsServlet.doGet 1 2
08-Apr-2024 21:59:26.353 INFO [http-nio-8080-exec-12] server.servlets.QuestionsServlet.doGet 3 4/1 4
08-Apr-2024 21:59:26.353 INFO [http-nio-8080-exec-12] server.servlets.QuestionsServlet.doGet 1 2/100 200
08-Apr-2024 21:59:26.353 INFO [http-nio-8080-exec-12] server.servlets.QuestionsServlet.doGet 4/4 1 1/2 10 7/8 5 4/9 7 0
08-Apr-2024 21:59:26.354 INFO [http-nio-8080-exec-12] server.servlets.QuestionsServlet.doGet 3/10 15/6 8/4 8
08-Apr-2024 21:59:26.354 INFO [http-nio-8080-exec-12] server.servlets.QuestionsServlet.doGet 4
08-Apr-2024 21:59:26.354 INFO [http-nio-8080-exec-12] server.servlets.QuestionsServlet.doGet null
08-Apr-2024 21:59:26.354 INFO [http-nio-8080-exec-12] server.servlets.QuestionsServlet.doGet 2/2555/2000
08-Apr-2024 21:59:26.354 INFO [http-nio-8080-exec-12] server.servlets.QuestionsServlet.doGet 2/2/3
08-Apr-2024 21:59:26.355 INFO [http-nio-8080-exec-12] server.servlets.QuestionsServlet.doGet 2/2 2/5 6
08-Apr-2024 21:59:26.355 INFO [http-nio-8080-exec-12] server.servlets.QuestionsServlet.doGet 2 2
08-Apr-2024 21:59:26.355 INFO [http-nio-8080-exec-12] server.servlets.QuestionsServlet.doGet 4/3/2/4/100000
08-Apr-2024 21:59:26.355 INFO [http-nio-8080-exec-12] server.servlets.QuestionsServlet.doGet Sent questions.
