22-Apr-2024 16:06:38.446 INFO [main] org.apache.catalina.core.ApplicationContext.log ContextListener: contextInitialized()
22-Apr-2024 16:06:38.446 INFO [main] org.apache.catalina.core.ApplicationContext.log SessionListener: contextInitialized()
22-Apr-2024 16:06:38.446 INFO [main] org.apache.catalina.core.ApplicationContext.log ContextListener: attributeAdded('StockTicker', 'async.Stockticker@4548d254')
22-Apr-2024 16:07:20.108 INFO [main] org.apache.catalina.core.ApplicationContext.log SessionListener: contextDestroyed()
22-Apr-2024 16:07:20.109 INFO [main] org.apache.catalina.core.ApplicationContext.log ContextListener: contextDestroyed()
22-Apr-2024 16:07:26.741 INFO [main] org.apache.catalina.core.ApplicationContext.log ContextListener: contextInitialized()
22-Apr-2024 16:07:26.741 INFO [main] org.apache.catalina.core.ApplicationContext.log SessionListener: contextInitialized()
22-Apr-2024 16:07:26.742 INFO [main] org.apache.catalina.core.ApplicationContext.log ContextListener: attributeAdded('StockTicker', 'async.Stockticker@49e4c2d5')
22-Apr-2024 23:06:54.630 INFO [main] org.apache.catalina.core.ApplicationContext.log SessionListener: contextDestroyed()
22-Apr-2024 23:06:54.630 INFO [main] org.apache.catalina.core.ApplicationContext.log ContextListener: contextDestroyed()
22-Apr-2024 23:19:47.077 INFO [main] org.apache.catalina.core.ApplicationContext.log ContextListener: contextInitialized()
22-Apr-2024 23:19:47.077 INFO [main] org.apache.catalina.core.ApplicationContext.log SessionListener: contextInitialized()
22-Apr-2024 23:19:47.077 INFO [main] org.apache.catalina.core.ApplicationContext.log ContextListener: attributeAdded('StockTicker', 'async.Stockticker@3c6c4689')
22-Apr-2024 23:19:47.106 INFO [main] org.apache.catalina.core.ApplicationContext.log SessionListener: contextDestroyed()
22-Apr-2024 23:19:47.106 INFO [main] org.apache.catalina.core.ApplicationContext.log ContextListener: contextDestroyed()
22-Apr-2024 23:19:55.642 INFO [main] org.apache.catalina.core.ApplicationContext.log ContextListener: contextInitialized()
22-Apr-2024 23:19:55.642 INFO [main] org.apache.catalina.core.ApplicationContext.log SessionListener: contextInitialized()
22-Apr-2024 23:19:55.643 INFO [main] org.apache.catalina.core.ApplicationContext.log ContextListener: attributeAdded('StockTicker', 'async.Stockticker@68699afc')
22-Apr-2024 23:19:57.364 INFO [main] org.apache.catalina.core.ApplicationContext.log ContextListener: contextInitialized()
22-Apr-2024 23:19:57.364 INFO [main] org.apache.catalina.core.ApplicationContext.log SessionListener: contextInitialized()
22-Apr-2024 23:19:57.365 INFO [main] org.apache.catalina.core.ApplicationContext.log ContextListener: attributeAdded('StockTicker', 'async.Stockticker@1a1cc163')
22-Apr-2024 23:19:57.393 INFO [main] org.apache.catalina.core.ApplicationContext.log SessionListener: contextDestroyed()
22-Apr-2024 23:19:57.393 INFO [main] org.apache.catalina.core.ApplicationContext.log ContextListener: contextDestroyed()
22-Apr-2024 23:22:48.532 INFO [main] org.apache.catalina.core.ApplicationContext.log SessionListener: contextDestroyed()
22-Apr-2024 23:22:48.532 INFO [main] org.apache.catalina.core.ApplicationContext.log ContextListener: contextDestroyed()
22-Apr-2024 23:32:15.802 INFO [main] org.apache.catalina.core.ApplicationContext.log ContextListener: contextInitialized()
22-Apr-2024 23:32:15.803 INFO [main] org.apache.catalina.core.ApplicationContext.log SessionListener: contextInitialized()
22-Apr-2024 23:32:15.803 INFO [main] org.apache.catalina.core.ApplicationContext.log ContextListener: attributeAdded('StockTicker', 'async.Stockticker@682af059')
22-Apr-2024 23:33:34.772 INFO [main] org.apache.catalina.core.ApplicationContext.log SessionListener: contextDestroyed()
22-Apr-2024 23:33:34.772 INFO [main] org.apache.catalina.core.ApplicationContext.log ContextListener: contextDestroyed()
22-Apr-2024 23:33:38.172 INFO [main] org.apache.catalina.core.ApplicationContext.log ContextListener: contextInitialized()
22-Apr-2024 23:33:38.172 INFO [main] org.apache.catalina.core.ApplicationContext.log SessionListener: contextInitialized()
22-Apr-2024 23:33:38.172 INFO [main] org.apache.catalina.core.ApplicationContext.log ContextListener: attributeAdded('StockTicker', 'async.Stockticker@6d091cad')
22-Apr-2024 23:35:03.920 INFO [main] org.apache.catalina.core.ApplicationContext.log SessionListener: contextDestroyed()
22-Apr-2024 23:35:03.920 INFO [main] org.apache.catalina.core.ApplicationContext.log ContextListener: contextDestroyed()
22-Apr-2024 23:35:14.104 INFO [main] org.apache.catalina.core.ApplicationContext.log ContextListener: contextInitialized()
22-Apr-2024 23:35:14.104 INFO [main] org.apache.catalina.core.ApplicationContext.log SessionListener: contextInitialized()
22-Apr-2024 23:35:14.105 INFO [main] org.apache.catalina.core.ApplicationContext.log ContextListener: attributeAdded('StockTicker', 'async.Stockticker@49e4c2d5')
22-Apr-2024 23:35:52.893 INFO [main] org.apache.catalina.core.ApplicationContext.log SessionListener: contextDestroyed()
22-Apr-2024 23:35:52.893 INFO [main] org.apache.catalina.core.ApplicationContext.log ContextListener: contextDestroyed()
