23-Mar-2024 00:01:21.672 INFO [http-nio-8080-exec-422] org.apache.catalina.core.ApplicationContext.log Manager: deploy: Deploying web application '/codecraft'
23-Mar-2024 00:01:21.672 INFO [http-nio-8080-exec-422] org.apache.catalina.core.ApplicationContext.log Manager: Uploading WAR file to /Users/tolymbeknurtai/Desktop/package/apache-tomcat-10.1.19/webapps/codecraft.war.tmp
23-Mar-2024 00:04:28.861 INFO [http-nio-8080-exec-432] org.apache.catalina.core.ApplicationContext.log Manager: deploy: Deploying web application '/codecraft'
23-Mar-2024 00:04:28.861 INFO [http-nio-8080-exec-432] org.apache.catalina.core.ApplicationContext.log Manager: Uploading WAR file to /Users/tolymbeknurtai/Desktop/package/apache-tomcat-10.1.19/webapps/codecraft.war.tmp
23-Mar-2024 00:07:29.292 INFO [http-nio-8080-exec-439] org.apache.catalina.core.ApplicationContext.log Manager: deploy: Deploying web application '/codecraft'
23-Mar-2024 00:07:29.292 INFO [http-nio-8080-exec-439] org.apache.catalina.core.ApplicationContext.log Manager: Uploading WAR file to /Users/tolymbeknurtai/Desktop/package/apache-tomcat-10.1.19/webapps/codecraft.war.tmp
23-Mar-2024 00:08:26.161 INFO [http-nio-8080-exec-444] org.apache.catalina.core.ApplicationContext.log Manager: deploy: Deploying web application '/codecraft'
23-Mar-2024 00:08:26.162 INFO [http-nio-8080-exec-444] org.apache.catalina.core.ApplicationContext.log Manager: Uploading WAR file to /Users/tolymbeknurtai/Desktop/package/apache-tomcat-10.1.19/webapps/codecraft.war.tmp
23-Mar-2024 00:09:36.645 INFO [http-nio-8080-exec-448] org.apache.catalina.core.ApplicationContext.log Manager: deploy: Deploying web application '/codecraft'
23-Mar-2024 00:09:36.645 INFO [http-nio-8080-exec-448] org.apache.catalina.core.ApplicationContext.log Manager: Uploading WAR file to /Users/tolymbeknurtai/Desktop/package/apache-tomcat-10.1.19/webapps/codecraft.war.tmp
23-Mar-2024 00:21:45.171 INFO [http-nio-8080-exec-452] org.apache.catalina.core.ApplicationContext.log Manager: deploy: Deploying web application '/codecraft'
23-Mar-2024 00:21:45.171 INFO [http-nio-8080-exec-452] org.apache.catalina.core.ApplicationContext.log Manager: Uploading WAR file to /Users/tolymbeknurtai/Desktop/package/apache-tomcat-10.1.19/webapps/codecraft.war.tmp
23-Mar-2024 00:25:37.975 INFO [http-nio-8080-exec-462] org.apache.catalina.core.ApplicationContext.log Manager: deploy: Deploying web application '/codecraft'
23-Mar-2024 00:25:37.975 INFO [http-nio-8080-exec-462] org.apache.catalina.core.ApplicationContext.log Manager: Uploading WAR file to /Users/tolymbeknurtai/Desktop/package/apache-tomcat-10.1.19/webapps/codecraft.war.tmp
23-Mar-2024 00:27:52.685 INFO [http-nio-8080-exec-466] org.apache.catalina.core.ApplicationContext.log Manager: deploy: Deploying web application '/codecraft'
23-Mar-2024 00:27:52.686 INFO [http-nio-8080-exec-466] org.apache.catalina.core.ApplicationContext.log Manager: Uploading WAR file to /Users/tolymbeknurtai/Desktop/package/apache-tomcat-10.1.19/webapps/codecraft.war.tmp
23-Mar-2024 00:31:25.420 INFO [http-nio-8080-exec-471] org.apache.catalina.core.ApplicationContext.log Manager: deploy: Deploying web application '/codecraft'
23-Mar-2024 00:31:25.421 INFO [http-nio-8080-exec-471] org.apache.catalina.core.ApplicationContext.log Manager: Uploading WAR file to /Users/tolymbeknurtai/Desktop/package/apache-tomcat-10.1.19/webapps/codecraft.war.tmp
23-Mar-2024 00:40:12.858 INFO [http-nio-8080-exec-478] org.apache.catalina.core.ApplicationContext.log Manager: deploy: Deploying web application '/codecraft'
23-Mar-2024 00:40:12.858 INFO [http-nio-8080-exec-478] org.apache.catalina.core.ApplicationContext.log Manager: Uploading WAR file to /Users/tolymbeknurtai/Desktop/package/apache-tomcat-10.1.19/webapps/codecraft.war.tmp
23-Mar-2024 00:42:22.543 INFO [http-nio-8080-exec-485] org.apache.catalina.core.ApplicationContext.log Manager: deploy: Deploying web application '/codecraft'
23-Mar-2024 00:42:22.544 INFO [http-nio-8080-exec-485] org.apache.catalina.core.ApplicationContext.log Manager: Uploading WAR file to /Users/tolymbeknurtai/Desktop/package/apache-tomcat-10.1.19/webapps/codecraft.war.tmp
23-Mar-2024 00:45:02.425 INFO [http-nio-8080-exec-490] org.apache.catalina.core.ApplicationContext.log Manager: deploy: Deploying web application '/codecraft'
23-Mar-2024 00:45:02.426 INFO [http-nio-8080-exec-490] org.apache.catalina.core.ApplicationContext.log Manager: Uploading WAR file to /Users/tolymbeknurtai/Desktop/package/apache-tomcat-10.1.19/webapps/codecraft.war.tmp
23-Mar-2024 00:48:14.706 INFO [http-nio-8080-exec-495] org.apache.catalina.core.ApplicationContext.log Manager: deploy: Deploying web application '/codecraft'
23-Mar-2024 00:48:14.706 INFO [http-nio-8080-exec-495] org.apache.catalina.core.ApplicationContext.log Manager: Uploading WAR file to /Users/tolymbeknurtai/Desktop/package/apache-tomcat-10.1.19/webapps/codecraft.war.tmp
23-Mar-2024 00:56:53.377 INFO [http-nio-8080-exec-504] org.apache.catalina.core.ApplicationContext.log Manager: deploy: Deploying web application '/codecraft'
23-Mar-2024 00:56:53.377 INFO [http-nio-8080-exec-504] org.apache.catalina.core.ApplicationContext.log Manager: Uploading WAR file to /Users/tolymbeknurtai/Desktop/package/apache-tomcat-10.1.19/webapps/codecraft.war.tmp
23-Mar-2024 00:59:55.950 INFO [http-nio-8080-exec-510] org.apache.catalina.core.ApplicationContext.log Manager: deploy: Deploying web application '/codecraft'
23-Mar-2024 00:59:55.951 INFO [http-nio-8080-exec-510] org.apache.catalina.core.ApplicationContext.log Manager: Uploading WAR file to /Users/tolymbeknurtai/Desktop/package/apache-tomcat-10.1.19/webapps/codecraft.war.tmp
23-Mar-2024 01:03:40.115 INFO [http-nio-8080-exec-516] org.apache.catalina.core.ApplicationContext.log Manager: deploy: Deploying web application '/codecraft'
23-Mar-2024 01:03:40.115 INFO [http-nio-8080-exec-516] org.apache.catalina.core.ApplicationContext.log Manager: Uploading WAR file to /Users/tolymbeknurtai/Desktop/package/apache-tomcat-10.1.19/webapps/codecraft.war.tmp
23-Mar-2024 01:14:35.247 INFO [http-nio-8080-exec-524] org.apache.catalina.core.ApplicationContext.log Manager: deploy: Deploying web application '/codecraft'
23-Mar-2024 01:14:35.248 INFO [http-nio-8080-exec-524] org.apache.catalina.core.ApplicationContext.log Manager: Uploading WAR file to /Users/tolymbeknurtai/Desktop/package/apache-tomcat-10.1.19/webapps/codecraft.war.tmp
23-Mar-2024 01:24:45.400 INFO [http-nio-8080-exec-536] org.apache.catalina.core.ApplicationContext.log Manager: deploy: Deploying web application '/codecraft'
23-Mar-2024 01:24:45.400 INFO [http-nio-8080-exec-536] org.apache.catalina.core.ApplicationContext.log Manager: Uploading WAR file to /Users/tolymbeknurtai/Desktop/package/apache-tomcat-10.1.19/webapps/codecraft.war.tmp
23-Mar-2024 01:25:29.945 INFO [http-nio-8080-exec-531] org.apache.catalina.core.ApplicationContext.log Manager: deploy: Deploying web application '/codecraft'
23-Mar-2024 01:25:29.945 INFO [http-nio-8080-exec-531] org.apache.catalina.core.ApplicationContext.log Manager: Uploading WAR file to /Users/tolymbeknurtai/Desktop/package/apache-tomcat-10.1.19/webapps/codecraft.war.tmp
23-Mar-2024 01:27:33.880 INFO [http-nio-8080-exec-539] org.apache.catalina.core.ApplicationContext.log Manager: deploy: Deploying web application '/codecraft'
23-Mar-2024 01:27:33.880 INFO [http-nio-8080-exec-539] org.apache.catalina.core.ApplicationContext.log Manager: Uploading WAR file to /Users/tolymbeknurtai/Desktop/package/apache-tomcat-10.1.19/webapps/codecraft.war.tmp
23-Mar-2024 01:36:07.617 INFO [http-nio-8080-exec-544] org.apache.catalina.core.ApplicationContext.log Manager: deploy: Deploying web application '/codecraft'
23-Mar-2024 01:36:07.617 INFO [http-nio-8080-exec-544] org.apache.catalina.core.ApplicationContext.log Manager: Uploading WAR file to /Users/tolymbeknurtai/Desktop/package/apache-tomcat-10.1.19/webapps/codecraft.war.tmp
23-Mar-2024 12:00:36.712 INFO [http-nio-8080-exec-552] org.apache.catalina.core.ApplicationContext.log Manager: deploy: Deploying web application '/codecraft'
23-Mar-2024 12:00:36.712 INFO [http-nio-8080-exec-552] org.apache.catalina.core.ApplicationContext.log Manager: Uploading WAR file to /Users/tolymbeknurtai/Desktop/package/apache-tomcat-10.1.19/webapps/codecraft.war.tmp
23-Mar-2024 12:01:51.602 INFO [http-nio-8080-exec-560] org.apache.catalina.core.ApplicationContext.log Manager: deploy: Deploying web application '/codecraft'
23-Mar-2024 12:01:51.602 INFO [http-nio-8080-exec-560] org.apache.catalina.core.ApplicationContext.log Manager: Uploading WAR file to /Users/tolymbeknurtai/Desktop/package/apache-tomcat-10.1.19/webapps/codecraft.war.tmp
23-Mar-2024 12:02:36.767 INFO [http-nio-8080-exec-562] org.apache.catalina.core.ApplicationContext.log Manager: deploy: Deploying web application '/codecraft'
23-Mar-2024 12:02:36.767 INFO [http-nio-8080-exec-562] org.apache.catalina.core.ApplicationContext.log Manager: Uploading WAR file to /Users/tolymbeknurtai/Desktop/package/apache-tomcat-10.1.19/webapps/codecraft.war.tmp
23-Mar-2024 15:07:22.023 INFO [http-nio-8080-exec-566] org.apache.catalina.core.ApplicationContext.log Manager: deploy: Deploying web application '/codecraft'
23-Mar-2024 15:07:22.025 INFO [http-nio-8080-exec-566] org.apache.catalina.core.ApplicationContext.log Manager: Uploading WAR file to /Users/tolymbeknurtai/Desktop/package/apache-tomcat-10.1.19/webapps/codecraft.war.tmp
23-Mar-2024 15:08:39.955 INFO [http-nio-8080-exec-572] org.apache.catalina.core.ApplicationContext.log Manager: deploy: Deploying web application '/codecraft'
23-Mar-2024 15:08:39.955 INFO [http-nio-8080-exec-572] org.apache.catalina.core.ApplicationContext.log Manager: Uploading WAR file to /Users/tolymbeknurtai/Desktop/package/apache-tomcat-10.1.19/webapps/codecraft.war.tmp
23-Mar-2024 15:09:11.007 INFO [http-nio-8080-exec-564] org.apache.catalina.core.ApplicationContext.log HTMLManager: list: Listing contexts for virtual host 'localhost'
23-Mar-2024 15:11:17.294 INFO [http-nio-8080-exec-575] org.apache.catalina.core.ApplicationContext.log Manager: undeploy: Undeploying web application at '/codecraft'
23-Mar-2024 16:09:08.479 INFO [http-nio-8080-exec-1] org.apache.catalina.core.ApplicationContext.log HTMLManager: init: Associated with Deployer 'Catalina:type=Deployer,host=localhost'
23-Mar-2024 16:09:08.479 INFO [http-nio-8080-exec-1] org.apache.catalina.core.ApplicationContext.log HTMLManager: init: Global resources are available
23-Mar-2024 20:24:56.491 INFO [http-nio-8080-exec-1] org.apache.catalina.core.ApplicationContext.log Manager: init: Associated with Deployer 'Catalina:type=Deployer,host=localhost'
23-Mar-2024 20:24:56.492 INFO [http-nio-8080-exec-1] org.apache.catalina.core.ApplicationContext.log Manager: init: Global resources are available
23-Mar-2024 20:24:56.495 INFO [http-nio-8080-exec-1] org.apache.catalina.core.ApplicationContext.log Manager: deploy: Deploying web application '/codecraft'
23-Mar-2024 20:24:56.495 INFO [http-nio-8080-exec-1] org.apache.catalina.core.ApplicationContext.log Manager: Uploading WAR file to /Users/tolymbeknurtai/Desktop/package/apache-tomcat-10.1.19/webapps/codecraft.war.tmp
23-Mar-2024 20:26:47.541 INFO [http-nio-8080-exec-13] org.apache.catalina.core.ApplicationContext.log Manager: deploy: Deploying web application '/codecraft'
23-Mar-2024 20:26:47.541 INFO [http-nio-8080-exec-13] org.apache.catalina.core.ApplicationContext.log Manager: Uploading WAR file to /Users/tolymbeknurtai/Desktop/package/apache-tomcat-10.1.19/webapps/codecraft.war.tmp
