16-Mar-2024 11:21:46.051 INFO [http-nio-8080-exec-7] org.apache.catalina.core.ApplicationContext.log Manager: deploy: Deploying web application '/ccode'
16-Mar-2024 11:21:46.052 INFO [http-nio-8080-exec-7] org.apache.catalina.core.ApplicationContext.log Manager: Uploading WAR file to /Users/tolymbeknurtai/Desktop/package/apache-tomcat-10.1.19/webapps/ccode.war.tmp
16-Mar-2024 11:24:27.669 INFO [http-nio-8080-exec-13] org.apache.catalina.core.ApplicationContext.log Manager: deploy: Deploying web application '/ccode'
16-Mar-2024 11:24:27.669 INFO [http-nio-8080-exec-13] org.apache.catalina.core.ApplicationContext.log Manager: Uploading WAR file to /Users/tolymbeknurtai/Desktop/package/apache-tomcat-10.1.19/webapps/ccode.war.tmp
16-Mar-2024 14:20:22.107 INFO [http-nio-8080-exec-1] org.apache.catalina.core.ApplicationContext.log Manager: init: Associated with Deployer 'Catalina:type=Deployer,host=localhost'
16-Mar-2024 14:20:22.107 INFO [http-nio-8080-exec-1] org.apache.catalina.core.ApplicationContext.log Manager: init: Global resources are available
16-Mar-2024 14:20:22.110 INFO [http-nio-8080-exec-1] org.apache.catalina.core.ApplicationContext.log Manager: deploy: Deploying web application '/ccode'
16-Mar-2024 14:20:22.110 INFO [http-nio-8080-exec-1] org.apache.catalina.core.ApplicationContext.log Manager: Uploading WAR file to /Users/tolymbeknurtai/Desktop/package/apache-tomcat-10.1.19/webapps/ccode.war.tmp
16-Mar-2024 14:21:36.034 INFO [http-nio-8080-exec-11] org.apache.catalina.core.ApplicationContext.log Manager: deploy: Deploying web application '/ccode'
16-Mar-2024 14:21:36.034 INFO [http-nio-8080-exec-11] org.apache.catalina.core.ApplicationContext.log Manager: Uploading WAR file to /Users/tolymbeknurtai/Desktop/package/apache-tomcat-10.1.19/webapps/ccode.war.tmp
16-Mar-2024 14:22:33.909 INFO [http-nio-8080-exec-7] org.apache.catalina.core.ApplicationContext.log HTMLManager: init: Associated with Deployer 'Catalina:type=Deployer,host=localhost'
16-Mar-2024 14:22:33.910 INFO [http-nio-8080-exec-7] org.apache.catalina.core.ApplicationContext.log HTMLManager: init: Global resources are available
16-Mar-2024 14:22:33.914 INFO [http-nio-8080-exec-7] org.apache.catalina.core.ApplicationContext.log HTMLManager: list: Listing contexts for virtual host 'localhost'
16-Mar-2024 14:25:53.678 INFO [http-nio-8080-exec-19] org.apache.catalina.core.ApplicationContext.log HTMLManager: undeploy: Undeploying web application at '/ccode'
16-Mar-2024 14:25:53.700 INFO [http-nio-8080-exec-19] org.apache.catalina.core.ApplicationContext.log HTMLManager: list: Listing contexts for virtual host 'localhost'
16-Mar-2024 14:26:17.841 INFO [http-nio-8080-exec-18] org.apache.catalina.core.ApplicationContext.log Manager: deploy: Deploying web application '/ccode'
16-Mar-2024 14:26:17.841 INFO [http-nio-8080-exec-18] org.apache.catalina.core.ApplicationContext.log Manager: Uploading WAR file to /Users/tolymbeknurtai/Desktop/package/apache-tomcat-10.1.19/webapps/ccode.war
16-Mar-2024 14:26:24.924 INFO [http-nio-8080-exec-13] org.apache.catalina.core.ApplicationContext.log HTMLManager: undeploy: Undeploying web application at '/ccode'
16-Mar-2024 14:26:24.941 INFO [http-nio-8080-exec-13] org.apache.catalina.core.ApplicationContext.log HTMLManager: list: Listing contexts for virtual host 'localhost'
16-Mar-2024 14:26:28.332 INFO [http-nio-8080-exec-25] org.apache.catalina.core.ApplicationContext.log HTMLManager: undeploy: Undeploying web application at '/ccode'
16-Mar-2024 14:26:28.333 INFO [http-nio-8080-exec-25] org.apache.catalina.core.ApplicationContext.log HTMLManager: list: Listing contexts for virtual host 'localhost'
16-Mar-2024 14:26:42.431 INFO [http-nio-8080-exec-17] org.apache.catalina.core.ApplicationContext.log HTMLManager: list: Listing contexts for virtual host 'localhost'
16-Mar-2024 14:26:47.838 INFO [http-nio-8080-exec-21] org.apache.catalina.core.ApplicationContext.log HTMLManager: list: Listing contexts for virtual host 'localhost'
16-Mar-2024 14:26:54.975 INFO [http-nio-8080-exec-24] org.apache.catalina.core.ApplicationContext.log Manager: deploy: Deploying web application '/ccode'
16-Mar-2024 14:26:54.975 INFO [http-nio-8080-exec-24] org.apache.catalina.core.ApplicationContext.log Manager: Uploading WAR file to /Users/tolymbeknurtai/Desktop/package/apache-tomcat-10.1.19/webapps/ccode.war
16-Mar-2024 14:27:11.292 INFO [http-nio-8080-exec-1] org.apache.catalina.core.ApplicationContext.log HTMLManager: init: Associated with Deployer 'Catalina:type=Deployer,host=localhost'
16-Mar-2024 14:27:11.292 INFO [http-nio-8080-exec-1] org.apache.catalina.core.ApplicationContext.log HTMLManager: init: Global resources are available
16-Mar-2024 14:27:11.302 INFO [http-nio-8080-exec-1] org.apache.catalina.core.ApplicationContext.log HTMLManager: list: Listing contexts for virtual host 'localhost'
16-Mar-2024 14:27:28.652 INFO [http-nio-8080-exec-4] org.apache.catalina.core.ApplicationContext.log HTMLManager: list: Listing contexts for virtual host 'localhost'
16-Mar-2024 14:27:29.524 INFO [http-nio-8080-exec-6] org.apache.catalina.core.ApplicationContext.log HTMLManager: list: Listing contexts for virtual host 'localhost'
16-Mar-2024 14:27:30.198 INFO [http-nio-8080-exec-8] org.apache.catalina.core.ApplicationContext.log HTMLManager: list: Listing contexts for virtual host 'localhost'
16-Mar-2024 14:27:30.871 INFO [http-nio-8080-exec-10] org.apache.catalina.core.ApplicationContext.log HTMLManager: list: Listing contexts for virtual host 'localhost'
16-Mar-2024 14:30:13.366 INFO [http-nio-8080-exec-3] org.apache.catalina.core.ApplicationContext.log Manager: init: Associated with Deployer 'Catalina:type=Deployer,host=localhost'
16-Mar-2024 14:30:13.366 INFO [http-nio-8080-exec-3] org.apache.catalina.core.ApplicationContext.log Manager: init: Global resources are available
16-Mar-2024 14:30:13.368 INFO [http-nio-8080-exec-3] org.apache.catalina.core.ApplicationContext.log Manager: deploy: Deploying web application '/ccode'
16-Mar-2024 14:34:21.177 INFO [http-nio-8080-exec-6] org.apache.catalina.core.ApplicationContext.log Manager: init: Associated with Deployer 'Catalina:type=Deployer,host=localhost'
16-Mar-2024 14:34:21.177 INFO [http-nio-8080-exec-6] org.apache.catalina.core.ApplicationContext.log Manager: init: Global resources are available
16-Mar-2024 14:34:21.178 INFO [http-nio-8080-exec-6] org.apache.catalina.core.ApplicationContext.log Manager: undeploy: Undeploying web application at '/ccode'
16-Mar-2024 14:36:15.256 INFO [http-nio-8080-exec-11] org.apache.catalina.core.ApplicationContext.log Manager: deploy: Deploying web application '/ccode'
16-Mar-2024 14:36:15.256 INFO [http-nio-8080-exec-11] org.apache.catalina.core.ApplicationContext.log Manager: Uploading WAR file to /Users/tolymbeknurtai/Desktop/package/apache-tomcat-10.1.19/webapps/ccode.war
16-Mar-2024 14:36:57.563 INFO [http-nio-8080-exec-2] org.apache.catalina.core.ApplicationContext.log HTMLManager: init: Associated with Deployer 'Catalina:type=Deployer,host=localhost'
16-Mar-2024 14:36:57.563 INFO [http-nio-8080-exec-2] org.apache.catalina.core.ApplicationContext.log HTMLManager: init: Global resources are available
16-Mar-2024 14:36:57.569 INFO [http-nio-8080-exec-2] org.apache.catalina.core.ApplicationContext.log HTMLManager: list: Listing contexts for virtual host 'localhost'
16-Mar-2024 14:37:15.874 INFO [http-nio-8080-exec-3] org.apache.catalina.core.ApplicationContext.log HTMLManager: start: Starting web application '/ccode'
16-Mar-2024 14:37:15.914 SEVERE [http-nio-8080-exec-3] org.apache.catalina.core.ApplicationContext.log HTMLManager: Error starting [/ccode]
	org.apache.catalina.LifecycleException: Failed to start component [StandardEngine[Catalina].StandardHost[localhost].StandardContext[/ccode]]
		at org.apache.catalina.util.LifecycleBase.handleSubClassException(LifecycleBase.java:419)
		at org.apache.catalina.util.LifecycleBase.start(LifecycleBase.java:186)
		at org.apache.catalina.manager.ManagerServlet.start(ManagerServlet.java:1315)
		at org.apache.catalina.manager.HTMLManagerServlet.start(HTMLManagerServlet.java:656)
		at org.apache.catalina.manager.HTMLManagerServlet.doPost(HTMLManagerServlet.java:205)
		at jakarta.servlet.http.HttpServlet.service(HttpServlet.java:590)
		at jakarta.servlet.http.HttpServlet.service(HttpServlet.java:658)
		at org.apache.catalina.core.ApplicationFilterChain.internalDoFilter(ApplicationFilterChain.java:205)
		at org.apache.catalina.core.ApplicationFilterChain.doFilter(ApplicationFilterChain.java:149)
		at org.apache.catalina.filters.CsrfPreventionFilter.doFilter(CsrfPreventionFilter.java:447)
		at org.apache.catalina.core.ApplicationFilterChain.internalDoFilter(ApplicationFilterChain.java:174)
		at org.apache.catalina.core.ApplicationFilterChain.doFilter(ApplicationFilterChain.java:149)
		at org.apache.tomcat.websocket.server.WsFilter.doFilter(WsFilter.java:51)
		at org.apache.catalina.core.ApplicationFilterChain.internalDoFilter(ApplicationFilterChain.java:174)
		at org.apache.catalina.core.ApplicationFilterChain.doFilter(ApplicationFilterChain.java:149)
		at org.apache.catalina.filters.HttpHeaderSecurityFilter.doFilter(HttpHeaderSecurityFilter.java:129)
		at org.apache.catalina.core.ApplicationFilterChain.internalDoFilter(ApplicationFilterChain.java:174)
		at org.apache.catalina.core.ApplicationFilterChain.doFilter(ApplicationFilterChain.java:149)
		at org.apache.catalina.core.StandardWrapperValve.invoke(StandardWrapperValve.java:167)
		at org.apache.catalina.core.StandardContextValve.invoke(StandardContextValve.java:90)
		at org.apache.catalina.authenticator.AuthenticatorBase.invoke(AuthenticatorBase.java:597)
		at org.apache.catalina.valves.RequestFilterValve.process(RequestFilterValve.java:355)
		at org.apache.catalina.valves.RemoteAddrValve.invoke(RemoteAddrValve.java:54)
		at org.apache.catalina.valves.RequestFilterValve.process(RequestFilterValve.java:355)
		at org.apache.catalina.valves.RemoteAddrValve.invoke(RemoteAddrValve.java:54)
		at org.apache.catalina.core.StandardHostValve.invoke(StandardHostValve.java:115)
		at org.apache.catalina.valves.ErrorReportValve.invoke(ErrorReportValve.java:93)
		at org.apache.catalina.valves.AbstractAccessLogValve.invoke(AbstractAccessLogValve.java:673)
		at org.apache.catalina.core.StandardEngineValve.invoke(StandardEngineValve.java:74)
		at org.apache.catalina.connector.CoyoteAdapter.service(CoyoteAdapter.java:344)
		at org.apache.coyote.http11.Http11Processor.service(Http11Processor.java:391)
		at org.apache.coyote.AbstractProcessorLight.process(AbstractProcessorLight.java:63)
		at org.apache.coyote.AbstractProtocol$ConnectionHandler.process(AbstractProtocol.java:896)
		at org.apache.tomcat.util.net.NioEndpoint$SocketProcessor.doRun(NioEndpoint.java:1744)
		at org.apache.tomcat.util.net.SocketProcessorBase.run(SocketProcessorBase.java:52)
		at org.apache.tomcat.util.threads.ThreadPoolExecutor.runWorker(ThreadPoolExecutor.java:1191)
		at org.apache.tomcat.util.threads.ThreadPoolExecutor$Worker.run(ThreadPoolExecutor.java:659)
		at org.apache.tomcat.util.threads.TaskThread$WrappingRunnable.run(TaskThread.java:63)
		at java.base/java.lang.Thread.run(Thread.java:1583)
	Caused by: java.lang.IllegalArgumentException: Invalid <url-pattern> [api/questions] in servlet mapping
		at org.apache.catalina.core.StandardContext.addServletMappingDecoded(StandardContext.java:3075)
		at org.apache.catalina.Context.addServletMappingDecoded(Context.java:944)
		at org.apache.catalina.startup.ContextConfig.configureContext(ContextConfig.java:1500)
		at org.apache.catalina.startup.ContextConfig.webConfig(ContextConfig.java:1287)
		at org.apache.catalina.startup.ContextConfig.configureStart(ContextConfig.java:961)
		at org.apache.catalina.startup.ContextConfig.lifecycleEvent(ContextConfig.java:290)
		at org.apache.catalina.util.LifecycleBase.fireLifecycleEvent(LifecycleBase.java:114)
		at org.apache.catalina.core.StandardContext.startInternal(StandardContext.java:4782)
		at org.apache.catalina.util.LifecycleBase.start(LifecycleBase.java:171)
		... 37 more
16-Mar-2024 14:37:15.915 INFO [http-nio-8080-exec-3] org.apache.catalina.core.ApplicationContext.log HTMLManager: list: Listing contexts for virtual host 'localhost'
16-Mar-2024 14:37:19.367 INFO [http-nio-8080-exec-4] org.apache.catalina.core.ApplicationContext.log HTMLManager: start: Starting web application '/ccode'
16-Mar-2024 14:37:19.394 SEVERE [http-nio-8080-exec-4] org.apache.catalina.core.ApplicationContext.log HTMLManager: Error starting [/ccode]
	org.apache.catalina.LifecycleException: Failed to start component [StandardEngine[Catalina].StandardHost[localhost].StandardContext[/ccode]]
		at org.apache.catalina.util.LifecycleBase.handleSubClassException(LifecycleBase.java:419)
		at org.apache.catalina.util.LifecycleBase.start(LifecycleBase.java:186)
		at org.apache.catalina.manager.ManagerServlet.start(ManagerServlet.java:1315)
		at org.apache.catalina.manager.HTMLManagerServlet.start(HTMLManagerServlet.java:656)
		at org.apache.catalina.manager.HTMLManagerServlet.doPost(HTMLManagerServlet.java:205)
		at jakarta.servlet.http.HttpServlet.service(HttpServlet.java:590)
		at jakarta.servlet.http.HttpServlet.service(HttpServlet.java:658)
		at org.apache.catalina.core.ApplicationFilterChain.internalDoFilter(ApplicationFilterChain.java:205)
		at org.apache.catalina.core.ApplicationFilterChain.doFilter(ApplicationFilterChain.java:149)
		at org.apache.catalina.filters.CsrfPreventionFilter.doFilter(CsrfPreventionFilter.java:447)
		at org.apache.catalina.core.ApplicationFilterChain.internalDoFilter(ApplicationFilterChain.java:174)
		at org.apache.catalina.core.ApplicationFilterChain.doFilter(ApplicationFilterChain.java:149)
		at org.apache.tomcat.websocket.server.WsFilter.doFilter(WsFilter.java:51)
		at org.apache.catalina.core.ApplicationFilterChain.internalDoFilter(ApplicationFilterChain.java:174)
		at org.apache.catalina.core.ApplicationFilterChain.doFilter(ApplicationFilterChain.java:149)
		at org.apache.catalina.filters.HttpHeaderSecurityFilter.doFilter(HttpHeaderSecurityFilter.java:129)
		at org.apache.catalina.core.ApplicationFilterChain.internalDoFilter(ApplicationFilterChain.java:174)
		at org.apache.catalina.core.ApplicationFilterChain.doFilter(ApplicationFilterChain.java:149)
		at org.apache.catalina.core.StandardWrapperValve.invoke(StandardWrapperValve.java:167)
		at org.apache.catalina.core.StandardContextValve.invoke(StandardContextValve.java:90)
		at org.apache.catalina.authenticator.AuthenticatorBase.invoke(AuthenticatorBase.java:597)
		at org.apache.catalina.valves.RequestFilterValve.process(RequestFilterValve.java:355)
		at org.apache.catalina.valves.RemoteAddrValve.invoke(RemoteAddrValve.java:54)
		at org.apache.catalina.valves.RequestFilterValve.process(RequestFilterValve.java:355)
		at org.apache.catalina.valves.RemoteAddrValve.invoke(RemoteAddrValve.java:54)
		at org.apache.catalina.core.StandardHostValve.invoke(StandardHostValve.java:115)
		at org.apache.catalina.valves.ErrorReportValve.invoke(ErrorReportValve.java:93)
		at org.apache.catalina.valves.AbstractAccessLogValve.invoke(AbstractAccessLogValve.java:673)
		at org.apache.catalina.core.StandardEngineValve.invoke(StandardEngineValve.java:74)
		at org.apache.catalina.connector.CoyoteAdapter.service(CoyoteAdapter.java:344)
		at org.apache.coyote.http11.Http11Processor.service(Http11Processor.java:391)
		at org.apache.coyote.AbstractProcessorLight.process(AbstractProcessorLight.java:63)
		at org.apache.coyote.AbstractProtocol$ConnectionHandler.process(AbstractProtocol.java:896)
		at org.apache.tomcat.util.net.NioEndpoint$SocketProcessor.doRun(NioEndpoint.java:1744)
		at org.apache.tomcat.util.net.SocketProcessorBase.run(SocketProcessorBase.java:52)
		at org.apache.tomcat.util.threads.ThreadPoolExecutor.runWorker(ThreadPoolExecutor.java:1191)
		at org.apache.tomcat.util.threads.ThreadPoolExecutor$Worker.run(ThreadPoolExecutor.java:659)
		at org.apache.tomcat.util.threads.TaskThread$WrappingRunnable.run(TaskThread.java:63)
		at java.base/java.lang.Thread.run(Thread.java:1583)
	Caused by: java.lang.IllegalArgumentException: Invalid <url-pattern> [api/questions] in servlet mapping
		at org.apache.catalina.core.StandardContext.addServletMappingDecoded(StandardContext.java:3075)
		at org.apache.catalina.Context.addServletMappingDecoded(Context.java:944)
		at org.apache.catalina.startup.ContextConfig.configureContext(ContextConfig.java:1500)
		at org.apache.catalina.startup.ContextConfig.webConfig(ContextConfig.java:1287)
		at org.apache.catalina.startup.ContextConfig.configureStart(ContextConfig.java:961)
		at org.apache.catalina.startup.ContextConfig.lifecycleEvent(ContextConfig.java:290)
		at org.apache.catalina.util.LifecycleBase.fireLifecycleEvent(LifecycleBase.java:114)
		at org.apache.catalina.core.StandardContext.startInternal(StandardContext.java:4782)
		at org.apache.catalina.util.LifecycleBase.start(LifecycleBase.java:171)
		... 37 more
16-Mar-2024 14:37:19.394 INFO [http-nio-8080-exec-4] org.apache.catalina.core.ApplicationContext.log HTMLManager: list: Listing contexts for virtual host 'localhost'
16-Mar-2024 14:37:39.599 INFO [http-nio-8080-exec-2] org.apache.catalina.core.ApplicationContext.log HTMLManager: start: Starting web application '/ccode'
16-Mar-2024 14:37:39.624 SEVERE [http-nio-8080-exec-2] org.apache.catalina.core.ApplicationContext.log HTMLManager: Error starting [/ccode]
	org.apache.catalina.LifecycleException: Failed to start component [StandardEngine[Catalina].StandardHost[localhost].StandardContext[/ccode]]
		at org.apache.catalina.util.LifecycleBase.handleSubClassException(LifecycleBase.java:419)
		at org.apache.catalina.util.LifecycleBase.start(LifecycleBase.java:186)
		at org.apache.catalina.manager.ManagerServlet.start(ManagerServlet.java:1315)
		at org.apache.catalina.manager.HTMLManagerServlet.start(HTMLManagerServlet.java:656)
		at org.apache.catalina.manager.HTMLManagerServlet.doPost(HTMLManagerServlet.java:205)
		at jakarta.servlet.http.HttpServlet.service(HttpServlet.java:590)
		at jakarta.servlet.http.HttpServlet.service(HttpServlet.java:658)
		at org.apache.catalina.core.ApplicationFilterChain.internalDoFilter(ApplicationFilterChain.java:205)
		at org.apache.catalina.core.ApplicationFilterChain.doFilter(ApplicationFilterChain.java:149)
		at org.apache.catalina.filters.CsrfPreventionFilter.doFilter(CsrfPreventionFilter.java:447)
		at org.apache.catalina.core.ApplicationFilterChain.internalDoFilter(ApplicationFilterChain.java:174)
		at org.apache.catalina.core.ApplicationFilterChain.doFilter(ApplicationFilterChain.java:149)
		at org.apache.tomcat.websocket.server.WsFilter.doFilter(WsFilter.java:51)
		at org.apache.catalina.core.ApplicationFilterChain.internalDoFilter(ApplicationFilterChain.java:174)
		at org.apache.catalina.core.ApplicationFilterChain.doFilter(ApplicationFilterChain.java:149)
		at org.apache.catalina.filters.HttpHeaderSecurityFilter.doFilter(HttpHeaderSecurityFilter.java:129)
		at org.apache.catalina.core.ApplicationFilterChain.internalDoFilter(ApplicationFilterChain.java:174)
		at org.apache.catalina.core.ApplicationFilterChain.doFilter(ApplicationFilterChain.java:149)
		at org.apache.catalina.core.StandardWrapperValve.invoke(StandardWrapperValve.java:167)
		at org.apache.catalina.core.StandardContextValve.invoke(StandardContextValve.java:90)
		at org.apache.catalina.authenticator.AuthenticatorBase.invoke(AuthenticatorBase.java:597)
		at org.apache.catalina.valves.RequestFilterValve.process(RequestFilterValve.java:355)
		at org.apache.catalina.valves.RemoteAddrValve.invoke(RemoteAddrValve.java:54)
		at org.apache.catalina.valves.RequestFilterValve.process(RequestFilterValve.java:355)
		at org.apache.catalina.valves.RemoteAddrValve.invoke(RemoteAddrValve.java:54)
		at org.apache.catalina.core.StandardHostValve.invoke(StandardHostValve.java:115)
		at org.apache.catalina.valves.ErrorReportValve.invoke(ErrorReportValve.java:93)
		at org.apache.catalina.valves.AbstractAccessLogValve.invoke(AbstractAccessLogValve.java:673)
		at org.apache.catalina.core.StandardEngineValve.invoke(StandardEngineValve.java:74)
		at org.apache.catalina.connector.CoyoteAdapter.service(CoyoteAdapter.java:344)
		at org.apache.coyote.http11.Http11Processor.service(Http11Processor.java:391)
		at org.apache.coyote.AbstractProcessorLight.process(AbstractProcessorLight.java:63)
		at org.apache.coyote.AbstractProtocol$ConnectionHandler.process(AbstractProtocol.java:896)
		at org.apache.tomcat.util.net.NioEndpoint$SocketProcessor.doRun(NioEndpoint.java:1744)
		at org.apache.tomcat.util.net.SocketProcessorBase.run(SocketProcessorBase.java:52)
		at org.apache.tomcat.util.threads.ThreadPoolExecutor.runWorker(ThreadPoolExecutor.java:1191)
		at org.apache.tomcat.util.threads.ThreadPoolExecutor$Worker.run(ThreadPoolExecutor.java:659)
		at org.apache.tomcat.util.threads.TaskThread$WrappingRunnable.run(TaskThread.java:63)
		at java.base/java.lang.Thread.run(Thread.java:1583)
	Caused by: java.lang.IllegalArgumentException: Invalid <url-pattern> [api/questions] in servlet mapping
		at org.apache.catalina.core.StandardContext.addServletMappingDecoded(StandardContext.java:3075)
		at org.apache.catalina.Context.addServletMappingDecoded(Context.java:944)
		at org.apache.catalina.startup.ContextConfig.configureContext(ContextConfig.java:1500)
		at org.apache.catalina.startup.ContextConfig.webConfig(ContextConfig.java:1287)
		at org.apache.catalina.startup.ContextConfig.configureStart(ContextConfig.java:961)
		at org.apache.catalina.startup.ContextConfig.lifecycleEvent(ContextConfig.java:290)
		at org.apache.catalina.util.LifecycleBase.fireLifecycleEvent(LifecycleBase.java:114)
		at org.apache.catalina.core.StandardContext.startInternal(StandardContext.java:4782)
		at org.apache.catalina.util.LifecycleBase.start(LifecycleBase.java:171)
		... 37 more
16-Mar-2024 14:37:39.624 INFO [http-nio-8080-exec-2] org.apache.catalina.core.ApplicationContext.log HTMLManager: list: Listing contexts for virtual host 'localhost'
16-Mar-2024 14:44:35.286 INFO [http-nio-8080-exec-15] org.apache.catalina.core.ApplicationContext.log HTMLManager: start: Starting web application '/ccode'
16-Mar-2024 14:44:35.324 SEVERE [http-nio-8080-exec-15] org.apache.catalina.core.ApplicationContext.log HTMLManager: Error starting [/ccode]
	org.apache.catalina.LifecycleException: Failed to start component [StandardEngine[Catalina].StandardHost[localhost].StandardContext[/ccode]]
		at org.apache.catalina.util.LifecycleBase.handleSubClassException(LifecycleBase.java:419)
		at org.apache.catalina.util.LifecycleBase.start(LifecycleBase.java:186)
		at org.apache.catalina.manager.ManagerServlet.start(ManagerServlet.java:1315)
		at org.apache.catalina.manager.HTMLManagerServlet.start(HTMLManagerServlet.java:656)
		at org.apache.catalina.manager.HTMLManagerServlet.doPost(HTMLManagerServlet.java:205)
		at jakarta.servlet.http.HttpServlet.service(HttpServlet.java:590)
		at jakarta.servlet.http.HttpServlet.service(HttpServlet.java:658)
		at org.apache.catalina.core.ApplicationFilterChain.internalDoFilter(ApplicationFilterChain.java:205)
		at org.apache.catalina.core.ApplicationFilterChain.doFilter(ApplicationFilterChain.java:149)
		at org.apache.catalina.filters.CsrfPreventionFilter.doFilter(CsrfPreventionFilter.java:447)
		at org.apache.catalina.core.ApplicationFilterChain.internalDoFilter(ApplicationFilterChain.java:174)
		at org.apache.catalina.core.ApplicationFilterChain.doFilter(ApplicationFilterChain.java:149)
		at org.apache.tomcat.websocket.server.WsFilter.doFilter(WsFilter.java:51)
		at org.apache.catalina.core.ApplicationFilterChain.internalDoFilter(ApplicationFilterChain.java:174)
		at org.apache.catalina.core.ApplicationFilterChain.doFilter(ApplicationFilterChain.java:149)
		at org.apache.catalina.filters.HttpHeaderSecurityFilter.doFilter(HttpHeaderSecurityFilter.java:129)
		at org.apache.catalina.core.ApplicationFilterChain.internalDoFilter(ApplicationFilterChain.java:174)
		at org.apache.catalina.core.ApplicationFilterChain.doFilter(ApplicationFilterChain.java:149)
		at org.apache.catalina.core.StandardWrapperValve.invoke(StandardWrapperValve.java:167)
		at org.apache.catalina.core.StandardContextValve.invoke(StandardContextValve.java:90)
		at org.apache.catalina.authenticator.AuthenticatorBase.invoke(AuthenticatorBase.java:597)
		at org.apache.catalina.valves.RequestFilterValve.process(RequestFilterValve.java:355)
		at org.apache.catalina.valves.RemoteAddrValve.invoke(RemoteAddrValve.java:54)
		at org.apache.catalina.valves.RequestFilterValve.process(RequestFilterValve.java:355)
		at org.apache.catalina.valves.RemoteAddrValve.invoke(RemoteAddrValve.java:54)
		at org.apache.catalina.core.StandardHostValve.invoke(StandardHostValve.java:115)
		at org.apache.catalina.valves.ErrorReportValve.invoke(ErrorReportValve.java:93)
		at org.apache.catalina.valves.AbstractAccessLogValve.invoke(AbstractAccessLogValve.java:673)
		at org.apache.catalina.core.StandardEngineValve.invoke(StandardEngineValve.java:74)
		at org.apache.catalina.connector.CoyoteAdapter.service(CoyoteAdapter.java:344)
		at org.apache.coyote.http11.Http11Processor.service(Http11Processor.java:391)
		at org.apache.coyote.AbstractProcessorLight.process(AbstractProcessorLight.java:63)
		at org.apache.coyote.AbstractProtocol$ConnectionHandler.process(AbstractProtocol.java:896)
		at org.apache.tomcat.util.net.NioEndpoint$SocketProcessor.doRun(NioEndpoint.java:1744)
		at org.apache.tomcat.util.net.SocketProcessorBase.run(SocketProcessorBase.java:52)
		at org.apache.tomcat.util.threads.ThreadPoolExecutor.runWorker(ThreadPoolExecutor.java:1191)
		at org.apache.tomcat.util.threads.ThreadPoolExecutor$Worker.run(ThreadPoolExecutor.java:659)
		at org.apache.tomcat.util.threads.TaskThread$WrappingRunnable.run(TaskThread.java:63)
		at java.base/java.lang.Thread.run(Thread.java:1583)
	Caused by: java.lang.IllegalArgumentException: Invalid <url-pattern> [api/questions] in servlet mapping
		at org.apache.catalina.core.StandardContext.addServletMappingDecoded(StandardContext.java:3075)
		at org.apache.catalina.Context.addServletMappingDecoded(Context.java:944)
		at org.apache.catalina.startup.ContextConfig.configureContext(ContextConfig.java:1500)
		at org.apache.catalina.startup.ContextConfig.webConfig(ContextConfig.java:1287)
		at org.apache.catalina.startup.ContextConfig.configureStart(ContextConfig.java:961)
		at org.apache.catalina.startup.ContextConfig.lifecycleEvent(ContextConfig.java:290)
		at org.apache.catalina.util.LifecycleBase.fireLifecycleEvent(LifecycleBase.java:114)
		at org.apache.catalina.core.StandardContext.startInternal(StandardContext.java:4782)
		at org.apache.catalina.util.LifecycleBase.start(LifecycleBase.java:171)
		... 37 more
16-Mar-2024 14:44:35.324 INFO [http-nio-8080-exec-15] org.apache.catalina.core.ApplicationContext.log HTMLManager: list: Listing contexts for virtual host 'localhost'
16-Mar-2024 14:44:43.053 INFO [http-nio-8080-exec-19] org.apache.catalina.core.ApplicationContext.log HTMLManager: start: Starting web application '/ccode'
16-Mar-2024 14:44:43.077 SEVERE [http-nio-8080-exec-19] org.apache.catalina.core.ApplicationContext.log HTMLManager: Error starting [/ccode]
	org.apache.catalina.LifecycleException: Failed to start component [StandardEngine[Catalina].StandardHost[localhost].StandardContext[/ccode]]
		at org.apache.catalina.util.LifecycleBase.handleSubClassException(LifecycleBase.java:419)
		at org.apache.catalina.util.LifecycleBase.start(LifecycleBase.java:186)
		at org.apache.catalina.manager.ManagerServlet.start(ManagerServlet.java:1315)
		at org.apache.catalina.manager.HTMLManagerServlet.start(HTMLManagerServlet.java:656)
		at org.apache.catalina.manager.HTMLManagerServlet.doPost(HTMLManagerServlet.java:205)
		at jakarta.servlet.http.HttpServlet.service(HttpServlet.java:590)
		at jakarta.servlet.http.HttpServlet.service(HttpServlet.java:658)
		at org.apache.catalina.core.ApplicationFilterChain.internalDoFilter(ApplicationFilterChain.java:205)
		at org.apache.catalina.core.ApplicationFilterChain.doFilter(ApplicationFilterChain.java:149)
		at org.apache.catalina.filters.CsrfPreventionFilter.doFilter(CsrfPreventionFilter.java:447)
		at org.apache.catalina.core.ApplicationFilterChain.internalDoFilter(ApplicationFilterChain.java:174)
		at org.apache.catalina.core.ApplicationFilterChain.doFilter(ApplicationFilterChain.java:149)
		at org.apache.tomcat.websocket.server.WsFilter.doFilter(WsFilter.java:51)
		at org.apache.catalina.core.ApplicationFilterChain.internalDoFilter(ApplicationFilterChain.java:174)
		at org.apache.catalina.core.ApplicationFilterChain.doFilter(ApplicationFilterChain.java:149)
		at org.apache.catalina.filters.HttpHeaderSecurityFilter.doFilter(HttpHeaderSecurityFilter.java:129)
		at org.apache.catalina.core.ApplicationFilterChain.internalDoFilter(ApplicationFilterChain.java:174)
		at org.apache.catalina.core.ApplicationFilterChain.doFilter(ApplicationFilterChain.java:149)
		at org.apache.catalina.core.StandardWrapperValve.invoke(StandardWrapperValve.java:167)
		at org.apache.catalina.core.StandardContextValve.invoke(StandardContextValve.java:90)
		at org.apache.catalina.authenticator.AuthenticatorBase.invoke(AuthenticatorBase.java:597)
		at org.apache.catalina.valves.RequestFilterValve.process(RequestFilterValve.java:355)
		at org.apache.catalina.valves.RemoteAddrValve.invoke(RemoteAddrValve.java:54)
		at org.apache.catalina.valves.RequestFilterValve.process(RequestFilterValve.java:355)
		at org.apache.catalina.valves.RemoteAddrValve.invoke(RemoteAddrValve.java:54)
		at org.apache.catalina.core.StandardHostValve.invoke(StandardHostValve.java:115)
		at org.apache.catalina.valves.ErrorReportValve.invoke(ErrorReportValve.java:93)
		at org.apache.catalina.valves.AbstractAccessLogValve.invoke(AbstractAccessLogValve.java:673)
		at org.apache.catalina.core.StandardEngineValve.invoke(StandardEngineValve.java:74)
		at org.apache.catalina.connector.CoyoteAdapter.service(CoyoteAdapter.java:344)
		at org.apache.coyote.http11.Http11Processor.service(Http11Processor.java:391)
		at org.apache.coyote.AbstractProcessorLight.process(AbstractProcessorLight.java:63)
		at org.apache.coyote.AbstractProtocol$ConnectionHandler.process(AbstractProtocol.java:896)
		at org.apache.tomcat.util.net.NioEndpoint$SocketProcessor.doRun(NioEndpoint.java:1744)
		at org.apache.tomcat.util.net.SocketProcessorBase.run(SocketProcessorBase.java:52)
		at org.apache.tomcat.util.threads.ThreadPoolExecutor.runWorker(ThreadPoolExecutor.java:1191)
		at org.apache.tomcat.util.threads.ThreadPoolExecutor$Worker.run(ThreadPoolExecutor.java:659)
		at org.apache.tomcat.util.threads.TaskThread$WrappingRunnable.run(TaskThread.java:63)
		at java.base/java.lang.Thread.run(Thread.java:1583)
	Caused by: java.lang.IllegalArgumentException: Invalid <url-pattern> [api/questions] in servlet mapping
		at org.apache.catalina.core.StandardContext.addServletMappingDecoded(StandardContext.java:3075)
		at org.apache.catalina.Context.addServletMappingDecoded(Context.java:944)
		at org.apache.catalina.startup.ContextConfig.configureContext(ContextConfig.java:1500)
		at org.apache.catalina.startup.ContextConfig.webConfig(ContextConfig.java:1287)
		at org.apache.catalina.startup.ContextConfig.configureStart(ContextConfig.java:961)
		at org.apache.catalina.startup.ContextConfig.lifecycleEvent(ContextConfig.java:290)
		at org.apache.catalina.util.LifecycleBase.fireLifecycleEvent(LifecycleBase.java:114)
		at org.apache.catalina.core.StandardContext.startInternal(StandardContext.java:4782)
		at org.apache.catalina.util.LifecycleBase.start(LifecycleBase.java:171)
		... 37 more
16-Mar-2024 14:44:43.078 INFO [http-nio-8080-exec-19] org.apache.catalina.core.ApplicationContext.log HTMLManager: list: Listing contexts for virtual host 'localhost'
16-Mar-2024 14:48:10.770 INFO [http-nio-8080-exec-23] org.apache.catalina.core.ApplicationContext.log Manager: init: Associated with Deployer 'Catalina:type=Deployer,host=localhost'
16-Mar-2024 14:48:10.770 INFO [http-nio-8080-exec-23] org.apache.catalina.core.ApplicationContext.log Manager: init: Global resources are available
16-Mar-2024 14:48:10.772 INFO [http-nio-8080-exec-23] org.apache.catalina.core.ApplicationContext.log Manager: deploy: Deploying web application '/ccode'
16-Mar-2024 14:48:10.773 INFO [http-nio-8080-exec-23] org.apache.catalina.core.ApplicationContext.log Manager: Uploading WAR file to /Users/tolymbeknurtai/Desktop/package/apache-tomcat-10.1.19/webapps/ccode.war.tmp
16-Mar-2024 14:48:19.076 INFO [http-nio-8080-exec-18] org.apache.catalina.core.ApplicationContext.log HTMLManager: start: Starting web application '/ccode'
16-Mar-2024 14:48:19.077 INFO [http-nio-8080-exec-18] org.apache.catalina.core.ApplicationContext.log HTMLManager: list: Listing contexts for virtual host 'localhost'
16-Mar-2024 16:18:01.191 INFO [http-nio-8080-exec-32] org.apache.catalina.core.ApplicationContext.log Manager: deploy: Deploying web application '/ccode'
16-Mar-2024 16:18:01.191 INFO [http-nio-8080-exec-32] org.apache.catalina.core.ApplicationContext.log Manager: Uploading WAR file to /Users/tolymbeknurtai/Desktop/package/apache-tomcat-10.1.19/webapps/ccode.war.tmp
16-Mar-2024 22:24:58.948 INFO [http-nio-8080-exec-40] org.apache.catalina.core.ApplicationContext.log Manager: deploy: Deploying web application '/ccode'
16-Mar-2024 22:24:58.949 INFO [http-nio-8080-exec-40] org.apache.catalina.core.ApplicationContext.log Manager: Uploading WAR file to /Users/tolymbeknurtai/Desktop/package/apache-tomcat-10.1.19/webapps/ccode.war.tmp
16-Mar-2024 22:26:40.473 INFO [http-nio-8080-exec-48] org.apache.catalina.core.ApplicationContext.log Manager: deploy: Deploying web application '/ccode'
16-Mar-2024 22:26:40.474 INFO [http-nio-8080-exec-48] org.apache.catalina.core.ApplicationContext.log Manager: Uploading WAR file to /Users/tolymbeknurtai/Desktop/package/apache-tomcat-10.1.19/webapps/ccode.war.tmp
16-Mar-2024 22:26:54.072 INFO [http-nio-8080-exec-52] org.apache.catalina.core.ApplicationContext.log HTMLManager: list: Listing contexts for virtual host 'localhost'
16-Mar-2024 22:26:57.815 INFO [http-nio-8080-exec-53] org.apache.catalina.core.ApplicationContext.log HTMLManager: restart: Reloading web application '/ccode'
16-Mar-2024 22:26:57.859 INFO [http-nio-8080-exec-53] org.apache.catalina.core.ApplicationContext.log HTMLManager: list: Listing contexts for virtual host 'localhost'
16-Mar-2024 23:01:25.320 INFO [http-nio-8080-exec-62] org.apache.catalina.core.ApplicationContext.log Manager: deploy: Deploying web application '/ccode'
16-Mar-2024 23:01:25.320 INFO [http-nio-8080-exec-62] org.apache.catalina.core.ApplicationContext.log Manager: Uploading WAR file to /Users/tolymbeknurtai/Desktop/package/apache-tomcat-10.1.19/webapps/ccode.war.tmp
16-Mar-2024 23:08:04.233 INFO [http-nio-8080-exec-69] org.apache.catalina.core.ApplicationContext.log Manager: deploy: Deploying web application '/ccode'
16-Mar-2024 23:08:04.233 INFO [http-nio-8080-exec-69] org.apache.catalina.core.ApplicationContext.log Manager: Uploading WAR file to /Users/tolymbeknurtai/Desktop/package/apache-tomcat-10.1.19/webapps/ccode.war.tmp
16-Mar-2024 23:26:55.746 INFO [http-nio-8080-exec-76] org.apache.catalina.core.ApplicationContext.log Manager: deploy: Deploying web application '/ccode'
16-Mar-2024 23:26:55.747 INFO [http-nio-8080-exec-76] org.apache.catalina.core.ApplicationContext.log Manager: Uploading WAR file to /Users/tolymbeknurtai/Desktop/package/apache-tomcat-10.1.19/webapps/ccode.war.tmp
16-Mar-2024 23:33:53.698 INFO [http-nio-8080-exec-86] org.apache.catalina.core.ApplicationContext.log Manager: deploy: Deploying web application '/ccode'
16-Mar-2024 23:33:53.699 INFO [http-nio-8080-exec-86] org.apache.catalina.core.ApplicationContext.log Manager: Uploading WAR file to /Users/tolymbeknurtai/Desktop/package/apache-tomcat-10.1.19/webapps/ccode.war.tmp
16-Mar-2024 23:35:40.151 INFO [http-nio-8080-exec-95] org.apache.catalina.core.ApplicationContext.log Manager: deploy: Deploying web application '/ccode'
16-Mar-2024 23:35:40.151 INFO [http-nio-8080-exec-95] org.apache.catalina.core.ApplicationContext.log Manager: Uploading WAR file to /Users/tolymbeknurtai/Desktop/package/apache-tomcat-10.1.19/webapps/ccode.war.tmp
16-Mar-2024 23:36:19.439 INFO [http-nio-8080-exec-97] org.apache.catalina.core.ApplicationContext.log Manager: deploy: Deploying web application '/ccode'
16-Mar-2024 23:36:19.440 INFO [http-nio-8080-exec-97] org.apache.catalina.core.ApplicationContext.log Manager: Uploading WAR file to /Users/tolymbeknurtai/Desktop/package/apache-tomcat-10.1.19/webapps/ccode.war.tmp
16-Mar-2024 23:40:25.081 INFO [http-nio-8080-exec-99] org.apache.catalina.core.ApplicationContext.log Manager: deploy: Deploying web application '/ccode'
16-Mar-2024 23:40:25.081 INFO [http-nio-8080-exec-99] org.apache.catalina.core.ApplicationContext.log Manager: Uploading WAR file to /Users/tolymbeknurtai/Desktop/package/apache-tomcat-10.1.19/webapps/ccode.war.tmp
16-Mar-2024 23:40:47.713 INFO [http-nio-8080-exec-103] org.apache.catalina.core.ApplicationContext.log Manager: deploy: Deploying web application '/ccode'
16-Mar-2024 23:40:47.713 INFO [http-nio-8080-exec-103] org.apache.catalina.core.ApplicationContext.log Manager: Uploading WAR file to /Users/tolymbeknurtai/Desktop/package/apache-tomcat-10.1.19/webapps/ccode.war.tmp
16-Mar-2024 23:41:23.513 INFO [http-nio-8080-exec-96] org.apache.catalina.core.ApplicationContext.log Manager: deploy: Deploying web application '/ccode'
16-Mar-2024 23:41:23.514 INFO [http-nio-8080-exec-96] org.apache.catalina.core.ApplicationContext.log Manager: Uploading WAR file to /Users/tolymbeknurtai/Desktop/package/apache-tomcat-10.1.19/webapps/ccode.war.tmp
16-Mar-2024 23:44:03.473 INFO [http-nio-8080-exec-110] org.apache.catalina.core.ApplicationContext.log Manager: deploy: Deploying web application '/ccode'
16-Mar-2024 23:44:03.474 INFO [http-nio-8080-exec-110] org.apache.catalina.core.ApplicationContext.log Manager: Uploading WAR file to /Users/tolymbeknurtai/Desktop/package/apache-tomcat-10.1.19/webapps/ccode.war.tmp
