17-Mar-2024 00:19:24.897 INFO [http-nio-8080-exec-122] org.apache.catalina.core.ApplicationContext.log Manager: deploy: Deploying web application '/ccode'
17-Mar-2024 00:19:24.898 INFO [http-nio-8080-exec-122] org.apache.catalina.core.ApplicationContext.log Manager: Uploading WAR file to /Users/tolymbeknurtai/Desktop/package/apache-tomcat-10.1.19/webapps/ccode.war.tmp
17-Mar-2024 00:24:49.709 INFO [http-nio-8080-exec-124] org.apache.catalina.core.ApplicationContext.log Manager: deploy: Deploying web application '/ccode'
17-Mar-2024 00:24:49.710 INFO [http-nio-8080-exec-124] org.apache.catalina.core.ApplicationContext.log Manager: Uploading WAR file to /Users/tolymbeknurtai/Desktop/package/apache-tomcat-10.1.19/webapps/ccode.war.tmp
17-Mar-2024 01:36:55.633 INFO [http-nio-8080-exec-134] org.apache.catalina.core.ApplicationContext.log Manager: deploy: Deploying web application '/ccode'
17-Mar-2024 01:36:55.635 INFO [http-nio-8080-exec-134] org.apache.catalina.core.ApplicationContext.log Manager: Uploading WAR file to /Users/tolymbeknurtai/Desktop/package/apache-tomcat-10.1.19/webapps/ccode.war.tmp
17-Mar-2024 13:05:54.880 INFO [http-nio-8080-exec-146] org.apache.catalina.core.ApplicationContext.log Manager: deploy: Deploying web application '/ccode'
17-Mar-2024 13:05:54.880 INFO [http-nio-8080-exec-146] org.apache.catalina.core.ApplicationContext.log Manager: Uploading WAR file to /Users/tolymbeknurtai/Desktop/package/apache-tomcat-10.1.19/webapps/ccode.war.tmp
17-Mar-2024 13:12:08.560 INFO [http-nio-8080-exec-155] org.apache.catalina.core.ApplicationContext.log Manager: deploy: Deploying web application '/ccode'
17-Mar-2024 13:12:08.561 INFO [http-nio-8080-exec-155] org.apache.catalina.core.ApplicationContext.log Manager: Uploading WAR file to /Users/tolymbeknurtai/Desktop/package/apache-tomcat-10.1.19/webapps/ccode.war.tmp
17-Mar-2024 13:14:09.179 INFO [http-nio-8080-exec-162] org.apache.catalina.core.ApplicationContext.log Manager: deploy: Deploying web application '/ccode'
17-Mar-2024 13:14:09.179 INFO [http-nio-8080-exec-162] org.apache.catalina.core.ApplicationContext.log Manager: Uploading WAR file to /Users/tolymbeknurtai/Desktop/package/apache-tomcat-10.1.19/webapps/ccode.war.tmp
17-Mar-2024 18:58:58.258 INFO [http-nio-8080-exec-172] org.apache.catalina.core.ApplicationContext.log Manager: deploy: Deploying web application '/ccode'
17-Mar-2024 18:58:58.260 INFO [http-nio-8080-exec-172] org.apache.catalina.core.ApplicationContext.log Manager: Uploading WAR file to /Users/tolymbeknurtai/Desktop/package/apache-tomcat-10.1.19/webapps/ccode.war.tmp
17-Mar-2024 19:09:27.823 INFO [http-nio-8080-exec-179] org.apache.catalina.core.ApplicationContext.log Manager: deploy: Deploying web application '/codecraft'
17-Mar-2024 19:09:27.823 INFO [http-nio-8080-exec-179] org.apache.catalina.core.ApplicationContext.log Manager: Uploading WAR file to /Users/tolymbeknurtai/Desktop/package/apache-tomcat-10.1.19/webapps/codecraft.war.tmp
17-Mar-2024 21:26:39.743 INFO [http-nio-8080-exec-2] org.apache.catalina.core.ApplicationContext.log Manager: init: Associated with Deployer 'Catalina:type=Deployer,host=localhost'
17-Mar-2024 21:26:39.744 INFO [http-nio-8080-exec-2] org.apache.catalina.core.ApplicationContext.log Manager: init: Global resources are available
17-Mar-2024 21:26:39.746 INFO [http-nio-8080-exec-2] org.apache.catalina.core.ApplicationContext.log Manager: deploy: Deploying web application '/codecraft'
17-Mar-2024 21:26:39.746 INFO [http-nio-8080-exec-2] org.apache.catalina.core.ApplicationContext.log Manager: Uploading WAR file to /Users/tolymbeknurtai/Desktop/package/apache-tomcat-10.1.19/webapps/codecraft.war.tmp
17-Mar-2024 21:28:59.408 INFO [http-nio-8080-exec-13] org.apache.catalina.core.ApplicationContext.log Manager: deploy: Deploying web application '/codecraft'
17-Mar-2024 21:28:59.408 INFO [http-nio-8080-exec-13] org.apache.catalina.core.ApplicationContext.log Manager: Uploading WAR file to /Users/tolymbeknurtai/Desktop/package/apache-tomcat-10.1.19/webapps/codecraft.war.tmp
17-Mar-2024 21:33:47.838 INFO [http-nio-8080-exec-17] org.apache.catalina.core.ApplicationContext.log Manager: deploy: Deploying web application '/codecraft'
17-Mar-2024 21:33:47.838 INFO [http-nio-8080-exec-17] org.apache.catalina.core.ApplicationContext.log Manager: Uploading WAR file to /Users/tolymbeknurtai/Desktop/package/apache-tomcat-10.1.19/webapps/codecraft.war.tmp
