22-Mar-2024 00:09:05.919 INFO [http-nio-8080-exec-119] org.apache.catalina.core.ApplicationContext.log Manager: deploy: Deploying web application '/codecraft'
22-Mar-2024 00:09:05.919 INFO [http-nio-8080-exec-119] org.apache.catalina.core.ApplicationContext.log Manager: Uploading WAR file to /Users/tolymbeknurtai/Desktop/package/apache-tomcat-10.1.19/webapps/codecraft.war.tmp
22-Mar-2024 00:13:01.420 INFO [http-nio-8080-exec-122] org.apache.catalina.core.ApplicationContext.log Manager: deploy: Deploying web application '/codecraft'
22-Mar-2024 00:13:01.421 INFO [http-nio-8080-exec-122] org.apache.catalina.core.ApplicationContext.log Manager: Uploading WAR file to /Users/tolymbeknurtai/Desktop/package/apache-tomcat-10.1.19/webapps/codecraft.war.tmp
22-Mar-2024 00:16:44.152 INFO [http-nio-8080-exec-130] org.apache.catalina.core.ApplicationContext.log Manager: deploy: Deploying web application '/codecraft'
22-Mar-2024 00:16:44.153 INFO [http-nio-8080-exec-130] org.apache.catalina.core.ApplicationContext.log Manager: Uploading WAR file to /Users/tolymbeknurtai/Desktop/package/apache-tomcat-10.1.19/webapps/codecraft.war.tmp
22-Mar-2024 00:20:40.871 INFO [http-nio-8080-exec-139] org.apache.catalina.core.ApplicationContext.log Manager: deploy: Deploying web application '/codecraft'
22-Mar-2024 00:20:40.872 INFO [http-nio-8080-exec-139] org.apache.catalina.core.ApplicationContext.log Manager: Uploading WAR file to /Users/tolymbeknurtai/Desktop/package/apache-tomcat-10.1.19/webapps/codecraft.war.tmp
22-Mar-2024 00:21:40.909 INFO [http-nio-8080-exec-144] org.apache.catalina.core.ApplicationContext.log Manager: deploy: Deploying web application '/codecraft'
22-Mar-2024 00:21:40.909 INFO [http-nio-8080-exec-144] org.apache.catalina.core.ApplicationContext.log Manager: Uploading WAR file to /Users/tolymbeknurtai/Desktop/package/apache-tomcat-10.1.19/webapps/codecraft.war.tmp
22-Mar-2024 00:28:58.219 INFO [http-nio-8080-exec-148] org.apache.catalina.core.ApplicationContext.log Manager: deploy: Deploying web application '/codecraft'
22-Mar-2024 00:28:58.219 INFO [http-nio-8080-exec-148] org.apache.catalina.core.ApplicationContext.log Manager: Uploading WAR file to /Users/tolymbeknurtai/Desktop/package/apache-tomcat-10.1.19/webapps/codecraft.war.tmp
22-Mar-2024 18:08:52.941 INFO [http-nio-8080-exec-157] org.apache.catalina.core.ApplicationContext.log Manager: deploy: Deploying web application '/codecraft'
22-Mar-2024 18:08:52.941 INFO [http-nio-8080-exec-157] org.apache.catalina.core.ApplicationContext.log Manager: Uploading WAR file to /Users/tolymbeknurtai/Desktop/package/apache-tomcat-10.1.19/webapps/codecraft.war.tmp
22-Mar-2024 18:10:52.778 INFO [http-nio-8080-exec-169] org.apache.catalina.core.ApplicationContext.log HTMLManager: init: Associated with Deployer 'Catalina:type=Deployer,host=localhost'
22-Mar-2024 18:10:52.778 INFO [http-nio-8080-exec-169] org.apache.catalina.core.ApplicationContext.log HTMLManager: init: Global resources are available
22-Mar-2024 18:10:52.793 INFO [http-nio-8080-exec-169] org.apache.catalina.core.ApplicationContext.log HTMLManager: list: Listing contexts for virtual host 'localhost'
22-Mar-2024 18:14:09.191 INFO [http-nio-8080-exec-168] org.apache.catalina.core.ApplicationContext.log Manager: deploy: Deploying web application '/codecraft'
22-Mar-2024 18:14:09.191 INFO [http-nio-8080-exec-168] org.apache.catalina.core.ApplicationContext.log Manager: Uploading WAR file to /Users/tolymbeknurtai/Desktop/package/apache-tomcat-10.1.19/webapps/codecraft.war.tmp
22-Mar-2024 18:43:11.204 INFO [http-nio-8080-exec-179] org.apache.catalina.core.ApplicationContext.log Manager: deploy: Deploying web application '/codecraft'
22-Mar-2024 18:43:11.204 INFO [http-nio-8080-exec-179] org.apache.catalina.core.ApplicationContext.log Manager: Uploading WAR file to /Users/tolymbeknurtai/Desktop/package/apache-tomcat-10.1.19/webapps/codecraft.war.tmp
22-Mar-2024 18:43:53.182 INFO [http-nio-8080-exec-185] org.apache.catalina.core.ApplicationContext.log Manager: deploy: Deploying web application '/codecraft'
22-Mar-2024 18:43:53.183 INFO [http-nio-8080-exec-185] org.apache.catalina.core.ApplicationContext.log Manager: Uploading WAR file to /Users/tolymbeknurtai/Desktop/package/apache-tomcat-10.1.19/webapps/codecraft.war.tmp
22-Mar-2024 18:47:44.076 INFO [http-nio-8080-exec-189] org.apache.catalina.core.ApplicationContext.log Manager: deploy: Deploying web application '/codecraft'
22-Mar-2024 18:47:44.076 INFO [http-nio-8080-exec-189] org.apache.catalina.core.ApplicationContext.log Manager: Uploading WAR file to /Users/tolymbeknurtai/Desktop/package/apache-tomcat-10.1.19/webapps/codecraft.war.tmp
22-Mar-2024 18:48:44.031 INFO [http-nio-8080-exec-192] org.apache.catalina.core.ApplicationContext.log Manager: deploy: Deploying web application '/codecraft'
22-Mar-2024 18:48:44.032 INFO [http-nio-8080-exec-192] org.apache.catalina.core.ApplicationContext.log Manager: Uploading WAR file to /Users/tolymbeknurtai/Desktop/package/apache-tomcat-10.1.19/webapps/codecraft.war.tmp
22-Mar-2024 18:50:26.657 INFO [http-nio-8080-exec-198] org.apache.catalina.core.ApplicationContext.log Manager: deploy: Deploying web application '/codecraft'
22-Mar-2024 18:50:26.657 INFO [http-nio-8080-exec-198] org.apache.catalina.core.ApplicationContext.log Manager: Uploading WAR file to /Users/tolymbeknurtai/Desktop/package/apache-tomcat-10.1.19/webapps/codecraft.war.tmp
22-Mar-2024 19:11:34.634 INFO [http-nio-8080-exec-204] org.apache.catalina.core.ApplicationContext.log Manager: deploy: Deploying web application '/codecraft'
22-Mar-2024 19:11:34.634 INFO [http-nio-8080-exec-204] org.apache.catalina.core.ApplicationContext.log Manager: Uploading WAR file to /Users/tolymbeknurtai/Desktop/package/apache-tomcat-10.1.19/webapps/codecraft.war.tmp
22-Mar-2024 19:17:19.593 INFO [http-nio-8080-exec-212] org.apache.catalina.core.ApplicationContext.log Manager: deploy: Deploying web application '/codecraft'
22-Mar-2024 19:17:19.593 INFO [http-nio-8080-exec-212] org.apache.catalina.core.ApplicationContext.log Manager: Uploading WAR file to /Users/tolymbeknurtai/Desktop/package/apache-tomcat-10.1.19/webapps/codecraft.war.tmp
22-Mar-2024 19:24:47.281 INFO [http-nio-8080-exec-222] org.apache.catalina.core.ApplicationContext.log Manager: deploy: Deploying web application '/codecraft'
22-Mar-2024 19:24:47.281 INFO [http-nio-8080-exec-222] org.apache.catalina.core.ApplicationContext.log Manager: Uploading WAR file to /Users/tolymbeknurtai/Desktop/package/apache-tomcat-10.1.19/webapps/codecraft.war.tmp
22-Mar-2024 19:26:32.876 INFO [http-nio-8080-exec-232] org.apache.catalina.core.ApplicationContext.log Manager: deploy: Deploying web application '/codecraft'
22-Mar-2024 19:26:32.876 INFO [http-nio-8080-exec-232] org.apache.catalina.core.ApplicationContext.log Manager: Uploading WAR file to /Users/tolymbeknurtai/Desktop/package/apache-tomcat-10.1.19/webapps/codecraft.war.tmp
22-Mar-2024 19:27:34.411 INFO [http-nio-8080-exec-236] org.apache.catalina.core.ApplicationContext.log Manager: deploy: Deploying web application '/codecraft'
22-Mar-2024 19:27:34.412 INFO [http-nio-8080-exec-236] org.apache.catalina.core.ApplicationContext.log Manager: Uploading WAR file to /Users/tolymbeknurtai/Desktop/package/apache-tomcat-10.1.19/webapps/codecraft.war.tmp
22-Mar-2024 19:28:05.824 INFO [http-nio-8080-exec-235] org.apache.catalina.core.ApplicationContext.log Manager: deploy: Deploying web application '/codecraft'
22-Mar-2024 19:28:05.824 INFO [http-nio-8080-exec-235] org.apache.catalina.core.ApplicationContext.log Manager: Uploading WAR file to /Users/tolymbeknurtai/Desktop/package/apache-tomcat-10.1.19/webapps/codecraft.war.tmp
22-Mar-2024 19:36:47.400 INFO [http-nio-8080-exec-241] org.apache.catalina.core.ApplicationContext.log Manager: deploy: Deploying web application '/codecraft'
22-Mar-2024 19:36:47.401 INFO [http-nio-8080-exec-241] org.apache.catalina.core.ApplicationContext.log Manager: Uploading WAR file to /Users/tolymbeknurtai/Desktop/package/apache-tomcat-10.1.19/webapps/codecraft.war.tmp
22-Mar-2024 19:39:29.272 INFO [http-nio-8080-exec-251] org.apache.catalina.core.ApplicationContext.log Manager: deploy: Deploying web application '/codecraft'
22-Mar-2024 19:39:29.273 INFO [http-nio-8080-exec-251] org.apache.catalina.core.ApplicationContext.log Manager: Uploading WAR file to /Users/tolymbeknurtai/Desktop/package/apache-tomcat-10.1.19/webapps/codecraft.war.tmp
22-Mar-2024 19:51:20.052 INFO [http-nio-8080-exec-256] org.apache.catalina.core.ApplicationContext.log Manager: deploy: Deploying web application '/codecraft'
22-Mar-2024 19:51:20.052 INFO [http-nio-8080-exec-256] org.apache.catalina.core.ApplicationContext.log Manager: Uploading WAR file to /Users/tolymbeknurtai/Desktop/package/apache-tomcat-10.1.19/webapps/codecraft.war.tmp
22-Mar-2024 19:52:27.489 INFO [http-nio-8080-exec-266] org.apache.catalina.core.ApplicationContext.log Manager: deploy: Deploying web application '/codecraft'
22-Mar-2024 19:52:27.489 INFO [http-nio-8080-exec-266] org.apache.catalina.core.ApplicationContext.log Manager: Uploading WAR file to /Users/tolymbeknurtai/Desktop/package/apache-tomcat-10.1.19/webapps/codecraft.war.tmp
22-Mar-2024 19:55:50.839 INFO [http-nio-8080-exec-271] org.apache.catalina.core.ApplicationContext.log Manager: deploy: Deploying web application '/codecraft'
22-Mar-2024 19:55:50.839 INFO [http-nio-8080-exec-271] org.apache.catalina.core.ApplicationContext.log Manager: Uploading WAR file to /Users/tolymbeknurtai/Desktop/package/apache-tomcat-10.1.19/webapps/codecraft.war.tmp
22-Mar-2024 19:56:55.808 INFO [http-nio-8080-exec-280] org.apache.catalina.core.ApplicationContext.log Manager: deploy: Deploying web application '/codecraft'
22-Mar-2024 19:56:55.809 INFO [http-nio-8080-exec-280] org.apache.catalina.core.ApplicationContext.log Manager: Uploading WAR file to /Users/tolymbeknurtai/Desktop/package/apache-tomcat-10.1.19/webapps/codecraft.war.tmp
22-Mar-2024 19:58:25.010 INFO [http-nio-8080-exec-284] org.apache.catalina.core.ApplicationContext.log Manager: deploy: Deploying web application '/codecraft'
22-Mar-2024 19:58:25.010 INFO [http-nio-8080-exec-284] org.apache.catalina.core.ApplicationContext.log Manager: Uploading WAR file to /Users/tolymbeknurtai/Desktop/package/apache-tomcat-10.1.19/webapps/codecraft.war.tmp
22-Mar-2024 20:03:09.852 INFO [http-nio-8080-exec-290] org.apache.catalina.core.ApplicationContext.log Manager: deploy: Deploying web application '/codecraft'
22-Mar-2024 20:03:09.852 INFO [http-nio-8080-exec-290] org.apache.catalina.core.ApplicationContext.log Manager: Uploading WAR file to /Users/tolymbeknurtai/Desktop/package/apache-tomcat-10.1.19/webapps/codecraft.war.tmp
22-Mar-2024 20:05:22.988 INFO [http-nio-8080-exec-298] org.apache.catalina.core.ApplicationContext.log Manager: deploy: Deploying web application '/codecraft'
22-Mar-2024 20:05:22.989 INFO [http-nio-8080-exec-298] org.apache.catalina.core.ApplicationContext.log Manager: Uploading WAR file to /Users/tolymbeknurtai/Desktop/package/apache-tomcat-10.1.19/webapps/codecraft.war.tmp
22-Mar-2024 20:06:46.376 INFO [http-nio-8080-exec-303] org.apache.catalina.core.ApplicationContext.log Manager: deploy: Deploying web application '/codecraft'
22-Mar-2024 20:06:46.376 INFO [http-nio-8080-exec-303] org.apache.catalina.core.ApplicationContext.log Manager: Uploading WAR file to /Users/tolymbeknurtai/Desktop/package/apache-tomcat-10.1.19/webapps/codecraft.war.tmp
22-Mar-2024 20:07:32.371 INFO [http-nio-8080-exec-306] org.apache.catalina.core.ApplicationContext.log Manager: deploy: Deploying web application '/codecraft'
22-Mar-2024 20:07:32.371 INFO [http-nio-8080-exec-306] org.apache.catalina.core.ApplicationContext.log Manager: Uploading WAR file to /Users/tolymbeknurtai/Desktop/package/apache-tomcat-10.1.19/webapps/codecraft.war.tmp
22-Mar-2024 20:08:07.671 INFO [http-nio-8080-exec-305] org.apache.catalina.core.ApplicationContext.log Manager: deploy: Deploying web application '/codecraft'
22-Mar-2024 20:08:07.672 INFO [http-nio-8080-exec-305] org.apache.catalina.core.ApplicationContext.log Manager: Uploading WAR file to /Users/tolymbeknurtai/Desktop/package/apache-tomcat-10.1.19/webapps/codecraft.war.tmp
22-Mar-2024 20:08:46.076 INFO [http-nio-8080-exec-308] org.apache.catalina.core.ApplicationContext.log Manager: deploy: Deploying web application '/codecraft'
22-Mar-2024 20:08:46.076 INFO [http-nio-8080-exec-308] org.apache.catalina.core.ApplicationContext.log Manager: Uploading WAR file to /Users/tolymbeknurtai/Desktop/package/apache-tomcat-10.1.19/webapps/codecraft.war.tmp
22-Mar-2024 20:18:04.546 INFO [http-nio-8080-exec-314] org.apache.catalina.core.ApplicationContext.log Manager: deploy: Deploying web application '/codecraft'
22-Mar-2024 20:18:04.546 INFO [http-nio-8080-exec-314] org.apache.catalina.core.ApplicationContext.log Manager: Uploading WAR file to /Users/tolymbeknurtai/Desktop/package/apache-tomcat-10.1.19/webapps/codecraft.war.tmp
22-Mar-2024 20:25:38.317 INFO [http-nio-8080-exec-325] org.apache.catalina.core.ApplicationContext.log Manager: deploy: Deploying web application '/codecraft'
22-Mar-2024 20:25:38.317 INFO [http-nio-8080-exec-325] org.apache.catalina.core.ApplicationContext.log Manager: Uploading WAR file to /Users/tolymbeknurtai/Desktop/package/apache-tomcat-10.1.19/webapps/codecraft.war.tmp
22-Mar-2024 20:27:11.475 INFO [http-nio-8080-exec-332] org.apache.catalina.core.ApplicationContext.log Manager: deploy: Deploying web application '/codecraft'
22-Mar-2024 20:27:11.475 INFO [http-nio-8080-exec-332] org.apache.catalina.core.ApplicationContext.log Manager: Uploading WAR file to /Users/tolymbeknurtai/Desktop/package/apache-tomcat-10.1.19/webapps/codecraft.war.tmp
22-Mar-2024 21:32:41.695 INFO [http-nio-8080-exec-340] org.apache.catalina.core.ApplicationContext.log Manager: deploy: Deploying web application '/codecraft'
22-Mar-2024 21:32:41.695 INFO [http-nio-8080-exec-340] org.apache.catalina.core.ApplicationContext.log Manager: Uploading WAR file to /Users/tolymbeknurtai/Desktop/package/apache-tomcat-10.1.19/webapps/codecraft.war.tmp
22-Mar-2024 21:35:10.872 INFO [http-nio-8080-exec-348] org.apache.catalina.core.ApplicationContext.log Manager: deploy: Deploying web application '/codecraft'
22-Mar-2024 21:35:10.872 INFO [http-nio-8080-exec-348] org.apache.catalina.core.ApplicationContext.log Manager: Uploading WAR file to /Users/tolymbeknurtai/Desktop/package/apache-tomcat-10.1.19/webapps/codecraft.war.tmp
22-Mar-2024 21:35:57.471 INFO [http-nio-8080-exec-345] org.apache.catalina.core.ApplicationContext.log Manager: deploy: Deploying web application '/codecraft'
22-Mar-2024 21:35:57.471 INFO [http-nio-8080-exec-345] org.apache.catalina.core.ApplicationContext.log Manager: Uploading WAR file to /Users/tolymbeknurtai/Desktop/package/apache-tomcat-10.1.19/webapps/codecraft.war.tmp
22-Mar-2024 21:40:29.722 INFO [http-nio-8080-exec-355] org.apache.catalina.core.ApplicationContext.log Manager: deploy: Deploying web application '/codecraft'
22-Mar-2024 21:40:29.723 INFO [http-nio-8080-exec-355] org.apache.catalina.core.ApplicationContext.log Manager: Uploading WAR file to /Users/tolymbeknurtai/Desktop/package/apache-tomcat-10.1.19/webapps/codecraft.war.tmp
22-Mar-2024 21:42:25.712 INFO [http-nio-8080-exec-362] org.apache.catalina.core.ApplicationContext.log Manager: deploy: Deploying web application '/codecraft'
22-Mar-2024 21:42:25.712 INFO [http-nio-8080-exec-362] org.apache.catalina.core.ApplicationContext.log Manager: Uploading WAR file to /Users/tolymbeknurtai/Desktop/package/apache-tomcat-10.1.19/webapps/codecraft.war.tmp
22-Mar-2024 21:44:27.331 INFO [http-nio-8080-exec-366] org.apache.catalina.core.ApplicationContext.log Manager: deploy: Deploying web application '/codecraft'
22-Mar-2024 21:44:27.331 INFO [http-nio-8080-exec-366] org.apache.catalina.core.ApplicationContext.log Manager: Uploading WAR file to /Users/tolymbeknurtai/Desktop/package/apache-tomcat-10.1.19/webapps/codecraft.war.tmp
22-Mar-2024 21:45:50.309 INFO [http-nio-8080-exec-371] org.apache.catalina.core.ApplicationContext.log Manager: deploy: Deploying web application '/codecraft'
22-Mar-2024 21:45:50.309 INFO [http-nio-8080-exec-371] org.apache.catalina.core.ApplicationContext.log Manager: Uploading WAR file to /Users/tolymbeknurtai/Desktop/package/apache-tomcat-10.1.19/webapps/codecraft.war.tmp
22-Mar-2024 21:48:20.894 INFO [http-nio-8080-exec-373] org.apache.catalina.core.ApplicationContext.log Manager: deploy: Deploying web application '/codecraft'
22-Mar-2024 21:48:20.894 INFO [http-nio-8080-exec-373] org.apache.catalina.core.ApplicationContext.log Manager: Uploading WAR file to /Users/tolymbeknurtai/Desktop/package/apache-tomcat-10.1.19/webapps/codecraft.war.tmp
22-Mar-2024 21:49:14.303 INFO [http-nio-8080-exec-375] org.apache.catalina.core.ApplicationContext.log Manager: deploy: Deploying web application '/codecraft'
22-Mar-2024 21:49:14.303 INFO [http-nio-8080-exec-375] org.apache.catalina.core.ApplicationContext.log Manager: Uploading WAR file to /Users/tolymbeknurtai/Desktop/package/apache-tomcat-10.1.19/webapps/codecraft.war.tmp
22-Mar-2024 21:51:46.797 INFO [http-nio-8080-exec-380] org.apache.catalina.core.ApplicationContext.log Manager: deploy: Deploying web application '/codecraft'
22-Mar-2024 21:51:46.797 INFO [http-nio-8080-exec-380] org.apache.catalina.core.ApplicationContext.log Manager: Uploading WAR file to /Users/tolymbeknurtai/Desktop/package/apache-tomcat-10.1.19/webapps/codecraft.war.tmp
22-Mar-2024 21:55:52.390 INFO [http-nio-8080-exec-384] org.apache.catalina.core.ApplicationContext.log Manager: deploy: Deploying web application '/codecraft'
22-Mar-2024 21:55:52.390 INFO [http-nio-8080-exec-384] org.apache.catalina.core.ApplicationContext.log Manager: Uploading WAR file to /Users/tolymbeknurtai/Desktop/package/apache-tomcat-10.1.19/webapps/codecraft.war.tmp
22-Mar-2024 21:58:14.077 INFO [http-nio-8080-exec-391] org.apache.catalina.core.ApplicationContext.log Manager: deploy: Deploying web application '/codecraft'
22-Mar-2024 21:58:14.077 INFO [http-nio-8080-exec-391] org.apache.catalina.core.ApplicationContext.log Manager: Uploading WAR file to /Users/tolymbeknurtai/Desktop/package/apache-tomcat-10.1.19/webapps/codecraft.war.tmp
22-Mar-2024 23:39:51.838 INFO [http-nio-8080-exec-396] org.apache.catalina.core.ApplicationContext.log Manager: deploy: Deploying web application '/codecraft'
22-Mar-2024 23:39:51.838 INFO [http-nio-8080-exec-396] org.apache.catalina.core.ApplicationContext.log Manager: Uploading WAR file to /Users/tolymbeknurtai/Desktop/package/apache-tomcat-10.1.19/webapps/codecraft.war.tmp
22-Mar-2024 23:41:27.145 INFO [http-nio-8080-exec-404] org.apache.catalina.core.ApplicationContext.log Manager: deploy: Deploying web application '/codecraft'
22-Mar-2024 23:41:27.145 INFO [http-nio-8080-exec-404] org.apache.catalina.core.ApplicationContext.log Manager: Uploading WAR file to /Users/tolymbeknurtai/Desktop/package/apache-tomcat-10.1.19/webapps/codecraft.war.tmp
22-Mar-2024 23:42:25.079 INFO [http-nio-8080-exec-406] org.apache.catalina.core.ApplicationContext.log Manager: deploy: Deploying web application '/codecraft'
22-Mar-2024 23:42:25.079 INFO [http-nio-8080-exec-406] org.apache.catalina.core.ApplicationContext.log Manager: Uploading WAR file to /Users/tolymbeknurtai/Desktop/package/apache-tomcat-10.1.19/webapps/codecraft.war.tmp
22-Mar-2024 23:47:55.308 INFO [http-nio-8080-exec-410] org.apache.catalina.core.ApplicationContext.log Manager: deploy: Deploying web application '/codecraft'
22-Mar-2024 23:47:55.308 INFO [http-nio-8080-exec-410] org.apache.catalina.core.ApplicationContext.log Manager: Uploading WAR file to /Users/tolymbeknurtai/Desktop/package/apache-tomcat-10.1.19/webapps/codecraft.war.tmp
22-Mar-2024 23:49:10.245 INFO [http-nio-8080-exec-418] org.apache.catalina.core.ApplicationContext.log Manager: deploy: Deploying web application '/codecraft'
22-Mar-2024 23:49:10.245 INFO [http-nio-8080-exec-418] org.apache.catalina.core.ApplicationContext.log Manager: Uploading WAR file to /Users/tolymbeknurtai/Desktop/package/apache-tomcat-10.1.19/webapps/codecraft.war.tmp
